[0;35m================================================================================================[0m
[0;35m🚀 Starting Demo Event Bus - Complete Go Migration[0m
[0;35m================================================================================================[0m
[0;36m📊 Configuration:[0m
   🐰 RabbitMQ: localhost:5672 (Management: 15672) - External
   🏗️  Go API Server: localhost:9000
   ⚡ Go Workers: localhost:8001
[0;35m================================================================================================[0m
[1;33mℹ️  Note: RabbitMQ must be started manually before running this script[0m
[1;33m   Run: docker-compose up -d[0m
[0;35m================================================================================================[0m

[0;35m📋 Step 1: Building and Starting Go API Server[0m
[0;34m🔍 Checking RabbitMQ availability...[0m
[0;32m✅ RabbitMQ AMQP port 5672 is accessible[0m
[0;34m🔨 Building Go API Server...[0m
[0;32m✅ Go API Server built successfully[0m
[0;34m🚀 Starting Go API Server on port 9000...[0m
[0;32m✅ Go API Server started (PID: 48650), logging to api-server.log[0m
[0;34m🔄 Waiting for Go API Server on port 9000...[0m
[1;33m   Attempt 1/30...[0m
[0;32m✅ Go API Server is ready on port 9000[0m
[0;34m🧪 Testing Go API Server Health: http://localhost:9000/health[0m
[0;32m✅ Go API Server Health endpoint is responding[0m

[0;35m📋 Step 2: Building and Starting Go Workers[0m
[0;34m🔨 Building Go Workers...[0m
[0;32m✅ Go Workers built successfully[0m
[0;34m🚀 Starting Go Workers on port 8001...[0m
[0;32m✅ Go Workers started (PID: 48685), logging to workers.log[0m
[0;34m🔄 Waiting for Go Workers on port 8001...[0m
[1;33m   Attempt 1/30...[0m
[0;32m✅ Go Workers is ready on port 8001[0m
[0;34m🧪 Testing Go Workers Health: http://localhost:8001/health[0m
[0;32m✅ Go Workers Health endpoint is responding[0m

[0;35m📋 Step 3: Testing Complete System Integration[0m
[0;34m🧪 Testing Go API Server endpoints...[0m
[0;32m✅ RabbitMQ-direct metrics working[0m
[0;32m✅ Chaos engineering endpoints working[0m
[0;34m🧪 Testing native message publishing...[0m
[0;31m❌ Message publishing test failed[0m

[0;35m📋 Step 4: System Information[0m

[0;36m🌐 Service URLs:[0m
   🏠 Frontend:              http://localhost:9000/
   🔧 Go API Server:         http://localhost:9000/api/
   ⚡ Go Workers:            http://localhost:8001/
   🐰 RabbitMQ Management:   http://localhost:15672/ (guest/guest)

[0;36m🔗 Key Endpoints:[0m
   📊 RabbitMQ Metrics:      http://localhost:9000/api/rabbitmq/metrics
   👥 Player Creation:       POST http://localhost:9000/api/players/quickstart
   📨 Message Publishing:    POST http://localhost:9000/api/publish
   ⚡ Chaos Engineering:     POST http://localhost:9000/api/chaos/arm
   🎮 Scenarios:             POST http://localhost:9000/api/scenario/run
   💀 DLQ Management:        POST http://localhost:9000/api/dlq/setup

[0;36m📈 Educational Features:[0m
   🎯 RabbitMQ-Direct Architecture - Zero abstraction layers
   🔍 Management API Integration - Live broker introspection
   ⚡ Native Chaos Engineering - Direct RabbitMQ operations
   💀 Comprehensive DLQ System - Native dead letter handling
   🌐 WebSocket Broadcasting - Real-time UI updates
   🚀 Pure Go Implementation - No Python dependencies

[0;36m🎮 Quick Start Commands:[0m
   # Create Alice and Bob workers
   curl -X POST http://localhost:9000/api/players/quickstart -H 'Content-Type: application/json' -d '{"preset":"alice_bob"}'

   # Publish a quest
   curl -X POST http://localhost:9000/api/publish -H 'Content-Type: application/json' -d '{"routing_key":"game.quest.gather","payload":{"case_id":"quest-1","quest_type":"gather","points":5}}'

   # Run late-bind escort scenario
   curl -X POST http://localhost:9000/api/scenario/run -H 'Content-Type: application/json' -d '{"scenario":"late-bind-escort"}'

   # Trigger chaos (purge queue)
   curl -X POST http://localhost:9000/api/chaos/arm -H 'Content-Type: application/json' -d '{"action":"rmq_purge_queue","target_queue":"game.skill.gather.q"}'

[0;35m================================================================================================[0m
[0;32m🎉 Demo Event Bus - Complete Go Migration is running![0m
[0;35m================================================================================================[0m
[0;36m📊 Architecture: RabbitMQ (External) + Go API Server + Go Workers[0m
[0;36m🎯 Educational Focus: Direct RabbitMQ integration with minimal abstraction[0m
[0;36m🌐 Frontend: http://localhost:9000/[0m
[1;33mℹ️  RabbitMQ managed separately via: docker-compose up -d[0m
[0;35m================================================================================================[0m
[1;33mPress Ctrl+C to stop all services[0m

[0;34m🔄 Monitoring services... (Check status with: ./check_status.sh)[0m
[0;34m🔄 To restart individual services during development:[0m
[0;34m   ./restart_api.sh     - Restart API server[0m
[0;34m   ./restart_workers.sh - Restart workers[0m
[0;35m================================================================================================[0m
[0;36m📋 Live Logs (API Server + Workers):[0m
[0;37mTip: Use Ctrl+C to stop all services[0m
[0;35m================================================================================================[0m
[0;37m14:27:27[0m [0;34m[API_SERVER][0m 2025/08/15 14:27:27 [2025-08-15T14:27:27+02:00] localhost:9000 says: Publishing message with correlation_id=4c68ae62-43a4-4a7d-8182-b7450fffcb61 to routing_key=game.quest.gather
[0;37m14:27:27[0m [0;34m[API_SERVER][0m 2025/08/15 14:27:27 [2025-08-15T14:27:27+02:00] localhost:9000 says: Message payload: {"case_id":"startup-test","correlation_id":"4c68ae62-43a4-4a7d-8182-b7450fffcb61","points":5,"published_at":1755260847,"published_by":"api_endpoint","quest_type":"gather"}
[0;37m14:27:27[0m [0;34m[API_SERVER][0m 2025/08/15 14:27:27 [2025-08-15T14:27:27+02:00] localhost:9000 says: SUCCESS published message correlation_id=4c68ae62-43a4-4a7d-8182-b7450fffcb61
[0;37m14:27:27[0m [0;34m[API_SERVER][0m [GIN] 2025/08/15 - 14:27:27 | 200 |     919.084µs |             ::1 | POST     "/api/publish"
[0;37m14:27:27[0m [0;35m[SYSTEM][0m 2025/08/15 14:27:25 🚀 [Go Server] Starting on port 8001
[0;37m14:27:30[0m [0;32m[WORKERS][0m 2025/08/15 14:27:30 🏃 [Go Worker] alice-worker-0 started on queue game.skill.gather.q
[0;37m14:27:30[0m [0;32m[WORKERS][0m 2025/08/15 14:27:30 🚀 [Go Worker] alice started with 1 workers, skills: [gather slay]
[0;37m14:27:30[0m [0;32m[WORKERS][0m 2025/08/15 14:27:30 ✅ [Server] Started worker: alice
[0;37m14:27:30[0m [0;32m[WORKERS][0m 2025/08/15 14:27:30 🏃 [Go Worker] alice-worker-0 started on queue game.skill.slay.q
[0;37m14:27:30[0m [0;34m[API_SERVER][0m [GIN] 2025/08/15 - 14:27:30 | 200 |      31.083µs |             ::1 | POST     "/api/go-workers/webhook/events"
[0;37m14:27:30[0m [0;32m[WORKERS][0m 2025/08/15 14:27:30 🏃 [Go Worker] bob-worker-0 started on queue game.skill.slay.q
[0;37m14:27:30[0m [0;32m[WORKERS][0m 2025/08/15 14:27:30 🚀 [Go Worker] bob started with 1 workers, skills: [slay escort]
[0;37m14:27:30[0m [0;32m[WORKERS][0m 2025/08/15 14:27:30 ✅ [Server] Started worker: bob
[0;37m14:27:30[0m [0;32m[WORKERS][0m 2025/08/15 14:27:30 🏃 [Go Worker] bob-worker-0 started on queue game.skill.escort.q
[0;37m14:27:30[0m [0;34m[API_SERVER][0m [GIN] 2025/08/15 - 14:27:30 | 200 |   32.710333ms |             ::1 | POST     "/api/players/quickstart"
[0;37m14:27:30[0m [0;34m[API_SERVER][0m [GIN] 2025/08/15 - 14:27:30 | 200 |       32.75µs |             ::1 | POST     "/api/go-workers/webhook/events"
[0;37m14:27:56[0m [0;34m[API_SERVER][0m [GIN] 2025/08/15 - 14:27:56 | 200 |    1.625458ms |             ::1 | POST     "/api/master/one"
[0;37m14:27:56[0m [0;32m[WORKERS][0m 2025/08/15 14:27:56 ✅ [Go Worker Debug] alice parsed message: {CaseID:single-gather-1755260876852280000 EventStage: Status: Source:frontend_send_one QuestType:gather Difficulty:1 WorkSec:2 Points:5 Weight:0 Player: Payload:map[]}
[0;37m14:27:56[0m [0;34m[API_SERVER][0m [GIN] 2025/08/15 - 14:27:56 | 200 |      79.875µs |             ::1 | POST     "/api/go-workers/webhook/events"
[0;37m14:27:58[0m [0;34m[API_SERVER][0m [GIN] 2025/08/15 - 14:27:58 | 200 |     219.125µs |             ::1 | POST     "/api/go-workers/webhook/events"
[0;37m14:27:58[0m [0;32m[WORKERS][0m 2025/08/15 14:27:58 ✅ [Go Worker Debug] alice parsed message: {CaseID:single-gather-1755260876852280000 EventStage:QUEST_COMPLETED Status:SUCCESS Source:go-worker:alice QuestType:gather Difficulty:1 WorkSec:0 Points:5 Weight:0 Player:alice Payload:map[]}
[0;37m14:27:58[0m [0;34m[API_SERVER][0m [GIN] 2025/08/15 - 14:27:58 | 200 |     933.708µs |             ::1 | POST     "/api/master/one"
[0;37m14:27:58[0m [0;32m[WORKERS][0m 2025/08/15 14:27:58 ✅ [Go Worker Debug] alice parsed message: {CaseID:single-gather-1755260878880922000 EventStage: Status: Source:frontend_send_one QuestType:gather Difficulty:1 WorkSec:2 Points:5 Weight:0 Player: Payload:map[]}
[0;37m14:27:58[0m [0;34m[API_SERVER][0m [GIN] 2025/08/15 - 14:27:58 | 200 |      68.167µs |             ::1 | POST     "/api/go-workers/webhook/events"
[0;37m14:28:00[0m [0;32m[WORKERS][0m 2025/08/15 14:28:00 ✅ [Go Worker Debug] alice parsed message: {CaseID:single-gather-1755260878880922000 EventStage:QUEST_COMPLETED Status:SUCCESS Source:go-worker:alice QuestType:gather Difficulty:1 WorkSec:0 Points:5 Weight:0 Player:alice Payload:map[]}
[0;37m14:28:00[0m [0;34m[API_SERVER][0m [GIN] 2025/08/15 - 14:28:00 | 200 |     122.583µs |             ::1 | POST     "/api/go-workers/webhook/events"
[0;37m14:28:05[0m [0;32m[WORKERS][0m 2025/08/15 14:28:05 🔄 [Server] Stopping existing worker: alice
[0;37m14:28:05[0m [0;32m[WORKERS][0m 2025/08/15 14:28:05 🛑 [Go Worker] Stopping alice...
[0;37m14:28:05[0m [0;35m[SYSTEM][0m 2025/08/15 14:28:05 🛑 [Go Consumer] Context cancelled, stopping consumer for queue: game.skill.slay.q
[0;37m14:28:05[0m [0;35m[SYSTEM][0m 2025/08/15 14:28:05 🛑 [Go Consumer] Context cancelled, stopping consumer for queue: game.skill.gather.q
[0;37m14:28:05[0m [0;32m[WORKERS][0m 2025/08/15 14:28:05 ✅ [Go Worker] alice stopped
[0;37m14:28:05[0m [0;34m[API_SERVER][0m [GIN] 2025/08/15 - 14:28:05 | 200 |      36.375µs |             ::1 | POST     "/api/go-workers/webhook/events"
[0;37m14:28:05[0m [0;32m[WORKERS][0m 2025/08/15 14:28:05 🏃 [Go Worker] alice-worker-0 started on queue game.skill.gather.q
[0;37m14:28:05[0m [0;32m[WORKERS][0m 2025/08/15 14:28:05 🚀 [Go Worker] alice started with 1 workers, skills: [gather slay]
[0;37m14:28:05[0m [0;32m[WORKERS][0m 2025/08/15 14:28:05 ✅ [Server] Started worker: alice
[0;37m14:28:05[0m [0;32m[WORKERS][0m 2025/08/15 14:28:05 🏃 [Go Worker] alice-worker-0 started on queue game.skill.slay.q
[0;37m14:28:05[0m [0;34m[API_SERVER][0m [GIN] 2025/08/15 - 14:28:05 | 200 |      25.959µs |             ::1 | POST     "/api/go-workers/webhook/events"
[0;37m14:28:06[0m [0;32m[WORKERS][0m 2025/08/15 14:28:05 🔄 [Server] Stopping existing worker: bob
[0;37m14:28:06[0m [0;32m[WORKERS][0m 2025/08/15 14:28:05 🛑 [Go Worker] Stopping bob...
[0;37m14:28:06[0m [0;35m[SYSTEM][0m 2025/08/15 14:28:05 🛑 [Go Consumer] Context cancelled, stopping consumer for queue: game.skill.slay.q
[0;37m14:28:06[0m [0;35m[SYSTEM][0m 2025/08/15 14:28:05 🛑 [Go Consumer] Context cancelled, stopping consumer for queue: game.skill.escort.q
[0;37m14:28:06[0m [0;32m[WORKERS][0m 2025/08/15 14:28:05 ✅ [Go Worker] bob stopped
[0;37m14:28:06[0m [0;34m[API_SERVER][0m [GIN] 2025/08/15 - 14:28:05 | 200 |        25.5µs |             ::1 | POST     "/api/go-workers/webhook/events"
[0;37m14:28:06[0m [0;32m[WORKERS][0m 2025/08/15 14:28:05 🏃 [Go Worker] bob-worker-0 started on queue game.skill.slay.q
[0;37m14:28:06[0m [0;32m[WORKERS][0m 2025/08/15 14:28:05 🚀 [Go Worker] bob started with 1 workers, skills: [slay escort]
[0;37m14:28:06[0m [0;32m[WORKERS][0m 2025/08/15 14:28:05 ✅ [Server] Started worker: bob
[0;37m14:28:06[0m [0;32m[WORKERS][0m 2025/08/15 14:28:05 🏃 [Go Worker] bob-worker-0 started on queue game.skill.escort.q
[0;37m14:28:06[0m [0;34m[API_SERVER][0m [GIN] 2025/08/15 - 14:28:05 | 200 |   22.695667ms |             ::1 | POST     "/api/players/quickstart"
[0;37m14:28:06[0m [0;34m[API_SERVER][0m [GIN] 2025/08/15 - 14:28:05 | 200 |      24.459µs |             ::1 | POST     "/api/go-workers/webhook/events"
[0;37m14:28:09[0m [0;34m[API_SERVER][0m [GIN] 2025/08/15 - 14:28:09 | 200 |    1.389083ms |             ::1 | POST     "/api/master/one"
[0;37m14:28:09[0m [0;32m[WORKERS][0m 2025/08/15 14:28:09 ✅ [Go Worker Debug] alice parsed message: {CaseID:single-gather-1755260889013744000 EventStage: Status: Source:frontend_send_one QuestType:gather Difficulty:1 WorkSec:2 Points:5 Weight:0 Player: Payload:map[]}
[0;37m14:28:09[0m [0;34m[API_SERVER][0m [GIN] 2025/08/15 - 14:28:09 | 200 |       94.25µs |             ::1 | POST     "/api/go-workers/webhook/events"
[0;37m14:28:11[0m [0;34m[API_SERVER][0m [GIN] 2025/08/15 - 14:28:11 | 200 |      90.958µs |             ::1 | POST     "/api/go-workers/webhook/events"
[0;37m14:28:11[0m [0;32m[WORKERS][0m 2025/08/15 14:28:11 ✅ [Go Worker Debug] alice parsed message: {CaseID:single-gather-1755260889013744000 EventStage:QUEST_COMPLETED Status:SUCCESS Source:go-worker:alice QuestType:gather Difficulty:1 WorkSec:0 Points:5 Weight:0 Player:alice Payload:map[]}
[0;37m14:28:12[0m [0;34m[API_SERVER][0m [GIN] 2025/08/15 - 14:28:12 | 200 |     919.209µs |             ::1 | POST     "/api/master/one"
[0;37m14:28:12[0m [0;32m[WORKERS][0m 2025/08/15 14:28:12 ✅ [Go Worker Debug] alice parsed message: {CaseID:single-gather-1755260892056433000 EventStage: Status: Source:frontend_send_one QuestType:gather Difficulty:1 WorkSec:2 Points:5 Weight:0 Player: Payload:map[]}
[0;37m14:28:12[0m [0;34m[API_SERVER][0m [GIN] 2025/08/15 - 14:28:12 | 200 |      77.958µs |             ::1 | POST     "/api/go-workers/webhook/events"
[0;37m14:28:14[0m [0;34m[API_SERVER][0m [GIN] 2025/08/15 - 14:28:14 | 200 |     238.208µs |             ::1 | POST     "/api/go-workers/webhook/events"
[0;37m14:28:14[0m [0;32m[WORKERS][0m 2025/08/15 14:28:14 ✅ [Go Worker Debug] alice parsed message: {CaseID:single-gather-1755260892056433000 EventStage:QUEST_COMPLETED Status:SUCCESS Source:go-worker:alice QuestType:gather Difficulty:1 WorkSec:0 Points:5 Weight:0 Player:alice Payload:map[]}
[0;37m14:28:15[0m [0;34m[API_SERVER][0m [GIN] 2025/08/15 - 14:28:15 | 200 |    1.339291ms |             ::1 | POST     "/api/master/one"
[0;37m14:28:15[0m [0;32m[WORKERS][0m 2025/08/15 14:28:15 ✅ [Go Worker Debug] alice parsed message: {CaseID:single-gather-1755260895103451000 EventStage: Status: Source:frontend_send_one QuestType:gather Difficulty:1 WorkSec:2 Points:5 Weight:0 Player: Payload:map[]}
[0;37m14:28:15[0m [0;34m[API_SERVER][0m [GIN] 2025/08/15 - 14:28:15 | 200 |      74.792µs |             ::1 | POST     "/api/go-workers/webhook/events"
[0;37m14:28:17[0m [0;34m[API_SERVER][0m [GIN] 2025/08/15 - 14:28:17 | 200 |     130.125µs |             ::1 | POST     "/api/go-workers/webhook/events"
[0;37m14:28:37[0m [0;35m[SYSTEM][0m 2025/08/15 14:28:37 🔄 [ResetGame] Starting comprehensive reset...
[0;37m14:28:37[0m [0;32m[WORKERS][0m 2025/08/15 14:28:37 🛑 [ResetGame] Stopping worker: alice
[0;37m14:28:37[0m [0;32m[WORKERS][0m 2025/08/15 14:28:37 🛑 [Go Worker] Stopping alice...
[0;37m14:28:37[0m [0;35m[SYSTEM][0m 2025/08/15 14:28:37 🛑 [Go Consumer] Context cancelled, stopping consumer for queue: game.skill.slay.q
[0;37m14:28:37[0m [0;35m[SYSTEM][0m 2025/08/15 14:28:37 🛑 [Go Consumer] Context cancelled, stopping consumer for queue: game.skill.gather.q
[0;37m14:28:37[0m [0;32m[WORKERS][0m 2025/08/15 14:28:37 ✅ [Go Worker] alice stopped
[0;37m14:28:37[0m [0;32m[WORKERS][0m 2025/08/15 14:28:37 🛑 [Server] Stopped worker: alice
[0;37m14:28:37[0m [0;32m[WORKERS][0m 2025/08/15 14:28:37 ✅ [ResetGame] Successfully stopped worker: alice
[0;37m14:28:37[0m [0;32m[WORKERS][0m 2025/08/15 14:28:37 🛑 [ResetGame] Stopping worker: bob
[0;37m14:28:37[0m [0;34m[API_SERVER][0m [GIN] 2025/08/15 - 14:28:37 | 200 |      42.041µs |             ::1 | POST     "/api/go-workers/webhook/events"
[0;37m14:28:37[0m [0;32m[WORKERS][0m 2025/08/15 14:28:37 🛑 [Go Worker] Stopping bob...
[0;37m14:28:37[0m [0;35m[SYSTEM][0m 2025/08/15 14:28:37 🛑 [Go Consumer] Context cancelled, stopping consumer for queue: game.skill.slay.q
[0;37m14:28:37[0m [0;35m[SYSTEM][0m 2025/08/15 14:28:37 🛑 [Go Consumer] Context cancelled, stopping consumer for queue: game.skill.escort.q
[0;37m14:28:37[0m [0;32m[WORKERS][0m 2025/08/15 14:28:37 ✅ [Go Worker] bob stopped
[0;37m14:28:37[0m [0;32m[WORKERS][0m 2025/08/15 14:28:37 🛑 [Server] Stopped worker: bob
[0;37m14:28:37[0m [0;32m[WORKERS][0m 2025/08/15 14:28:37 ✅ [ResetGame] Successfully stopped worker: bob
[0;37m14:28:37[0m [0;34m[API_SERVER][0m [GIN] 2025/08/15 - 14:28:37 | 200 |      50.917µs |             ::1 | POST     "/api/go-workers/webhook/events"
[0;37m14:28:37[0m [0;35m[SYSTEM][0m 2025/08/15 14:28:37 🗑️ [RabbitMQ] Successfully deleted queue game.dlq.expired.q
[0;37m14:28:37[0m [0;35m[SYSTEM][0m 2025/08/15 14:28:37 🗑️ [RabbitMQ] Successfully deleted queue game.dlq.failed.q
[0;37m14:28:37[0m [0;35m[SYSTEM][0m 2025/08/15 14:28:37 🗑️ [RabbitMQ] Successfully deleted queue game.dlq.retry.q
[0;37m14:28:37[0m [0;35m[SYSTEM][0m 2025/08/15 14:28:37 🗑️ [RabbitMQ] Successfully deleted queue game.dlq.unroutable.q
[0;37m14:28:37[0m [0;35m[SYSTEM][0m 2025/08/15 14:28:37 🗑️ [RabbitMQ] Successfully deleted queue game.skill.escort.q
[0;37m14:28:37[0m [0;35m[SYSTEM][0m 2025/08/15 14:28:37 🗑️ [RabbitMQ] Successfully deleted queue game.skill.gather.q
[0;37m14:28:37[0m [0;35m[SYSTEM][0m 2025/08/15 14:28:37 🗑️ [RabbitMQ] Successfully deleted queue game.skill.slay.q
[0;37m14:28:37[0m [0;35m[SYSTEM][0m 2025/08/15 14:28:37 🗑️ [RabbitMQ] Successfully deleted exchange game.dlx
[0;37m14:28:37[0m [0;35m[SYSTEM][0m 2025/08/15 14:28:37 🗑️ [RabbitMQ] Successfully deleted exchange game.skill
[0;37m14:28:37[0m [0;35m[SYSTEM][0m 2025/08/15 14:28:37 🗑️ [RabbitMQ] Successfully deleted exchange game.unroutable
[0;37m14:28:38[0m [0;35m[SYSTEM][0m 2025/08/15 14:28:38 🔄 [RabbitMQ] Successfully created exchange game.dlx (topic)
[0;37m14:28:38[0m [0;35m[SYSTEM][0m 2025/08/15 14:28:38 🔄 [RabbitMQ] Successfully created exchange game.unroutable (fanout)
[0;37m14:28:38[0m [0;35m[SYSTEM][0m 2025/08/15 14:28:38 📦 [RabbitMQ] Successfully created queue game.dlq.failed.q
[0;37m14:28:38[0m [0;35m[SYSTEM][0m 2025/08/15 14:28:38 🔗 [RabbitMQ] Successfully bound queue game.dlq.failed.q to exchange game.dlx with routing key dlq.failed
[0;37m14:28:38[0m [0;35m[SYSTEM][0m 2025/08/15 14:28:38 📦 [RabbitMQ] Successfully created queue game.dlq.unroutable.q
[0;37m14:28:38[0m [0;35m[SYSTEM][0m 2025/08/15 14:28:38 🔗 [RabbitMQ] Successfully bound queue game.dlq.unroutable.q to exchange game.dlx with routing key dlq.unroutable
[0;37m14:28:38[0m [0;35m[SYSTEM][0m 2025/08/15 14:28:38 📦 [RabbitMQ] Successfully created queue game.dlq.expired.q
[0;37m14:28:38[0m [0;35m[SYSTEM][0m 2025/08/15 14:28:38 🔗 [RabbitMQ] Successfully bound queue game.dlq.expired.q to exchange game.dlx with routing key dlq.expired
[0;37m14:28:38[0m [0;35m[SYSTEM][0m 2025/08/15 14:28:38 📦 [RabbitMQ] Successfully created queue game.dlq.retry.q
[0;37m14:28:38[0m [0;35m[SYSTEM][0m 2025/08/15 14:28:38 🔗 [RabbitMQ] Successfully bound queue game.dlq.retry.q to exchange game.dlx with routing key dlq.retry
[0;37m14:28:38[0m [0;35m[SYSTEM][0m 2025/08/15 14:28:38 🔗 [RabbitMQ] Successfully bound queue game.dlq.unroutable.q to exchange game.unroutable with routing key 
[0;37m14:28:38[0m [0;35m[SYSTEM][0m 2025/08/15 14:28:38 🔄 [RabbitMQ] Successfully created exchange game.skill (topic)
[0;37m14:28:38[0m [0;34m[API_SERVER][0m 2025/08/15 14:28:38 ✅ [DLQ] Auto-setup completed successfully
[0;37m14:28:38[0m [0;35m[SYSTEM][0m 2025/08/15 14:28:38 ✅ [ResetGame] Reset completed successfully
[0;37m14:28:38[0m [0;34m[API_SERVER][0m [GIN] 2025/08/15 - 14:28:38 | 200 |  1.556247416s |             ::1 | POST     "/api/reset"
[0;37m14:28:45[0m [0;34m[API_SERVER][0m [GIN] 2025/08/15 - 14:28:45 | 200 |       895.5µs |             ::1 | POST     "/api/master/one"
[0;37m14:28:51[0m [0;34m[API_SERVER][0m 2025/08/15 14:28:51 🔍 [DLQ Reissue] Starting reissue from queue game.dlq.unroutable.q, count 1
[0;37m14:28:51[0m [0;34m[API_SERVER][0m [GIN] 2025/08/15 - 14:28:51 | 200 |    5.959459ms |             ::1 | POST     "/api/dlq/reissue"
[0;37m14:28:56[0m [0;32m[WORKERS][0m 2025/08/15 14:28:56 🏃 [Go Worker] alice-worker-0 started on queue game.skill.gather.q
[0;37m14:28:56[0m [0;32m[WORKERS][0m 2025/08/15 14:28:56 🚀 [Go Worker] alice started with 1 workers, skills: [gather slay]
[0;37m14:28:56[0m [0;32m[WORKERS][0m 2025/08/15 14:28:56 ✅ [Server] Started worker: alice
[0;37m14:28:56[0m [0;32m[WORKERS][0m 2025/08/15 14:28:56 🏃 [Go Worker] alice-worker-0 started on queue game.skill.slay.q
[0;37m14:28:56[0m [0;34m[API_SERVER][0m [GIN] 2025/08/15 - 14:28:56 | 200 |   23.101458ms |             ::1 | POST     "/api/players/quickstart"
[0;37m14:28:56[0m [0;34m[API_SERVER][0m [GIN] 2025/08/15 - 14:28:56 | 200 |      35.708µs |             ::1 | POST     "/api/go-workers/webhook/events"
[0;37m14:28:57[0m [0;34m[API_SERVER][0m 2025/08/15 14:28:57 🔍 [DLQ Reissue] Starting reissue from queue game.dlq.unroutable.q, count 1
[0;37m14:28:57[0m [0;34m[API_SERVER][0m [GIN] 2025/08/15 - 14:28:57 | 200 |    4.657917ms |             ::1 | POST     "/api/dlq/reissue"
[0;37m14:28:57[0m [0;32m[WORKERS][0m 2025/08/15 14:28:57 ✅ [Go Worker Debug] alice parsed message: {CaseID:single-gather-1755260925044688000 EventStage: Status: Source:dlq_reissue QuestType:gather Difficulty:1 WorkSec:2 Points:5 Weight:0 Player: Payload:map[]}
[0;37m14:28:57[0m [0;34m[API_SERVER][0m [GIN] 2025/08/15 - 14:28:57 | 200 |      96.625µs |             ::1 | POST     "/api/go-workers/webhook/events"
[0;37m14:28:59[0m [0;32m[WORKERS][0m 2025/08/15 14:28:59 ✅ [Go Worker Debug] alice parsed message: {CaseID:single-gather-1755260925044688000 EventStage:QUEST_COMPLETED Status:SUCCESS Source:go-worker:alice QuestType:gather Difficulty:1 WorkSec:0 Points:5 Weight:0 Player:alice Payload:map[]}
[0;37m14:28:59[0m [0;34m[API_SERVER][0m [GIN] 2025/08/15 - 14:28:59 | 200 |     181.667µs |             ::1 | POST     "/api/go-workers/webhook/events"
[0;37m14:29:07[0m [0;32m[WORKERS][0m 2025/08/15 14:29:07 ✅ [Go Worker Debug] alice parsed message: {CaseID:wave-gather-1755260947458923000-0 EventStage: Status: Source:quest_wave QuestType:gather Difficulty:1 WorkSec:2 Points:5 Weight:0 Player: Payload:map[]}
[0;37m14:29:07[0m [0;34m[API_SERVER][0m [GIN] 2025/08/15 - 14:29:07 | 200 |     220.833µs |             ::1 | POST     "/api/go-workers/webhook/events"
[0;37m14:29:09[0m [0;32m[WORKERS][0m 2025/08/15 14:29:09 ✅ [Go Worker Debug] alice parsed message: {CaseID:wave-slay-1755260949412532000-0 EventStage: Status: Source:quest_wave QuestType:slay Difficulty:1 WorkSec:2 Points:5 Weight:0 Player: Payload:map[]}
[0;37m14:29:09[0m [0;34m[API_SERVER][0m [GIN] 2025/08/15 - 14:29:09 | 200 |     222.125µs |             ::1 | POST     "/api/go-workers/webhook/events"
[0;37m14:29:09[0m [0;34m[API_SERVER][0m [GIN] 2025/08/15 - 14:29:09 | 200 |     219.209µs |             ::1 | POST     "/api/go-workers/webhook/events"
[0;37m14:29:09[0m [0;32m[WORKERS][0m 2025/08/15 14:29:09 ✅ [Go Worker Debug] alice parsed message: {CaseID:wave-gather-1755260947561655000-1 EventStage: Status: Source:quest_wave QuestType:gather Difficulty:1 WorkSec:2 Points:5 Weight:0 Player: Payload:map[]}
[0;37m14:29:09[0m [0;34m[API_SERVER][0m [GIN] 2025/08/15 - 14:29:09 | 200 |     267.375µs |             ::1 | POST     "/api/go-workers/webhook/events"
[0;37m14:29:11[0m [0;32m[WORKERS][0m 2025/08/15 14:29:11 ✅ [Go Worker Debug] alice parsed message: {CaseID:wave-slay-1755260949514182000-1 EventStage: Status: Source:quest_wave QuestType:slay Difficulty:1 WorkSec:2 Points:5 Weight:0 Player: Payload:map[]}
[0;37m14:29:11[0m [0;34m[API_SERVER][0m [GIN] 2025/08/15 - 14:29:11 | 200 |      56.292µs |             ::1 | POST     "/api/go-workers/webhook/events"
[0;37m14:29:11[0m [0;34m[API_SERVER][0m [GIN] 2025/08/15 - 14:29:11 | 200 |          23µs |             ::1 | POST     "/api/go-workers/webhook/events"
[0;37m14:29:11[0m [0;32m[WORKERS][0m 2025/08/15 14:29:11 ✅ [Go Worker Debug] alice parsed message: {CaseID:wave-gather-1755260947665218000-2 EventStage: Status: Source:quest_wave QuestType:gather Difficulty:1 WorkSec:2 Points:5 Weight:0 Player: Payload:map[]}
[0;37m14:29:11[0m [0;34m[API_SERVER][0m [GIN] 2025/08/15 - 14:29:11 | 200 |      75.291µs |             ::1 | POST     "/api/go-workers/webhook/events"
[0;37m14:29:11[0m [0;34m[API_SERVER][0m [GIN] 2025/08/15 - 14:29:11 | 200 |      29.792µs |             ::1 | POST     "/api/go-workers/webhook/events"
[0;37m14:29:13[0m [0;34m[API_SERVER][0m [GIN] 2025/08/15 - 14:29:13 | 200 |  5.855470667s |             ::1 | POST     "/api/master/start"
[0;37m14:29:13[0m [0;34m[API_SERVER][0m [GIN] 2025/08/15 - 14:29:13 | 200 |     130.375µs |             ::1 | POST     "/api/go-workers/webhook/events"
[0;37m14:29:13[0m [0;32m[WORKERS][0m 2025/08/15 14:29:13 ✅ [Go Worker Debug] alice parsed message: {CaseID:wave-slay-1755260949616599000-2 EventStage: Status: Source:quest_wave QuestType:slay Difficulty:1 WorkSec:2 Points:5 Weight:0 Player: Payload:map[]}
[0;37m14:29:13[0m [0;34m[API_SERVER][0m [GIN] 2025/08/15 - 14:29:13 | 200 |      81.625µs |             ::1 | POST     "/api/go-workers/webhook/events"
[0;37m14:29:13[0m [0;34m[API_SERVER][0m [GIN] 2025/08/15 - 14:29:13 | 200 |       242.5µs |             ::1 | POST     "/api/go-workers/webhook/events"
[0;37m14:29:13[0m [0;32m[WORKERS][0m 2025/08/15 14:29:13 ✅ [Go Worker Debug] alice parsed message: {CaseID:wave-gather-1755260947768435000-3 EventStage: Status: Source:quest_wave QuestType:gather Difficulty:1 WorkSec:2 Points:5 Weight:0 Player: Payload:map[]}
[0;37m14:29:13[0m [0;34m[API_SERVER][0m [GIN] 2025/08/15 - 14:29:13 | 200 |      61.209µs |             ::1 | POST     "/api/go-workers/webhook/events"
[0;37m14:29:15[0m [0;34m[API_SERVER][0m [GIN] 2025/08/15 - 14:29:15 | 200 |     266.208µs |             ::1 | POST     "/api/go-workers/webhook/events"
[0;37m14:29:15[0m [0;32m[WORKERS][0m 2025/08/15 14:29:15 ✅ [Go Worker Debug] alice parsed message: {CaseID:wave-slay-1755260949719763000-3 EventStage: Status: Source:quest_wave QuestType:slay Difficulty:1 WorkSec:2 Points:5 Weight:0 Player: Payload:map[]}
[0;37m14:29:15[0m [0;34m[API_SERVER][0m [GIN] 2025/08/15 - 14:29:15 | 200 |     162.334µs |             ::1 | POST     "/api/go-workers/webhook/events"
[0;37m14:29:15[0m [0;34m[API_SERVER][0m [GIN] 2025/08/15 - 14:29:15 | 200 |     141.541µs |             ::1 | POST     "/api/go-workers/webhook/events"
[0;37m14:29:15[0m [0;32m[WORKERS][0m 2025/08/15 14:29:15 ✅ [Go Worker Debug] alice parsed message: {CaseID:wave-gather-1755260947870962000-4 EventStage: Status: Source:quest_wave QuestType:gather Difficulty:1 WorkSec:2 Points:5 Weight:0 Player: Payload:map[]}
[0;37m14:29:15[0m [0;34m[API_SERVER][0m [GIN] 2025/08/15 - 14:29:15 | 200 |          66µs |             ::1 | POST     "/api/go-workers/webhook/events"
[0;37m14:29:17[0m [0;32m[WORKERS][0m 2025/08/15 14:29:17 ✅ [Go Worker Debug] alice parsed message: {CaseID:wave-slay-1755260949821427000-4 EventStage: Status: Source:quest_wave QuestType:slay Difficulty:1 WorkSec:2 Points:5 Weight:0 Player: Payload:map[]}
[0;37m14:29:17[0m [0;34m[API_SERVER][0m [GIN] 2025/08/15 - 14:29:17 | 200 |       181.5µs |             ::1 | POST     "/api/go-workers/webhook/events"
[0;37m14:29:17[0m [0;34m[API_SERVER][0m [GIN] 2025/08/15 - 14:29:17 | 200 |     132.292µs |             ::1 | POST     "/api/go-workers/webhook/events"
[0;37m14:29:17[0m [0;34m[API_SERVER][0m [GIN] 2025/08/15 - 14:29:17 | 200 |     104.667µs |             ::1 | POST     "/api/go-workers/webhook/events"
[0;37m14:29:17[0m [0;32m[WORKERS][0m 2025/08/15 14:29:17 ✅ [Go Worker Debug] alice parsed message: {CaseID:wave-gather-1755260947972917000-5 EventStage: Status: Source:quest_wave QuestType:gather Difficulty:1 WorkSec:2 Points:5 Weight:0 Player: Payload:map[]}
[0;37m14:29:17[0m [0;34m[API_SERVER][0m [GIN] 2025/08/15 - 14:29:17 | 200 |       65.75µs |             ::1 | POST     "/api/go-workers/webhook/events"
[0;37m14:29:19[0m [0;34m[API_SERVER][0m [GIN] 2025/08/15 - 14:29:19 | 200 |     121.583µs |             ::1 | POST     "/api/go-workers/webhook/events"
[0;37m14:29:19[0m [0;32m[WORKERS][0m 2025/08/15 14:29:19 ✅ [Go Worker Debug] alice parsed message: {CaseID:wave-slay-1755260949923594000-5 EventStage: Status: Source:quest_wave QuestType:slay Difficulty:1 WorkSec:2 Points:5 Weight:0 Player: Payload:map[]}
[0;37m14:29:19[0m [0;34m[API_SERVER][0m [GIN] 2025/08/15 - 14:29:19 | 200 |       91.25µs |             ::1 | POST     "/api/go-workers/webhook/events"
[0;37m14:29:19[0m [0;34m[API_SERVER][0m [GIN] 2025/08/15 - 14:29:19 | 200 |      68.917µs |             ::1 | POST     "/api/go-workers/webhook/events"
[0;37m14:29:19[0m [0;32m[WORKERS][0m 2025/08/15 14:29:19 ✅ [Go Worker Debug] alice parsed message: {CaseID:wave-gather-1755260948075696000-6 EventStage: Status: Source:quest_wave QuestType:gather Difficulty:1 WorkSec:2 Points:5 Weight:0 Player: Payload:map[]}
[0;37m14:29:19[0m [0;34m[API_SERVER][0m [GIN] 2025/08/15 - 14:29:19 | 200 |      93.541µs |             ::1 | POST     "/api/go-workers/webhook/events"
[0;37m14:29:19[0m [0;34m[API_SERVER][0m 2025/08/15 14:29:19 🔍 [DLQ Reissue] Starting reissue from queue game.dlq.unroutable.q, count 1
[0;37m14:29:19[0m [0;34m[API_SERVER][0m [GIN] 2025/08/15 - 14:29:19 | 200 |    4.063666ms |             ::1 | POST     "/api/dlq/reissue"
[0;37m14:29:21[0m [0;32m[WORKERS][0m 2025/08/15 14:29:21 ✅ [Go Worker Debug] alice parsed message: {CaseID:wave-slay-1755260950026774000-6 EventStage: Status: Source:quest_wave QuestType:slay Difficulty:1 WorkSec:2 Points:5 Weight:0 Player: Payload:map[]}
[0;37m14:29:21[0m [0;34m[API_SERVER][0m [GIN] 2025/08/15 - 14:29:21 | 200 |      3.2455ms |             ::1 | POST     "/api/go-workers/webhook/events"
[0;37m14:29:21[0m [0;34m[API_SERVER][0m [GIN] 2025/08/15 - 14:29:21 | 200 |     312.125µs |             ::1 | POST     "/api/go-workers/webhook/events"
[0;37m14:29:21[0m [0;34m[API_SERVER][0m [GIN] 2025/08/15 - 14:29:21 | 200 |     121.417µs |             ::1 | POST     "/api/go-workers/webhook/events"
[0;37m14:29:21[0m [0;32m[WORKERS][0m 2025/08/15 14:29:21 ✅ [Go Worker Debug] alice parsed message: {CaseID:wave-gather-1755260948177854000-7 EventStage: Status: Source:quest_wave QuestType:gather Difficulty:1 WorkSec:2 Points:5 Weight:0 Player: Payload:map[]}
[0;37m14:29:21[0m [0;34m[API_SERVER][0m [GIN] 2025/08/15 - 14:29:21 | 200 |      57.875µs |             ::1 | POST     "/api/go-workers/webhook/events"
[0;37m14:29:23[0m [0;34m[API_SERVER][0m [GIN] 2025/08/15 - 14:29:23 | 200 |     187.167µs |             ::1 | POST     "/api/go-workers/webhook/events"
[0;37m14:29:23[0m [0;32m[WORKERS][0m 2025/08/15 14:29:23 ✅ [Go Worker Debug] alice parsed message: {CaseID:wave-slay-1755260950129823000-7 EventStage: Status: Source:quest_wave QuestType:slay Difficulty:1 WorkSec:2 Points:5 Weight:0 Player: Payload:map[]}
[0;37m14:29:23[0m [0;34m[API_SERVER][0m [GIN] 2025/08/15 - 14:29:23 | 200 |     132.542µs |             ::1 | POST     "/api/go-workers/webhook/events"
[0;37m14:29:23[0m [0;34m[API_SERVER][0m [GIN] 2025/08/15 - 14:29:23 | 200 |      81.042µs |             ::1 | POST     "/api/go-workers/webhook/events"
[0;37m14:29:23[0m [0;32m[WORKERS][0m 2025/08/15 14:29:23 ✅ [Go Worker Debug] alice parsed message: {CaseID:wave-gather-1755260948281196000-8 EventStage: Status: Source:quest_wave QuestType:gather Difficulty:1 WorkSec:2 Points:5 Weight:0 Player: Payload:map[]}
[0;37m14:29:23[0m [0;34m[API_SERVER][0m [GIN] 2025/08/15 - 14:29:23 | 200 |      47.333µs |             ::1 | POST     "/api/go-workers/webhook/events"
[0;37m14:29:25[0m [0;32m[WORKERS][0m 2025/08/15 14:29:25 ✅ [Go Worker Debug] alice parsed message: {CaseID:wave-slay-1755260950231702000-8 EventStage: Status: Source:quest_wave QuestType:slay Difficulty:1 WorkSec:2 Points:5 Weight:0 Player: Payload:map[]}
[0;37m14:29:25[0m [0;34m[API_SERVER][0m [GIN] 2025/08/15 - 14:29:25 | 200 |     219.125µs |             ::1 | POST     "/api/go-workers/webhook/events"
[0;37m14:29:25[0m [0;34m[API_SERVER][0m [GIN] 2025/08/15 - 14:29:25 | 200 |     134.291µs |             ::1 | POST     "/api/go-workers/webhook/events"
[0;37m14:29:25[0m [0;34m[API_SERVER][0m [GIN] 2025/08/15 - 14:29:25 | 200 |     112.958µs |             ::1 | POST     "/api/go-workers/webhook/events"
[0;37m14:29:25[0m [0;32m[WORKERS][0m 2025/08/15 14:29:25 ✅ [Go Worker Debug] alice parsed message: {CaseID:wave-gather-1755260948383415000-9 EventStage: Status: Source:quest_wave QuestType:gather Difficulty:1 WorkSec:2 Points:5 Weight:0 Player: Payload:map[]}
[0;37m14:29:25[0m [0;34m[API_SERVER][0m [GIN] 2025/08/15 - 14:29:25 | 200 |     142.958µs |             ::1 | POST     "/api/go-workers/webhook/events"
[0;37m14:29:27[0m [0;34m[API_SERVER][0m [GIN] 2025/08/15 - 14:29:27 | 200 |      181.25µs |             ::1 | POST     "/api/go-workers/webhook/events"
[0;37m14:29:27[0m [0;32m[WORKERS][0m 2025/08/15 14:29:27 ✅ [Go Worker Debug] alice parsed message: {CaseID:wave-slay-1755260950334754000-9 EventStage: Status: Source:quest_wave QuestType:slay Difficulty:1 WorkSec:2 Points:5 Weight:0 Player: Payload:map[]}
[0;37m14:29:27[0m [0;34m[API_SERVER][0m [GIN] 2025/08/15 - 14:29:27 | 200 |     134.875µs |             ::1 | POST     "/api/go-workers/webhook/events"
[0;37m14:29:27[0m [0;34m[API_SERVER][0m [GIN] 2025/08/15 - 14:29:27 | 200 |     154.875µs |             ::1 | POST     "/api/go-workers/webhook/events"
[0;37m14:29:27[0m [0;32m[WORKERS][0m 2025/08/15 14:29:27 ✅ [Go Worker Debug] alice parsed message: {CaseID:wave-gather-1755260948487366000-10 EventStage: Status: Source:quest_wave QuestType:gather Difficulty:1 WorkSec:2 Points:5 Weight:0 Player: Payload:map[]}
[0;37m14:29:27[0m [0;34m[API_SERVER][0m [GIN] 2025/08/15 - 14:29:27 | 200 |     122.125µs |             ::1 | POST     "/api/go-workers/webhook/events"
[0;37m14:29:29[0m [0;34m[API_SERVER][0m [GIN] 2025/08/15 - 14:29:29 | 200 |      98.708µs |             ::1 | POST     "/api/go-workers/webhook/events"
[0;37m14:29:29[0m [0;32m[WORKERS][0m 2025/08/15 14:29:29 ✅ [Go Worker Debug] alice parsed message: {CaseID:wave-slay-1755260950437822000-10 EventStage: Status: Source:quest_wave QuestType:slay Difficulty:1 WorkSec:2 Points:5 Weight:0 Player: Payload:map[]}
[0;37m14:29:29[0m [0;34m[API_SERVER][0m [GIN] 2025/08/15 - 14:29:29 | 200 |          52µs |             ::1 | POST     "/api/go-workers/webhook/events"
[0;37m14:29:29[0m [0;34m[API_SERVER][0m [GIN] 2025/08/15 - 14:29:29 | 200 |      88.125µs |             ::1 | POST     "/api/go-workers/webhook/events"
[0;37m14:29:29[0m [0;32m[WORKERS][0m 2025/08/15 14:29:29 ✅ [Go Worker Debug] alice parsed message: {CaseID:wave-gather-1755260948588827000-11 EventStage: Status: Source:quest_wave QuestType:gather Difficulty:1 WorkSec:2 Points:5 Weight:0 Player: Payload:map[]}
[0;37m14:29:29[0m [0;34m[API_SERVER][0m [GIN] 2025/08/15 - 14:29:29 | 200 |      47.292µs |             ::1 | POST     "/api/go-workers/webhook/events"
[0;37m14:29:31[0m [0;34m[API_SERVER][0m [GIN] 2025/08/15 - 14:29:31 | 200 |     139.625µs |             ::1 | POST     "/api/go-workers/webhook/events"
[0;37m14:29:31[0m [0;32m[WORKERS][0m 2025/08/15 14:29:31 ✅ [Go Worker Debug] alice parsed message: {CaseID:wave-slay-1755260950540103000-11 EventStage: Status: Source:quest_wave QuestType:slay Difficulty:1 WorkSec:2 Points:5 Weight:0 Player: Payload:map[]}
[0;37m14:29:31[0m [0;34m[API_SERVER][0m [GIN] 2025/08/15 - 14:29:31 | 200 |      105.75µs |             ::1 | POST     "/api/go-workers/webhook/events"
[0;37m14:29:31[0m [0;34m[API_SERVER][0m [GIN] 2025/08/15 - 14:29:31 | 200 |     135.209µs |             ::1 | POST     "/api/go-workers/webhook/events"
[0;37m14:29:31[0m [0;32m[WORKERS][0m 2025/08/15 14:29:31 ✅ [Go Worker Debug] alice parsed message: {CaseID:wave-gather-1755260948692666000-12 EventStage: Status: Source:quest_wave QuestType:gather Difficulty:1 WorkSec:2 Points:5 Weight:0 Player: Payload:map[]}
[0;37m14:29:31[0m [0;34m[API_SERVER][0m [GIN] 2025/08/15 - 14:29:31 | 200 |      85.375µs |             ::1 | POST     "/api/go-workers/webhook/events"
[0;37m14:29:33[0m [0;34m[API_SERVER][0m [GIN] 2025/08/15 - 14:29:33 | 200 |     198.042µs |             ::1 | POST     "/api/go-workers/webhook/events"
[0;37m14:29:33[0m [0;32m[WORKERS][0m 2025/08/15 14:29:33 ✅ [Go Worker Debug] alice parsed message: {CaseID:wave-slay-1755260950642955000-12 EventStage: Status: Source:quest_wave QuestType:slay Difficulty:1 WorkSec:2 Points:5 Weight:0 Player: Payload:map[]}
[0;37m14:29:33[0m [0;34m[API_SERVER][0m [GIN] 2025/08/15 - 14:29:33 | 200 |     175.166µs |             ::1 | POST     "/api/go-workers/webhook/events"
[0;37m14:29:33[0m [0;34m[API_SERVER][0m [GIN] 2025/08/15 - 14:29:33 | 200 |     101.792µs |             ::1 | POST     "/api/go-workers/webhook/events"
[0;37m14:29:33[0m [0;32m[WORKERS][0m 2025/08/15 14:29:33 ✅ [Go Worker Debug] alice parsed message: {CaseID:wave-gather-1755260948795711000-13 EventStage: Status: Source:quest_wave QuestType:gather Difficulty:1 WorkSec:2 Points:5 Weight:0 Player: Payload:map[]}
[0;37m14:29:33[0m [0;34m[API_SERVER][0m [GIN] 2025/08/15 - 14:29:33 | 200 |      46.333µs |             ::1 | POST     "/api/go-workers/webhook/events"
[0;37m14:29:35[0m [0;32m[WORKERS][0m 2025/08/15 14:29:35 ✅ [Go Worker Debug] alice parsed message: {CaseID:wave-slay-1755260950745362000-13 EventStage: Status: Source:quest_wave QuestType:slay Difficulty:1 WorkSec:2 Points:5 Weight:0 Player: Payload:map[]}
[0;37m14:29:35[0m [0;34m[API_SERVER][0m [GIN] 2025/08/15 - 14:29:35 | 200 |     231.417µs |             ::1 | POST     "/api/go-workers/webhook/events"
[0;37m14:29:35[0m [0;34m[API_SERVER][0m [GIN] 2025/08/15 - 14:29:35 | 200 |     192.209µs |             ::1 | POST     "/api/go-workers/webhook/events"
[0;37m14:29:35[0m [0;34m[API_SERVER][0m [GIN] 2025/08/15 - 14:29:35 | 200 |          89µs |             ::1 | POST     "/api/go-workers/webhook/events"
[0;37m14:29:35[0m [0;32m[WORKERS][0m 2025/08/15 14:29:35 ✅ [Go Worker Debug] alice parsed message: {CaseID:wave-gather-1755260948898077000-14 EventStage: Status: Source:quest_wave QuestType:gather Difficulty:1 WorkSec:2 Points:5 Weight:0 Player: Payload:map[]}
[0;37m14:29:35[0m [0;34m[API_SERVER][0m [GIN] 2025/08/15 - 14:29:35 | 200 |       60.25µs |             ::1 | POST     "/api/go-workers/webhook/events"
[0;37m14:29:37[0m [0;32m[WORKERS][0m 2025/08/15 14:29:37 ✅ [Go Worker Debug] alice parsed message: {CaseID:wave-slay-1755260950848006000-14 EventStage: Status: Source:quest_wave QuestType:slay Difficulty:1 WorkSec:2 Points:5 Weight:0 Player: Payload:map[]}
[0;37m14:29:37[0m [0;34m[API_SERVER][0m [GIN] 2025/08/15 - 14:29:37 | 200 |       236.5µs |             ::1 | POST     "/api/go-workers/webhook/events"
[0;37m14:29:37[0m [0;34m[API_SERVER][0m [GIN] 2025/08/15 - 14:29:37 | 200 |     854.875µs |             ::1 | POST     "/api/go-workers/webhook/events"
[0;37m14:29:37[0m [0;34m[API_SERVER][0m [GIN] 2025/08/15 - 14:29:37 | 200 |     126.792µs |             ::1 | POST     "/api/go-workers/webhook/events"
[0;37m14:29:37[0m [0;32m[WORKERS][0m 2025/08/15 14:29:37 ✅ [Go Worker Debug] alice parsed message: {CaseID:wave-gather-1755260949001005000-15 EventStage: Status: Source:quest_wave QuestType:gather Difficulty:1 WorkSec:2 Points:5 Weight:0 Player: Payload:map[]}
[0;37m14:29:37[0m [0;34m[API_SERVER][0m [GIN] 2025/08/15 - 14:29:37 | 200 |      70.625µs |             ::1 | POST     "/api/go-workers/webhook/events"
[0;37m14:29:39[0m [0;32m[WORKERS][0m 2025/08/15 14:29:39 ✅ [Go Worker Debug] alice parsed message: {CaseID:wave-slay-1755260950950978000-15 EventStage: Status: Source:quest_wave QuestType:slay Difficulty:1 WorkSec:2 Points:5 Weight:0 Player: Payload:map[]}
[0;37m14:29:39[0m [0;34m[API_SERVER][0m [GIN] 2025/08/15 - 14:29:39 | 200 |     170.458µs |             ::1 | POST     "/api/go-workers/webhook/events"
[0;37m14:29:39[0m [0;34m[API_SERVER][0m [GIN] 2025/08/15 - 14:29:39 | 200 |       118.5µs |             ::1 | POST     "/api/go-workers/webhook/events"
[0;37m14:29:39[0m [0;34m[API_SERVER][0m [GIN] 2025/08/15 - 14:29:39 | 200 |       91.25µs |             ::1 | POST     "/api/go-workers/webhook/events"
[0;37m14:29:39[0m [0;32m[WORKERS][0m 2025/08/15 14:29:39 ✅ [Go Worker Debug] alice parsed message: {CaseID:wave-gather-1755260949104141000-16 EventStage: Status: Source:quest_wave QuestType:gather Difficulty:1 WorkSec:2 Points:5 Weight:0 Player: Payload:map[]}
[0;37m14:29:39[0m [0;34m[API_SERVER][0m [GIN] 2025/08/15 - 14:29:39 | 200 |      42.958µs |             ::1 | POST     "/api/go-workers/webhook/events"
[0;37m14:29:41[0m [0;32m[WORKERS][0m 2025/08/15 14:29:41 ✅ [Go Worker Debug] alice parsed message: {CaseID:wave-slay-1755260951054257000-16 EventStage: Status: Source:quest_wave QuestType:slay Difficulty:1 WorkSec:2 Points:5 Weight:0 Player: Payload:map[]}
[0;37m14:29:41[0m [0;34m[API_SERVER][0m [GIN] 2025/08/15 - 14:29:41 | 200 |      271.25µs |             ::1 | POST     "/api/go-workers/webhook/events"
[0;37m14:29:41[0m [0;34m[API_SERVER][0m [GIN] 2025/08/15 - 14:29:41 | 200 |     151.833µs |             ::1 | POST     "/api/go-workers/webhook/events"
[0;37m14:29:41[0m [0;34m[API_SERVER][0m [GIN] 2025/08/15 - 14:29:41 | 200 |     105.459µs |             ::1 | POST     "/api/go-workers/webhook/events"
[0;37m14:29:41[0m [0;32m[WORKERS][0m 2025/08/15 14:29:41 ✅ [Go Worker Debug] alice parsed message: {CaseID:wave-gather-1755260949205935000-17 EventStage: Status: Source:quest_wave QuestType:gather Difficulty:1 WorkSec:2 Points:5 Weight:0 Player: Payload:map[]}
[0;37m14:29:41[0m [0;34m[API_SERVER][0m [GIN] 2025/08/15 - 14:29:41 | 200 |      63.541µs |             ::1 | POST     "/api/go-workers/webhook/events"
[0;37m14:29:43[0m [0;32m[WORKERS][0m 2025/08/15 14:29:43 ✅ [Go Worker Debug] alice parsed message: {CaseID:wave-slay-1755260951156757000-17 EventStage: Status: Source:quest_wave QuestType:slay Difficulty:1 WorkSec:2 Points:5 Weight:0 Player: Payload:map[]}
[0;37m14:29:43[0m [0;34m[API_SERVER][0m [GIN] 2025/08/15 - 14:29:43 | 200 |     276.167µs |             ::1 | POST     "/api/go-workers/webhook/events"
[0;37m14:29:43[0m [0;34m[API_SERVER][0m [GIN] 2025/08/15 - 14:29:43 | 200 |     134.792µs |             ::1 | POST     "/api/go-workers/webhook/events"
[0;37m14:29:43[0m [0;34m[API_SERVER][0m [GIN] 2025/08/15 - 14:29:43 | 200 |      115.75µs |             ::1 | POST     "/api/go-workers/webhook/events"
[0;37m14:29:43[0m [0;32m[WORKERS][0m 2025/08/15 14:29:43 ✅ [Go Worker Debug] alice parsed message: {CaseID:wave-gather-1755260949308188000-18 EventStage: Status: Source:quest_wave QuestType:gather Difficulty:1 WorkSec:2 Points:5 Weight:0 Player: Payload:map[]}
[0;37m14:29:43[0m [0;34m[API_SERVER][0m [GIN] 2025/08/15 - 14:29:43 | 200 |      71.334µs |             ::1 | POST     "/api/go-workers/webhook/events"
[0;37m14:29:45[0m [0;32m[WORKERS][0m 2025/08/15 14:29:45 ✅ [Go Worker Debug] alice parsed message: {CaseID:wave-slay-1755260951258713000-18 EventStage: Status: Source:quest_wave QuestType:slay Difficulty:1 WorkSec:2 Points:5 Weight:0 Player: Payload:map[]}
[0;37m14:29:45[0m [0;34m[API_SERVER][0m [GIN] 2025/08/15 - 14:29:45 | 200 |     407.458µs |             ::1 | POST     "/api/go-workers/webhook/events"
[0;37m14:29:45[0m [0;34m[API_SERVER][0m [GIN] 2025/08/15 - 14:29:45 | 200 |     267.208µs |             ::1 | POST     "/api/go-workers/webhook/events"
[0;37m14:29:45[0m [0;34m[API_SERVER][0m [GIN] 2025/08/15 - 14:29:45 | 200 |     109.042µs |             ::1 | POST     "/api/go-workers/webhook/events"
[0;37m14:29:45[0m [0;32m[WORKERS][0m 2025/08/15 14:29:45 ✅ [Go Worker Debug] alice parsed message: {CaseID:wave-gather-1755260949410679000-19 EventStage: Status: Source:quest_wave QuestType:gather Difficulty:1 WorkSec:2 Points:5 Weight:0 Player: Payload:map[]}
[0;37m14:29:45[0m [0;34m[API_SERVER][0m [GIN] 2025/08/15 - 14:29:45 | 200 |       77.75µs |             ::1 | POST     "/api/go-workers/webhook/events"
[0;37m14:29:47[0m [0;34m[API_SERVER][0m [GIN] 2025/08/15 - 14:29:47 | 200 |       458.5µs |             ::1 | POST     "/api/go-workers/webhook/events"
[0;37m14:29:47[0m [0;32m[WORKERS][0m 2025/08/15 14:29:47 ✅ [Go Worker Debug] alice parsed message: {CaseID:wave-slay-1755260951361476000-19 EventStage: Status: Source:quest_wave QuestType:slay Difficulty:1 WorkSec:2 Points:5 Weight:0 Player: Payload:map[]}
[0;37m14:29:47[0m [0;34m[API_SERVER][0m [GIN] 2025/08/15 - 14:29:47 | 200 |     173.334µs |             ::1 | POST     "/api/go-workers/webhook/events"
[0;37m14:29:47[0m [0;34m[API_SERVER][0m [GIN] 2025/08/15 - 14:29:47 | 200 |     110.709µs |             ::1 | POST     "/api/go-workers/webhook/events"
[0;37m14:29:47[0m [0;32m[WORKERS][0m 2025/08/15 14:29:47 ✅ [Go Worker Debug] alice parsed message: {CaseID:wave-gather-1755260947561655000-1 EventStage:QUEST_COMPLETED Status:SUCCESS Source:go-worker:alice QuestType:gather Difficulty:1 WorkSec:0 Points:5 Weight:0 Player:alice Payload:map[]}
[0;37m14:29:47[0m [0;32m[WORKERS][0m 2025/08/15 14:29:47 ✅ [Go Worker Debug] alice parsed message: {CaseID:wave-gather-1755260947665218000-2 EventStage:QUEST_COMPLETED Status:SUCCESS Source:go-worker:alice QuestType:gather Difficulty:1 WorkSec:0 Points:5 Weight:0 Player:alice Payload:map[]}
[0;37m14:29:47[0m [0;32m[WORKERS][0m 2025/08/15 14:29:47 ✅ [Go Worker Debug] alice parsed message: {CaseID:wave-gather-1755260947768435000-3 EventStage:QUEST_COMPLETED Status:SUCCESS Source:go-worker:alice QuestType:gather Difficulty:1 WorkSec:0 Points:5 Weight:0 Player:alice Payload:map[]}
[0;37m14:29:47[0m [0;32m[WORKERS][0m 2025/08/15 14:29:47 ✅ [Go Worker Debug] alice parsed message: {CaseID:wave-gather-1755260947458923000-0 EventStage: Status: Source:dlq_reissue QuestType:gather Difficulty:1 WorkSec:0 Points:0 Weight:0 Player: Payload:map[]}
[0;37m14:29:47[0m [0;34m[API_SERVER][0m [GIN] 2025/08/15 - 14:29:47 | 200 |      86.792µs |             ::1 | POST     "/api/go-workers/webhook/events"
[0;37m14:29:47[0m [0;34m[API_SERVER][0m [GIN] 2025/08/15 - 14:29:47 | 200 |     169.167µs |             ::1 | POST     "/api/go-workers/webhook/events"
[0;37m14:29:47[0m [0;32m[WORKERS][0m 2025/08/15 14:29:47 ✅ [Go Worker Debug] alice parsed message: {CaseID:wave-gather-1755260948075696000-6 EventStage:QUEST_COMPLETED Status:SUCCESS Source:go-worker:alice QuestType:gather Difficulty:1 WorkSec:0 Points:5 Weight:0 Player:alice Payload:map[]}
[0;37m14:29:47[0m [0;32m[WORKERS][0m 2025/08/15 14:29:47 ✅ [Go Worker Debug] alice parsed message: {CaseID:wave-gather-1755260948487366000-10 EventStage:QUEST_COMPLETED Status:SUCCESS Source:go-worker:alice QuestType:gather Difficulty:1 WorkSec:0 Points:5 Weight:0 Player:alice Payload:map[]}
[0;37m14:29:47[0m [0;32m[WORKERS][0m 2025/08/15 14:29:47 ✅ [Go Worker Debug] alice parsed message: {CaseID:wave-gather-1755260948588827000-11 EventStage:QUEST_COMPLETED Status:SUCCESS Source:go-worker:alice QuestType:gather Difficulty:1 WorkSec:0 Points:5 Weight:0 Player:alice Payload:map[]}
[0;37m14:29:47[0m [0;32m[WORKERS][0m 2025/08/15 14:29:47 ✅ [Go Worker Debug] alice parsed message: {CaseID:wave-gather-1755260948692666000-12 EventStage:QUEST_COMPLETED Status:SUCCESS Source:go-worker:alice QuestType:gather Difficulty:1 WorkSec:0 Points:5 Weight:0 Player:alice Payload:map[]}
[0;37m14:29:47[0m [0;32m[WORKERS][0m 2025/08/15 14:29:47 ✅ [Go Worker Debug] alice parsed message: {CaseID:wave-gather-1755260948795711000-13 EventStage:QUEST_COMPLETED Status:SUCCESS Source:go-worker:alice QuestType:gather Difficulty:1 WorkSec:0 Points:5 Weight:0 Player:alice Payload:map[]}
[0;37m14:29:47[0m [0;32m[WORKERS][0m 2025/08/15 14:29:47 ✅ [Go Worker Debug] alice parsed message: {CaseID:wave-gather-1755260949001005000-15 EventStage:QUEST_COMPLETED Status:SUCCESS Source:go-worker:alice QuestType:gather Difficulty:1 WorkSec:0 Points:5 Weight:0 Player:alice Payload:map[]}
[0;37m14:29:47[0m [0;32m[WORKERS][0m 2025/08/15 14:29:47 ✅ [Go Worker Debug] alice parsed message: {CaseID:wave-gather-1755260949104141000-16 EventStage:QUEST_COMPLETED Status:SUCCESS Source:go-worker:alice QuestType:gather Difficulty:1 WorkSec:0 Points:5 Weight:0 Player:alice Payload:map[]}
[0;37m14:29:47[0m [0;32m[WORKERS][0m 2025/08/15 14:29:47 ✅ [Go Worker Debug] alice parsed message: {CaseID:wave-gather-1755260949205935000-17 EventStage:QUEST_COMPLETED Status:SUCCESS Source:go-worker:alice QuestType:gather Difficulty:1 WorkSec:0 Points:5 Weight:0 Player:alice Payload:map[]}
[0;37m14:29:47[0m [0;32m[WORKERS][0m 2025/08/15 14:29:47 ✅ [Go Worker Debug] alice parsed message: {CaseID:wave-gather-1755260949308188000-18 EventStage:QUEST_COMPLETED Status:SUCCESS Source:go-worker:alice QuestType:gather Difficulty:1 WorkSec:0 Points:5 Weight:0 Player:alice Payload:map[]}
[0;37m14:29:47[0m [0;32m[WORKERS][0m 2025/08/15 14:29:47 ✅ [Go Worker Debug] alice parsed message: {CaseID:wave-gather-1755260949410679000-19 EventStage:QUEST_COMPLETED Status:SUCCESS Source:go-worker:alice QuestType:gather Difficulty:1 WorkSec:0 Points:5 Weight:0 Player:alice Payload:map[]}
[0;37m14:29:47[0m [0;32m[WORKERS][0m 2025/08/15 14:29:47 ✅ [Go Worker Debug] alice parsed message: {CaseID:wave-gather-1755260947458923000-0 EventStage:QUEST_COMPLETED Status:SUCCESS Source:go-worker:alice QuestType:gather Difficulty:1 WorkSec:0 Points:0 Weight:0 Player:alice Payload:map[]}
[0;37m14:29:48[0m [0;34m[API_SERVER][0m 2025/08/15 14:29:48 🔍 [DLQ Reissue] Starting reissue from queue game.dlq.unroutable.q, count 1
[0;37m14:29:48[0m [0;34m[API_SERVER][0m [GIN] 2025/08/15 - 14:29:48 | 200 |    7.748208ms |             ::1 | POST     "/api/dlq/reissue"
[0;37m14:29:49[0m [0;34m[API_SERVER][0m [GIN] 2025/08/15 - 14:29:49 | 200 |     202.417µs |             ::1 | POST     "/api/go-workers/webhook/events"
[0;37m14:29:49[0m [0;32m[WORKERS][0m 2025/08/15 14:29:49 ✅ [Go Worker Debug] alice parsed message: {CaseID:wave-slay-1755260949412532000-0 EventStage:QUEST_COMPLETED Status:SUCCESS Source:go-worker:alice QuestType:slay Difficulty:1 WorkSec:0 Points:5 Weight:0 Player:alice Payload:map[]}
[0;37m14:29:49[0m [0;32m[WORKERS][0m 2025/08/15 14:29:49 ✅ [Go Worker Debug] alice parsed message: {CaseID:wave-slay-1755260949616599000-2 EventStage:QUEST_COMPLETED Status:SUCCESS Source:go-worker:alice QuestType:slay Difficulty:1 WorkSec:0 Points:5 Weight:0 Player:alice Payload:map[]}
[0;37m14:29:49[0m [0;32m[WORKERS][0m 2025/08/15 14:29:49 ✅ [Go Worker Debug] alice parsed message: {CaseID:wave-slay-1755260949821427000-4 EventStage:QUEST_COMPLETED Status:SUCCESS Source:go-worker:alice QuestType:slay Difficulty:1 WorkSec:0 Points:5 Weight:0 Player:alice Payload:map[]}
[0;37m14:29:49[0m [0;32m[WORKERS][0m 2025/08/15 14:29:49 ✅ [Go Worker Debug] alice parsed message: {CaseID:wave-slay-1755260949923594000-5 EventStage:QUEST_COMPLETED Status:SUCCESS Source:go-worker:alice QuestType:slay Difficulty:1 WorkSec:0 Points:5 Weight:0 Player:alice Payload:map[]}
[0;37m14:29:49[0m [0;32m[WORKERS][0m 2025/08/15 14:29:49 ✅ [Go Worker Debug] alice parsed message: {CaseID:wave-slay-1755260950026774000-6 EventStage:QUEST_COMPLETED Status:SUCCESS Source:go-worker:alice QuestType:slay Difficulty:1 WorkSec:0 Points:5 Weight:0 Player:alice Payload:map[]}
[0;37m14:29:49[0m [0;32m[WORKERS][0m 2025/08/15 14:29:49 ✅ [Go Worker Debug] alice parsed message: {CaseID:wave-slay-1755260950129823000-7 EventStage:QUEST_COMPLETED Status:SUCCESS Source:go-worker:alice QuestType:slay Difficulty:1 WorkSec:0 Points:5 Weight:0 Player:alice Payload:map[]}
[0;37m14:29:49[0m [0;32m[WORKERS][0m 2025/08/15 14:29:49 ✅ [Go Worker Debug] alice parsed message: {CaseID:wave-slay-1755260950334754000-9 EventStage:QUEST_COMPLETED Status:SUCCESS Source:go-worker:alice QuestType:slay Difficulty:1 WorkSec:0 Points:5 Weight:0 Player:alice Payload:map[]}
[0;37m14:29:49[0m [0;32m[WORKERS][0m 2025/08/15 14:29:49 ✅ [Go Worker Debug] alice parsed message: {CaseID:wave-slay-1755260950437822000-10 EventStage:QUEST_COMPLETED Status:SUCCESS Source:go-worker:alice QuestType:slay Difficulty:1 WorkSec:0 Points:5 Weight:0 Player:alice Payload:map[]}
[0;37m14:29:49[0m [0;32m[WORKERS][0m 2025/08/15 14:29:49 ✅ [Go Worker Debug] alice parsed message: {CaseID:wave-slay-1755260950540103000-11 EventStage:QUEST_COMPLETED Status:SUCCESS Source:go-worker:alice QuestType:slay Difficulty:1 WorkSec:0 Points:5 Weight:0 Player:alice Payload:map[]}
[0;37m14:29:49[0m [0;32m[WORKERS][0m 2025/08/15 14:29:49 ✅ [Go Worker Debug] alice parsed message: {CaseID:wave-slay-1755260950642955000-12 EventStage:QUEST_COMPLETED Status:SUCCESS Source:go-worker:alice QuestType:slay Difficulty:1 WorkSec:0 Points:5 Weight:0 Player:alice Payload:map[]}
[0;37m14:29:49[0m [0;32m[WORKERS][0m 2025/08/15 14:29:49 ✅ [Go Worker Debug] alice parsed message: {CaseID:wave-slay-1755260950745362000-13 EventStage:QUEST_COMPLETED Status:SUCCESS Source:go-worker:alice QuestType:slay Difficulty:1 WorkSec:0 Points:5 Weight:0 Player:alice Payload:map[]}
[0;37m14:29:49[0m [0;32m[WORKERS][0m 2025/08/15 14:29:49 ✅ [Go Worker Debug] alice parsed message: {CaseID:wave-slay-1755260950848006000-14 EventStage:QUEST_COMPLETED Status:SUCCESS Source:go-worker:alice QuestType:slay Difficulty:1 WorkSec:0 Points:5 Weight:0 Player:alice Payload:map[]}
[0;37m14:29:49[0m [0;32m[WORKERS][0m 2025/08/15 14:29:49 ✅ [Go Worker Debug] alice parsed message: {CaseID:wave-slay-1755260950950978000-15 EventStage:QUEST_COMPLETED Status:SUCCESS Source:go-worker:alice QuestType:slay Difficulty:1 WorkSec:0 Points:5 Weight:0 Player:alice Payload:map[]}
[0;37m14:29:49[0m [0;32m[WORKERS][0m 2025/08/15 14:29:49 ✅ [Go Worker Debug] alice parsed message: {CaseID:wave-slay-1755260951054257000-16 EventStage:QUEST_COMPLETED Status:SUCCESS Source:go-worker:alice QuestType:slay Difficulty:1 WorkSec:0 Points:5 Weight:0 Player:alice Payload:map[]}
[0;37m14:29:49[0m [0;32m[WORKERS][0m 2025/08/15 14:29:49 ✅ [Go Worker Debug] alice parsed message: {CaseID:wave-slay-1755260951156757000-17 EventStage:QUEST_COMPLETED Status:SUCCESS Source:go-worker:alice QuestType:slay Difficulty:1 WorkSec:0 Points:5 Weight:0 Player:alice Payload:map[]}
[0;37m14:29:49[0m [0;32m[WORKERS][0m 2025/08/15 14:29:49 ✅ [Go Worker Debug] alice parsed message: {CaseID:wave-slay-1755260951258713000-18 EventStage:QUEST_COMPLETED Status:SUCCESS Source:go-worker:alice QuestType:slay Difficulty:1 WorkSec:0 Points:5 Weight:0 Player:alice Payload:map[]}
[0;37m14:29:54[0m [0;34m[API_SERVER][0m 2025/08/15 14:29:54 🔍 [DLQ Reissue] Starting reissue from queue game.dlq.unroutable.q, count 1
[0;37m14:29:54[0m [0;34m[API_SERVER][0m [GIN] 2025/08/15 - 14:29:54 | 200 |    6.061084ms |             ::1 | POST     "/api/dlq/reissue"
[0;37m14:31:42[0m [0;34m[API_SERVER][0m 2025/08/15 14:31:42 🛑 [API Server] Shutting down...
[0;37m14:31:42[0m [0;34m[API_SERVER][0m 2025/08/15 14:31:42 ✅ [API Server] Graceful shutdown completed
[0;37m14:31:44[0m [0;35m[SYSTEM][0m 2025/08/15 14:31:44 🛑 [Go Server] Shutting down...
[0;37m14:31:44[0m [0;32m[WORKERS][0m 2025/08/15 14:31:44 🛑 [Go Server] Stopping worker: alice
[0;37m14:31:44[0m [0;32m[WORKERS][0m 2025/08/15 14:31:44 🛑 [Go Worker] Stopping alice...
[0;37m14:31:44[0m [0;35m[SYSTEM][0m 2025/08/15 14:31:44 🛑 [Go Consumer] Context cancelled, stopping consumer for queue: game.skill.gather.q
[0;37m14:31:44[0m [0;35m[SYSTEM][0m 2025/08/15 14:31:44 🛑 [Go Consumer] Context cancelled, stopping consumer for queue: game.skill.slay.q
[0;37m14:31:44[0m [0;32m[WORKERS][0m 2025/08/15 14:31:44 ✅ [Go Worker] alice stopped
[0;37m14:31:44[0m [0;35m[SYSTEM][0m 2025/08/15 14:31:44 ✅ [Go Server] Shutdown complete

[1;33m🛑 Shutting down services...[0m
[0;34mStopping Go Workers (PID: 48685)...[0m
[0;34mStopping Go API Server (PID: 48650)...[0m
[0;32m✅ All services stopped[0m
