[0;35m================================================================================================[0m
[0;35m🚀 Starting Demo Event Bus - Complete Go Migration[0m
[0;35m================================================================================================[0m
[0;36m📊 Configuration:[0m
   🐰 RabbitMQ: localhost:5672 (Management: 15672) - External
   🏗️  Go API Server: localhost:9000
   ⚡ Go Workers: localhost:8001
[0;35m================================================================================================[0m
[1;33mℹ️  Note: RabbitMQ must be started manually before running this script[0m
[1;33m   Run: docker-compose up -d[0m
[0;35m================================================================================================[0m

[0;35m📋 Step 1: Building and Starting Go API Server[0m
[0;34m🔍 Checking RabbitMQ availability...[0m
[0;32m✅ RabbitMQ AMQP port 5672 is accessible[0m
[0;34m🔨 Building Go API Server...[0m
[0;32m✅ Go API Server built successfully[0m
[0;34m🚀 Starting Go API Server on port 9000...[0m
[0;32m✅ Go API Server started (PID: 54124), logging to api-server.log[0m
[0;34m🔄 Waiting for Go API Server on port 9000...[0m
[1;33m   Attempt 1/30...[0m
[0;32m✅ Go API Server is ready on port 9000[0m
[0;34m🧪 Testing Go API Server Health: http://localhost:9000/health[0m
[0;32m✅ Go API Server Health endpoint is responding[0m

[0;35m📋 Step 2: Building and Starting Go Workers[0m
[0;34m🔨 Building Go Workers...[0m
[0;32m✅ Go Workers built successfully[0m
[0;34m🚀 Starting Go Workers on port 8001...[0m
[0;32m✅ Go Workers started (PID: 54158), logging to workers.log[0m
[0;34m🔄 Waiting for Go Workers on port 8001...[0m
[1;33m   Attempt 1/30...[0m
[0;32m✅ Go Workers is ready on port 8001[0m
[0;34m🧪 Testing Go Workers Health: http://localhost:8001/health[0m
[0;32m✅ Go Workers Health endpoint is responding[0m

[0;35m📋 Step 3: Testing Complete System Integration[0m
[0;34m🧪 Testing Go API Server endpoints...[0m
[0;32m✅ RabbitMQ-direct metrics working[0m
[0;32m✅ Chaos engineering endpoints working[0m
[0;34m🧪 Testing native message publishing...[0m
[0;31m❌ Message publishing test failed[0m

[0;35m📋 Step 4: System Information[0m

[0;36m🌐 Service URLs:[0m
   🏠 Frontend:              http://localhost:9000/
   🔧 Go API Server:         http://localhost:9000/api/
   ⚡ Go Workers:            http://localhost:8001/
   🐰 RabbitMQ Management:   http://localhost:15672/ (guest/guest)

[0;36m🔗 Key Endpoints:[0m
   📊 RabbitMQ Metrics:      http://localhost:9000/api/rabbitmq/metrics
   👥 Player Creation:       POST http://localhost:9000/api/players/quickstart
   📨 Message Publishing:    POST http://localhost:9000/api/publish
   ⚡ Chaos Engineering:     POST http://localhost:9000/api/chaos/arm
   🎮 Scenarios:             POST http://localhost:9000/api/scenario/run
   💀 DLQ Management:        POST http://localhost:9000/api/dlq/setup

[0;36m📈 Educational Features:[0m
   🎯 RabbitMQ-Direct Architecture - Zero abstraction layers
   🔍 Management API Integration - Live broker introspection
   ⚡ Native Chaos Engineering - Direct RabbitMQ operations
   💀 Comprehensive DLQ System - Native dead letter handling
   🌐 WebSocket Broadcasting - Real-time UI updates
   🚀 Pure Go Implementation - No Python dependencies

[0;36m🎮 Quick Start Commands:[0m
   # Create Alice and Bob workers
   curl -X POST http://localhost:9000/api/players/quickstart -H 'Content-Type: application/json' -d '{"preset":"alice_bob"}'

   # Publish a quest
   curl -X POST http://localhost:9000/api/publish -H 'Content-Type: application/json' -d '{"routing_key":"game.quest.gather","payload":{"case_id":"quest-1","quest_type":"gather","points":5}}'

   # Run late-bind escort scenario
   curl -X POST http://localhost:9000/api/scenario/run -H 'Content-Type: application/json' -d '{"scenario":"late-bind-escort"}'

   # Trigger chaos (purge queue)
   curl -X POST http://localhost:9000/api/chaos/arm -H 'Content-Type: application/json' -d '{"action":"rmq_purge_queue","target_queue":"game.skill.gather.q"}'

[0;35m================================================================================================[0m
[0;32m🎉 Demo Event Bus - Complete Go Migration is running![0m
[0;35m================================================================================================[0m
[0;36m📊 Architecture: RabbitMQ (External) + Go API Server + Go Workers[0m
[0;36m🎯 Educational Focus: Direct RabbitMQ integration with minimal abstraction[0m
[0;36m🌐 Frontend: http://localhost:9000/[0m
[1;33mℹ️  RabbitMQ managed separately via: docker-compose up -d[0m
[0;35m================================================================================================[0m
[1;33mPress Ctrl+C to stop all services[0m

[0;34m🔄 Monitoring services... (Check status with: ./check_status.sh)[0m
[0;34m🔄 To restart individual services during development:[0m
[0;34m   ./restart_api.sh     - Restart API server[0m
[0;34m   ./restart_workers.sh - Restart workers[0m
[0;35m================================================================================================[0m
[0;36m📋 Live Logs (API Server + Workers):[0m
[0;37mTip: Use Ctrl+C to stop all services[0m
[0;35m================================================================================================[0m
[0;37m14:31:56[0m [0;34m[API_SERVER][0m 2025/08/15 14:31:56 [2025-08-15T14:31:56+02:00] localhost:9000 says: Publishing message with correlation_id=1589fce7-927d-4682-9758-261470703662 to routing_key=game.quest.gather
[0;37m14:31:56[0m [0;34m[API_SERVER][0m 2025/08/15 14:31:56 [2025-08-15T14:31:56+02:00] localhost:9000 says: Message payload: {"case_id":"startup-test","correlation_id":"1589fce7-927d-4682-9758-261470703662","points":5,"published_at":1755261116,"published_by":"api_endpoint","quest_type":"gather"}
[0;37m14:31:56[0m [0;34m[API_SERVER][0m 2025/08/15 14:31:56 [2025-08-15T14:31:56+02:00] localhost:9000 says: SUCCESS published message correlation_id=1589fce7-927d-4682-9758-261470703662
[0;37m14:31:56[0m [0;34m[API_SERVER][0m [GIN] 2025/08/15 - 14:31:56 | 200 |      1.1305ms |             ::1 | POST     "/api/publish"
[0;37m14:31:56[0m [0;35m[SYSTEM][0m 2025/08/15 14:31:55 🚀 [Go Server] Starting on port 8001
[0;37m14:32:00[0m [0;32m[WORKERS][0m 2025/08/15 14:32:00 🏃 [Go Worker] alice-worker-0 started on queue game.skill.gather.q
[0;37m14:32:00[0m [0;34m[API_SERVER][0m 2025/08/15 14:32:00 📬 [Go Worker Debug] alice received raw message: {"id":"q-1755261116-936266000","payload":{"case_id":"startup-test","correlation_id":"1589fce7-927d-4682-9758-261470703662","points":5,"published_at":1755261116,"published_by":"api_endpoint","quest_type":"gather"},"points":5,"timestamp":1755261116,"type":"game.quest.gather"}
[0;37m14:32:00[0m [0;32m[WORKERS][0m 2025/08/15 14:32:00 ✅ [Go Worker Debug] alice parsed message: {CaseID:startup-test EventStage: Status: Source: QuestType:gather Difficulty:0 WorkSec:0 Points:5 Weight:0 Player: Payload:map[]}
[0;37m14:32:00[0m [0;32m[WORKERS][0m 2025/08/15 14:32:00 🚀 [Go Worker] alice started with 1 workers, skills: [gather slay]
[0;37m14:32:00[0m [0;32m[WORKERS][0m 2025/08/15 14:32:00 ✅ [Server] Started worker: alice
[0;37m14:32:00[0m [0;32m[WORKERS][0m 2025/08/15 14:32:00 🏃 [Go Worker] alice-worker-0 started on queue game.skill.slay.q
[0;37m14:32:00[0m [0;32m[WORKERS][0m 2025/08/15 14:32:00 ✅ [Go Worker Debug] alice parsed message: {CaseID:startup-test EventStage:QUEST_COMPLETED Status:SUCCESS Source:go-worker:alice QuestType:gather Difficulty:0 WorkSec:0 Points:5 Weight:0 Player:alice Payload:map[]}
[0;37m14:32:00[0m [0;34m[API_SERVER][0m [GIN] 2025/08/15 - 14:32:00 | 200 |     103.584µs |             ::1 | POST     "/api/go-workers/webhook/events"
[0;37m14:32:00[0m [0;34m[API_SERVER][0m [GIN] 2025/08/15 - 14:32:00 | 200 |     139.166µs |             ::1 | POST     "/api/go-workers/webhook/events"
[0;37m14:32:00[0m [0;34m[API_SERVER][0m [GIN] 2025/08/15 - 14:32:00 | 200 |      26.833µs |             ::1 | POST     "/api/go-workers/webhook/events"
[0;37m14:32:00[0m [0;32m[WORKERS][0m 2025/08/15 14:32:00 🏃 [Go Worker] bob-worker-0 started on queue game.skill.slay.q
[0;37m14:32:00[0m [0;32m[WORKERS][0m 2025/08/15 14:32:00 🚀 [Go Worker] bob started with 1 workers, skills: [slay escort]
[0;37m14:32:00[0m [0;32m[WORKERS][0m 2025/08/15 14:32:00 🏃 [Go Worker] bob-worker-0 started on queue game.skill.escort.q
[0;37m14:32:00[0m [0;32m[WORKERS][0m 2025/08/15 14:32:00 ✅ [Server] Started worker: bob
[0;37m14:32:00[0m [0;34m[API_SERVER][0m [GIN] 2025/08/15 - 14:32:00 | 200 |   35.148375ms |             ::1 | POST     "/api/players/quickstart"
[0;37m14:32:00[0m [0;34m[API_SERVER][0m [GIN] 2025/08/15 - 14:32:00 | 200 |      36.084µs |             ::1 | POST     "/api/go-workers/webhook/events"
[0;37m14:32:03[0m [0;34m[API_SERVER][0m 2025/08/15 14:32:03 🔍 [DLQ Reissue] Starting reissue from queue game.dlq.unroutable.q, count 1
[0;37m14:32:03[0m [0;34m[API_SERVER][0m [GIN] 2025/08/15 - 14:32:03 | 200 |     5.01075ms |             ::1 | POST     "/api/dlq/reissue"
[0;37m14:32:03[0m [0;32m[WORKERS][0m 2025/08/15 14:32:03 ✅ [Go Worker Debug] bob parsed message: {CaseID:wave-escort-1755260951565963000-2 EventStage: Status: Source:dlq_reissue QuestType:escort Difficulty:1 WorkSec:2 Points:5 Weight:0 Player: Payload:map[]}
[0;37m14:32:03[0m [0;34m[API_SERVER][0m [GIN] 2025/08/15 - 14:32:03 | 200 |     919.167µs |             ::1 | POST     "/api/go-workers/webhook/events"
[0;37m14:32:04[0m [0;34m[API_SERVER][0m [GIN] 2025/08/15 - 14:32:04 | 200 |      87.458µs |             ::1 | POST     "/api/go-workers/webhook/events"
[0;37m14:32:04[0m [0;32m[WORKERS][0m 2025/08/15 14:32:04 ✅ [Go Worker Debug] bob parsed message: {CaseID:wave-escort-1755260951565963000-2 EventStage:QUEST_COMPLETED Status:SUCCESS Source:go-worker:bob QuestType:escort Difficulty:1 WorkSec:0 Points:5 Weight:0 Player:bob Payload:map[]}
[0;37m14:32:07[0m [0;34m[API_SERVER][0m 2025/08/15 14:32:07 🔍 [DLQ Reissue] Starting reissue from queue game.dlq.failed.q, count 1
[0;37m14:32:07[0m [0;34m[API_SERVER][0m [GIN] 2025/08/15 - 14:32:07 | 200 |    5.728166ms |             ::1 | POST     "/api/dlq/reissue"
[0;37m14:32:07[0m [0;32m[WORKERS][0m 2025/08/15 14:32:07 ✅ [Go Worker Debug] alice parsed message: {CaseID:wave-gather-1755260947458923000-0 EventStage: Status: Source:dlq_reissue QuestType:gather Difficulty:1 WorkSec:2 Points:5 Weight:0 Player: Payload:map[]}
[0;37m14:32:07[0m [0;34m[API_SERVER][0m [GIN] 2025/08/15 - 14:32:07 | 200 |      94.708µs |             ::1 | POST     "/api/go-workers/webhook/events"
[0;37m14:32:09[0m [0;34m[API_SERVER][0m [GIN] 2025/08/15 - 14:32:09 | 200 |     109.458µs |             ::1 | POST     "/api/go-workers/webhook/events"
[0;37m14:32:09[0m [0;32m[WORKERS][0m 2025/08/15 14:32:09 ✅ [Go Worker Debug] alice parsed message: {CaseID:wave-gather-1755260947458923000-0 EventStage:QUEST_COMPLETED Status:SUCCESS Source:go-worker:alice QuestType:gather Difficulty:1 WorkSec:0 Points:5 Weight:0 Player:alice Payload:map[]}
[0;37m14:32:11[0m [0;34m[API_SERVER][0m 2025/08/15 14:32:11 🔍 [DLQ Reissue] Starting reissue from queue game.dlq.unroutable.q, count 1
[0;37m14:32:11[0m [0;34m[API_SERVER][0m [GIN] 2025/08/15 - 14:32:11 | 200 |    5.611791ms |             ::1 | POST     "/api/dlq/reissue"
[0;37m14:32:11[0m [0;32m[WORKERS][0m 2025/08/15 14:32:11 ✅ [Go Worker Debug] bob parsed message: {CaseID:wave-escort-1755260951667879000-3 EventStage: Status: Source:dlq_reissue QuestType:escort Difficulty:1 WorkSec:2 Points:5 Weight:0 Player: Payload:map[]}
[0;37m14:32:11[0m [0;34m[API_SERVER][0m [GIN] 2025/08/15 - 14:32:11 | 200 |      85.209µs |             ::1 | POST     "/api/go-workers/webhook/events"
[0;37m14:32:12[0m [0;34m[API_SERVER][0m [GIN] 2025/08/15 - 14:32:12 | 200 |     128.041µs |             ::1 | POST     "/api/go-workers/webhook/events"
[0;37m14:32:12[0m [0;32m[WORKERS][0m 2025/08/15 14:32:12 ✅ [Go Worker Debug] bob parsed message: {CaseID:wave-escort-1755260951667879000-3 EventStage:QUEST_COMPLETED Status:SUCCESS Source:go-worker:bob QuestType:escort Difficulty:1 WorkSec:0 Points:5 Weight:0 Player:bob Payload:map[]}
[0;37m14:32:13[0m [0;34m[API_SERVER][0m 2025/08/15 14:32:13 🔍 [DLQ Reissue] Starting reissue from queue game.dlq.unroutable.q, count 1
[0;37m14:32:13[0m [0;34m[API_SERVER][0m [GIN] 2025/08/15 - 14:32:13 | 200 |    5.070417ms |             ::1 | POST     "/api/dlq/reissue"
[0;37m14:32:13[0m [0;32m[WORKERS][0m 2025/08/15 14:32:13 ✅ [Go Worker Debug] bob parsed message: {CaseID:wave-escort-1755260951769869000-4 EventStage: Status: Source:dlq_reissue QuestType:escort Difficulty:1 WorkSec:2 Points:5 Weight:0 Player: Payload:map[]}
[0;37m14:32:13[0m [0;34m[API_SERVER][0m [GIN] 2025/08/15 - 14:32:13 | 200 |     128.833µs |             ::1 | POST     "/api/go-workers/webhook/events"
[0;37m14:32:15[0m [0;34m[API_SERVER][0m [GIN] 2025/08/15 - 14:32:15 | 200 |      69.125µs |             ::1 | POST     "/api/go-workers/webhook/events"
[0;37m14:32:15[0m [0;32m[WORKERS][0m 2025/08/15 14:32:15 ✅ [Go Worker Debug] bob parsed message: {CaseID:wave-escort-1755260951769869000-4 EventStage:QUEST_COMPLETED Status:SUCCESS Source:go-worker:bob QuestType:escort Difficulty:1 WorkSec:0 Points:5 Weight:0 Player:bob Payload:map[]}
[0;37m14:32:22[0m [0;34m[API_SERVER][0m 2025/08/15 14:32:22 🔍 [DLQ Reissue] Starting reissue from queue game.dlq.unroutable.q, count 1
[0;37m14:32:22[0m [0;34m[API_SERVER][0m [GIN] 2025/08/15 - 14:32:22 | 200 |      10.221ms |             ::1 | POST     "/api/dlq/reissue"
[0;37m14:32:22[0m [0;32m[WORKERS][0m 2025/08/15 14:32:22 ✅ [Go Worker Debug] bob parsed message: {CaseID:wave-escort-1755260951872672000-5 EventStage: Status: Source:dlq_reissue QuestType:escort Difficulty:1 WorkSec:2 Points:5 Weight:0 Player: Payload:map[]}
[0;37m14:32:22[0m [0;34m[API_SERVER][0m [GIN] 2025/08/15 - 14:32:22 | 200 |      119.25µs |             ::1 | POST     "/api/go-workers/webhook/events"
[0;37m14:32:23[0m [0;34m[API_SERVER][0m [GIN] 2025/08/15 - 14:32:23 | 200 |     109.458µs |             ::1 | POST     "/api/go-workers/webhook/events"
[0;37m14:32:23[0m [0;32m[WORKERS][0m 2025/08/15 14:32:23 ✅ [Go Worker Debug] bob parsed message: {CaseID:wave-escort-1755260951872672000-5 EventStage:QUEST_COMPLETED Status:SUCCESS Source:go-worker:bob QuestType:escort Difficulty:1 WorkSec:0 Points:5 Weight:0 Player:bob Payload:map[]}
[0;37m14:32:24[0m [0;34m[API_SERVER][0m [GIN] 2025/08/15 - 14:32:24 | 200 |     820.083µs |             ::1 | POST     "/api/master/one"
[0;37m14:32:24[0m [0;32m[WORKERS][0m 2025/08/15 14:32:24 ✅ [Go Worker Debug] alice parsed message: {CaseID:single-gather-1755261144978721000 EventStage: Status: Source:frontend_send_one QuestType:gather Difficulty:1 WorkSec:2 Points:5 Weight:0 Player: Payload:map[]}
[0;37m14:32:24[0m [0;34m[API_SERVER][0m [GIN] 2025/08/15 - 14:32:24 | 200 |      44.292µs |             ::1 | POST     "/api/go-workers/webhook/events"
[0;37m14:32:26[0m [0;34m[API_SERVER][0m [GIN] 2025/08/15 - 14:32:26 | 200 |     164.417µs |             ::1 | POST     "/api/go-workers/webhook/events"
[0;37m14:32:26[0m [0;32m[WORKERS][0m 2025/08/15 14:32:26 ✅ [Go Worker Debug] alice parsed message: {CaseID:single-gather-1755261144978721000 EventStage:QUEST_COMPLETED Status:SUCCESS Source:go-worker:alice QuestType:gather Difficulty:1 WorkSec:0 Points:5 Weight:0 Player:alice Payload:map[]}
[0;37m14:32:27[0m [0;34m[API_SERVER][0m [GIN] 2025/08/15 - 14:32:27 | 200 |    1.473334ms |             ::1 | POST     "/api/master/one"
[0;37m14:32:27[0m [0;32m[WORKERS][0m 2025/08/15 14:32:27 ✅ [Go Worker Debug] alice parsed message: {CaseID:single-gather-1755261147008469000 EventStage: Status: Source:frontend_send_one QuestType:gather Difficulty:1 WorkSec:2 Points:5 Weight:0 Player: Payload:map[]}
[0;37m14:32:27[0m [0;34m[API_SERVER][0m [GIN] 2025/08/15 - 14:32:27 | 200 |     118.125µs |             ::1 | POST     "/api/go-workers/webhook/events"
[0;37m14:32:29[0m [0;32m[WORKERS][0m 2025/08/15 14:32:29 ✅ [Go Worker Debug] alice parsed message: {CaseID:single-gather-1755261147008469000 EventStage:QUEST_COMPLETED Status:SUCCESS Source:go-worker:alice QuestType:gather Difficulty:1 WorkSec:0 Points:5 Weight:0 Player:alice Payload:map[]}
[0;37m14:32:29[0m [0;34m[API_SERVER][0m [GIN] 2025/08/15 - 14:32:29 | 200 |     199.334µs |             ::1 | POST     "/api/go-workers/webhook/events"
[0;37m14:32:29[0m [0;34m[API_SERVER][0m [GIN] 2025/08/15 - 14:32:29 | 200 |    1.170792ms |             ::1 | POST     "/api/master/one"
[0;37m14:32:29[0m [0;32m[WORKERS][0m 2025/08/15 14:32:29 ✅ [Go Worker Debug] alice parsed message: {CaseID:single-gather-1755261149042684000 EventStage: Status: Source:frontend_send_one QuestType:gather Difficulty:1 WorkSec:2 Points:5 Weight:0 Player: Payload:map[]}
[0;37m14:32:29[0m [0;34m[API_SERVER][0m [GIN] 2025/08/15 - 14:32:29 | 200 |       63.25µs |             ::1 | POST     "/api/go-workers/webhook/events"
[0;37m14:32:31[0m [0;34m[API_SERVER][0m [GIN] 2025/08/15 - 14:32:31 | 200 |     168.375µs |             ::1 | POST     "/api/go-workers/webhook/events"
[0;37m14:32:31[0m [0;32m[WORKERS][0m 2025/08/15 14:32:31 ✅ [Go Worker Debug] alice parsed message: {CaseID:single-gather-1755261149042684000 EventStage:QUEST_COMPLETED Status:SUCCESS Source:go-worker:alice QuestType:gather Difficulty:1 WorkSec:0 Points:5 Weight:0 Player:alice Payload:map[]}
[0;37m14:32:31[0m [0;34m[API_SERVER][0m [GIN] 2025/08/15 - 14:32:31 | 200 |    1.159458ms |             ::1 | POST     "/api/master/one"
[0;37m14:32:31[0m [0;32m[WORKERS][0m 2025/08/15 14:32:31 ✅ [Go Worker Debug] alice parsed message: {CaseID:single-gather-1755261151075597000 EventStage: Status: Source:frontend_send_one QuestType:gather Difficulty:1 WorkSec:2 Points:5 Weight:0 Player: Payload:map[]}
[0;37m14:32:31[0m [0;34m[API_SERVER][0m [GIN] 2025/08/15 - 14:32:31 | 200 |      102.75µs |             ::1 | POST     "/api/go-workers/webhook/events"
[0;37m14:32:33[0m [0;34m[API_SERVER][0m [GIN] 2025/08/15 - 14:32:33 | 200 |     235.834µs |             ::1 | POST     "/api/go-workers/webhook/events"
[0;37m14:32:33[0m [0;32m[WORKERS][0m 2025/08/15 14:32:33 ✅ [Go Worker Debug] alice parsed message: {CaseID:single-gather-1755261151075597000 EventStage:QUEST_COMPLETED Status:SUCCESS Source:go-worker:alice QuestType:gather Difficulty:1 WorkSec:0 Points:5 Weight:0 Player:alice Payload:map[]}
[0;37m14:32:33[0m [0;34m[API_SERVER][0m [GIN] 2025/08/15 - 14:32:33 | 200 |    1.208875ms |             ::1 | POST     "/api/master/one"
[0;37m14:32:33[0m [0;32m[WORKERS][0m 2025/08/15 14:32:33 ✅ [Go Worker Debug] alice parsed message: {CaseID:single-gather-1755261153104924000 EventStage: Status: Source:frontend_send_one QuestType:gather Difficulty:1 WorkSec:2 Points:5 Weight:0 Player: Payload:map[]}
[0;37m14:32:33[0m [0;34m[API_SERVER][0m [GIN] 2025/08/15 - 14:32:33 | 200 |      93.375µs |             ::1 | POST     "/api/go-workers/webhook/events"
[0;37m14:32:35[0m [0;34m[API_SERVER][0m [GIN] 2025/08/15 - 14:32:35 | 200 |     146.875µs |             ::1 | POST     "/api/go-workers/webhook/events"
[0;37m14:32:35[0m [0;32m[WORKERS][0m 2025/08/15 14:32:35 ✅ [Go Worker Debug] alice parsed message: {CaseID:single-gather-1755261153104924000 EventStage:QUEST_COMPLETED Status:SUCCESS Source:go-worker:alice QuestType:gather Difficulty:1 WorkSec:0 Points:5 Weight:0 Player:alice Payload:map[]}
[0;37m14:32:38[0m [0;34m[API_SERVER][0m 2025/08/15 14:32:38 🔍 [DLQ Reissue] Starting reissue from queue game.dlq.unroutable.q, count 1
[0;37m14:32:38[0m [0;34m[API_SERVER][0m [GIN] 2025/08/15 - 14:32:38 | 200 |    5.658583ms |             ::1 | POST     "/api/dlq/reissue"
[0;37m14:32:38[0m [0;32m[WORKERS][0m 2025/08/15 14:32:38 ✅ [Go Worker Debug] bob parsed message: {CaseID:wave-escort-1755260951974153000-6 EventStage: Status: Source:dlq_reissue QuestType:escort Difficulty:1 WorkSec:2 Points:5 Weight:0 Player: Payload:map[]}
[0;37m14:32:38[0m [0;34m[API_SERVER][0m [GIN] 2025/08/15 - 14:32:38 | 200 |     631.084µs |             ::1 | POST     "/api/go-workers/webhook/events"
[0;37m14:32:39[0m [0;34m[API_SERVER][0m [GIN] 2025/08/15 - 14:32:39 | 200 |        70.5µs |             ::1 | POST     "/api/go-workers/webhook/events"
[0;37m14:32:39[0m [0;32m[WORKERS][0m 2025/08/15 14:32:39 ✅ [Go Worker Debug] bob parsed message: {CaseID:wave-escort-1755260951974153000-6 EventStage:QUEST_COMPLETED Status:SUCCESS Source:go-worker:bob QuestType:escort Difficulty:1 WorkSec:0 Points:5 Weight:0 Player:bob Payload:map[]}
[0;37m14:32:45[0m [0;34m[API_SERVER][0m 2025/08/15 14:32:45 🔍 [DLQ Reissue] Starting reissue from queue game.dlq.failed.q, count 1
[0;37m14:32:45[0m [0;34m[API_SERVER][0m [GIN] 2025/08/15 - 14:32:45 | 200 |    3.605875ms |             ::1 | POST     "/api/dlq/reissue"
[0;37m14:32:45[0m [0;32m[WORKERS][0m 2025/08/15 14:32:45 ✅ [Go Worker Debug] alice parsed message: {CaseID:wave-slay-1755260949514182000-1 EventStage: Status: Source:dlq_reissue QuestType:slay Difficulty:1 WorkSec:2 Points:5 Weight:0 Player: Payload:map[]}
[0;37m14:32:45[0m [0;34m[API_SERVER][0m [GIN] 2025/08/15 - 14:32:45 | 200 |      52.458µs |             ::1 | POST     "/api/go-workers/webhook/events"
[0;37m14:32:47[0m [0;34m[API_SERVER][0m [GIN] 2025/08/15 - 14:32:47 | 200 |      95.834µs |             ::1 | POST     "/api/go-workers/webhook/events"
[0;37m14:32:47[0m [0;32m[WORKERS][0m 2025/08/15 14:32:47 ✅ [Go Worker Debug] bob parsed message: {CaseID:wave-slay-1755260949514182000-1 EventStage:QUEST_COMPLETED Status:SUCCESS Source:go-worker:alice QuestType:slay Difficulty:1 WorkSec:0 Points:5 Weight:0 Player:alice Payload:map[]}
[0;37m14:32:59[0m [0;34m[API_SERVER][0m 2025/08/15 14:32:59 🔍 [DLQ Reissue] Starting reissue from queue game.dlq.unroutable.q, count 1
[0;37m14:32:59[0m [0;34m[API_SERVER][0m [GIN] 2025/08/15 - 14:32:59 | 200 |     5.20075ms |             ::1 | POST     "/api/dlq/reissue"
[0;37m14:32:59[0m [0;32m[WORKERS][0m 2025/08/15 14:32:59 ✅ [Go Worker Debug] bob parsed message: {CaseID:wave-escort-1755260952076380000-7 EventStage: Status: Source:dlq_reissue QuestType:escort Difficulty:1 WorkSec:2 Points:5 Weight:0 Player: Payload:map[]}
[0;37m14:32:59[0m [0;34m[API_SERVER][0m [GIN] 2025/08/15 - 14:32:59 | 200 |      93.333µs |             ::1 | POST     "/api/go-workers/webhook/events"
[0;37m14:33:01[0m [0;34m[API_SERVER][0m [GIN] 2025/08/15 - 14:33:01 | 200 |     117.958µs |             ::1 | POST     "/api/go-workers/webhook/events"
[0;37m14:33:01[0m [0;32m[WORKERS][0m 2025/08/15 14:33:01 ✅ [Go Worker Debug] bob parsed message: {CaseID:wave-escort-1755260952076380000-7 EventStage:QUEST_COMPLETED Status:SUCCESS Source:go-worker:bob QuestType:escort Difficulty:1 WorkSec:0 Points:5 Weight:0 Player:bob Payload:map[]}
[0;37m14:33:06[0m [0;35m[SYSTEM][0m 2025/08/15 14:33:06 🔄 [ResetGame] Starting comprehensive reset...
[0;37m14:33:07[0m [0;32m[WORKERS][0m 2025/08/15 14:33:06 🛑 [ResetGame] Stopping worker: alice
[0;37m14:33:07[0m [0;32m[WORKERS][0m 2025/08/15 14:33:06 🛑 [Go Worker] Stopping alice...
[0;37m14:33:07[0m [0;35m[SYSTEM][0m 2025/08/15 14:33:06 🛑 [Go Consumer] Context cancelled, stopping consumer for queue: game.skill.gather.q
[0;37m14:33:07[0m [0;35m[SYSTEM][0m 2025/08/15 14:33:06 🛑 [Go Consumer] Context cancelled, stopping consumer for queue: game.skill.slay.q
[0;37m14:33:07[0m [0;32m[WORKERS][0m 2025/08/15 14:33:06 ✅ [Go Worker] alice stopped
[0;37m14:33:07[0m [0;32m[WORKERS][0m 2025/08/15 14:33:06 🛑 [Server] Stopped worker: alice
[0;37m14:33:07[0m [0;32m[WORKERS][0m 2025/08/15 14:33:06 ✅ [ResetGame] Successfully stopped worker: alice
[0;37m14:33:07[0m [0;32m[WORKERS][0m 2025/08/15 14:33:06 🛑 [ResetGame] Stopping worker: bob
[0;37m14:33:07[0m [0;34m[API_SERVER][0m [GIN] 2025/08/15 - 14:33:06 | 200 |      59.042µs |             ::1 | POST     "/api/go-workers/webhook/events"
[0;37m14:33:07[0m [0;32m[WORKERS][0m 2025/08/15 14:33:06 🛑 [Go Worker] Stopping bob...
[0;37m14:33:07[0m [0;35m[SYSTEM][0m 2025/08/15 14:33:06 🛑 [Go Consumer] Context cancelled, stopping consumer for queue: game.skill.slay.q
[0;37m14:33:07[0m [0;35m[SYSTEM][0m 2025/08/15 14:33:06 🛑 [Go Consumer] Context cancelled, stopping consumer for queue: game.skill.escort.q
[0;37m14:33:07[0m [0;32m[WORKERS][0m 2025/08/15 14:33:06 ✅ [Go Worker] bob stopped
[0;37m14:33:07[0m [0;32m[WORKERS][0m 2025/08/15 14:33:06 🛑 [Server] Stopped worker: bob
[0;37m14:33:07[0m [0;32m[WORKERS][0m 2025/08/15 14:33:06 ✅ [ResetGame] Successfully stopped worker: bob
[0;37m14:33:07[0m [0;34m[API_SERVER][0m [GIN] 2025/08/15 - 14:33:06 | 200 |      35.541µs |             ::1 | POST     "/api/go-workers/webhook/events"
[0;37m14:33:07[0m [0;35m[SYSTEM][0m 2025/08/15 14:33:07 🗑️ [RabbitMQ] Successfully deleted queue game.dlq.expired.q
[0;37m14:33:07[0m [0;35m[SYSTEM][0m 2025/08/15 14:33:07 🗑️ [RabbitMQ] Successfully deleted queue game.dlq.failed.q
[0;37m14:33:07[0m [0;35m[SYSTEM][0m 2025/08/15 14:33:07 🗑️ [RabbitMQ] Successfully deleted queue game.dlq.retry.q
[0;37m14:33:07[0m [0;35m[SYSTEM][0m 2025/08/15 14:33:07 🗑️ [RabbitMQ] Successfully deleted queue game.dlq.unroutable.q
[0;37m14:33:07[0m [0;35m[SYSTEM][0m 2025/08/15 14:33:07 🗑️ [RabbitMQ] Successfully deleted queue game.skill.escort.q
[0;37m14:33:07[0m [0;35m[SYSTEM][0m 2025/08/15 14:33:07 🗑️ [RabbitMQ] Successfully deleted queue game.skill.gather.q
[0;37m14:33:07[0m [0;35m[SYSTEM][0m 2025/08/15 14:33:07 🗑️ [RabbitMQ] Successfully deleted queue game.skill.slay.q
[0;37m14:33:07[0m [0;35m[SYSTEM][0m 2025/08/15 14:33:07 🗑️ [RabbitMQ] Successfully deleted exchange game.dlx
[0;37m14:33:07[0m [0;35m[SYSTEM][0m 2025/08/15 14:33:07 🗑️ [RabbitMQ] Successfully deleted exchange game.skill
[0;37m14:33:07[0m [0;35m[SYSTEM][0m 2025/08/15 14:33:07 🗑️ [RabbitMQ] Successfully deleted exchange game.unroutable
[0;37m14:33:08[0m [0;35m[SYSTEM][0m 2025/08/15 14:33:08 ✅ [ResetGame] Reset completed successfully
[0;37m14:33:08[0m [0;34m[API_SERVER][0m [GIN] 2025/08/15 - 14:33:08 | 200 |  1.553790334s |             ::1 | POST     "/api/reset"
[0;37m14:33:09[0m [0;35m[SYSTEM][0m 2025/08/15 14:33:09 🔄 [RabbitMQ] Successfully created exchange game.dlx (topic)
[0;37m14:33:09[0m [0;35m[SYSTEM][0m 2025/08/15 14:33:09 🔄 [RabbitMQ] Successfully created exchange game.unroutable (fanout)
[0;37m14:33:09[0m [0;35m[SYSTEM][0m 2025/08/15 14:33:09 📦 [RabbitMQ] Successfully created queue game.dlq.failed.q
[0;37m14:33:09[0m [0;35m[SYSTEM][0m 2025/08/15 14:33:09 🔗 [RabbitMQ] Successfully bound queue game.dlq.failed.q to exchange game.dlx with routing key dlq.failed
[0;37m14:33:09[0m [0;35m[SYSTEM][0m 2025/08/15 14:33:09 📦 [RabbitMQ] Successfully created queue game.dlq.unroutable.q
[0;37m14:33:09[0m [0;35m[SYSTEM][0m 2025/08/15 14:33:09 🔗 [RabbitMQ] Successfully bound queue game.dlq.unroutable.q to exchange game.dlx with routing key dlq.unroutable
[0;37m14:33:09[0m [0;35m[SYSTEM][0m 2025/08/15 14:33:09 📦 [RabbitMQ] Successfully created queue game.dlq.expired.q
[0;37m14:33:09[0m [0;35m[SYSTEM][0m 2025/08/15 14:33:09 🔗 [RabbitMQ] Successfully bound queue game.dlq.expired.q to exchange game.dlx with routing key dlq.expired
[0;37m14:33:09[0m [0;35m[SYSTEM][0m 2025/08/15 14:33:09 📦 [RabbitMQ] Successfully created queue game.dlq.retry.q
[0;37m14:33:09[0m [0;35m[SYSTEM][0m 2025/08/15 14:33:09 🔗 [RabbitMQ] Successfully bound queue game.dlq.retry.q to exchange game.dlx with routing key dlq.retry
[0;37m14:33:09[0m [0;35m[SYSTEM][0m 2025/08/15 14:33:09 🔗 [RabbitMQ] Successfully bound queue game.dlq.unroutable.q to exchange game.unroutable with routing key 
[0;37m14:33:09[0m [0;35m[SYSTEM][0m 2025/08/15 14:33:09 🔄 [RabbitMQ] Successfully created exchange game.skill (topic)
[0;37m14:33:09[0m [0;34m[API_SERVER][0m 2025/08/15 14:33:09 ✅ [DLQ] Auto-setup completed successfully
[0;37m14:33:10[0m [0;34m[API_SERVER][0m [GIN] 2025/08/15 - 14:33:10 | 200 |     831.667µs |             ::1 | POST     "/api/master/one"
[0;37m14:33:12[0m [0;32m[WORKERS][0m 2025/08/15 14:33:12 🏃 [Go Worker] alice-worker-0 started on queue game.skill.gather.q
[0;37m14:33:12[0m [0;32m[WORKERS][0m 2025/08/15 14:33:12 🚀 [Go Worker] alice started with 1 workers, skills: [gather slay]
[0;37m14:33:12[0m [0;32m[WORKERS][0m 2025/08/15 14:33:12 ✅ [Server] Started worker: alice
[0;37m14:33:12[0m [0;32m[WORKERS][0m 2025/08/15 14:33:12 🏃 [Go Worker] alice-worker-0 started on queue game.skill.slay.q
[0;37m14:33:12[0m [0;34m[API_SERVER][0m [GIN] 2025/08/15 - 14:33:12 | 200 |   20.014625ms |             ::1 | POST     "/api/players/quickstart"
[0;37m14:33:12[0m [0;34m[API_SERVER][0m [GIN] 2025/08/15 - 14:33:12 | 200 |      26.875µs |             ::1 | POST     "/api/go-workers/webhook/events"
[0;37m14:33:14[0m [0;34m[API_SERVER][0m 2025/08/15 14:33:14 🔍 [DLQ Reissue] Starting reissue from queue game.dlq.unroutable.q, count 1
[0;37m14:33:14[0m [0;34m[API_SERVER][0m [GIN] 2025/08/15 - 14:33:14 | 200 |    4.128042ms |             ::1 | POST     "/api/dlq/reissue"
[0;37m14:33:14[0m [0;32m[WORKERS][0m 2025/08/15 14:33:14 ✅ [Go Worker Debug] alice parsed message: {CaseID:single-gather-1755261190488959000 EventStage: Status: Source:dlq_reissue QuestType:gather Difficulty:1 WorkSec:2 Points:5 Weight:0 Player: Payload:map[]}
[0;37m14:33:14[0m [0;34m[API_SERVER][0m [GIN] 2025/08/15 - 14:33:14 | 200 |     140.667µs |             ::1 | POST     "/api/go-workers/webhook/events"
[0;37m14:33:16[0m [0;32m[WORKERS][0m 2025/08/15 14:33:16 ✅ [Go Worker Debug] alice parsed message: {CaseID:single-gather-1755261190488959000 EventStage:QUEST_COMPLETED Status:SUCCESS Source:go-worker:alice QuestType:gather Difficulty:1 WorkSec:0 Points:5 Weight:0 Player:alice Payload:map[]}
[0;37m14:33:16[0m [0;34m[API_SERVER][0m [GIN] 2025/08/15 - 14:33:16 | 200 |     667.083µs |             ::1 | POST     "/api/go-workers/webhook/events"
[0;37m14:33:20[0m [0;32m[WORKERS][0m 2025/08/15 14:33:20 ✅ [Go Worker Debug] alice parsed message: {CaseID:wave-gather-1755261200135860000-0 EventStage: Status: Source:quest_wave QuestType:gather Difficulty:1 WorkSec:2 Points:5 Weight:0 Player: Payload:map[]}
[0;37m14:33:20[0m [0;34m[API_SERVER][0m [GIN] 2025/08/15 - 14:33:20 | 200 |     108.375µs |             ::1 | POST     "/api/go-workers/webhook/events"
[0;37m14:33:21[0m [0;32m[WORKERS][0m 2025/08/15 14:33:21 ✅ [Go Worker Debug] alice parsed message: {CaseID:wave-slay-1755261201060080000-0 EventStage: Status: Source:quest_wave QuestType:slay Difficulty:1 WorkSec:2 Points:5 Weight:0 Player: Payload:map[]}
[0;37m14:33:21[0m [0;34m[API_SERVER][0m [GIN] 2025/08/15 - 14:33:21 | 200 |     238.125µs |             ::1 | POST     "/api/go-workers/webhook/events"
[0;37m14:33:22[0m [0;34m[API_SERVER][0m [GIN] 2025/08/15 - 14:33:22 | 200 |     225.125µs |             ::1 | POST     "/api/go-workers/webhook/events"
[0;37m14:33:22[0m [0;32m[WORKERS][0m 2025/08/15 14:33:22 ✅ [Go Worker Debug] alice parsed message: {CaseID:wave-gather-1755261200238646000-1 EventStage: Status: Source:quest_wave QuestType:gather Difficulty:1 WorkSec:2 Points:5 Weight:0 Player: Payload:map[]}
[0;37m14:33:22[0m [0;34m[API_SERVER][0m [GIN] 2025/08/15 - 14:33:22 | 200 |      144.25µs |             ::1 | POST     "/api/go-workers/webhook/events"
[0;37m14:33:22[0m [0;34m[API_SERVER][0m [GIN] 2025/08/15 - 14:33:22 | 200 |  2.779918375s |             ::1 | POST     "/api/master/start"
[0;37m14:33:23[0m [0;34m[API_SERVER][0m [GIN] 2025/08/15 - 14:33:23 | 200 |     179.209µs |             ::1 | POST     "/api/go-workers/webhook/events"
[0;37m14:33:23[0m [0;32m[WORKERS][0m 2025/08/15 14:33:23 ✅ [Go Worker Debug] alice parsed message: {CaseID:wave-slay-1755261201162226000-1 EventStage: Status: Source:quest_wave QuestType:slay Difficulty:1 WorkSec:2 Points:5 Weight:0 Player: Payload:map[]}
[0;37m14:33:23[0m [0;34m[API_SERVER][0m [GIN] 2025/08/15 - 14:33:23 | 200 |     101.542µs |             ::1 | POST     "/api/go-workers/webhook/events"
[0;37m14:33:24[0m [0;32m[WORKERS][0m 2025/08/15 14:33:24 ✅ [Go Worker Debug] alice parsed message: {CaseID:wave-gather-1755261200341590000-2 EventStage: Status: Source:quest_wave QuestType:gather Difficulty:1 WorkSec:2 Points:5 Weight:0 Player: Payload:map[]}
[0;37m14:33:24[0m [0;34m[API_SERVER][0m [GIN] 2025/08/15 - 14:33:24 | 200 |     230.083µs |             ::1 | POST     "/api/go-workers/webhook/events"
[0;37m14:33:24[0m [0;34m[API_SERVER][0m [GIN] 2025/08/15 - 14:33:24 | 200 |     155.042µs |             ::1 | POST     "/api/go-workers/webhook/events"
[0;37m14:33:25[0m [0;32m[WORKERS][0m 2025/08/15 14:33:25 ✅ [Go Worker Debug] alice parsed message: {CaseID:wave-slay-1755261201264754000-2 EventStage: Status: Source:quest_wave QuestType:slay Difficulty:1 WorkSec:2 Points:5 Weight:0 Player: Payload:map[]}
[0;37m14:33:25[0m [0;34m[API_SERVER][0m [GIN] 2025/08/15 - 14:33:25 | 200 |     243.833µs |             ::1 | POST     "/api/go-workers/webhook/events"
[0;37m14:33:25[0m [0;34m[API_SERVER][0m [GIN] 2025/08/15 - 14:33:25 | 200 |     149.417µs |             ::1 | POST     "/api/go-workers/webhook/events"
[0;37m14:33:26[0m [0;32m[WORKERS][0m 2025/08/15 14:33:26 ✅ [Go Worker Debug] alice parsed message: {CaseID:wave-gather-1755261200444404000-3 EventStage: Status: Source:quest_wave QuestType:gather Difficulty:1 WorkSec:2 Points:5 Weight:0 Player: Payload:map[]}
[0;37m14:33:26[0m [0;34m[API_SERVER][0m [GIN] 2025/08/15 - 14:33:26 | 200 |       132.5µs |             ::1 | POST     "/api/go-workers/webhook/events"
[0;37m14:33:26[0m [0;34m[API_SERVER][0m [GIN] 2025/08/15 - 14:33:26 | 200 |     120.666µs |             ::1 | POST     "/api/go-workers/webhook/events"
[0;37m14:33:27[0m [0;32m[WORKERS][0m 2025/08/15 14:33:27 ✅ [Go Worker Debug] alice parsed message: {CaseID:wave-slay-1755261201367333000-3 EventStage: Status: Source:quest_wave QuestType:slay Difficulty:1 WorkSec:2 Points:5 Weight:0 Player: Payload:map[]}
[0;37m14:33:27[0m [0;34m[API_SERVER][0m [GIN] 2025/08/15 - 14:33:27 | 200 |     275.583µs |             ::1 | POST     "/api/go-workers/webhook/events"
[0;37m14:33:27[0m [0;34m[API_SERVER][0m [GIN] 2025/08/15 - 14:33:27 | 200 |     182.667µs |             ::1 | POST     "/api/go-workers/webhook/events"
[0;37m14:33:28[0m [0;32m[WORKERS][0m 2025/08/15 14:33:28 ✅ [Go Worker Debug] alice parsed message: {CaseID:wave-gather-1755261200547315000-4 EventStage: Status: Source:quest_wave QuestType:gather Difficulty:1 WorkSec:2 Points:5 Weight:0 Player: Payload:map[]}
[0;37m14:33:28[0m [0;34m[API_SERVER][0m [GIN] 2025/08/15 - 14:33:28 | 200 |     250.542µs |             ::1 | POST     "/api/go-workers/webhook/events"
[0;37m14:33:28[0m [0;34m[API_SERVER][0m [GIN] 2025/08/15 - 14:33:28 | 200 |     175.542µs |             ::1 | POST     "/api/go-workers/webhook/events"
[0;37m14:33:29[0m [0;32m[WORKERS][0m 2025/08/15 14:33:29 ✅ [Go Worker Debug] alice parsed message: {CaseID:wave-slay-1755261201471093000-4 EventStage: Status: Source:quest_wave QuestType:slay Difficulty:1 WorkSec:2 Points:5 Weight:0 Player: Payload:map[]}
[0;37m14:33:29[0m [0;34m[API_SERVER][0m [GIN] 2025/08/15 - 14:33:29 | 200 |     160.291µs |             ::1 | POST     "/api/go-workers/webhook/events"
[0;37m14:33:29[0m [0;34m[API_SERVER][0m [GIN] 2025/08/15 - 14:33:29 | 200 |     150.125µs |             ::1 | POST     "/api/go-workers/webhook/events"
[0;37m14:33:30[0m [0;32m[WORKERS][0m 2025/08/15 14:33:30 ✅ [Go Worker Debug] alice parsed message: {CaseID:wave-gather-1755261200649927000-5 EventStage: Status: Source:quest_wave QuestType:gather Difficulty:1 WorkSec:2 Points:5 Weight:0 Player: Payload:map[]}
[0;37m14:33:30[0m [0;34m[API_SERVER][0m [GIN] 2025/08/15 - 14:33:30 | 200 |     245.167µs |             ::1 | POST     "/api/go-workers/webhook/events"
[0;37m14:33:30[0m [0;34m[API_SERVER][0m [GIN] 2025/08/15 - 14:33:30 | 200 |     241.375µs |             ::1 | POST     "/api/go-workers/webhook/events"
[0;37m14:33:31[0m [0;34m[API_SERVER][0m [GIN] 2025/08/15 - 14:33:31 | 200 |       121.5µs |             ::1 | POST     "/api/go-workers/webhook/events"
[0;37m14:33:31[0m [0;32m[WORKERS][0m 2025/08/15 14:33:31 ✅ [Go Worker Debug] alice parsed message: {CaseID:wave-slay-1755261201574022000-5 EventStage: Status: Source:quest_wave QuestType:slay Difficulty:1 WorkSec:2 Points:5 Weight:0 Player: Payload:map[]}
[0;37m14:33:31[0m [0;34m[API_SERVER][0m [GIN] 2025/08/15 - 14:33:31 | 200 |     122.666µs |             ::1 | POST     "/api/go-workers/webhook/events"
[0;37m14:33:32[0m [0;32m[WORKERS][0m 2025/08/15 14:33:32 ✅ [Go Worker Debug] alice parsed message: {CaseID:wave-gather-1755261200751455000-6 EventStage: Status: Source:quest_wave QuestType:gather Difficulty:1 WorkSec:2 Points:5 Weight:0 Player: Payload:map[]}
[0;37m14:33:32[0m [0;34m[API_SERVER][0m [GIN] 2025/08/15 - 14:33:32 | 200 |     231.209µs |             ::1 | POST     "/api/go-workers/webhook/events"
[0;37m14:33:32[0m [0;34m[API_SERVER][0m [GIN] 2025/08/15 - 14:33:32 | 200 |       153.5µs |             ::1 | POST     "/api/go-workers/webhook/events"
[0;37m14:33:33[0m [0;32m[WORKERS][0m 2025/08/15 14:33:33 ✅ [Go Worker Debug] alice parsed message: {CaseID:wave-slay-1755261201676970000-6 EventStage: Status: Source:quest_wave QuestType:slay Difficulty:1 WorkSec:2 Points:5 Weight:0 Player: Payload:map[]}
[0;37m14:33:33[0m [0;34m[API_SERVER][0m [GIN] 2025/08/15 - 14:33:33 | 200 |     287.792µs |             ::1 | POST     "/api/go-workers/webhook/events"
[0;37m14:33:33[0m [0;34m[API_SERVER][0m [GIN] 2025/08/15 - 14:33:33 | 200 |     180.792µs |             ::1 | POST     "/api/go-workers/webhook/events"
[0;37m14:33:34[0m [0;32m[WORKERS][0m 2025/08/15 14:33:34 ✅ [Go Worker Debug] alice parsed message: {CaseID:wave-gather-1755261200853710000-7 EventStage: Status: Source:quest_wave QuestType:gather Difficulty:1 WorkSec:2 Points:5 Weight:0 Player: Payload:map[]}
[0;37m14:33:34[0m [0;34m[API_SERVER][0m [GIN] 2025/08/15 - 14:33:34 | 200 |      277.75µs |             ::1 | POST     "/api/go-workers/webhook/events"
[0;37m14:33:34[0m [0;34m[API_SERVER][0m [GIN] 2025/08/15 - 14:33:34 | 200 |     149.541µs |             ::1 | POST     "/api/go-workers/webhook/events"
[0;37m14:33:35[0m [0;32m[WORKERS][0m 2025/08/15 14:33:35 ✅ [Go Worker Debug] alice parsed message: {CaseID:wave-slay-1755261201779505000-7 EventStage: Status: Source:quest_wave QuestType:slay Difficulty:1 WorkSec:2 Points:5 Weight:0 Player: Payload:map[]}
[0;37m14:33:35[0m [0;34m[API_SERVER][0m [GIN] 2025/08/15 - 14:33:35 | 200 |     207.375µs |             ::1 | POST     "/api/go-workers/webhook/events"
[0;37m14:33:35[0m [0;34m[API_SERVER][0m [GIN] 2025/08/15 - 14:33:35 | 200 |     193.041µs |             ::1 | POST     "/api/go-workers/webhook/events"
[0;37m14:33:36[0m [0;34m[API_SERVER][0m [GIN] 2025/08/15 - 14:33:36 | 200 |     147.791µs |             ::1 | POST     "/api/go-workers/webhook/events"
[0;37m14:33:36[0m [0;32m[WORKERS][0m 2025/08/15 14:33:36 ✅ [Go Worker Debug] alice parsed message: {CaseID:wave-gather-1755261200955970000-8 EventStage: Status: Source:quest_wave QuestType:gather Difficulty:1 WorkSec:2 Points:5 Weight:0 Player: Payload:map[]}
[0;37m14:33:36[0m [0;34m[API_SERVER][0m [GIN] 2025/08/15 - 14:33:36 | 200 |      78.834µs |             ::1 | POST     "/api/go-workers/webhook/events"
[0;37m14:33:37[0m [0;34m[API_SERVER][0m [GIN] 2025/08/15 - 14:33:37 | 200 |     166.458µs |             ::1 | POST     "/api/go-workers/webhook/events"
[0;37m14:33:37[0m [0;32m[WORKERS][0m 2025/08/15 14:33:37 ✅ [Go Worker Debug] alice parsed message: {CaseID:wave-slay-1755261201882893000-8 EventStage: Status: Source:quest_wave QuestType:slay Difficulty:1 WorkSec:2 Points:5 Weight:0 Player: Payload:map[]}
[0;37m14:33:37[0m [0;34m[API_SERVER][0m [GIN] 2025/08/15 - 14:33:37 | 200 |     118.417µs |             ::1 | POST     "/api/go-workers/webhook/events"
[0;37m14:33:38[0m [0;34m[API_SERVER][0m [GIN] 2025/08/15 - 14:33:38 | 200 |     136.291µs |             ::1 | POST     "/api/go-workers/webhook/events"
[0;37m14:33:38[0m [0;32m[WORKERS][0m 2025/08/15 14:33:38 ✅ [Go Worker Debug] alice parsed message: {CaseID:wave-gather-1755261201058545000-9 EventStage: Status: Source:quest_wave QuestType:gather Difficulty:1 WorkSec:2 Points:5 Weight:0 Player: Payload:map[]}
[0;37m14:33:38[0m [0;34m[API_SERVER][0m [GIN] 2025/08/15 - 14:33:38 | 200 |      80.459µs |             ::1 | POST     "/api/go-workers/webhook/events"
[0;37m14:33:39[0m [0;34m[API_SERVER][0m [GIN] 2025/08/15 - 14:33:39 | 200 |     257.917µs |             ::1 | POST     "/api/go-workers/webhook/events"
[0;37m14:33:39[0m [0;32m[WORKERS][0m 2025/08/15 14:33:39 ✅ [Go Worker Debug] alice parsed message: {CaseID:wave-slay-1755261201985765000-9 EventStage: Status: Source:quest_wave QuestType:slay Difficulty:1 WorkSec:2 Points:5 Weight:0 Player: Payload:map[]}
[0;37m14:33:39[0m [0;34m[API_SERVER][0m [GIN] 2025/08/15 - 14:33:39 | 200 |     152.667µs |             ::1 | POST     "/api/go-workers/webhook/events"
[0;37m14:33:40[0m [0;34m[API_SERVER][0m [GIN] 2025/08/15 - 14:33:40 | 200 |      99.292µs |             ::1 | POST     "/api/go-workers/webhook/events"
[0;37m14:33:40[0m [0;32m[WORKERS][0m 2025/08/15 14:33:40 ✅ [Go Worker Debug] alice parsed message: {CaseID:wave-gather-1755261200135860000-0 EventStage:QUEST_COMPLETED Status:SUCCESS Source:go-worker:alice QuestType:gather Difficulty:1 WorkSec:0 Points:5 Weight:0 Player:alice Payload:map[]}
[0;37m14:33:40[0m [0;32m[WORKERS][0m 2025/08/15 14:33:40 ✅ [Go Worker Debug] alice parsed message: {CaseID:wave-gather-1755261200238646000-1 EventStage:QUEST_COMPLETED Status:SUCCESS Source:go-worker:alice QuestType:gather Difficulty:1 WorkSec:0 Points:5 Weight:0 Player:alice Payload:map[]}
[0;37m14:33:40[0m [0;32m[WORKERS][0m 2025/08/15 14:33:40 ✅ [Go Worker Debug] alice parsed message: {CaseID:wave-gather-1755261200444404000-3 EventStage:QUEST_COMPLETED Status:SUCCESS Source:go-worker:alice QuestType:gather Difficulty:1 WorkSec:0 Points:5 Weight:0 Player:alice Payload:map[]}
[0;37m14:33:40[0m [0;32m[WORKERS][0m 2025/08/15 14:33:40 ✅ [Go Worker Debug] alice parsed message: {CaseID:wave-gather-1755261200649927000-5 EventStage:QUEST_COMPLETED Status:SUCCESS Source:go-worker:alice QuestType:gather Difficulty:1 WorkSec:0 Points:5 Weight:0 Player:alice Payload:map[]}
[0;37m14:33:40[0m [0;32m[WORKERS][0m 2025/08/15 14:33:40 ✅ [Go Worker Debug] alice parsed message: {CaseID:wave-gather-1755261200955970000-8 EventStage:QUEST_COMPLETED Status:SUCCESS Source:go-worker:alice QuestType:gather Difficulty:1 WorkSec:0 Points:5 Weight:0 Player:alice Payload:map[]}
[0;37m14:33:40[0m [0;32m[WORKERS][0m 2025/08/15 14:33:40 ✅ [Go Worker Debug] alice parsed message: {CaseID:wave-gather-1755261201058545000-9 EventStage:QUEST_COMPLETED Status:SUCCESS Source:go-worker:alice QuestType:gather Difficulty:1 WorkSec:0 Points:5 Weight:0 Player:alice Payload:map[]}
[0;37m14:33:41[0m [0;32m[WORKERS][0m 2025/08/15 14:33:41 ✅ [Go Worker Debug] alice parsed message: {CaseID:wave-slay-1755261201060080000-0 EventStage:QUEST_COMPLETED Status:SUCCESS Source:go-worker:alice QuestType:slay Difficulty:1 WorkSec:0 Points:5 Weight:0 Player:alice Payload:map[]}
[0;37m14:33:41[0m [0;34m[API_SERVER][0m [GIN] 2025/08/15 - 14:33:41 | 200 |     281.083µs |             ::1 | POST     "/api/go-workers/webhook/events"
[0;37m14:33:41[0m [0;32m[WORKERS][0m 2025/08/15 14:33:41 ✅ [Go Worker Debug] alice parsed message: {CaseID:wave-slay-1755261201162226000-1 EventStage:QUEST_COMPLETED Status:SUCCESS Source:go-worker:alice QuestType:slay Difficulty:1 WorkSec:0 Points:5 Weight:0 Player:alice Payload:map[]}
[0;37m14:33:41[0m [0;32m[WORKERS][0m 2025/08/15 14:33:41 ✅ [Go Worker Debug] alice parsed message: {CaseID:wave-slay-1755261201264754000-2 EventStage:QUEST_COMPLETED Status:SUCCESS Source:go-worker:alice QuestType:slay Difficulty:1 WorkSec:0 Points:5 Weight:0 Player:alice Payload:map[]}
[0;37m14:33:41[0m [0;32m[WORKERS][0m 2025/08/15 14:33:41 ✅ [Go Worker Debug] alice parsed message: {CaseID:wave-slay-1755261201367333000-3 EventStage:QUEST_COMPLETED Status:SUCCESS Source:go-worker:alice QuestType:slay Difficulty:1 WorkSec:0 Points:5 Weight:0 Player:alice Payload:map[]}
[0;37m14:33:41[0m [0;32m[WORKERS][0m 2025/08/15 14:33:41 ✅ [Go Worker Debug] alice parsed message: {CaseID:wave-slay-1755261201471093000-4 EventStage:QUEST_COMPLETED Status:SUCCESS Source:go-worker:alice QuestType:slay Difficulty:1 WorkSec:0 Points:5 Weight:0 Player:alice Payload:map[]}
[0;37m14:33:41[0m [0;32m[WORKERS][0m 2025/08/15 14:33:41 ✅ [Go Worker Debug] alice parsed message: {CaseID:wave-slay-1755261201574022000-5 EventStage:QUEST_COMPLETED Status:SUCCESS Source:go-worker:alice QuestType:slay Difficulty:1 WorkSec:0 Points:5 Weight:0 Player:alice Payload:map[]}
[0;37m14:33:41[0m [0;32m[WORKERS][0m 2025/08/15 14:33:41 ✅ [Go Worker Debug] alice parsed message: {CaseID:wave-slay-1755261201676970000-6 EventStage:QUEST_COMPLETED Status:SUCCESS Source:go-worker:alice QuestType:slay Difficulty:1 WorkSec:0 Points:5 Weight:0 Player:alice Payload:map[]}
[0;37m14:33:41[0m [0;32m[WORKERS][0m 2025/08/15 14:33:41 ✅ [Go Worker Debug] alice parsed message: {CaseID:wave-slay-1755261201779505000-7 EventStage:QUEST_COMPLETED Status:SUCCESS Source:go-worker:alice QuestType:slay Difficulty:1 WorkSec:0 Points:5 Weight:0 Player:alice Payload:map[]}
[0;37m14:33:41[0m [0;32m[WORKERS][0m 2025/08/15 14:33:41 ✅ [Go Worker Debug] alice parsed message: {CaseID:wave-slay-1755261201882893000-8 EventStage:QUEST_COMPLETED Status:SUCCESS Source:go-worker:alice QuestType:slay Difficulty:1 WorkSec:0 Points:5 Weight:0 Player:alice Payload:map[]}
[0;37m14:33:41[0m [0;32m[WORKERS][0m 2025/08/15 14:33:41 ✅ [Go Worker Debug] alice parsed message: {CaseID:wave-slay-1755261201985765000-9 EventStage:QUEST_COMPLETED Status:SUCCESS Source:go-worker:alice QuestType:slay Difficulty:1 WorkSec:0 Points:5 Weight:0 Player:alice Payload:map[]}
[0;37m14:33:41[0m [0;34m[API_SERVER][0m 2025/08/15 14:33:41 🔍 [DLQ Reissue] Starting reissue from queue game.dlq.unroutable.q, count 1
[0;37m14:33:41[0m [0;34m[API_SERVER][0m [GIN] 2025/08/15 - 14:33:41 | 200 |    6.726375ms |             ::1 | POST     "/api/dlq/reissue"
[0;37m14:33:47[0m [0;34m[API_SERVER][0m 2025/08/15 14:33:47 🔍 [DLQ Reissue] Starting reissue from queue game.dlq.unroutable.q, count 1
[0;37m14:33:47[0m [0;34m[API_SERVER][0m [GIN] 2025/08/15 - 14:33:47 | 200 |    5.217084ms |             ::1 | POST     "/api/dlq/reissue"
[0;37m14:33:52[0m [0;34m[API_SERVER][0m 2025/08/15 14:33:52 🔍 [DLQ Reissue] Starting reissue from queue game.dlq.failed.q, count 1
[0;37m14:33:52[0m [0;34m[API_SERVER][0m [GIN] 2025/08/15 - 14:33:52 | 200 |    5.616375ms |             ::1 | POST     "/api/dlq/reissue"
[0;37m14:33:52[0m [0;32m[WORKERS][0m 2025/08/15 14:33:52 ✅ [Go Worker Debug] alice parsed message: {CaseID:wave-gather-1755261200341590000-2 EventStage: Status: Source:dlq_reissue QuestType:gather Difficulty:1 WorkSec:2 Points:5 Weight:0 Player: Payload:map[]}
[0;37m14:33:52[0m [0;34m[API_SERVER][0m [GIN] 2025/08/15 - 14:33:52 | 200 |     110.542µs |             ::1 | POST     "/api/go-workers/webhook/events"
[0;37m14:33:54[0m [0;32m[WORKERS][0m 2025/08/15 14:33:54 ✅ [Go Worker Debug] alice parsed message: {CaseID:wave-gather-1755261200341590000-2 EventStage:QUEST_COMPLETED Status:SUCCESS Source:go-worker:alice QuestType:gather Difficulty:1 WorkSec:0 Points:5 Weight:0 Player:alice Payload:map[]}
[0;37m14:33:54[0m [0;34m[API_SERVER][0m [GIN] 2025/08/15 - 14:33:54 | 200 |         285µs |             ::1 | POST     "/api/go-workers/webhook/events"
[0;37m14:33:57[0m [0;34m[API_SERVER][0m 2025/08/15 14:33:57 🔍 [DLQ Reissue] Starting reissue from queue game.dlq.failed.q, count 1
[0;37m14:33:57[0m [0;34m[API_SERVER][0m [GIN] 2025/08/15 - 14:33:57 | 200 |    5.260584ms |             ::1 | POST     "/api/dlq/reissue"
[0;37m14:33:57[0m [0;32m[WORKERS][0m 2025/08/15 14:33:57 ✅ [Go Worker Debug] alice parsed message: {CaseID:wave-gather-1755261200547315000-4 EventStage: Status: Source:dlq_reissue QuestType:gather Difficulty:1 WorkSec:2 Points:5 Weight:0 Player: Payload:map[]}
[0;37m14:33:57[0m [0;34m[API_SERVER][0m [GIN] 2025/08/15 - 14:33:57 | 200 |     103.875µs |             ::1 | POST     "/api/go-workers/webhook/events"
[0;37m14:33:59[0m [0;34m[API_SERVER][0m [GIN] 2025/08/15 - 14:33:59 | 200 |     257.084µs |             ::1 | POST     "/api/go-workers/webhook/events"
[0;37m14:34:04[0m [0;34m[API_SERVER][0m 2025/08/15 14:34:04 🔍 [DLQ Reissue] Starting reissue from queue game.dlq.failed.q, count 1
[0;37m14:34:04[0m [0;34m[API_SERVER][0m [GIN] 2025/08/15 - 14:34:04 | 200 |    5.762041ms |             ::1 | POST     "/api/dlq/reissue"
[0;37m14:34:04[0m [0;32m[WORKERS][0m 2025/08/15 14:34:04 ✅ [Go Worker Debug] alice parsed message: {CaseID:wave-gather-1755261200751455000-6 EventStage: Status: Source:dlq_reissue QuestType:gather Difficulty:1 WorkSec:2 Points:5 Weight:0 Player: Payload:map[]}
[0;37m14:34:04[0m [0;34m[API_SERVER][0m [GIN] 2025/08/15 - 14:34:04 | 200 |      93.042µs |             ::1 | POST     "/api/go-workers/webhook/events"
[0;37m14:34:06[0m [0;34m[API_SERVER][0m [GIN] 2025/08/15 - 14:34:06 | 200 |       187.5µs |             ::1 | POST     "/api/go-workers/webhook/events"
[0;37m14:34:06[0m [0;32m[WORKERS][0m 2025/08/15 14:34:06 ✅ [Go Worker Debug] alice parsed message: {CaseID:wave-gather-1755261200751455000-6 EventStage:QUEST_COMPLETED Status:SUCCESS Source:go-worker:alice QuestType:gather Difficulty:1 WorkSec:0 Points:5 Weight:0 Player:alice Payload:map[]}
[0;37m14:34:06[0m [0;34m[API_SERVER][0m 2025/08/15 14:34:06 🔍 [DLQ Reissue] Starting reissue from queue game.dlq.failed.q, count 1
[0;37m14:34:06[0m [0;34m[API_SERVER][0m [GIN] 2025/08/15 - 14:34:06 | 200 |    8.220833ms |             ::1 | POST     "/api/dlq/reissue"
[0;37m14:34:06[0m [0;32m[WORKERS][0m 2025/08/15 14:34:06 ✅ [Go Worker Debug] alice parsed message: {CaseID:wave-gather-1755261200853710000-7 EventStage: Status: Source:dlq_reissue QuestType:gather Difficulty:1 WorkSec:2 Points:5 Weight:0 Player: Payload:map[]}
[0;37m14:34:06[0m [0;34m[API_SERVER][0m [GIN] 2025/08/15 - 14:34:06 | 200 |     132.417µs |             ::1 | POST     "/api/go-workers/webhook/events"
[0;37m14:34:08[0m [0;34m[API_SERVER][0m [GIN] 2025/08/15 - 14:34:08 | 200 |     171.541µs |             ::1 | POST     "/api/go-workers/webhook/events"
[0;37m14:34:08[0m [0;32m[WORKERS][0m 2025/08/15 14:34:08 ✅ [Go Worker Debug] alice parsed message: {CaseID:wave-gather-1755261200853710000-7 EventStage:QUEST_COMPLETED Status:SUCCESS Source:go-worker:alice QuestType:gather Difficulty:1 WorkSec:0 Points:5 Weight:0 Player:alice Payload:map[]}
[0;37m14:34:10[0m [0;34m[API_SERVER][0m 2025/08/15 14:34:10 🔍 [DLQ Reissue] Starting reissue from queue game.dlq.failed.q, count 1
[0;37m14:34:10[0m [0;34m[API_SERVER][0m [GIN] 2025/08/15 - 14:34:10 | 200 |    5.570792ms |             ::1 | POST     "/api/dlq/reissue"
[0;37m14:34:10[0m [0;32m[WORKERS][0m 2025/08/15 14:34:10 ✅ [Go Worker Debug] alice parsed message: {CaseID:wave-gather-1755261200547315000-4 EventStage: Status: Source:dlq_reissue QuestType:gather Difficulty:1 WorkSec:2 Points:5 Weight:0 Player: Payload:map[]}
[0;37m14:34:10[0m [0;34m[API_SERVER][0m [GIN] 2025/08/15 - 14:34:10 | 200 |     106.958µs |             ::1 | POST     "/api/go-workers/webhook/events"
[0;37m14:34:12[0m [0;34m[API_SERVER][0m [GIN] 2025/08/15 - 14:34:12 | 200 |      57.667µs |             ::1 | POST     "/api/go-workers/webhook/events"
[0;37m14:34:12[0m [0;32m[WORKERS][0m 2025/08/15 14:34:12 ✅ [Go Worker Debug] alice parsed message: {CaseID:wave-gather-1755261200547315000-4 EventStage:QUEST_COMPLETED Status:SUCCESS Source:go-worker:alice QuestType:gather Difficulty:1 WorkSec:0 Points:5 Weight:0 Player:alice Payload:map[]}
[0;37m14:34:40[0m [0;32m[WORKERS][0m 2025/08/15 14:34:40 ✅ [Go Worker Debug] alice parsed message: {CaseID:wave-gather-1755261280855099000-0 EventStage: Status: Source:quest_wave QuestType:gather Difficulty:1 WorkSec:2 Points:5 Weight:0 Player: Payload:map[]}
[0;37m14:34:40[0m [0;34m[API_SERVER][0m [GIN] 2025/08/15 - 14:34:40 | 200 |     184.125µs |             ::1 | POST     "/api/go-workers/webhook/events"
[0;37m14:34:41[0m [0;32m[WORKERS][0m 2025/08/15 14:34:41 ✅ [Go Worker Debug] alice parsed message: {CaseID:wave-slay-1755261281782816000-0 EventStage: Status: Source:quest_wave QuestType:slay Difficulty:1 WorkSec:2 Points:5 Weight:0 Player: Payload:map[]}
[0;37m14:34:41[0m [0;34m[API_SERVER][0m [GIN] 2025/08/15 - 14:34:41 | 200 |     169.792µs |             ::1 | POST     "/api/go-workers/webhook/events"
[0;37m14:34:42[0m [0;32m[WORKERS][0m 2025/08/15 14:34:42 ✅ [Go Worker Debug] alice parsed message: {CaseID:wave-gather-1755261280957225000-1 EventStage: Status: Source:quest_wave QuestType:gather Difficulty:1 WorkSec:2 Points:5 Weight:0 Player: Payload:map[]}
[0;37m14:34:42[0m [0;34m[API_SERVER][0m [GIN] 2025/08/15 - 14:34:42 | 200 |     719.917µs |             ::1 | POST     "/api/go-workers/webhook/events"
[0;37m14:34:42[0m [0;34m[API_SERVER][0m [GIN] 2025/08/15 - 14:34:42 | 200 |     117.166µs |             ::1 | POST     "/api/go-workers/webhook/events"
[0;37m14:34:43[0m [0;34m[API_SERVER][0m [GIN] 2025/08/15 - 14:34:43 | 200 |  2.780463209s |             ::1 | POST     "/api/master/start"
[0;37m14:34:43[0m [0;32m[WORKERS][0m 2025/08/15 14:34:43 ✅ [Go Worker Debug] alice parsed message: {CaseID:wave-slay-1755261281886057000-1 EventStage: Status: Source:quest_wave QuestType:slay Difficulty:1 WorkSec:2 Points:5 Weight:0 Player: Payload:map[]}
[0;37m14:34:43[0m [0;34m[API_SERVER][0m [GIN] 2025/08/15 - 14:34:43 | 200 |     191.541µs |             ::1 | POST     "/api/go-workers/webhook/events"
[0;37m14:34:43[0m [0;34m[API_SERVER][0m [GIN] 2025/08/15 - 14:34:43 | 200 |     197.334µs |             ::1 | POST     "/api/go-workers/webhook/events"
[0;37m14:34:44[0m [0;34m[API_SERVER][0m [GIN] 2025/08/15 - 14:34:44 | 200 |     148.209µs |             ::1 | POST     "/api/go-workers/webhook/events"
[0;37m14:34:44[0m [0;32m[WORKERS][0m 2025/08/15 14:34:44 ✅ [Go Worker Debug] alice parsed message: {CaseID:wave-gather-1755261281060040000-2 EventStage: Status: Source:quest_wave QuestType:gather Difficulty:1 WorkSec:2 Points:5 Weight:0 Player: Payload:map[]}
[0;37m14:34:44[0m [0;34m[API_SERVER][0m [GIN] 2025/08/15 - 14:34:44 | 200 |     105.209µs |             ::1 | POST     "/api/go-workers/webhook/events"
[0;37m14:34:45[0m [0;32m[WORKERS][0m 2025/08/15 14:34:45 ✅ [Go Worker Debug] alice parsed message: {CaseID:wave-slay-1755261281988959000-2 EventStage: Status: Source:quest_wave QuestType:slay Difficulty:1 WorkSec:2 Points:5 Weight:0 Player: Payload:map[]}
[0;37m14:34:45[0m [0;34m[API_SERVER][0m [GIN] 2025/08/15 - 14:34:45 | 200 |     176.417µs |             ::1 | POST     "/api/go-workers/webhook/events"
[0;37m14:34:45[0m [0;34m[API_SERVER][0m [GIN] 2025/08/15 - 14:34:45 | 200 |     202.625µs |             ::1 | POST     "/api/go-workers/webhook/events"
[0;37m14:34:46[0m [0;32m[WORKERS][0m 2025/08/15 14:34:46 ✅ [Go Worker Debug] alice parsed message: {CaseID:wave-gather-1755261281162590000-3 EventStage: Status: Source:quest_wave QuestType:gather Difficulty:1 WorkSec:2 Points:5 Weight:0 Player: Payload:map[]}
[0;37m14:34:46[0m [0;34m[API_SERVER][0m [GIN] 2025/08/15 - 14:34:46 | 200 |     183.208µs |             ::1 | POST     "/api/go-workers/webhook/events"
[0;37m14:34:46[0m [0;34m[API_SERVER][0m [GIN] 2025/08/15 - 14:34:46 | 200 |     118.166µs |             ::1 | POST     "/api/go-workers/webhook/events"
[0;37m14:34:47[0m [0;34m[API_SERVER][0m [GIN] 2025/08/15 - 14:34:47 | 200 |         177µs |             ::1 | POST     "/api/go-workers/webhook/events"
[0;37m14:34:47[0m [0;32m[WORKERS][0m 2025/08/15 14:34:47 ✅ [Go Worker Debug] alice parsed message: {CaseID:wave-slay-1755261282091779000-3 EventStage: Status: Source:quest_wave QuestType:slay Difficulty:1 WorkSec:2 Points:5 Weight:0 Player: Payload:map[]}
[0;37m14:34:47[0m [0;34m[API_SERVER][0m [GIN] 2025/08/15 - 14:34:47 | 200 |      55.875µs |             ::1 | POST     "/api/go-workers/webhook/events"
[0;37m14:34:48[0m [0;34m[API_SERVER][0m [GIN] 2025/08/15 - 14:34:48 | 200 |     209.459µs |             ::1 | POST     "/api/go-workers/webhook/events"
[0;37m14:34:48[0m [0;32m[WORKERS][0m 2025/08/15 14:34:48 ✅ [Go Worker Debug] alice parsed message: {CaseID:wave-gather-1755261281265152000-4 EventStage: Status: Source:quest_wave QuestType:gather Difficulty:1 WorkSec:2 Points:5 Weight:0 Player: Payload:map[]}
[0;37m14:34:48[0m [0;34m[API_SERVER][0m [GIN] 2025/08/15 - 14:34:48 | 200 |     110.417µs |             ::1 | POST     "/api/go-workers/webhook/events"
[0;37m14:34:49[0m [0;32m[WORKERS][0m 2025/08/15 14:34:49 ✅ [Go Worker Debug] alice parsed message: {CaseID:wave-slay-1755261282194841000-4 EventStage: Status: Source:quest_wave QuestType:slay Difficulty:1 WorkSec:2 Points:5 Weight:0 Player: Payload:map[]}
[0;37m14:34:49[0m [0;34m[API_SERVER][0m [GIN] 2025/08/15 - 14:34:49 | 200 |         467µs |             ::1 | POST     "/api/go-workers/webhook/events"
[0;37m14:34:49[0m [0;34m[API_SERVER][0m [GIN] 2025/08/15 - 14:34:49 | 200 |     152.208µs |             ::1 | POST     "/api/go-workers/webhook/events"
[0;37m14:34:50[0m [0;32m[WORKERS][0m 2025/08/15 14:34:50 ✅ [Go Worker Debug] alice parsed message: {CaseID:wave-gather-1755261281368498000-5 EventStage: Status: Source:quest_wave QuestType:gather Difficulty:1 WorkSec:2 Points:5 Weight:0 Player: Payload:map[]}
[0;37m14:34:50[0m [0;34m[API_SERVER][0m [GIN] 2025/08/15 - 14:34:50 | 200 |     162.875µs |             ::1 | POST     "/api/go-workers/webhook/events"
[0;37m14:34:50[0m [0;34m[API_SERVER][0m [GIN] 2025/08/15 - 14:34:50 | 200 |     112.125µs |             ::1 | POST     "/api/go-workers/webhook/events"
[0;37m14:34:51[0m [0;32m[WORKERS][0m 2025/08/15 14:34:51 ✅ [Go Worker Debug] alice parsed message: {CaseID:wave-slay-1755261282299433000-5 EventStage: Status: Source:quest_wave QuestType:slay Difficulty:1 WorkSec:2 Points:5 Weight:0 Player: Payload:map[]}
[0;37m14:34:51[0m [0;34m[API_SERVER][0m [GIN] 2025/08/15 - 14:34:51 | 200 |      235.75µs |             ::1 | POST     "/api/go-workers/webhook/events"
[0;37m14:34:51[0m [0;34m[API_SERVER][0m [GIN] 2025/08/15 - 14:34:51 | 200 |     140.042µs |             ::1 | POST     "/api/go-workers/webhook/events"
[0;37m14:34:52[0m [0;34m[API_SERVER][0m [GIN] 2025/08/15 - 14:34:52 | 200 |     129.208µs |             ::1 | POST     "/api/go-workers/webhook/events"
[0;37m14:34:52[0m [0;32m[WORKERS][0m 2025/08/15 14:34:52 ✅ [Go Worker Debug] alice parsed message: {CaseID:wave-gather-1755261281471724000-6 EventStage: Status: Source:quest_wave QuestType:gather Difficulty:1 WorkSec:2 Points:5 Weight:0 Player: Payload:map[]}
[0;37m14:34:52[0m [0;34m[API_SERVER][0m [GIN] 2025/08/15 - 14:34:52 | 200 |     100.334µs |             ::1 | POST     "/api/go-workers/webhook/events"
[0;37m14:34:53[0m [0;34m[API_SERVER][0m [GIN] 2025/08/15 - 14:34:53 | 200 |     132.125µs |             ::1 | POST     "/api/go-workers/webhook/events"
[0;37m14:34:53[0m [0;32m[WORKERS][0m 2025/08/15 14:34:53 ✅ [Go Worker Debug] alice parsed message: {CaseID:wave-slay-1755261282402028000-6 EventStage: Status: Source:quest_wave QuestType:slay Difficulty:1 WorkSec:2 Points:5 Weight:0 Player: Payload:map[]}
[0;37m14:34:53[0m [0;34m[API_SERVER][0m [GIN] 2025/08/15 - 14:34:53 | 200 |     109.166µs |             ::1 | POST     "/api/go-workers/webhook/events"
[0;37m14:34:54[0m [0;32m[WORKERS][0m 2025/08/15 14:34:54 ✅ [Go Worker Debug] alice parsed message: {CaseID:wave-gather-1755261281574692000-7 EventStage: Status: Source:quest_wave QuestType:gather Difficulty:1 WorkSec:2 Points:5 Weight:0 Player: Payload:map[]}
[0;37m14:34:54[0m [0;34m[API_SERVER][0m [GIN] 2025/08/15 - 14:34:54 | 200 |     196.958µs |             ::1 | POST     "/api/go-workers/webhook/events"
[0;37m14:34:54[0m [0;34m[API_SERVER][0m [GIN] 2025/08/15 - 14:34:54 | 200 |      85.208µs |             ::1 | POST     "/api/go-workers/webhook/events"
[0;37m14:34:55[0m [0;32m[WORKERS][0m 2025/08/15 14:34:55 ✅ [Go Worker Debug] alice parsed message: {CaseID:wave-slay-1755261282504994000-7 EventStage: Status: Source:quest_wave QuestType:slay Difficulty:1 WorkSec:2 Points:5 Weight:0 Player: Payload:map[]}
[0;37m14:34:55[0m [0;34m[API_SERVER][0m [GIN] 2025/08/15 - 14:34:55 | 200 |     246.333µs |             ::1 | POST     "/api/go-workers/webhook/events"
[0;37m14:34:55[0m [0;34m[API_SERVER][0m [GIN] 2025/08/15 - 14:34:55 | 200 |     180.334µs |             ::1 | POST     "/api/go-workers/webhook/events"
[0;37m14:34:56[0m [0;32m[WORKERS][0m 2025/08/15 14:34:56 ✅ [Go Worker Debug] alice parsed message: {CaseID:wave-gather-1755261281677965000-8 EventStage: Status: Source:quest_wave QuestType:gather Difficulty:1 WorkSec:2 Points:5 Weight:0 Player: Payload:map[]}
[0;37m14:34:56[0m [0;34m[API_SERVER][0m [GIN] 2025/08/15 - 14:34:56 | 200 |     123.084µs |             ::1 | POST     "/api/go-workers/webhook/events"
[0;37m14:34:56[0m [0;34m[API_SERVER][0m [GIN] 2025/08/15 - 14:34:56 | 200 |      68.334µs |             ::1 | POST     "/api/go-workers/webhook/events"
[0;37m14:34:57[0m [0;34m[API_SERVER][0m 2025/08/15 14:34:57 🔍 [DLQ Reissue] Starting reissue from queue game.dlq.unroutable.q, count 1
[0;37m14:34:57[0m [0;34m[API_SERVER][0m [GIN] 2025/08/15 - 14:34:57 | 200 |      5.1575ms |             ::1 | POST     "/api/dlq/reissue"
[0;37m14:34:57[0m [0;34m[API_SERVER][0m [GIN] 2025/08/15 - 14:34:57 | 200 |      298.75µs |             ::1 | POST     "/api/go-workers/webhook/events"
[0;37m14:34:57[0m [0;32m[WORKERS][0m 2025/08/15 14:34:57 ✅ [Go Worker Debug] alice parsed message: {CaseID:wave-slay-1755261282607645000-8 EventStage: Status: Source:quest_wave QuestType:slay Difficulty:1 WorkSec:2 Points:5 Weight:0 Player: Payload:map[]}
[0;37m14:34:57[0m [0;34m[API_SERVER][0m [GIN] 2025/08/15 - 14:34:57 | 200 |     158.541µs |             ::1 | POST     "/api/go-workers/webhook/events"
[0;37m14:34:58[0m [0;34m[API_SERVER][0m [GIN] 2025/08/15 - 14:34:58 | 200 |     140.833µs |             ::1 | POST     "/api/go-workers/webhook/events"
[0;37m14:34:58[0m [0;32m[WORKERS][0m 2025/08/15 14:34:58 ✅ [Go Worker Debug] alice parsed message: {CaseID:wave-gather-1755261281781017000-9 EventStage: Status: Source:quest_wave QuestType:gather Difficulty:1 WorkSec:2 Points:5 Weight:0 Player: Payload:map[]}
[0;37m14:34:58[0m [0;34m[API_SERVER][0m [GIN] 2025/08/15 - 14:34:58 | 200 |     161.667µs |             ::1 | POST     "/api/go-workers/webhook/events"
[0;37m14:34:59[0m [0;32m[WORKERS][0m 2025/08/15 14:34:59 ✅ [Go Worker Debug] alice parsed message: {CaseID:wave-slay-1755261282709796000-9 EventStage: Status: Source:quest_wave QuestType:slay Difficulty:1 WorkSec:2 Points:5 Weight:0 Player: Payload:map[]}
[0;37m14:34:59[0m [0;34m[API_SERVER][0m [GIN] 2025/08/15 - 14:34:59 | 200 |      220.75µs |             ::1 | POST     "/api/go-workers/webhook/events"
[0;37m14:34:59[0m [0;34m[API_SERVER][0m [GIN] 2025/08/15 - 14:34:59 | 200 |     217.583µs |             ::1 | POST     "/api/go-workers/webhook/events"
[0;37m14:35:00[0m [0;34m[API_SERVER][0m [GIN] 2025/08/15 - 14:35:00 | 200 |     110.458µs |             ::1 | POST     "/api/go-workers/webhook/events"
[0;37m14:35:00[0m [0;32m[WORKERS][0m 2025/08/15 14:35:00 ✅ [Go Worker Debug] alice parsed message: {CaseID:wave-gather-1755261280855099000-0 EventStage:QUEST_COMPLETED Status:SUCCESS Source:go-worker:alice QuestType:gather Difficulty:1 WorkSec:0 Points:5 Weight:0 Player:alice Payload:map[]}
[0;37m14:35:00[0m [0;32m[WORKERS][0m 2025/08/15 14:35:00 ✅ [Go Worker Debug] alice parsed message: {CaseID:wave-gather-1755261280957225000-1 EventStage:QUEST_COMPLETED Status:SUCCESS Source:go-worker:alice QuestType:gather Difficulty:1 WorkSec:0 Points:5 Weight:0 Player:alice Payload:map[]}
[0;37m14:35:00[0m [0;32m[WORKERS][0m 2025/08/15 14:35:00 ✅ [Go Worker Debug] alice parsed message: {CaseID:wave-gather-1755261281060040000-2 EventStage:QUEST_COMPLETED Status:SUCCESS Source:go-worker:alice QuestType:gather Difficulty:1 WorkSec:0 Points:5 Weight:0 Player:alice Payload:map[]}
[0;37m14:35:00[0m [0;32m[WORKERS][0m 2025/08/15 14:35:00 ✅ [Go Worker Debug] alice parsed message: {CaseID:wave-gather-1755261281162590000-3 EventStage:QUEST_COMPLETED Status:SUCCESS Source:go-worker:alice QuestType:gather Difficulty:1 WorkSec:0 Points:5 Weight:0 Player:alice Payload:map[]}
[0;37m14:35:00[0m [0;32m[WORKERS][0m 2025/08/15 14:35:00 ✅ [Go Worker Debug] alice parsed message: {CaseID:wave-gather-1755261281368498000-5 EventStage:QUEST_COMPLETED Status:SUCCESS Source:go-worker:alice QuestType:gather Difficulty:1 WorkSec:0 Points:5 Weight:0 Player:alice Payload:map[]}
[0;37m14:35:00[0m [0;32m[WORKERS][0m 2025/08/15 14:35:00 ✅ [Go Worker Debug] alice parsed message: {CaseID:wave-gather-1755261281471724000-6 EventStage:QUEST_COMPLETED Status:SUCCESS Source:go-worker:alice QuestType:gather Difficulty:1 WorkSec:0 Points:5 Weight:0 Player:alice Payload:map[]}
[0;37m14:35:00[0m [0;32m[WORKERS][0m 2025/08/15 14:35:00 ✅ [Go Worker Debug] alice parsed message: {CaseID:wave-gather-1755261281574692000-7 EventStage:QUEST_COMPLETED Status:SUCCESS Source:go-worker:alice QuestType:gather Difficulty:1 WorkSec:0 Points:5 Weight:0 Player:alice Payload:map[]}
[0;37m14:35:00[0m [0;32m[WORKERS][0m 2025/08/15 14:35:00 ✅ [Go Worker Debug] alice parsed message: {CaseID:wave-gather-1755261281781017000-9 EventStage:QUEST_COMPLETED Status:SUCCESS Source:go-worker:alice QuestType:gather Difficulty:1 WorkSec:0 Points:5 Weight:0 Player:alice Payload:map[]}
[0;37m14:35:01[0m [0;34m[API_SERVER][0m [GIN] 2025/08/15 - 14:35:01 | 200 |       328.5µs |             ::1 | POST     "/api/go-workers/webhook/events"
[0;37m14:35:01[0m [0;32m[WORKERS][0m 2025/08/15 14:35:01 ✅ [Go Worker Debug] alice parsed message: {CaseID:wave-slay-1755261281782816000-0 EventStage:QUEST_COMPLETED Status:SUCCESS Source:go-worker:alice QuestType:slay Difficulty:1 WorkSec:0 Points:5 Weight:0 Player:alice Payload:map[]}
[0;37m14:35:01[0m [0;32m[WORKERS][0m 2025/08/15 14:35:01 ✅ [Go Worker Debug] alice parsed message: {CaseID:wave-slay-1755261281886057000-1 EventStage:QUEST_COMPLETED Status:SUCCESS Source:go-worker:alice QuestType:slay Difficulty:1 WorkSec:0 Points:5 Weight:0 Player:alice Payload:map[]}
[0;37m14:35:01[0m [0;32m[WORKERS][0m 2025/08/15 14:35:01 ✅ [Go Worker Debug] alice parsed message: {CaseID:wave-slay-1755261281988959000-2 EventStage:QUEST_COMPLETED Status:SUCCESS Source:go-worker:alice QuestType:slay Difficulty:1 WorkSec:0 Points:5 Weight:0 Player:alice Payload:map[]}
[0;37m14:35:01[0m [0;32m[WORKERS][0m 2025/08/15 14:35:01 ✅ [Go Worker Debug] alice parsed message: {CaseID:wave-slay-1755261282091779000-3 EventStage:QUEST_COMPLETED Status:SUCCESS Source:go-worker:alice QuestType:slay Difficulty:1 WorkSec:0 Points:5 Weight:0 Player:alice Payload:map[]}
[0;37m14:35:01[0m [0;32m[WORKERS][0m 2025/08/15 14:35:01 ✅ [Go Worker Debug] alice parsed message: {CaseID:wave-slay-1755261282194841000-4 EventStage:QUEST_COMPLETED Status:SUCCESS Source:go-worker:alice QuestType:slay Difficulty:1 WorkSec:0 Points:5 Weight:0 Player:alice Payload:map[]}
[0;37m14:35:01[0m [0;32m[WORKERS][0m 2025/08/15 14:35:01 ✅ [Go Worker Debug] alice parsed message: {CaseID:wave-slay-1755261282299433000-5 EventStage:QUEST_COMPLETED Status:SUCCESS Source:go-worker:alice QuestType:slay Difficulty:1 WorkSec:0 Points:5 Weight:0 Player:alice Payload:map[]}
[0;37m14:35:01[0m [0;32m[WORKERS][0m 2025/08/15 14:35:01 ✅ [Go Worker Debug] alice parsed message: {CaseID:wave-slay-1755261282504994000-7 EventStage:QUEST_COMPLETED Status:SUCCESS Source:go-worker:alice QuestType:slay Difficulty:1 WorkSec:0 Points:5 Weight:0 Player:alice Payload:map[]}
[0;37m14:35:01[0m [0;32m[WORKERS][0m 2025/08/15 14:35:01 ✅ [Go Worker Debug] alice parsed message: {CaseID:wave-slay-1755261282607645000-8 EventStage:QUEST_COMPLETED Status:SUCCESS Source:go-worker:alice QuestType:slay Difficulty:1 WorkSec:0 Points:5 Weight:0 Player:alice Payload:map[]}
[0;37m14:35:01[0m [0;32m[WORKERS][0m 2025/08/15 14:35:01 ✅ [Go Worker Debug] alice parsed message: {CaseID:wave-slay-1755261282709796000-9 EventStage:QUEST_COMPLETED Status:SUCCESS Source:go-worker:alice QuestType:slay Difficulty:1 WorkSec:0 Points:5 Weight:0 Player:alice Payload:map[]}
[0;37m14:35:24[0m [0;34m[API_SERVER][0m 2025/08/15 14:35:24 🔍 [DLQ Reissue] Starting reissue from queue game.dlq.unroutable.q, count 1
[0;37m14:35:24[0m [0;34m[API_SERVER][0m [GIN] 2025/08/15 - 14:35:24 | 200 |    5.869625ms |             ::1 | POST     "/api/dlq/reissue"
[0;37m14:36:02[0m [0;34m[API_SERVER][0m 2025/08/15 14:36:02 🔍 [DLQ Reissue] Starting reissue from queue game.dlq.unroutable.q, count 1
[0;37m14:36:02[0m [0;34m[API_SERVER][0m [GIN] 2025/08/15 - 14:36:02 | 200 |    2.917458ms |             ::1 | POST     "/api/dlq/reissue"
[0;37m14:36:04[0m [0;34m[API_SERVER][0m 2025/08/15 14:36:04 🔍 [DLQ Reissue] Starting reissue from queue game.dlq.unroutable.q, count 1
[0;37m14:36:04[0m [0;34m[API_SERVER][0m [GIN] 2025/08/15 - 14:36:04 | 200 |    3.045541ms |             ::1 | POST     "/api/dlq/reissue"
[0;37m14:36:09[0m [0;34m[API_SERVER][0m 2025/08/15 14:36:09 🔍 [DLQ Reissue] Starting reissue from queue game.dlq.failed.q, count 1
[0;37m14:36:09[0m [0;34m[API_SERVER][0m [GIN] 2025/08/15 - 14:36:09 | 200 |       3.033ms |             ::1 | POST     "/api/dlq/reissue"
[0;37m14:36:09[0m [0;32m[WORKERS][0m 2025/08/15 14:36:09 ✅ [Go Worker Debug] alice parsed message: {CaseID:wave-gather-1755261281265152000-4 EventStage: Status: Source:dlq_reissue QuestType:gather Difficulty:1 WorkSec:2 Points:5 Weight:0 Player: Payload:map[]}
[0;37m14:36:09[0m [0;34m[API_SERVER][0m [GIN] 2025/08/15 - 14:36:09 | 200 |      70.584µs |             ::1 | POST     "/api/go-workers/webhook/events"
[0;37m14:36:11[0m [0;34m[API_SERVER][0m [GIN] 2025/08/15 - 14:36:11 | 200 |     150.833µs |             ::1 | POST     "/api/go-workers/webhook/events"
[0;37m14:36:11[0m [0;32m[WORKERS][0m 2025/08/15 14:36:11 ✅ [Go Worker Debug] alice parsed message: {CaseID:wave-gather-1755261281265152000-4 EventStage:QUEST_COMPLETED Status:SUCCESS Source:go-worker:alice QuestType:gather Difficulty:1 WorkSec:0 Points:5 Weight:0 Player:alice Payload:map[]}
[0;37m14:37:36[0m [0;34m[API_SERVER][0m 2025/08/15 14:37:36 🔍 [DLQ Reissue] Starting reissue from queue game.dlq.unroutable.q, count 1
[0;37m14:37:36[0m [0;34m[API_SERVER][0m [GIN] 2025/08/15 - 14:37:36 | 200 |    3.088667ms |             ::1 | POST     "/api/dlq/reissue"
[0;37m14:37:48[0m [0;34m[API_SERVER][0m 2025/08/15 14:37:48 🔍 [DLQ Reissue] Starting reissue from queue game.dlq.unroutable.q, count 1
[0;37m14:37:48[0m [0;34m[API_SERVER][0m [GIN] 2025/08/15 - 14:37:48 | 200 |    2.040625ms |             ::1 | POST     "/api/dlq/reissue"
[0;37m14:37:52[0m [0;34m[API_SERVER][0m 2025/08/15 14:37:52 🔍 [DLQ Reissue] Starting reissue from queue game.dlq.unroutable.q, count 1
[0;37m14:37:52[0m [0;34m[API_SERVER][0m [GIN] 2025/08/15 - 14:37:52 | 200 |    2.674166ms |             ::1 | POST     "/api/dlq/reissue"
[0;37m14:38:11[0m [0;34m[API_SERVER][0m 2025/08/15 14:38:11 🛑 [API Server] Shutting down...
[0;37m14:38:11[0m [0;34m[API_SERVER][0m 2025/08/15 14:38:11 ✅ [API Server] Graceful shutdown completed
[0;37m14:38:13[0m [0;35m[SYSTEM][0m 2025/08/15 14:38:13 🛑 [Go Server] Shutting down...
[0;37m14:38:13[0m [0;32m[WORKERS][0m 2025/08/15 14:38:13 🛑 [Go Server] Stopping worker: alice
[0;37m14:38:13[0m [0;32m[WORKERS][0m 2025/08/15 14:38:13 🛑 [Go Worker] Stopping alice...
[0;37m14:38:13[0m [0;35m[SYSTEM][0m 2025/08/15 14:38:13 🛑 [Go Consumer] Context cancelled, stopping consumer for queue: game.skill.slay.q
[0;37m14:38:13[0m [0;35m[SYSTEM][0m 2025/08/15 14:38:13 🛑 [Go Consumer] Context cancelled, stopping consumer for queue: game.skill.gather.q
[0;37m14:38:13[0m [0;32m[WORKERS][0m 2025/08/15 14:38:13 ✅ [Go Worker] alice stopped
[0;37m14:38:13[0m [0;35m[SYSTEM][0m 2025/08/15 14:38:13 ✅ [Go Server] Shutdown complete

[1;33m🛑 Shutting down services...[0m
[0;34mStopping Go Workers (PID: 54158)...[0m
[0;34mStopping Go API Server (PID: 54124)...[0m
[0;32m✅ All services stopped[0m
