[0;35m================================================================================================[0m
[0;35m🚀 Starting Demo Event Bus - Complete Go Migration[0m
[0;35m================================================================================================[0m
[0;36m📊 Configuration:[0m
   🐰 RabbitMQ: localhost:5672 (Management: 15672) - External
   🏗️  Go API Server: localhost:9000
   ⚡ Go Workers: localhost:8001
[0;35m================================================================================================[0m
[1;33mℹ️  Note: RabbitMQ must be started manually before running this script[0m
[1;33m   Run: docker-compose up -d[0m
[0;35m================================================================================================[0m

[0;35m📋 Step 1: Building and Starting Go API Server[0m
[0;34m🔍 Checking RabbitMQ availability...[0m
[0;32m✅ RabbitMQ AMQP port 5672 is accessible[0m
[0;34m🔨 Building Go API Server...[0m
[0;32m✅ Go API Server built successfully[0m
[0;34m🚀 Starting Go API Server on port 9000...[0m
[0;32m✅ Go API Server started (PID: 80826), logging to api-server.log[0m
[0;34m🔄 Waiting for Go API Server on port 9000...[0m
[1;33m   Attempt 1/30...[0m
[0;32m✅ Go API Server is ready on port 9000[0m
[0;34m🧪 Testing Go API Server Health: http://localhost:9000/health[0m
[0;32m✅ Go API Server Health endpoint is responding[0m

[0;35m📋 Step 2: Building and Starting Go Workers[0m
[0;34m🔨 Building Go Workers...[0m
[0;32m✅ Go Workers built successfully[0m
[0;34m🚀 Starting Go Workers on port 8001...[0m
[0;32m✅ Go Workers started (PID: 80861), logging to workers.log[0m
[0;34m🔄 Waiting for Go Workers on port 8001...[0m
[1;33m   Attempt 1/30...[0m
[0;32m✅ Go Workers is ready on port 8001[0m
[0;34m🧪 Testing Go Workers Health: http://localhost:8001/health[0m
[0;32m✅ Go Workers Health endpoint is responding[0m

[0;35m📋 Step 3: Testing Complete System Integration[0m
[0;34m🧪 Testing Go API Server endpoints...[0m
[0;32m✅ RabbitMQ-direct metrics working[0m
[0;32m✅ Chaos engineering endpoints working[0m
[0;34m🧪 Testing native message publishing...[0m
[0;31m❌ Message publishing test failed[0m

[0;35m📋 Step 4: System Information[0m

[0;36m🌐 Service URLs:[0m
   🏠 Frontend:              http://localhost:9000/
   🔧 Go API Server:         http://localhost:9000/api/
   ⚡ Go Workers:            http://localhost:8001/
   🐰 RabbitMQ Management:   http://localhost:15672/ (guest/guest)

[0;36m🔗 Key Endpoints:[0m
   📊 RabbitMQ Metrics:      http://localhost:9000/api/rabbitmq/metrics
   👥 Player Creation:       POST http://localhost:9000/api/players/quickstart
   📨 Message Publishing:    POST http://localhost:9000/api/publish
   ⚡ Chaos Engineering:     POST http://localhost:9000/api/chaos/arm
   🎮 Scenarios:             POST http://localhost:9000/api/scenario/run
   💀 DLQ Management:        POST http://localhost:9000/api/dlq/setup

[0;36m📈 Educational Features:[0m
   🎯 RabbitMQ-Direct Architecture - Zero abstraction layers
   🔍 Management API Integration - Live broker introspection
   ⚡ Native Chaos Engineering - Direct RabbitMQ operations
   💀 Comprehensive DLQ System - Native dead letter handling
   🌐 WebSocket Broadcasting - Real-time UI updates
   🚀 Pure Go Implementation - No Python dependencies

[0;36m🎮 Quick Start Commands:[0m
   # Create Alice and Bob workers
   curl -X POST http://localhost:9000/api/players/quickstart -H 'Content-Type: application/json' -d '{"preset":"alice_bob"}'

   # Publish a quest
   curl -X POST http://localhost:9000/api/publish -H 'Content-Type: application/json' -d '{"routing_key":"game.quest.gather","payload":{"case_id":"quest-1","quest_type":"gather","points":5}}'

   # Run late-bind escort scenario
   curl -X POST http://localhost:9000/api/scenario/run -H 'Content-Type: application/json' -d '{"scenario":"late-bind-escort"}'

   # Trigger chaos (purge queue)
   curl -X POST http://localhost:9000/api/chaos/arm -H 'Content-Type: application/json' -d '{"action":"rmq_purge_queue","target_queue":"game.skill.gather.q"}'

[0;35m================================================================================================[0m
[0;32m🎉 Demo Event Bus - Complete Go Migration is running![0m
[0;35m================================================================================================[0m
[0;36m📊 Architecture: RabbitMQ (External) + Go API Server + Go Workers[0m
[0;36m🎯 Educational Focus: Direct RabbitMQ integration with minimal abstraction[0m
[0;36m🌐 Frontend: http://localhost:9000/[0m
[1;33mℹ️  RabbitMQ managed separately via: docker-compose up -d[0m
[0;35m================================================================================================[0m
[1;33mPress Ctrl+C to stop all services[0m

[0;34m🔄 Monitoring services... (Check status with: ./check_status.sh)[0m
[0;34m🔄 To restart individual services during development:[0m
[0;34m   ./restart_api.sh     - Restart API server[0m
[0;34m   ./restart_workers.sh - Restart workers[0m
[0;35m================================================================================================[0m
[0;36m📋 Live Logs (API Server + Workers):[0m
[0;37mTip: Use Ctrl+C to stop all services[0m
[0;35m================================================================================================[0m
[0;37m14:50:29[0m [0;34m[API_SERVER][0m 2025/08/15 14:50:29 [2025-08-15T14:50:29+02:00] localhost:9000 says: Publishing message with correlation_id=4faa1580-971b-4e42-8b86-2d8089d541c2 to routing_key=game.quest.gather
[0;37m14:50:29[0m [0;34m[API_SERVER][0m 2025/08/15 14:50:29 [2025-08-15T14:50:29+02:00] localhost:9000 says: Message payload: {"case_id":"startup-test","correlation_id":"4faa1580-971b-4e42-8b86-2d8089d541c2","points":5,"published_at":1755262229,"published_by":"api_endpoint","quest_type":"gather"}
[0;37m14:50:29[0m [0;34m[API_SERVER][0m 2025/08/15 14:50:29 [2025-08-15T14:50:29+02:00] localhost:9000 says: SUCCESS published message correlation_id=4faa1580-971b-4e42-8b86-2d8089d541c2
[0;37m14:50:29[0m [0;34m[API_SERVER][0m [GIN] 2025/08/15 - 14:50:29 | 200 |    1.095083ms |             ::1 | POST     "/api/publish"
[0;37m14:50:29[0m [0;35m[SYSTEM][0m 2025/08/15 14:50:27 🚀 [Go Server] Starting on port 8001
[0;37m14:50:32[0m [0;32m[WORKERS][0m 2025/08/15 14:50:32 🏃 [Go Worker] alice-worker-0 started on queue game.skill.gather.q
[0;37m14:50:32[0m [0;32m[WORKERS][0m 2025/08/15 14:50:32 ✅ [Go Worker Debug] alice parsed message: {CaseID:wave-gather-1755262225373393000-0 EventStage: Status: Source:quest_wave QuestType:gather Difficulty:1 WorkSec:2 Points:5 Weight:0 Player: Payload:map[]}
[0;37m14:50:32[0m [0;32m[WORKERS][0m 2025/08/15 14:50:32 🚀 [Go Worker] alice started with 1 workers, skills: [gather slay]
[0;37m14:50:32[0m [0;32m[WORKERS][0m 2025/08/15 14:50:32 ✅ [Server] Started worker: alice
[0;37m14:50:32[0m [0;34m[API_SERVER][0m [GIN] 2025/08/15 - 14:50:32 | 200 |       182.5µs |             ::1 | POST     "/api/go-workers/webhook/events"
[0;37m14:50:32[0m [0;32m[WORKERS][0m 2025/08/15 14:50:32 🏃 [Go Worker] alice-worker-0 started on queue game.skill.slay.q
[0;37m14:50:32[0m [0;34m[API_SERVER][0m [GIN] 2025/08/15 - 14:50:32 | 200 |      28.542µs |             ::1 | POST     "/api/go-workers/webhook/events"
[0;37m14:50:32[0m [0;32m[WORKERS][0m 2025/08/15 14:50:32 ✅ [Go Worker Debug] alice parsed message: {CaseID:wave-slay-1755262226301013000-0 EventStage: Status: Source:quest_wave QuestType:slay Difficulty:1 WorkSec:2 Points:5 Weight:0 Player: Payload:map[]}
[0;37m14:50:32[0m [0;34m[API_SERVER][0m [GIN] 2025/08/15 - 14:50:32 | 200 |      63.709µs |             ::1 | POST     "/api/go-workers/webhook/events"
[0;37m14:50:32[0m [0;32m[WORKERS][0m 2025/08/15 14:50:32 🏃 [Go Worker] bob-worker-0 started on queue game.skill.slay.q
[0;37m14:50:32[0m [0;32m[WORKERS][0m 2025/08/15 14:50:32 ✅ [Go Worker Debug] bob parsed message: {CaseID:wave-slay-1755262226403366000-1 EventStage: Status: Source:quest_wave QuestType:slay Difficulty:1 WorkSec:2 Points:5 Weight:0 Player: Payload:map[]}
[0;37m14:50:32[0m [0;34m[API_SERVER][0m [GIN] 2025/08/15 - 14:50:32 | 200 |      70.375µs |             ::1 | POST     "/api/go-workers/webhook/events"
[0;37m14:50:32[0m [0;32m[WORKERS][0m 2025/08/15 14:50:32 🚀 [Go Worker] bob started with 1 workers, skills: [slay escort]
[0;37m14:50:32[0m [0;32m[WORKERS][0m 2025/08/15 14:50:32 ✅ [Server] Started worker: bob
[0;37m14:50:32[0m [0;32m[WORKERS][0m 2025/08/15 14:50:32 🏃 [Go Worker] bob-worker-0 started on queue game.skill.escort.q
[0;37m14:50:32[0m [0;34m[API_SERVER][0m [GIN] 2025/08/15 - 14:50:32 | 200 |   26.315375ms |             ::1 | POST     "/api/players/quickstart"
[0;37m14:50:32[0m [0;34m[API_SERVER][0m [GIN] 2025/08/15 - 14:50:32 | 200 |      19.959µs |             ::1 | POST     "/api/go-workers/webhook/events"
[0;37m14:50:33[0m [0;32m[WORKERS][0m 2025/08/15 14:50:33 ✅ [Go Worker Debug] bob parsed message: {CaseID:wave-slay-1755262226505478000-2 EventStage: Status: Source:quest_wave QuestType:slay Difficulty:1 WorkSec:2 Points:5 Weight:0 Player: Payload:map[]}
[0;37m14:50:33[0m [0;34m[API_SERVER][0m [GIN] 2025/08/15 - 14:50:33 | 200 |     106.417µs |             ::1 | POST     "/api/go-workers/webhook/events"
[0;37m14:50:33[0m [0;34m[API_SERVER][0m [GIN] 2025/08/15 - 14:50:33 | 200 |      90.375µs |             ::1 | POST     "/api/go-workers/webhook/events"
[0;37m14:50:34[0m [0;32m[WORKERS][0m 2025/08/15 14:50:34 ✅ [Go Worker Debug] alice parsed message: {CaseID:wave-gather-1755262225476599000-1 EventStage: Status: Source:quest_wave QuestType:gather Difficulty:1 WorkSec:2 Points:5 Weight:0 Player: Payload:map[]}
[0;37m14:50:34[0m [0;32m[WORKERS][0m 2025/08/15 14:50:34 ✅ [Go Worker Debug] alice parsed message: {CaseID:wave-slay-1755262226608036000-3 EventStage: Status: Source:quest_wave QuestType:slay Difficulty:1 WorkSec:2 Points:5 Weight:0 Player: Payload:map[]}
[0;37m14:50:34[0m [0;34m[API_SERVER][0m [GIN] 2025/08/15 - 14:50:34 | 200 |      169.25µs |             ::1 | POST     "/api/go-workers/webhook/events"
[0;37m14:50:34[0m [0;34m[API_SERVER][0m [GIN] 2025/08/15 - 14:50:34 | 200 |         157µs |             ::1 | POST     "/api/go-workers/webhook/events"
[0;37m14:50:34[0m [0;34m[API_SERVER][0m [GIN] 2025/08/15 - 14:50:34 | 200 |      98.166µs |             ::1 | POST     "/api/go-workers/webhook/events"
[0;37m14:50:34[0m [0;34m[API_SERVER][0m [GIN] 2025/08/15 - 14:50:34 | 200 |     167.542µs |             ::1 | POST     "/api/go-workers/webhook/events"
[0;37m14:50:35[0m [0;34m[API_SERVER][0m [GIN] 2025/08/15 - 14:50:35 | 200 |     207.958µs |             ::1 | POST     "/api/go-workers/webhook/events"
[0;37m14:50:35[0m [0;32m[WORKERS][0m 2025/08/15 14:50:35 ✅ [Go Worker Debug] bob parsed message: {CaseID:wave-slay-1755262226642729000-0 EventStage: Status: Source:quest_wave QuestType:slay Difficulty:1 WorkSec:2 Points:5 Weight:0 Player: Payload:map[]}
[0;37m14:50:35[0m [0;34m[API_SERVER][0m [GIN] 2025/08/15 - 14:50:35 | 200 |     119.416µs |             ::1 | POST     "/api/go-workers/webhook/events"
[0;37m14:50:36[0m [0;34m[API_SERVER][0m [GIN] 2025/08/15 - 14:50:36 | 200 |     249.958µs |             ::1 | POST     "/api/go-workers/webhook/events"
[0;37m14:50:36[0m [0;34m[API_SERVER][0m [GIN] 2025/08/15 - 14:50:36 | 200 |     659.625µs |             ::1 | POST     "/api/go-workers/webhook/events"
[0;37m14:50:36[0m [0;32m[WORKERS][0m 2025/08/15 14:50:36 ✅ [Go Worker Debug] alice parsed message: {CaseID:wave-gather-1755262225579985000-2 EventStage: Status: Source:quest_wave QuestType:gather Difficulty:1 WorkSec:2 Points:5 Weight:0 Player: Payload:map[]}
[0;37m14:50:36[0m [0;32m[WORKERS][0m 2025/08/15 14:50:36 ✅ [Go Worker Debug] alice parsed message: {CaseID:wave-slay-1755262226710933000-4 EventStage: Status: Source:quest_wave QuestType:slay Difficulty:1 WorkSec:2 Points:5 Weight:0 Player: Payload:map[]}
[0;37m14:50:36[0m [0;34m[API_SERVER][0m [GIN] 2025/08/15 - 14:50:36 | 200 |     165.667µs |             ::1 | POST     "/api/go-workers/webhook/events"
[0;37m14:50:36[0m [0;34m[API_SERVER][0m [GIN] 2025/08/15 - 14:50:36 | 200 |     194.333µs |             ::1 | POST     "/api/go-workers/webhook/events"
[0;37m14:50:36[0m [0;34m[API_SERVER][0m [GIN] 2025/08/15 - 14:50:36 | 200 |      80.709µs |             ::1 | POST     "/api/go-workers/webhook/events"
[0;37m14:50:36[0m [0;32m[WORKERS][0m 2025/08/15 14:50:36 ✅ [Go Worker Debug] bob parsed message: {CaseID:wave-slay-1755262226744813000-1 EventStage: Status: Source:quest_wave QuestType:slay Difficulty:1 WorkSec:2 Points:5 Weight:0 Player: Payload:map[]}
[0;37m14:50:36[0m [0;34m[API_SERVER][0m [GIN] 2025/08/15 - 14:50:36 | 200 |      50.084µs |             ::1 | POST     "/api/go-workers/webhook/events"
[0;37m14:50:37[0m [0;32m[WORKERS][0m 2025/08/15 14:50:37 ✅ [Go Worker Debug] bob parsed message: {CaseID:wave-slay-1755262226814675000-5 EventStage: Status: Source:quest_wave QuestType:slay Difficulty:1 WorkSec:2 Points:5 Weight:0 Player: Payload:map[]}
[0;37m14:50:37[0m [0;34m[API_SERVER][0m [GIN] 2025/08/15 - 14:50:37 | 200 |     200.167µs |             ::1 | POST     "/api/go-workers/webhook/events"
[0;37m14:50:37[0m [0;34m[API_SERVER][0m [GIN] 2025/08/15 - 14:50:37 | 200 |     199.334µs |             ::1 | POST     "/api/go-workers/webhook/events"
[0;37m14:50:38[0m [0;34m[API_SERVER][0m [GIN] 2025/08/15 - 14:50:38 | 200 |      79.291µs |             ::1 | POST     "/api/go-workers/webhook/events"
[0;37m14:50:38[0m [0;34m[API_SERVER][0m [GIN] 2025/08/15 - 14:50:38 | 200 |      90.791µs |             ::1 | POST     "/api/go-workers/webhook/events"
[0;37m14:50:38[0m [0;32m[WORKERS][0m 2025/08/15 14:50:38 ✅ [Go Worker Debug] alice parsed message: {CaseID:wave-slay-1755262226847818000-2 EventStage: Status: Source:quest_wave QuestType:slay Difficulty:1 WorkSec:2 Points:5 Weight:0 Player: Payload:map[]}
[0;37m14:50:38[0m [0;32m[WORKERS][0m 2025/08/15 14:50:38 ✅ [Go Worker Debug] alice parsed message: {CaseID:wave-gather-1755262225683391000-3 EventStage: Status: Source:quest_wave QuestType:gather Difficulty:1 WorkSec:2 Points:5 Weight:0 Player: Payload:map[]}
[0;37m14:50:38[0m [0;34m[API_SERVER][0m [GIN] 2025/08/15 - 14:50:38 | 200 |      45.833µs |             ::1 | POST     "/api/go-workers/webhook/events"
[0;37m14:50:38[0m [0;34m[API_SERVER][0m [GIN] 2025/08/15 - 14:50:38 | 200 |      86.875µs |             ::1 | POST     "/api/go-workers/webhook/events"
[0;37m14:50:39[0m [0;34m[API_SERVER][0m [GIN] 2025/08/15 - 14:50:39 | 200 |         163µs |             ::1 | POST     "/api/go-workers/webhook/events"
[0;37m14:50:39[0m [0;32m[WORKERS][0m 2025/08/15 14:50:39 ✅ [Go Worker Debug] bob parsed message: {CaseID:wave-slay-1755262226917158000-6 EventStage: Status: Source:quest_wave QuestType:slay Difficulty:1 WorkSec:2 Points:5 Weight:0 Player: Payload:map[]}
[0;37m14:50:39[0m [0;34m[API_SERVER][0m [GIN] 2025/08/15 - 14:50:39 | 200 |      38.459µs |             ::1 | POST     "/api/go-workers/webhook/events"
[0;37m14:50:40[0m [0;34m[API_SERVER][0m [GIN] 2025/08/15 - 14:50:40 | 200 |     139.958µs |             ::1 | POST     "/api/go-workers/webhook/events"
[0;37m14:50:40[0m [0;34m[API_SERVER][0m [GIN] 2025/08/15 - 14:50:40 | 200 |     239.417µs |             ::1 | POST     "/api/go-workers/webhook/events"
[0;37m14:50:40[0m [0;32m[WORKERS][0m 2025/08/15 14:50:40 ✅ [Go Worker Debug] alice parsed message: {CaseID:wave-gather-1755262225719056000-0 EventStage: Status: Source:quest_wave QuestType:gather Difficulty:1 WorkSec:2 Points:5 Weight:0 Player: Payload:map[]}
[0;37m14:50:40[0m [0;32m[WORKERS][0m 2025/08/15 14:50:40 ✅ [Go Worker Debug] alice parsed message: {CaseID:wave-slay-1755262226959721000-3 EventStage: Status: Source:quest_wave QuestType:slay Difficulty:1 WorkSec:2 Points:5 Weight:0 Player: Payload:map[]}
[0;37m14:50:40[0m [0;34m[API_SERVER][0m [GIN] 2025/08/15 - 14:50:40 | 200 |      62.958µs |             ::1 | POST     "/api/go-workers/webhook/events"
[0;37m14:50:40[0m [0;34m[API_SERVER][0m [GIN] 2025/08/15 - 14:50:40 | 200 |      68.625µs |             ::1 | POST     "/api/go-workers/webhook/events"
[0;37m14:50:40[0m [0;34m[API_SERVER][0m [GIN] 2025/08/15 - 14:50:40 | 200 |      91.209µs |             ::1 | POST     "/api/go-workers/webhook/events"
[0;37m14:50:40[0m [0;32m[WORKERS][0m 2025/08/15 14:50:40 ✅ [Go Worker Debug] bob parsed message: {CaseID:wave-slay-1755262227018884000-7 EventStage: Status: Source:quest_wave QuestType:slay Difficulty:1 WorkSec:2 Points:5 Weight:0 Player: Payload:map[]}
[0;37m14:50:40[0m [0;34m[API_SERVER][0m [GIN] 2025/08/15 - 14:50:40 | 200 |      48.667µs |             ::1 | POST     "/api/go-workers/webhook/events"
[0;37m14:50:42[0m [0;34m[API_SERVER][0m [GIN] 2025/08/15 - 14:50:42 | 200 |      113.25µs |             ::1 | POST     "/api/go-workers/webhook/events"
[0;37m14:50:42[0m [0;32m[WORKERS][0m 2025/08/15 14:50:42 ✅ [Go Worker Debug] bob parsed message: {CaseID:wave-slay-1755262227061588000-4 EventStage: Status: Source:quest_wave QuestType:slay Difficulty:1 WorkSec:2 Points:5 Weight:0 Player: Payload:map[]}
[0;37m14:50:42[0m [0;34m[API_SERVER][0m [GIN] 2025/08/15 - 14:50:42 | 200 |      66.167µs |             ::1 | POST     "/api/go-workers/webhook/events"
[0;37m14:50:42[0m [0;34m[API_SERVER][0m [GIN] 2025/08/15 - 14:50:42 | 200 |     143.542µs |             ::1 | POST     "/api/go-workers/webhook/events"
[0;37m14:50:42[0m [0;34m[API_SERVER][0m [GIN] 2025/08/15 - 14:50:42 | 200 |     137.584µs |             ::1 | POST     "/api/go-workers/webhook/events"
[0;37m14:50:42[0m [0;32m[WORKERS][0m 2025/08/15 14:50:42 ✅ [Go Worker Debug] alice parsed message: {CaseID:wave-slay-1755262227120910000-8 EventStage: Status: Source:quest_wave QuestType:slay Difficulty:1 WorkSec:2 Points:5 Weight:0 Player: Payload:map[]}
[0;37m14:50:42[0m [0;32m[WORKERS][0m 2025/08/15 14:50:42 ✅ [Go Worker Debug] alice parsed message: {CaseID:wave-gather-1755262225785550000-4 EventStage: Status: Source:quest_wave QuestType:gather Difficulty:1 WorkSec:2 Points:5 Weight:0 Player: Payload:map[]}
[0;37m14:50:42[0m [0;34m[API_SERVER][0m [GIN] 2025/08/15 - 14:50:42 | 200 |      60.625µs |             ::1 | POST     "/api/go-workers/webhook/events"
[0;37m14:50:42[0m [0;34m[API_SERVER][0m [GIN] 2025/08/15 - 14:50:42 | 200 |      85.875µs |             ::1 | POST     "/api/go-workers/webhook/events"
[0;37m14:50:43[0m [0;34m[API_SERVER][0m [GIN] 2025/08/15 - 14:50:43 | 200 |     143.833µs |             ::1 | POST     "/api/go-workers/webhook/events"
[0;37m14:50:43[0m [0;32m[WORKERS][0m 2025/08/15 14:50:43 ✅ [Go Worker Debug] bob parsed message: {CaseID:wave-slay-1755262227163480000-5 EventStage: Status: Source:quest_wave QuestType:slay Difficulty:1 WorkSec:2 Points:5 Weight:0 Player: Payload:map[]}
[0;37m14:50:43[0m [0;34m[API_SERVER][0m [GIN] 2025/08/15 - 14:50:43 | 200 |      75.541µs |             ::1 | POST     "/api/go-workers/webhook/events"
[0;37m14:50:44[0m [0;34m[API_SERVER][0m [GIN] 2025/08/15 - 14:50:44 | 200 |      107.75µs |             ::1 | POST     "/api/go-workers/webhook/events"
[0;37m14:50:44[0m [0;34m[API_SERVER][0m [GIN] 2025/08/15 - 14:50:44 | 200 |     139.542µs |             ::1 | POST     "/api/go-workers/webhook/events"
[0;37m14:50:44[0m [0;32m[WORKERS][0m 2025/08/15 14:50:44 ✅ [Go Worker Debug] alice parsed message: {CaseID:wave-gather-1755262225821668000-1 EventStage: Status: Source:quest_wave QuestType:gather Difficulty:1 WorkSec:2 Points:5 Weight:0 Player: Payload:map[]}
[0;37m14:50:44[0m [0;32m[WORKERS][0m 2025/08/15 14:50:44 ✅ [Go Worker Debug] alice parsed message: {CaseID:wave-slay-1755262227222770000-9 EventStage: Status: Source:quest_wave QuestType:slay Difficulty:1 WorkSec:2 Points:5 Weight:0 Player: Payload:map[]}
[0;37m14:50:44[0m [0;34m[API_SERVER][0m [GIN] 2025/08/15 - 14:50:44 | 200 |      37.708µs |             ::1 | POST     "/api/go-workers/webhook/events"
[0;37m14:50:44[0m [0;34m[API_SERVER][0m [GIN] 2025/08/15 - 14:50:44 | 200 |      88.042µs |             ::1 | POST     "/api/go-workers/webhook/events"
[0;37m14:50:44[0m [0;32m[WORKERS][0m 2025/08/15 14:50:44 ✅ [Go Worker Debug] bob parsed message: {CaseID:wave-slay-1755262227265222000-6 EventStage: Status: Source:quest_wave QuestType:slay Difficulty:1 WorkSec:2 Points:5 Weight:0 Player: Payload:map[]}
[0;37m14:50:44[0m [0;34m[API_SERVER][0m [GIN] 2025/08/15 - 14:50:44 | 200 |     155.708µs |             ::1 | POST     "/api/go-workers/webhook/events"
[0;37m14:50:44[0m [0;34m[API_SERVER][0m [GIN] 2025/08/15 - 14:50:44 | 200 |      93.959µs |             ::1 | POST     "/api/go-workers/webhook/events"
[0;37m14:50:46[0m [0;34m[API_SERVER][0m [GIN] 2025/08/15 - 14:50:46 | 200 |     195.708µs |             ::1 | POST     "/api/go-workers/webhook/events"
[0;37m14:50:46[0m [0;34m[API_SERVER][0m [GIN] 2025/08/15 - 14:50:46 | 200 |     251.042µs |             ::1 | POST     "/api/go-workers/webhook/events"
[0;37m14:50:46[0m [0;32m[WORKERS][0m 2025/08/15 14:50:46 ✅ [Go Worker Debug] alice parsed message: {CaseID:wave-gather-1755262225889595000-5 EventStage: Status: Source:quest_wave QuestType:gather Difficulty:1 WorkSec:2 Points:5 Weight:0 Player: Payload:map[]}
[0;37m14:50:46[0m [0;32m[WORKERS][0m 2025/08/15 14:50:46 ✅ [Go Worker Debug] alice parsed message: {CaseID:wave-slay-1755262227366855000-7 EventStage: Status: Source:quest_wave QuestType:slay Difficulty:1 WorkSec:2 Points:5 Weight:0 Player: Payload:map[]}
[0;37m14:50:46[0m [0;34m[API_SERVER][0m [GIN] 2025/08/15 - 14:50:46 | 200 |     125.875µs |             ::1 | POST     "/api/go-workers/webhook/events"
[0;37m14:50:46[0m [0;34m[API_SERVER][0m [GIN] 2025/08/15 - 14:50:46 | 200 |     181.083µs |             ::1 | POST     "/api/go-workers/webhook/events"
[0;37m14:50:46[0m [0;34m[API_SERVER][0m [GIN] 2025/08/15 - 14:50:46 | 200 |     119.666µs |             ::1 | POST     "/api/go-workers/webhook/events"
[0;37m14:50:46[0m [0;32m[WORKERS][0m 2025/08/15 14:50:46 ✅ [Go Worker Debug] bob parsed message: {CaseID:wave-slay-1755262227469405000-8 EventStage: Status: Source:quest_wave QuestType:slay Difficulty:1 WorkSec:2 Points:5 Weight:0 Player: Payload:map[]}
[0;37m14:50:46[0m [0;34m[API_SERVER][0m [GIN] 2025/08/15 - 14:50:46 | 200 |      51.166µs |             ::1 | POST     "/api/go-workers/webhook/events"
[0;37m14:50:47[0m [0;34m[API_SERVER][0m [GIN] 2025/08/15 - 14:50:47 | 200 |     208.541µs |             ::1 | POST     "/api/go-workers/webhook/events"
[0;37m14:50:47[0m [0;32m[WORKERS][0m 2025/08/15 14:50:47 ✅ [Go Worker Debug] bob parsed message: {CaseID:wave-slay-1755262227571769000-9 EventStage: Status: Source:quest_wave QuestType:slay Difficulty:1 WorkSec:2 Points:5 Weight:0 Player: Payload:map[]}
[0;37m14:50:47[0m [0;34m[API_SERVER][0m [GIN] 2025/08/15 - 14:50:47 | 200 |     112.709µs |             ::1 | POST     "/api/go-workers/webhook/events"
[0;37m14:50:48[0m [0;34m[API_SERVER][0m [GIN] 2025/08/15 - 14:50:48 | 200 |         205µs |             ::1 | POST     "/api/go-workers/webhook/events"
[0;37m14:50:48[0m [0;34m[API_SERVER][0m [GIN] 2025/08/15 - 14:50:48 | 200 |      271.75µs |             ::1 | POST     "/api/go-workers/webhook/events"
[0;37m14:50:48[0m [0;32m[WORKERS][0m 2025/08/15 14:50:48 ✅ [Go Worker Debug] alice parsed message: {CaseID:wave-gather-1755262225924085000-2 EventStage: Status: Source:quest_wave QuestType:gather Difficulty:1 WorkSec:2 Points:5 Weight:0 Player: Payload:map[]}
[0;37m14:50:48[0m [0;32m[WORKERS][0m 2025/08/15 14:50:48 ✅ [Go Worker Debug] alice parsed message: {CaseID:wave-slay-1755262226403366000-1 EventStage:QUEST_COMPLETED Status:SUCCESS Source:go-worker:bob QuestType:slay Difficulty:1 WorkSec:0 Points:5 Weight:0 Player:bob Payload:map[]}
[0;37m14:50:48[0m [0;32m[WORKERS][0m 2025/08/15 14:50:48 ✅ [Go Worker Debug] alice parsed message: {CaseID:wave-slay-1755262226301013000-0 EventStage:QUEST_COMPLETED Status:SUCCESS Source:go-worker:alice QuestType:slay Difficulty:1 WorkSec:0 Points:5 Weight:0 Player:alice Payload:map[]}
[0;37m14:50:48[0m [0;34m[API_SERVER][0m [GIN] 2025/08/15 - 14:50:48 | 200 |      81.625µs |             ::1 | POST     "/api/go-workers/webhook/events"
[0;37m14:50:48[0m [0;32m[WORKERS][0m 2025/08/15 14:50:48 ✅ [Go Worker Debug] alice parsed message: {CaseID:wave-slay-1755262226505478000-2 EventStage:QUEST_COMPLETED Status:SUCCESS Source:go-worker:bob QuestType:slay Difficulty:1 WorkSec:0 Points:5 Weight:0 Player:bob Payload:map[]}
[0;37m14:50:48[0m [0;32m[WORKERS][0m 2025/08/15 14:50:48 ✅ [Go Worker Debug] alice parsed message: {CaseID:wave-slay-1755262226608036000-3 EventStage:QUEST_COMPLETED Status:SUCCESS Source:go-worker:alice QuestType:slay Difficulty:1 WorkSec:0 Points:5 Weight:0 Player:alice Payload:map[]}
[0;37m14:50:48[0m [0;32m[WORKERS][0m 2025/08/15 14:50:48 ✅ [Go Worker Debug] alice parsed message: {CaseID:wave-slay-1755262226744813000-1 EventStage:QUEST_COMPLETED Status:SUCCESS Source:go-worker:bob QuestType:slay Difficulty:1 WorkSec:0 Points:5 Weight:0 Player:bob Payload:map[]}
[0;37m14:50:48[0m [0;32m[WORKERS][0m 2025/08/15 14:50:48 ✅ [Go Worker Debug] alice parsed message: {CaseID:wave-slay-1755262226710933000-4 EventStage:QUEST_COMPLETED Status:SUCCESS Source:go-worker:alice QuestType:slay Difficulty:1 WorkSec:0 Points:5 Weight:0 Player:alice Payload:map[]}
[0;37m14:50:48[0m [0;32m[WORKERS][0m 2025/08/15 14:50:48 ✅ [Go Worker Debug] alice parsed message: {CaseID:wave-slay-1755262226814675000-5 EventStage:QUEST_COMPLETED Status:SUCCESS Source:go-worker:bob QuestType:slay Difficulty:1 WorkSec:0 Points:5 Weight:0 Player:bob Payload:map[]}
[0;37m14:50:48[0m [0;32m[WORKERS][0m 2025/08/15 14:50:48 ✅ [Go Worker Debug] alice parsed message: {CaseID:wave-slay-1755262226847818000-2 EventStage:QUEST_COMPLETED Status:SUCCESS Source:go-worker:alice QuestType:slay Difficulty:1 WorkSec:0 Points:5 Weight:0 Player:alice Payload:map[]}
[0;37m14:50:48[0m [0;32m[WORKERS][0m 2025/08/15 14:50:48 ✅ [Go Worker Debug] alice parsed message: {CaseID:wave-slay-1755262226917158000-6 EventStage:QUEST_COMPLETED Status:SUCCESS Source:go-worker:bob QuestType:slay Difficulty:1 WorkSec:0 Points:5 Weight:0 Player:bob Payload:map[]}
[0;37m14:50:48[0m [0;32m[WORKERS][0m 2025/08/15 14:50:48 ✅ [Go Worker Debug] alice parsed message: {CaseID:wave-slay-1755262227018884000-7 EventStage:QUEST_COMPLETED Status:SUCCESS Source:go-worker:bob QuestType:slay Difficulty:1 WorkSec:0 Points:5 Weight:0 Player:bob Payload:map[]}
[0;37m14:50:48[0m [0;32m[WORKERS][0m 2025/08/15 14:50:48 ✅ [Go Worker Debug] alice parsed message: {CaseID:wave-slay-1755262226959721000-3 EventStage:QUEST_COMPLETED Status:SUCCESS Source:go-worker:alice QuestType:slay Difficulty:1 WorkSec:0 Points:5 Weight:0 Player:alice Payload:map[]}
[0;37m14:50:48[0m [0;32m[WORKERS][0m 2025/08/15 14:50:48 ✅ [Go Worker Debug] alice parsed message: {CaseID:wave-slay-1755262227061588000-4 EventStage:QUEST_COMPLETED Status:SUCCESS Source:go-worker:bob QuestType:slay Difficulty:1 WorkSec:0 Points:5 Weight:0 Player:bob Payload:map[]}
[0;37m14:50:48[0m [0;32m[WORKERS][0m 2025/08/15 14:50:48 ✅ [Go Worker Debug] alice parsed message: {CaseID:wave-slay-1755262227163480000-5 EventStage:QUEST_COMPLETED Status:SUCCESS Source:go-worker:bob QuestType:slay Difficulty:1 WorkSec:0 Points:5 Weight:0 Player:bob Payload:map[]}
[0;37m14:50:48[0m [0;32m[WORKERS][0m 2025/08/15 14:50:48 ✅ [Go Worker Debug] alice parsed message: {CaseID:wave-slay-1755262227222770000-9 EventStage:QUEST_COMPLETED Status:SUCCESS Source:go-worker:alice QuestType:slay Difficulty:1 WorkSec:0 Points:5 Weight:0 Player:alice Payload:map[]}
[0;37m14:50:48[0m [0;32m[WORKERS][0m 2025/08/15 14:50:48 ✅ [Go Worker Debug] alice parsed message: {CaseID:wave-slay-1755262227265222000-6 EventStage:QUEST_COMPLETED Status:SUCCESS Source:go-worker:bob QuestType:slay Difficulty:1 WorkSec:0 Points:5 Weight:0 Player:bob Payload:map[]}
[0;37m14:50:48[0m [0;32m[WORKERS][0m 2025/08/15 14:50:48 ✅ [Go Worker Debug] alice parsed message: {CaseID:wave-slay-1755262227366855000-7 EventStage:QUEST_COMPLETED Status:SUCCESS Source:go-worker:alice QuestType:slay Difficulty:1 WorkSec:0 Points:5 Weight:0 Player:alice Payload:map[]}
[0;37m14:50:49[0m [0;34m[API_SERVER][0m [GIN] 2025/08/15 - 14:50:49 | 200 |     243.458µs |             ::1 | POST     "/api/go-workers/webhook/events"
[0;37m14:50:49[0m [0;32m[WORKERS][0m 2025/08/15 14:50:49 ✅ [Go Worker Debug] alice parsed message: {CaseID:wave-slay-1755262227571769000-9 EventStage:QUEST_COMPLETED Status:SUCCESS Source:go-worker:bob QuestType:slay Difficulty:1 WorkSec:0 Points:5 Weight:0 Player:bob Payload:map[]}
[0;37m14:50:50[0m [0;34m[API_SERVER][0m [GIN] 2025/08/15 - 14:50:50 | 200 |      75.375µs |             ::1 | POST     "/api/go-workers/webhook/events"
[0;37m14:50:50[0m [0;32m[WORKERS][0m 2025/08/15 14:50:50 ✅ [Go Worker Debug] alice parsed message: {CaseID:wave-gather-1755262225992074000-6 EventStage: Status: Source:quest_wave QuestType:gather Difficulty:1 WorkSec:2 Points:5 Weight:0 Player: Payload:map[]}
[0;37m14:50:50[0m [0;34m[API_SERVER][0m [GIN] 2025/08/15 - 14:50:50 | 200 |      71.917µs |             ::1 | POST     "/api/go-workers/webhook/events"
[0;37m14:50:52[0m [0;34m[API_SERVER][0m [GIN] 2025/08/15 - 14:50:52 | 200 |     191.667µs |             ::1 | POST     "/api/go-workers/webhook/events"
[0;37m14:50:52[0m [0;32m[WORKERS][0m 2025/08/15 14:50:52 ✅ [Go Worker Debug] alice parsed message: {CaseID:wave-gather-1755262226026621000-3 EventStage: Status: Source:quest_wave QuestType:gather Difficulty:1 WorkSec:2 Points:5 Weight:0 Player: Payload:map[]}
[0;37m14:50:52[0m [0;34m[API_SERVER][0m [GIN] 2025/08/15 - 14:50:52 | 200 |      85.958µs |             ::1 | POST     "/api/go-workers/webhook/events"
[0;37m14:50:54[0m [0;34m[API_SERVER][0m [GIN] 2025/08/15 - 14:50:54 | 200 |      156.75µs |             ::1 | POST     "/api/go-workers/webhook/events"
[0;37m14:50:54[0m [0;32m[WORKERS][0m 2025/08/15 14:50:54 ✅ [Go Worker Debug] alice parsed message: {CaseID:wave-gather-1755262226094830000-7 EventStage: Status: Source:quest_wave QuestType:gather Difficulty:1 WorkSec:2 Points:5 Weight:0 Player: Payload:map[]}
[0;37m14:50:54[0m [0;34m[API_SERVER][0m [GIN] 2025/08/15 - 14:50:54 | 200 |      98.167µs |             ::1 | POST     "/api/go-workers/webhook/events"
[0;37m14:50:56[0m [0;34m[API_SERVER][0m [GIN] 2025/08/15 - 14:50:56 | 200 |      66.083µs |             ::1 | POST     "/api/go-workers/webhook/events"
[0;37m14:50:56[0m [0;32m[WORKERS][0m 2025/08/15 14:50:56 ✅ [Go Worker Debug] alice parsed message: {CaseID:wave-gather-1755262226129259000-4 EventStage: Status: Source:quest_wave QuestType:gather Difficulty:1 WorkSec:2 Points:5 Weight:0 Player: Payload:map[]}
[0;37m14:50:56[0m [0;34m[API_SERVER][0m [GIN] 2025/08/15 - 14:50:56 | 200 |      41.209µs |             ::1 | POST     "/api/go-workers/webhook/events"
[0;37m14:50:57[0m [0;34m[API_SERVER][0m 2025/08/15 14:50:57 🔍 [DLQ Reissue] Starting reissue from queue game.dlq.failed.q, count 1
[0;37m14:50:57[0m [0;34m[API_SERVER][0m [GIN] 2025/08/15 - 14:50:57 | 200 |    2.746167ms |             ::1 | POST     "/api/dlq/reissue"
[0;37m14:50:57[0m [0;34m[API_SERVER][0m 2025/08/15 14:50:57 🔍 [DLQ Reissue] Starting reissue from queue game.dlq.unroutable.q, count 1
[0;37m14:50:57[0m [0;34m[API_SERVER][0m [GIN] 2025/08/15 - 14:50:57 | 200 |      3.2325ms |             ::1 | POST     "/api/dlq/reissue"
[0;37m14:50:58[0m [0;34m[API_SERVER][0m [GIN] 2025/08/15 - 14:50:58 | 200 |      79.167µs |             ::1 | POST     "/api/go-workers/webhook/events"
[0;37m14:50:58[0m [0;32m[WORKERS][0m 2025/08/15 14:50:58 ✅ [Go Worker Debug] alice parsed message: {CaseID:wave-gather-1755262226197177000-8 EventStage: Status: Source:quest_wave QuestType:gather Difficulty:1 WorkSec:2 Points:5 Weight:0 Player: Payload:map[]}
[0;37m14:50:58[0m [0;34m[API_SERVER][0m [GIN] 2025/08/15 - 14:50:58 | 200 |      31.084µs |             ::1 | POST     "/api/go-workers/webhook/events"
[0;37m14:51:00[0m [0;34m[API_SERVER][0m [GIN] 2025/08/15 - 14:51:00 | 200 |     152.208µs |             ::1 | POST     "/api/go-workers/webhook/events"
[0;37m14:51:00[0m [0;32m[WORKERS][0m 2025/08/15 14:51:00 ✅ [Go Worker Debug] alice parsed message: {CaseID:wave-gather-1755262226231278000-5 EventStage: Status: Source:quest_wave QuestType:gather Difficulty:1 WorkSec:2 Points:5 Weight:0 Player: Payload:map[]}
[0;37m14:51:00[0m [0;34m[API_SERVER][0m [GIN] 2025/08/15 - 14:51:00 | 200 |       78.75µs |             ::1 | POST     "/api/go-workers/webhook/events"
[0;37m14:51:02[0m [0;34m[API_SERVER][0m [GIN] 2025/08/15 - 14:51:02 | 200 |      66.875µs |             ::1 | POST     "/api/go-workers/webhook/events"
[0;37m14:51:02[0m [0;32m[WORKERS][0m 2025/08/15 14:51:02 ✅ [Go Worker Debug] alice parsed message: {CaseID:wave-gather-1755262226299564000-9 EventStage: Status: Source:quest_wave QuestType:gather Difficulty:1 WorkSec:2 Points:5 Weight:0 Player: Payload:map[]}
[0;37m14:51:02[0m [0;34m[API_SERVER][0m [GIN] 2025/08/15 - 14:51:02 | 200 |      59.792µs |             ::1 | POST     "/api/go-workers/webhook/events"
[0;37m14:51:04[0m [0;34m[API_SERVER][0m [GIN] 2025/08/15 - 14:51:04 | 200 |      87.542µs |             ::1 | POST     "/api/go-workers/webhook/events"
[0;37m14:51:04[0m [0;32m[WORKERS][0m 2025/08/15 14:51:04 ✅ [Go Worker Debug] alice parsed message: {CaseID:wave-gather-1755262226333859000-6 EventStage: Status: Source:quest_wave QuestType:gather Difficulty:1 WorkSec:2 Points:5 Weight:0 Player: Payload:map[]}
[0;37m14:51:04[0m [0;34m[API_SERVER][0m [GIN] 2025/08/15 - 14:51:04 | 200 |        52.5µs |             ::1 | POST     "/api/go-workers/webhook/events"
[0;37m14:51:06[0m [0;34m[API_SERVER][0m [GIN] 2025/08/15 - 14:51:06 | 200 |     141.875µs |             ::1 | POST     "/api/go-workers/webhook/events"
[0;37m14:51:06[0m [0;32m[WORKERS][0m 2025/08/15 14:51:06 ✅ [Go Worker Debug] alice parsed message: {CaseID:wave-gather-1755262226436240000-7 EventStage: Status: Source:quest_wave QuestType:gather Difficulty:1 WorkSec:2 Points:5 Weight:0 Player: Payload:map[]}
[0;37m14:51:06[0m [0;34m[API_SERVER][0m [GIN] 2025/08/15 - 14:51:06 | 200 |      87.292µs |             ::1 | POST     "/api/go-workers/webhook/events"
[0;37m14:51:08[0m [0;34m[API_SERVER][0m [GIN] 2025/08/15 - 14:51:08 | 200 |     120.542µs |             ::1 | POST     "/api/go-workers/webhook/events"
[0;37m14:51:08[0m [0;32m[WORKERS][0m 2025/08/15 14:51:08 ✅ [Go Worker Debug] alice parsed message: {CaseID:wave-gather-1755262226538284000-8 EventStage: Status: Source:quest_wave QuestType:gather Difficulty:1 WorkSec:2 Points:5 Weight:0 Player: Payload:map[]}
[0;37m14:51:08[0m [0;34m[API_SERVER][0m [GIN] 2025/08/15 - 14:51:08 | 200 |      78.875µs |             ::1 | POST     "/api/go-workers/webhook/events"
[0;37m14:51:10[0m [0;34m[API_SERVER][0m [GIN] 2025/08/15 - 14:51:10 | 200 |      84.083µs |             ::1 | POST     "/api/go-workers/webhook/events"
[0;37m14:51:10[0m [0;32m[WORKERS][0m 2025/08/15 14:51:10 ✅ [Go Worker Debug] alice parsed message: {CaseID:wave-gather-1755262226641071000-9 EventStage: Status: Source:quest_wave QuestType:gather Difficulty:1 WorkSec:2 Points:5 Weight:0 Player: Payload:map[]}
[0;37m14:51:10[0m [0;34m[API_SERVER][0m [GIN] 2025/08/15 - 14:51:10 | 200 |      31.417µs |             ::1 | POST     "/api/go-workers/webhook/events"
[0;37m14:51:12[0m [0;34m[API_SERVER][0m [GIN] 2025/08/15 - 14:51:12 | 200 |          69µs |             ::1 | POST     "/api/go-workers/webhook/events"
[0;37m14:51:12[0m [0;34m[API_SERVER][0m 2025/08/15 14:51:12 📬 [Go Worker Debug] alice received raw message: {"id":"q-1755262229-132697000","payload":{"case_id":"startup-test","correlation_id":"4faa1580-971b-4e42-8b86-2d8089d541c2","points":5,"published_at":1755262229,"published_by":"api_endpoint","quest_type":"gather"},"points":5,"timestamp":1755262229,"type":"game.quest.gather"}
[0;37m14:51:12[0m [0;32m[WORKERS][0m 2025/08/15 14:51:12 ✅ [Go Worker Debug] alice parsed message: {CaseID:startup-test EventStage: Status: Source: QuestType:gather Difficulty:0 WorkSec:0 Points:5 Weight:0 Player: Payload:map[]}
[0;37m14:51:12[0m [0;32m[WORKERS][0m 2025/08/15 14:51:12 ✅ [Go Worker Debug] alice parsed message: {CaseID:wave-gather-1755262225373393000-0 EventStage:QUEST_COMPLETED Status:SUCCESS Source:go-worker:alice QuestType:gather Difficulty:1 WorkSec:0 Points:5 Weight:0 Player:alice Payload:map[]}
[0;37m14:51:12[0m [0;34m[API_SERVER][0m [GIN] 2025/08/15 - 14:51:12 | 200 |      44.625µs |             ::1 | POST     "/api/go-workers/webhook/events"
[0;37m14:51:12[0m [0;34m[API_SERVER][0m [GIN] 2025/08/15 - 14:51:12 | 200 |       59.75µs |             ::1 | POST     "/api/go-workers/webhook/events"
[0;37m14:51:12[0m [0;32m[WORKERS][0m 2025/08/15 14:51:12 ✅ [Go Worker Debug] alice parsed message: {CaseID:wave-gather-1755262225476599000-1 EventStage:QUEST_COMPLETED Status:SUCCESS Source:go-worker:alice QuestType:gather Difficulty:1 WorkSec:0 Points:5 Weight:0 Player:alice Payload:map[]}
[0;37m14:51:12[0m [0;32m[WORKERS][0m 2025/08/15 14:51:12 ✅ [Go Worker Debug] alice parsed message: {CaseID:wave-gather-1755262225579985000-2 EventStage:QUEST_COMPLETED Status:SUCCESS Source:go-worker:alice QuestType:gather Difficulty:1 WorkSec:0 Points:5 Weight:0 Player:alice Payload:map[]}
[0;37m14:51:12[0m [0;32m[WORKERS][0m 2025/08/15 14:51:12 ✅ [Go Worker Debug] alice parsed message: {CaseID:wave-gather-1755262225683391000-3 EventStage:QUEST_COMPLETED Status:SUCCESS Source:go-worker:alice QuestType:gather Difficulty:1 WorkSec:0 Points:5 Weight:0 Player:alice Payload:map[]}
[0;37m14:51:12[0m [0;32m[WORKERS][0m 2025/08/15 14:51:12 ✅ [Go Worker Debug] alice parsed message: {CaseID:wave-gather-1755262225719056000-0 EventStage:QUEST_COMPLETED Status:SUCCESS Source:go-worker:alice QuestType:gather Difficulty:1 WorkSec:0 Points:5 Weight:0 Player:alice Payload:map[]}
[0;37m14:51:12[0m [0;32m[WORKERS][0m 2025/08/15 14:51:12 ✅ [Go Worker Debug] alice parsed message: {CaseID:wave-gather-1755262225821668000-1 EventStage:QUEST_COMPLETED Status:SUCCESS Source:go-worker:alice QuestType:gather Difficulty:1 WorkSec:0 Points:5 Weight:0 Player:alice Payload:map[]}
[0;37m14:51:12[0m [0;32m[WORKERS][0m 2025/08/15 14:51:12 ✅ [Go Worker Debug] alice parsed message: {CaseID:wave-gather-1755262225889595000-5 EventStage:QUEST_COMPLETED Status:SUCCESS Source:go-worker:alice QuestType:gather Difficulty:1 WorkSec:0 Points:5 Weight:0 Player:alice Payload:map[]}
[0;37m14:51:12[0m [0;32m[WORKERS][0m 2025/08/15 14:51:12 ✅ [Go Worker Debug] alice parsed message: {CaseID:wave-gather-1755262225924085000-2 EventStage:QUEST_COMPLETED Status:SUCCESS Source:go-worker:alice QuestType:gather Difficulty:1 WorkSec:0 Points:5 Weight:0 Player:alice Payload:map[]}
[0;37m14:51:12[0m [0;32m[WORKERS][0m 2025/08/15 14:51:12 ✅ [Go Worker Debug] alice parsed message: {CaseID:wave-gather-1755262225992074000-6 EventStage:QUEST_COMPLETED Status:SUCCESS Source:go-worker:alice QuestType:gather Difficulty:1 WorkSec:0 Points:5 Weight:0 Player:alice Payload:map[]}
[0;37m14:51:12[0m [0;32m[WORKERS][0m 2025/08/15 14:51:12 ✅ [Go Worker Debug] alice parsed message: {CaseID:wave-gather-1755262226026621000-3 EventStage:QUEST_COMPLETED Status:SUCCESS Source:go-worker:alice QuestType:gather Difficulty:1 WorkSec:0 Points:5 Weight:0 Player:alice Payload:map[]}
[0;37m14:51:12[0m [0;32m[WORKERS][0m 2025/08/15 14:51:12 ✅ [Go Worker Debug] alice parsed message: {CaseID:wave-gather-1755262226094830000-7 EventStage:QUEST_COMPLETED Status:SUCCESS Source:go-worker:alice QuestType:gather Difficulty:1 WorkSec:0 Points:5 Weight:0 Player:alice Payload:map[]}
[0;37m14:51:12[0m [0;32m[WORKERS][0m 2025/08/15 14:51:12 ✅ [Go Worker Debug] alice parsed message: {CaseID:single-gather-1755262211257742000 EventStage: Status: Source:dlq_reissue QuestType:gather Difficulty:1 WorkSec:2 Points:5 Weight:0 Player: Payload:map[]}
[0;37m14:51:12[0m [0;34m[API_SERVER][0m [GIN] 2025/08/15 - 14:51:12 | 200 |      70.625µs |             ::1 | POST     "/api/go-workers/webhook/events"
[0;37m14:51:13[0m [0;35m[SYSTEM][0m 2025/08/15 14:51:13 🔄 [ResetGame] Starting comprehensive reset...
[0;37m14:51:13[0m [0;32m[WORKERS][0m 2025/08/15 14:51:13 🛑 [ResetGame] Stopping worker: alice
[0;37m14:51:13[0m [0;32m[WORKERS][0m 2025/08/15 14:51:13 🛑 [Go Worker] Stopping alice...
[0;37m14:51:13[0m [0;35m[SYSTEM][0m 2025/08/15 14:51:13 🛑 [Go Consumer] Context cancelled, stopping consumer for queue: game.skill.slay.q
[0;37m14:51:13[0m [0;32m[WORKERS][0m 2025/08/15 14:51:13 🛑 [Go Worker] alice stopped during work on single-gather-1755262211257742000
[0;37m14:51:13[0m [0;35m[SYSTEM][0m 2025/08/15 14:51:13 🛑 [Go Consumer] Context cancelled, stopping consumer for queue: game.skill.gather.q
[0;37m14:51:13[0m [0;32m[WORKERS][0m 2025/08/15 14:51:13 ✅ [Go Worker] alice stopped
[0;37m14:51:13[0m [0;32m[WORKERS][0m 2025/08/15 14:51:13 🛑 [Server] Stopped worker: alice
[0;37m14:51:13[0m [0;32m[WORKERS][0m 2025/08/15 14:51:13 ✅ [ResetGame] Successfully stopped worker: alice
[0;37m14:51:13[0m [0;32m[WORKERS][0m 2025/08/15 14:51:13 🛑 [ResetGame] Stopping worker: bob
[0;37m14:51:13[0m [0;32m[WORKERS][0m 2025/08/15 14:51:13 🛑 [Go Worker] Stopping bob...
[0;37m14:51:13[0m [0;35m[SYSTEM][0m 2025/08/15 14:51:13 🛑 [Go Consumer] Context cancelled, stopping consumer for queue: game.skill.escort.q
[0;37m14:51:13[0m [0;35m[SYSTEM][0m 2025/08/15 14:51:13 🛑 [Go Consumer] Context cancelled, stopping consumer for queue: game.skill.slay.q
[0;37m14:51:13[0m [0;34m[API_SERVER][0m [GIN] 2025/08/15 - 14:51:13 | 200 |      30.916µs |             ::1 | POST     "/api/go-workers/webhook/events"
[0;37m14:51:13[0m [0;32m[WORKERS][0m 2025/08/15 14:51:13 ✅ [Go Worker] bob stopped
[0;37m14:51:13[0m [0;32m[WORKERS][0m 2025/08/15 14:51:13 🛑 [Server] Stopped worker: bob
[0;37m14:51:13[0m [0;32m[WORKERS][0m 2025/08/15 14:51:13 ✅ [ResetGame] Successfully stopped worker: bob
[0;37m14:51:13[0m [0;34m[API_SERVER][0m [GIN] 2025/08/15 - 14:51:13 | 200 |      29.209µs |             ::1 | POST     "/api/go-workers/webhook/events"
[0;37m14:51:13[0m [0;35m[SYSTEM][0m 2025/08/15 14:51:13 🗑️ [RabbitMQ] Successfully deleted queue game.dlq.expired.q
[0;37m14:51:13[0m [0;35m[SYSTEM][0m 2025/08/15 14:51:13 🗑️ [RabbitMQ] Successfully deleted queue game.dlq.failed.q
[0;37m14:51:13[0m [0;35m[SYSTEM][0m 2025/08/15 14:51:13 🗑️ [RabbitMQ] Successfully deleted queue game.dlq.retry.q
[0;37m14:51:13[0m [0;35m[SYSTEM][0m 2025/08/15 14:51:13 🗑️ [RabbitMQ] Successfully deleted queue game.dlq.unroutable.q
[0;37m14:51:13[0m [0;35m[SYSTEM][0m 2025/08/15 14:51:13 🗑️ [RabbitMQ] Successfully deleted queue game.skill.escort.q
[0;37m14:51:13[0m [0;35m[SYSTEM][0m 2025/08/15 14:51:13 🗑️ [RabbitMQ] Successfully deleted queue game.skill.gather.q
[0;37m14:51:13[0m [0;35m[SYSTEM][0m 2025/08/15 14:51:13 🗑️ [RabbitMQ] Successfully deleted queue game.skill.slay.q
[0;37m14:51:13[0m [0;35m[SYSTEM][0m 2025/08/15 14:51:13 🗑️ [RabbitMQ] Successfully deleted exchange game.dlx
[0;37m14:51:13[0m [0;35m[SYSTEM][0m 2025/08/15 14:51:13 🗑️ [RabbitMQ] Successfully deleted exchange game.skill
[0;37m14:51:13[0m [0;35m[SYSTEM][0m 2025/08/15 14:51:13 🗑️ [RabbitMQ] Successfully deleted exchange game.unroutable
[0;37m14:51:15[0m [0;35m[SYSTEM][0m 2025/08/15 14:51:15 ✅ [ResetGame] Reset completed successfully
[0;37m14:51:15[0m [0;34m[API_SERVER][0m [GIN] 2025/08/15 - 14:51:15 | 200 |  1.546268542s |             ::1 | POST     "/api/reset"
[0;37m14:51:15[0m [0;35m[SYSTEM][0m 2025/08/15 14:51:15 🔄 [RabbitMQ] Successfully created exchange game.dlx (topic)
[0;37m14:51:15[0m [0;35m[SYSTEM][0m 2025/08/15 14:51:15 🔄 [RabbitMQ] Successfully created exchange game.unroutable (fanout)
[0;37m14:51:15[0m [0;35m[SYSTEM][0m 2025/08/15 14:51:15 📦 [RabbitMQ] Successfully created queue game.dlq.failed.q
[0;37m14:51:15[0m [0;35m[SYSTEM][0m 2025/08/15 14:51:15 🔗 [RabbitMQ] Successfully bound queue game.dlq.failed.q to exchange game.dlx with routing key dlq.failed
[0;37m14:51:15[0m [0;35m[SYSTEM][0m 2025/08/15 14:51:15 📦 [RabbitMQ] Successfully created queue game.dlq.unroutable.q
[0;37m14:51:15[0m [0;35m[SYSTEM][0m 2025/08/15 14:51:15 🔗 [RabbitMQ] Successfully bound queue game.dlq.unroutable.q to exchange game.dlx with routing key dlq.unroutable
[0;37m14:51:15[0m [0;35m[SYSTEM][0m 2025/08/15 14:51:15 📦 [RabbitMQ] Successfully created queue game.dlq.expired.q
[0;37m14:51:15[0m [0;35m[SYSTEM][0m 2025/08/15 14:51:15 🔗 [RabbitMQ] Successfully bound queue game.dlq.expired.q to exchange game.dlx with routing key dlq.expired
[0;37m14:51:15[0m [0;35m[SYSTEM][0m 2025/08/15 14:51:15 📦 [RabbitMQ] Successfully created queue game.dlq.retry.q
[0;37m14:51:15[0m [0;35m[SYSTEM][0m 2025/08/15 14:51:15 🔗 [RabbitMQ] Successfully bound queue game.dlq.retry.q to exchange game.dlx with routing key dlq.retry
[0;37m14:51:15[0m [0;35m[SYSTEM][0m 2025/08/15 14:51:15 🔗 [RabbitMQ] Successfully bound queue game.dlq.unroutable.q to exchange game.unroutable with routing key 
[0;37m14:51:15[0m [0;35m[SYSTEM][0m 2025/08/15 14:51:15 🔄 [RabbitMQ] Successfully created exchange game.skill (topic)
[0;37m14:51:15[0m [0;34m[API_SERVER][0m 2025/08/15 14:51:15 ✅ [DLQ] Auto-setup completed successfully
[0;37m14:51:26[0m [0;34m[API_SERVER][0m [GIN] 2025/08/15 - 14:51:26 | 200 |     961.708µs |             ::1 | POST     "/api/master/one"
[0;37m14:51:27[0m [0;32m[WORKERS][0m 2025/08/15 14:51:27 🏃 [Go Worker] alice-worker-0 started on queue game.skill.gather.q
[0;37m14:51:27[0m [0;32m[WORKERS][0m 2025/08/15 14:51:27 🚀 [Go Worker] alice started with 1 workers, skills: [gather slay]
[0;37m14:51:27[0m [0;32m[WORKERS][0m 2025/08/15 14:51:27 ✅ [Server] Started worker: alice
[0;37m14:51:27[0m [0;32m[WORKERS][0m 2025/08/15 14:51:27 🏃 [Go Worker] alice-worker-0 started on queue game.skill.slay.q
[0;37m14:51:27[0m [0;34m[API_SERVER][0m [GIN] 2025/08/15 - 14:51:27 | 200 |   27.509875ms |             ::1 | POST     "/api/players/quickstart"
[0;37m14:51:27[0m [0;34m[API_SERVER][0m [GIN] 2025/08/15 - 14:51:27 | 200 |      59.166µs |             ::1 | POST     "/api/go-workers/webhook/events"
[0;37m14:51:30[0m [0;34m[API_SERVER][0m [GIN] 2025/08/15 - 14:51:30 | 200 |    1.207291ms |             ::1 | POST     "/api/master/one"
[0;37m14:51:30[0m [0;32m[WORKERS][0m 2025/08/15 14:51:30 ✅ [Go Worker Debug] alice parsed message: {CaseID:single-gather-1755262290551153000 EventStage: Status: Source:frontend_send_one QuestType:gather Difficulty:1 WorkSec:2 Points:5 Weight:0 Player: Payload:map[]}
[0;37m14:51:30[0m [0;34m[API_SERVER][0m [GIN] 2025/08/15 - 14:51:30 | 200 |     135.208µs |             ::1 | POST     "/api/go-workers/webhook/events"
[0;37m14:51:32[0m [0;34m[API_SERVER][0m [GIN] 2025/08/15 - 14:51:32 | 200 |     162.333µs |             ::1 | POST     "/api/go-workers/webhook/events"
[0;37m14:51:32[0m [0;32m[WORKERS][0m 2025/08/15 14:51:32 ✅ [Go Worker Debug] alice parsed message: {CaseID:single-gather-1755262290551153000 EventStage:QUEST_COMPLETED Status:SUCCESS Source:go-worker:alice QuestType:gather Difficulty:1 WorkSec:0 Points:5 Weight:0 Player:alice Payload:map[]}
[0;37m14:51:33[0m [0;34m[API_SERVER][0m 2025/08/15 14:51:33 🔍 [DLQ Reissue] Starting reissue from queue game.dlq.unroutable.q, count 1
[0;37m14:51:33[0m [0;34m[API_SERVER][0m [GIN] 2025/08/15 - 14:51:33 | 200 |    7.156042ms |             ::1 | POST     "/api/dlq/reissue"
[0;37m14:51:33[0m [0;32m[WORKERS][0m 2025/08/15 14:51:33 ✅ [Go Worker Debug] alice parsed message: {CaseID:single-gather-1755262286331565000 EventStage: Status: Source:dlq_reissue QuestType:gather Difficulty:1 WorkSec:2 Points:5 Weight:0 Player: Payload:map[]}
[0;37m14:51:33[0m [0;34m[API_SERVER][0m [GIN] 2025/08/15 - 14:51:33 | 200 |     146.875µs |             ::1 | POST     "/api/go-workers/webhook/events"
[0;37m14:51:35[0m [0;32m[WORKERS][0m 2025/08/15 14:51:35 ✅ [Go Worker Debug] alice parsed message: {CaseID:single-gather-1755262286331565000 EventStage:QUEST_COMPLETED Status:SUCCESS Source:go-worker:alice QuestType:gather Difficulty:1 WorkSec:0 Points:5 Weight:0 Player:alice Payload:map[]}
[0;37m14:51:35[0m [0;34m[API_SERVER][0m [GIN] 2025/08/15 - 14:51:35 | 200 |     202.833µs |             ::1 | POST     "/api/go-workers/webhook/events"
[0;37m14:51:44[0m [0;32m[WORKERS][0m 2025/08/15 14:51:44 ✅ [Go Worker Debug] alice parsed message: {CaseID:wave-gather-1755262304532818000-0 EventStage: Status: Source:quest_wave QuestType:gather Difficulty:1 WorkSec:2 Points:5 Weight:0 Player: Payload:map[]}
[0;37m14:51:44[0m [0;34m[API_SERVER][0m [GIN] 2025/08/15 - 14:51:44 | 200 |     194.541µs |             ::1 | POST     "/api/go-workers/webhook/events"
[0;37m14:51:45[0m [0;32m[WORKERS][0m 2025/08/15 14:51:45 ✅ [Go Worker Debug] alice parsed message: {CaseID:wave-slay-1755262305460199000-0 EventStage: Status: Source:quest_wave QuestType:slay Difficulty:1 WorkSec:2 Points:5 Weight:0 Player: Payload:map[]}
[0;37m14:51:45[0m [0;34m[API_SERVER][0m [GIN] 2025/08/15 - 14:51:45 | 200 |       159.5µs |             ::1 | POST     "/api/go-workers/webhook/events"
[0;37m14:51:46[0m [0;32m[WORKERS][0m 2025/08/15 14:51:46 ✅ [Go Worker Debug] alice parsed message: {CaseID:wave-gather-1755262304634809000-1 EventStage: Status: Source:quest_wave QuestType:gather Difficulty:1 WorkSec:2 Points:5 Weight:0 Player: Payload:map[]}
[0;37m14:51:46[0m [0;34m[API_SERVER][0m [GIN] 2025/08/15 - 14:51:46 | 200 |     291.542µs |             ::1 | POST     "/api/go-workers/webhook/events"
[0;37m14:51:46[0m [0;34m[API_SERVER][0m [GIN] 2025/08/15 - 14:51:46 | 200 |      146.25µs |             ::1 | POST     "/api/go-workers/webhook/events"
[0;37m14:51:47[0m [0;34m[API_SERVER][0m [GIN] 2025/08/15 - 14:51:47 | 200 |  2.774479041s |             ::1 | POST     "/api/master/start"
[0;37m14:51:47[0m [0;32m[WORKERS][0m 2025/08/15 14:51:47 ✅ [Go Worker Debug] alice parsed message: {CaseID:wave-slay-1755262305562414000-1 EventStage: Status: Source:quest_wave QuestType:slay Difficulty:1 WorkSec:2 Points:5 Weight:0 Player: Payload:map[]}
[0;37m14:51:47[0m [0;34m[API_SERVER][0m [GIN] 2025/08/15 - 14:51:47 | 200 |      230.25µs |             ::1 | POST     "/api/go-workers/webhook/events"
[0;37m14:51:47[0m [0;34m[API_SERVER][0m [GIN] 2025/08/15 - 14:51:47 | 200 |     104.625µs |             ::1 | POST     "/api/go-workers/webhook/events"
[0;37m14:51:48[0m [0;32m[WORKERS][0m 2025/08/15 14:51:48 ✅ [Go Worker Debug] alice parsed message: {CaseID:wave-gather-1755262304737440000-2 EventStage: Status: Source:quest_wave QuestType:gather Difficulty:1 WorkSec:2 Points:5 Weight:0 Player: Payload:map[]}
[0;37m14:51:48[0m [0;34m[API_SERVER][0m [GIN] 2025/08/15 - 14:51:48 | 200 |     158.917µs |             ::1 | POST     "/api/go-workers/webhook/events"
[0;37m14:51:48[0m [0;34m[API_SERVER][0m [GIN] 2025/08/15 - 14:51:48 | 200 |     129.041µs |             ::1 | POST     "/api/go-workers/webhook/events"
[0;37m14:51:49[0m [0;32m[WORKERS][0m 2025/08/15 14:51:49 ✅ [Go Worker Debug] alice parsed message: {CaseID:wave-slay-1755262305663993000-2 EventStage: Status: Source:quest_wave QuestType:slay Difficulty:1 WorkSec:2 Points:5 Weight:0 Player: Payload:map[]}
[0;37m14:51:49[0m [0;34m[API_SERVER][0m [GIN] 2025/08/15 - 14:51:49 | 200 |     217.958µs |             ::1 | POST     "/api/go-workers/webhook/events"
[0;37m14:51:49[0m [0;34m[API_SERVER][0m [GIN] 2025/08/15 - 14:51:49 | 200 |       180.5µs |             ::1 | POST     "/api/go-workers/webhook/events"
[0;37m14:51:50[0m [0;34m[API_SERVER][0m [GIN] 2025/08/15 - 14:51:50 | 200 |     165.292µs |             ::1 | POST     "/api/go-workers/webhook/events"
[0;37m14:51:50[0m [0;32m[WORKERS][0m 2025/08/15 14:51:50 ✅ [Go Worker Debug] alice parsed message: {CaseID:wave-gather-1755262304839976000-3 EventStage: Status: Source:quest_wave QuestType:gather Difficulty:1 WorkSec:2 Points:5 Weight:0 Player: Payload:map[]}
[0;37m14:51:50[0m [0;34m[API_SERVER][0m [GIN] 2025/08/15 - 14:51:50 | 200 |      157.75µs |             ::1 | POST     "/api/go-workers/webhook/events"
[0;37m14:51:51[0m [0;32m[WORKERS][0m 2025/08/15 14:51:51 ✅ [Go Worker Debug] alice parsed message: {CaseID:wave-slay-1755262305766529000-3 EventStage: Status: Source:quest_wave QuestType:slay Difficulty:1 WorkSec:2 Points:5 Weight:0 Player: Payload:map[]}
[0;37m14:51:51[0m [0;34m[API_SERVER][0m [GIN] 2025/08/15 - 14:51:51 | 200 |     240.334µs |             ::1 | POST     "/api/go-workers/webhook/events"
[0;37m14:51:51[0m [0;34m[API_SERVER][0m [GIN] 2025/08/15 - 14:51:51 | 200 |     249.583µs |             ::1 | POST     "/api/go-workers/webhook/events"
[0;37m14:51:52[0m [0;34m[API_SERVER][0m [GIN] 2025/08/15 - 14:51:52 | 200 |     844.167µs |             ::1 | POST     "/api/go-workers/webhook/events"
[0;37m14:51:52[0m [0;32m[WORKERS][0m 2025/08/15 14:51:52 ✅ [Go Worker Debug] alice parsed message: {CaseID:wave-gather-1755262304942996000-4 EventStage: Status: Source:quest_wave QuestType:gather Difficulty:1 WorkSec:2 Points:5 Weight:0 Player: Payload:map[]}
[0;37m14:51:52[0m [0;34m[API_SERVER][0m [GIN] 2025/08/15 - 14:51:52 | 200 |     119.167µs |             ::1 | POST     "/api/go-workers/webhook/events"
[0;37m14:51:53[0m [0;32m[WORKERS][0m 2025/08/15 14:51:53 ✅ [Go Worker Debug] alice parsed message: {CaseID:wave-slay-1755262305868938000-4 EventStage: Status: Source:quest_wave QuestType:slay Difficulty:1 WorkSec:2 Points:5 Weight:0 Player: Payload:map[]}
[0;37m14:51:53[0m [0;34m[API_SERVER][0m [GIN] 2025/08/15 - 14:51:53 | 200 |         318µs |             ::1 | POST     "/api/go-workers/webhook/events"
[0;37m14:51:53[0m [0;34m[API_SERVER][0m [GIN] 2025/08/15 - 14:51:53 | 200 |         143µs |             ::1 | POST     "/api/go-workers/webhook/events"
[0;37m14:51:54[0m [0;32m[WORKERS][0m 2025/08/15 14:51:54 ✅ [Go Worker Debug] alice parsed message: {CaseID:wave-gather-1755262305045936000-5 EventStage: Status: Source:quest_wave QuestType:gather Difficulty:1 WorkSec:2 Points:5 Weight:0 Player: Payload:map[]}
[0;37m14:51:54[0m [0;34m[API_SERVER][0m [GIN] 2025/08/15 - 14:51:54 | 200 |      398.75µs |             ::1 | POST     "/api/go-workers/webhook/events"
[0;37m14:51:54[0m [0;34m[API_SERVER][0m [GIN] 2025/08/15 - 14:51:54 | 200 |         101µs |             ::1 | POST     "/api/go-workers/webhook/events"
[0;37m14:51:55[0m [0;32m[WORKERS][0m 2025/08/15 14:51:55 ✅ [Go Worker Debug] alice parsed message: {CaseID:wave-slay-1755262305971476000-5 EventStage: Status: Source:quest_wave QuestType:slay Difficulty:1 WorkSec:2 Points:5 Weight:0 Player: Payload:map[]}
[0;37m14:51:55[0m [0;34m[API_SERVER][0m [GIN] 2025/08/15 - 14:51:55 | 200 |      183.25µs |             ::1 | POST     "/api/go-workers/webhook/events"
[0;37m14:51:55[0m [0;34m[API_SERVER][0m [GIN] 2025/08/15 - 14:51:55 | 200 |     140.125µs |             ::1 | POST     "/api/go-workers/webhook/events"
[0;37m14:51:56[0m [0;32m[WORKERS][0m 2025/08/15 14:51:56 ✅ [Go Worker Debug] alice parsed message: {CaseID:wave-gather-1755262305148965000-6 EventStage: Status: Source:quest_wave QuestType:gather Difficulty:1 WorkSec:2 Points:5 Weight:0 Player: Payload:map[]}
[0;37m14:51:56[0m [0;34m[API_SERVER][0m [GIN] 2025/08/15 - 14:51:56 | 200 |     243.125µs |             ::1 | POST     "/api/go-workers/webhook/events"
[0;37m14:51:56[0m [0;34m[API_SERVER][0m [GIN] 2025/08/15 - 14:51:56 | 200 |     225.833µs |             ::1 | POST     "/api/go-workers/webhook/events"
[0;37m14:51:57[0m [0;32m[WORKERS][0m 2025/08/15 14:51:57 ✅ [Go Worker Debug] alice parsed message: {CaseID:wave-slay-1755262306074019000-6 EventStage: Status: Source:quest_wave QuestType:slay Difficulty:1 WorkSec:2 Points:5 Weight:0 Player: Payload:map[]}
[0;37m14:51:57[0m [0;34m[API_SERVER][0m [GIN] 2025/08/15 - 14:51:57 | 200 |     170.958µs |             ::1 | POST     "/api/go-workers/webhook/events"
[0;37m14:51:57[0m [0;34m[API_SERVER][0m [GIN] 2025/08/15 - 14:51:57 | 200 |      91.208µs |             ::1 | POST     "/api/go-workers/webhook/events"
[0;37m14:51:58[0m [0;32m[WORKERS][0m 2025/08/15 14:51:58 ✅ [Go Worker Debug] alice parsed message: {CaseID:wave-gather-1755262305251748000-7 EventStage: Status: Source:quest_wave QuestType:gather Difficulty:1 WorkSec:2 Points:5 Weight:0 Player: Payload:map[]}
[0;37m14:51:58[0m [0;34m[API_SERVER][0m [GIN] 2025/08/15 - 14:51:58 | 200 |     295.084µs |             ::1 | POST     "/api/go-workers/webhook/events"
[0;37m14:51:58[0m [0;34m[API_SERVER][0m [GIN] 2025/08/15 - 14:51:58 | 200 |     220.041µs |             ::1 | POST     "/api/go-workers/webhook/events"
[0;37m14:51:59[0m [0;34m[API_SERVER][0m [GIN] 2025/08/15 - 14:51:59 | 200 |       190.5µs |             ::1 | POST     "/api/go-workers/webhook/events"
[0;37m14:51:59[0m [0;32m[WORKERS][0m 2025/08/15 14:51:59 ✅ [Go Worker Debug] alice parsed message: {CaseID:wave-slay-1755262306176730000-7 EventStage: Status: Source:quest_wave QuestType:slay Difficulty:1 WorkSec:2 Points:5 Weight:0 Player: Payload:map[]}
[0;37m14:51:59[0m [0;34m[API_SERVER][0m [GIN] 2025/08/15 - 14:51:59 | 200 |     142.667µs |             ::1 | POST     "/api/go-workers/webhook/events"
[0;37m14:52:00[0m [0;32m[WORKERS][0m 2025/08/15 14:52:00 ✅ [Go Worker Debug] alice parsed message: {CaseID:wave-gather-1755262305355356000-8 EventStage: Status: Source:quest_wave QuestType:gather Difficulty:1 WorkSec:2 Points:5 Weight:0 Player: Payload:map[]}
[0;37m14:52:00[0m [0;34m[API_SERVER][0m [GIN] 2025/08/15 - 14:52:00 | 200 |     185.333µs |             ::1 | POST     "/api/go-workers/webhook/events"
[0;37m14:52:00[0m [0;34m[API_SERVER][0m [GIN] 2025/08/15 - 14:52:00 | 200 |     114.334µs |             ::1 | POST     "/api/go-workers/webhook/events"
[0;37m14:52:01[0m [0;32m[WORKERS][0m 2025/08/15 14:52:01 ✅ [Go Worker Debug] alice parsed message: {CaseID:wave-slay-1755262306279226000-8 EventStage: Status: Source:quest_wave QuestType:slay Difficulty:1 WorkSec:2 Points:5 Weight:0 Player: Payload:map[]}
[0;37m14:52:01[0m [0;34m[API_SERVER][0m [GIN] 2025/08/15 - 14:52:01 | 200 |     231.375µs |             ::1 | POST     "/api/go-workers/webhook/events"
[0;37m14:52:01[0m [0;34m[API_SERVER][0m [GIN] 2025/08/15 - 14:52:01 | 200 |     180.042µs |             ::1 | POST     "/api/go-workers/webhook/events"
[0;37m14:52:02[0m [0;34m[API_SERVER][0m [GIN] 2025/08/15 - 14:52:02 | 200 |     201.958µs |             ::1 | POST     "/api/go-workers/webhook/events"
[0;37m14:52:02[0m [0;32m[WORKERS][0m 2025/08/15 14:52:02 ✅ [Go Worker Debug] alice parsed message: {CaseID:wave-gather-1755262305458408000-9 EventStage: Status: Source:quest_wave QuestType:gather Difficulty:1 WorkSec:2 Points:5 Weight:0 Player: Payload:map[]}
[0;37m14:52:02[0m [0;34m[API_SERVER][0m [GIN] 2025/08/15 - 14:52:02 | 200 |     100.166µs |             ::1 | POST     "/api/go-workers/webhook/events"
[0;37m14:52:03[0m [0;32m[WORKERS][0m 2025/08/15 14:52:03 ✅ [Go Worker Debug] alice parsed message: {CaseID:wave-slay-1755262306381433000-9 EventStage: Status: Source:quest_wave QuestType:slay Difficulty:1 WorkSec:2 Points:5 Weight:0 Player: Payload:map[]}
[0;37m14:52:03[0m [0;34m[API_SERVER][0m [GIN] 2025/08/15 - 14:52:03 | 200 |     224.125µs |             ::1 | POST     "/api/go-workers/webhook/events"
[0;37m14:52:03[0m [0;34m[API_SERVER][0m [GIN] 2025/08/15 - 14:52:03 | 200 |     105.083µs |             ::1 | POST     "/api/go-workers/webhook/events"
[0;37m14:52:04[0m [0;32m[WORKERS][0m 2025/08/15 14:52:04 ✅ [Go Worker Debug] alice parsed message: {CaseID:wave-gather-1755262304532818000-0 EventStage:QUEST_COMPLETED Status:SUCCESS Source:go-worker:alice QuestType:gather Difficulty:1 WorkSec:0 Points:5 Weight:0 Player:alice Payload:map[]}
[0;37m14:52:04[0m [0;34m[API_SERVER][0m [GIN] 2025/08/15 - 14:52:04 | 200 |     453.584µs |             ::1 | POST     "/api/go-workers/webhook/events"
[0;37m14:52:04[0m [0;32m[WORKERS][0m 2025/08/15 14:52:04 ✅ [Go Worker Debug] alice parsed message: {CaseID:wave-gather-1755262304634809000-1 EventStage:QUEST_COMPLETED Status:SUCCESS Source:go-worker:alice QuestType:gather Difficulty:1 WorkSec:0 Points:5 Weight:0 Player:alice Payload:map[]}
[0;37m14:52:04[0m [0;32m[WORKERS][0m 2025/08/15 14:52:04 ✅ [Go Worker Debug] alice parsed message: {CaseID:wave-gather-1755262304737440000-2 EventStage:QUEST_COMPLETED Status:SUCCESS Source:go-worker:alice QuestType:gather Difficulty:1 WorkSec:0 Points:5 Weight:0 Player:alice Payload:map[]}
[0;37m14:52:04[0m [0;32m[WORKERS][0m 2025/08/15 14:52:04 ✅ [Go Worker Debug] alice parsed message: {CaseID:wave-gather-1755262304839976000-3 EventStage:QUEST_COMPLETED Status:SUCCESS Source:go-worker:alice QuestType:gather Difficulty:1 WorkSec:0 Points:5 Weight:0 Player:alice Payload:map[]}
[0;37m14:52:04[0m [0;32m[WORKERS][0m 2025/08/15 14:52:04 ✅ [Go Worker Debug] alice parsed message: {CaseID:wave-gather-1755262304942996000-4 EventStage:QUEST_COMPLETED Status:SUCCESS Source:go-worker:alice QuestType:gather Difficulty:1 WorkSec:0 Points:5 Weight:0 Player:alice Payload:map[]}
[0;37m14:52:04[0m [0;32m[WORKERS][0m 2025/08/15 14:52:04 ✅ [Go Worker Debug] alice parsed message: {CaseID:wave-gather-1755262305045936000-5 EventStage:QUEST_COMPLETED Status:SUCCESS Source:go-worker:alice QuestType:gather Difficulty:1 WorkSec:0 Points:5 Weight:0 Player:alice Payload:map[]}
[0;37m14:52:04[0m [0;32m[WORKERS][0m 2025/08/15 14:52:04 ✅ [Go Worker Debug] alice parsed message: {CaseID:wave-gather-1755262305251748000-7 EventStage:QUEST_COMPLETED Status:SUCCESS Source:go-worker:alice QuestType:gather Difficulty:1 WorkSec:0 Points:5 Weight:0 Player:alice Payload:map[]}
[0;37m14:52:04[0m [0;32m[WORKERS][0m 2025/08/15 14:52:04 ✅ [Go Worker Debug] alice parsed message: {CaseID:wave-gather-1755262305355356000-8 EventStage:QUEST_COMPLETED Status:SUCCESS Source:go-worker:alice QuestType:gather Difficulty:1 WorkSec:0 Points:5 Weight:0 Player:alice Payload:map[]}
[0;37m14:52:05[0m [0;32m[WORKERS][0m 2025/08/15 14:52:05 ✅ [Go Worker Debug] alice parsed message: {CaseID:wave-slay-1755262305460199000-0 EventStage:QUEST_COMPLETED Status:SUCCESS Source:go-worker:alice QuestType:slay Difficulty:1 WorkSec:0 Points:5 Weight:0 Player:alice Payload:map[]}
[0;37m14:52:05[0m [0;34m[API_SERVER][0m [GIN] 2025/08/15 - 14:52:05 | 200 |     187.959µs |             ::1 | POST     "/api/go-workers/webhook/events"
[0;37m14:52:05[0m [0;32m[WORKERS][0m 2025/08/15 14:52:05 ✅ [Go Worker Debug] alice parsed message: {CaseID:wave-slay-1755262305562414000-1 EventStage:QUEST_COMPLETED Status:SUCCESS Source:go-worker:alice QuestType:slay Difficulty:1 WorkSec:0 Points:5 Weight:0 Player:alice Payload:map[]}
[0;37m14:52:05[0m [0;32m[WORKERS][0m 2025/08/15 14:52:05 ✅ [Go Worker Debug] alice parsed message: {CaseID:wave-slay-1755262305663993000-2 EventStage:QUEST_COMPLETED Status:SUCCESS Source:go-worker:alice QuestType:slay Difficulty:1 WorkSec:0 Points:5 Weight:0 Player:alice Payload:map[]}
[0;37m14:52:05[0m [0;32m[WORKERS][0m 2025/08/15 14:52:05 ✅ [Go Worker Debug] alice parsed message: {CaseID:wave-slay-1755262305766529000-3 EventStage:QUEST_COMPLETED Status:SUCCESS Source:go-worker:alice QuestType:slay Difficulty:1 WorkSec:0 Points:5 Weight:0 Player:alice Payload:map[]}
[0;37m14:52:05[0m [0;32m[WORKERS][0m 2025/08/15 14:52:05 ✅ [Go Worker Debug] alice parsed message: {CaseID:wave-slay-1755262305868938000-4 EventStage:QUEST_COMPLETED Status:SUCCESS Source:go-worker:alice QuestType:slay Difficulty:1 WorkSec:0 Points:5 Weight:0 Player:alice Payload:map[]}
[0;37m14:52:05[0m [0;32m[WORKERS][0m 2025/08/15 14:52:05 ✅ [Go Worker Debug] alice parsed message: {CaseID:wave-slay-1755262306074019000-6 EventStage:QUEST_COMPLETED Status:SUCCESS Source:go-worker:alice QuestType:slay Difficulty:1 WorkSec:0 Points:5 Weight:0 Player:alice Payload:map[]}
[0;37m14:52:05[0m [0;32m[WORKERS][0m 2025/08/15 14:52:05 ✅ [Go Worker Debug] alice parsed message: {CaseID:wave-slay-1755262306279226000-8 EventStage:QUEST_COMPLETED Status:SUCCESS Source:go-worker:alice QuestType:slay Difficulty:1 WorkSec:0 Points:5 Weight:0 Player:alice Payload:map[]}
[0;37m14:52:05[0m [0;32m[WORKERS][0m 2025/08/15 14:52:05 ✅ [Go Worker Debug] alice parsed message: {CaseID:wave-slay-1755262306381433000-9 EventStage:QUEST_COMPLETED Status:SUCCESS Source:go-worker:alice QuestType:slay Difficulty:1 WorkSec:0 Points:5 Weight:0 Player:alice Payload:map[]}
[0;37m14:52:05[0m [0;34m[API_SERVER][0m 2025/08/15 14:52:05 🔍 [DLQ Reissue] Starting reissue from queue game.dlq.unroutable.q, count 1
[0;37m14:52:05[0m [0;34m[API_SERVER][0m [GIN] 2025/08/15 - 14:52:05 | 200 |    3.729833ms |             ::1 | POST     "/api/dlq/reissue"
[0;37m14:52:09[0m [0;34m[API_SERVER][0m 2025/08/15 14:52:09 🔍 [DLQ Reissue] Starting reissue from queue game.dlq.unroutable.q, count 1
[0;37m14:52:09[0m [0;34m[API_SERVER][0m [GIN] 2025/08/15 - 14:52:09 | 200 |    6.562667ms |             ::1 | POST     "/api/dlq/reissue"
