[0;35m================================================================================================[0m
[0;35m🚀 Starting Demo Event Bus - Complete Go Migration[0m
[0;35m================================================================================================[0m
[0;36m📊 Configuration:[0m
   🐰 RabbitMQ: localhost:5672 (Management: 15672) - External
   🏗️  Go API Server: localhost:9000
   ⚡ Go Workers: localhost:8001
[0;35m================================================================================================[0m
[1;33mℹ️  Note: RabbitMQ must be started manually before running this script[0m
[1;33m   Run: docker-compose up -d[0m
[0;35m================================================================================================[0m

[0;35m📋 Step 1: Building and Starting Go API Server[0m
[0;34m🔍 Checking RabbitMQ availability...[0m
[0;32m✅ RabbitMQ AMQP port 5672 is accessible[0m
[0;34m🔨 Building Go API Server...[0m
[0;32m✅ Go API Server built successfully[0m
[0;34m🚀 Starting Go API Server on port 9000...[0m
[0;32m✅ Go API Server started (PID: 67363), logging to api-server.log[0m
[0;34m🔄 Waiting for Go API Server on port 9000...[0m
[1;33m   Attempt 1/30...[0m
[0;32m✅ Go API Server is ready on port 9000[0m
[0;34m🧪 Testing Go API Server Health: http://localhost:9000/health[0m
[0;32m✅ Go API Server Health endpoint is responding[0m

[0;35m📋 Step 2: Building and Starting Go Workers[0m
[0;34m🔨 Building Go Workers...[0m
[0;32m✅ Go Workers built successfully[0m
[0;34m🚀 Starting Go Workers on port 8001...[0m
[0;32m✅ Go Workers started (PID: 67402), logging to workers.log[0m
[0;34m🔄 Waiting for Go Workers on port 8001...[0m
[1;33m   Attempt 1/30...[0m
[0;32m✅ Go Workers is ready on port 8001[0m
[0;34m🧪 Testing Go Workers Health: http://localhost:8001/health[0m
[0;32m✅ Go Workers Health endpoint is responding[0m

[0;35m📋 Step 3: Testing Complete System Integration[0m
[0;34m🧪 Testing Go API Server endpoints...[0m
[0;32m✅ RabbitMQ-direct metrics working[0m
[0;32m✅ Chaos engineering endpoints working[0m
[0;34m🧪 Testing native message publishing...[0m
[0;31m❌ Message publishing test failed[0m

[0;35m📋 Step 4: System Information[0m

[0;36m🌐 Service URLs:[0m
   🏠 Frontend:              http://localhost:9000/
   🔧 Go API Server:         http://localhost:9000/api/
   ⚡ Go Workers:            http://localhost:8001/
   🐰 RabbitMQ Management:   http://localhost:15672/ (guest/guest)

[0;36m🔗 Key Endpoints:[0m
   📊 RabbitMQ Metrics:      http://localhost:9000/api/rabbitmq/metrics
   👥 Player Creation:       POST http://localhost:9000/api/players/quickstart
   📨 Message Publishing:    POST http://localhost:9000/api/publish
   ⚡ Chaos Engineering:     POST http://localhost:9000/api/chaos/arm
   🎮 Scenarios:             POST http://localhost:9000/api/scenario/run
   💀 DLQ Management:        POST http://localhost:9000/api/dlq/setup

[0;36m📈 Educational Features:[0m
   🎯 RabbitMQ-Direct Architecture - Zero abstraction layers
   🔍 Management API Integration - Live broker introspection
   ⚡ Native Chaos Engineering - Direct RabbitMQ operations
   💀 Comprehensive DLQ System - Native dead letter handling
   🌐 WebSocket Broadcasting - Real-time UI updates
   🚀 Pure Go Implementation - No Python dependencies

[0;36m🎮 Quick Start Commands:[0m
   # Create Alice and Bob workers
   curl -X POST http://localhost:9000/api/players/quickstart -H 'Content-Type: application/json' -d '{"preset":"alice_bob"}'

   # Publish a quest
   curl -X POST http://localhost:9000/api/publish -H 'Content-Type: application/json' -d '{"routing_key":"game.quest.gather","payload":{"case_id":"quest-1","quest_type":"gather","points":5}}'

   # Run late-bind escort scenario
   curl -X POST http://localhost:9000/api/scenario/run -H 'Content-Type: application/json' -d '{"scenario":"late-bind-escort"}'

   # Trigger chaos (purge queue)
   curl -X POST http://localhost:9000/api/chaos/arm -H 'Content-Type: application/json' -d '{"action":"rmq_purge_queue","target_queue":"game.skill.gather.q"}'

[0;35m================================================================================================[0m
[0;32m🎉 Demo Event Bus - Complete Go Migration is running![0m
[0;35m================================================================================================[0m
[0;36m📊 Architecture: RabbitMQ (External) + Go API Server + Go Workers[0m
[0;36m🎯 Educational Focus: Direct RabbitMQ integration with minimal abstraction[0m
[0;36m🌐 Frontend: http://localhost:9000/[0m
[1;33mℹ️  RabbitMQ managed separately via: docker-compose up -d[0m
[0;35m================================================================================================[0m
[1;33mPress Ctrl+C to stop all services[0m

[0;34m🔄 Monitoring services... (Check status with: ./check_status.sh)[0m
[0;34m🔄 To restart individual services during development:[0m
[0;34m   ./restart_api.sh     - Restart API server[0m
[0;34m   ./restart_workers.sh - Restart workers[0m
[0;35m================================================================================================[0m
[0;36m📋 Live Logs (API Server + Workers):[0m
[0;37mTip: Use Ctrl+C to stop all services[0m
[0;35m================================================================================================[0m
[0;37m13:12:03[0m [0;34m[API_SERVER][0m 2025/08/15 13:12:03 [2025-08-15T13:12:03+02:00] localhost:9000 says: Publishing message with correlation_id=61345315-2652-40cf-b9dd-1ffa88298635 to routing_key=game.quest.gather
[0;37m13:12:03[0m [0;34m[API_SERVER][0m 2025/08/15 13:12:03 [2025-08-15T13:12:03+02:00] localhost:9000 says: Message payload: {"case_id":"startup-test","correlation_id":"61345315-2652-40cf-b9dd-1ffa88298635","points":5,"published_at":1755256323,"published_by":"api_endpoint","quest_type":"gather"}
[0;37m13:12:03[0m [0;34m[API_SERVER][0m 2025/08/15 13:12:03 [2025-08-15T13:12:03+02:00] localhost:9000 says: SUCCESS published message correlation_id=61345315-2652-40cf-b9dd-1ffa88298635
[0;37m13:12:03[0m [0;34m[API_SERVER][0m [GIN] 2025/08/15 - 13:12:03 | 200 |     942.334µs |             ::1 | POST     "/api/publish"
[0;37m13:12:03[0m [0;35m[SYSTEM][0m 2025/08/15 13:12:01 🚀 [Go Server] Starting on port 8001
[0;37m13:12:07[0m [0;32m[WORKERS][0m 2025/08/15 13:12:07 🏃 [Go Worker] alice-worker-0 started on queue game.skill.gather.q
[0;37m13:12:07[0m [0;34m[API_SERVER][0m 2025/08/15 13:12:07 📬 [Go Worker Debug] alice received raw message: {"id":"q-1755256323-859765000","payload":{"case_id":"startup-test","correlation_id":"61345315-2652-40cf-b9dd-1ffa88298635","points":5,"published_at":1755256323,"published_by":"api_endpoint","quest_type":"gather"},"points":5,"timestamp":1755256323,"type":"game.quest.gather"}
[0;37m13:12:07[0m [0;32m[WORKERS][0m 2025/08/15 13:12:07 ✅ [Go Worker Debug] alice parsed message: {CaseID:startup-test EventStage: Status: Source: QuestType:gather Difficulty:0 WorkSec:0 Points:5 Weight:0 Player: Payload:map[]}
[0;37m13:12:07[0m [0;34m[API_SERVER][0m [GIN] 2025/08/15 - 13:12:07 | 200 |      95.833µs |             ::1 | POST     "/api/go-workers/webhook/events"
[0;37m13:12:07[0m [0;34m[API_SERVER][0m [GIN] 2025/08/15 - 13:12:07 | 200 |      84.416µs |             ::1 | POST     "/api/go-workers/webhook/events"
[0;37m13:12:07[0m [0;32m[WORKERS][0m 2025/08/15 13:12:07 🚀 [Go Worker] alice started with 1 workers, skills: [gather slay]
[0;37m13:12:07[0m [0;32m[WORKERS][0m 2025/08/15 13:12:07 ✅ [Server] Started worker: alice
[0;37m13:12:07[0m [0;32m[WORKERS][0m 2025/08/15 13:12:07 🏃 [Go Worker] alice-worker-0 started on queue game.skill.slay.q
[0;37m13:12:07[0m [0;34m[API_SERVER][0m [GIN] 2025/08/15 - 13:12:07 | 200 |      24.833µs |             ::1 | POST     "/api/go-workers/webhook/events"
[0;37m13:12:07[0m [0;32m[WORKERS][0m 2025/08/15 13:12:07 🏃 [Go Worker] bob-worker-0 started on queue game.skill.slay.q
[0;37m13:12:07[0m [0;32m[WORKERS][0m 2025/08/15 13:12:07 🚀 [Go Worker] bob started with 1 workers, skills: [slay escort]
[0;37m13:12:07[0m [0;32m[WORKERS][0m 2025/08/15 13:12:07 ✅ [Server] Started worker: bob
[0;37m13:12:07[0m [0;32m[WORKERS][0m 2025/08/15 13:12:07 🏃 [Go Worker] bob-worker-0 started on queue game.skill.escort.q
[0;37m13:12:07[0m [0;34m[API_SERVER][0m [GIN] 2025/08/15 - 13:12:07 | 200 |   30.000583ms |             ::1 | POST     "/api/players/quickstart"
[0;37m13:12:07[0m [0;34m[API_SERVER][0m [GIN] 2025/08/15 - 13:12:07 | 200 |      25.334µs |             ::1 | POST     "/api/go-workers/webhook/events"
[0;37m13:12:10[0m [0;34m[API_SERVER][0m [GIN] 2025/08/15 - 13:12:10 | 200 |    1.551167ms |             ::1 | POST     "/api/master/one"
[0;37m13:12:10[0m [0;32m[WORKERS][0m 2025/08/15 13:12:10 ✅ [Go Worker Debug] alice parsed message: {CaseID:single-gather-1755256330221638000 EventStage: Status: Source:frontend_send_one QuestType:gather Difficulty:1 WorkSec:2 Points:5 Weight:0 Player: Payload:map[]}
[0;37m13:12:10[0m [0;34m[API_SERVER][0m [GIN] 2025/08/15 - 13:12:10 | 200 |     104.125µs |             ::1 | POST     "/api/go-workers/webhook/events"
[0;37m13:12:12[0m [0;34m[API_SERVER][0m [GIN] 2025/08/15 - 13:12:12 | 200 |     126.125µs |             ::1 | POST     "/api/go-workers/webhook/events"
[0;37m13:12:33[0m [0;34m[API_SERVER][0m [GIN] 2025/08/15 - 13:12:33 | 200 |     1.68175ms |             ::1 | POST     "/api/master/one"
[0;37m13:12:33[0m [0;32m[WORKERS][0m 2025/08/15 13:12:33 ✅ [Go Worker Debug] alice parsed message: {CaseID:single-gather-1755256353517433000 EventStage: Status: Source:frontend_send_one QuestType:gather Difficulty:1 WorkSec:2 Points:5 Weight:0 Player: Payload:map[]}
[0;37m13:12:33[0m [0;34m[API_SERVER][0m [GIN] 2025/08/15 - 13:12:33 | 200 |      119.25µs |             ::1 | POST     "/api/go-workers/webhook/events"
[0;37m13:12:35[0m [0;34m[API_SERVER][0m [GIN] 2025/08/15 - 13:12:35 | 200 |     180.417µs |             ::1 | POST     "/api/go-workers/webhook/events"
[0;37m13:12:35[0m [0;32m[WORKERS][0m 2025/08/15 13:12:35 ✅ [Go Worker Debug] alice parsed message: {CaseID:single-gather-1755256353517433000 EventStage:QUEST_COMPLETED Status:SUCCESS Source:go-worker:alice QuestType:gather Difficulty:1 WorkSec:0 Points:5 Weight:0 Player:alice Payload:map[]}
[0;37m13:12:40[0m [0;32m[WORKERS][0m 2025/08/15 13:12:40 ✅ [Go Worker Debug] alice parsed message: {CaseID:wave-gather-1755256360835879000-0 EventStage: Status: Source:quest_wave QuestType:gather Difficulty:1 WorkSec:2 Points:5 Weight:0 Player: Payload:map[]}
[0;37m13:12:40[0m [0;34m[API_SERVER][0m [GIN] 2025/08/15 - 13:12:40 | 200 |     156.167µs |             ::1 | POST     "/api/go-workers/webhook/events"
[0;37m13:12:42[0m [0;32m[WORKERS][0m 2025/08/15 13:12:42 ✅ [Go Worker Debug] alice parsed message: {CaseID:wave-slay-1755256362789589000-0 EventStage: Status: Source:quest_wave QuestType:slay Difficulty:1 WorkSec:2 Points:5 Weight:0 Player: Payload:map[]}
[0;37m13:12:42[0m [0;34m[API_SERVER][0m [GIN] 2025/08/15 - 13:12:42 | 200 |     183.084µs |             ::1 | POST     "/api/go-workers/webhook/events"
[0;37m13:12:42[0m [0;34m[API_SERVER][0m [GIN] 2025/08/15 - 13:12:42 | 200 |     109.375µs |             ::1 | POST     "/api/go-workers/webhook/events"
[0;37m13:12:42[0m [0;32m[WORKERS][0m 2025/08/15 13:12:42 ✅ [Go Worker Debug] alice parsed message: {CaseID:wave-gather-1755256360938404000-1 EventStage: Status: Source:quest_wave QuestType:gather Difficulty:1 WorkSec:2 Points:5 Weight:0 Player: Payload:map[]}
[0;37m13:12:42[0m [0;34m[API_SERVER][0m [GIN] 2025/08/15 - 13:12:42 | 200 |      51.291µs |             ::1 | POST     "/api/go-workers/webhook/events"
[0;37m13:12:42[0m [0;32m[WORKERS][0m 2025/08/15 13:12:42 ✅ [Go Worker Debug] bob parsed message: {CaseID:wave-slay-1755256362891463000-1 EventStage: Status: Source:quest_wave QuestType:slay Difficulty:1 WorkSec:2 Points:5 Weight:0 Player: Payload:map[]}
[0;37m13:12:42[0m [0;34m[API_SERVER][0m [GIN] 2025/08/15 - 13:12:42 | 200 |     138.625µs |             ::1 | POST     "/api/go-workers/webhook/events"
[0;37m13:12:44[0m [0;34m[API_SERVER][0m [GIN] 2025/08/15 - 13:12:44 | 200 |     167.375µs |             ::1 | POST     "/api/go-workers/webhook/events"
[0;37m13:12:44[0m [0;32m[WORKERS][0m 2025/08/15 13:12:44 ✅ [Go Worker Debug] bob parsed message: {CaseID:wave-slay-1755256362993497000-2 EventStage: Status: Source:quest_wave QuestType:slay Difficulty:1 WorkSec:2 Points:5 Weight:0 Player: Payload:map[]}
[0;37m13:12:44[0m [0;34m[API_SERVER][0m [GIN] 2025/08/15 - 13:12:44 | 200 |      91.417µs |             ::1 | POST     "/api/go-workers/webhook/events"
[0;37m13:12:44[0m [0;32m[WORKERS][0m 2025/08/15 13:12:44 ✅ [Go Worker Debug] bob parsed message: {CaseID:wave-escort-1755256364742250000-0 EventStage: Status: Source:quest_wave QuestType:escort Difficulty:1 WorkSec:2 Points:5 Weight:0 Player: Payload:map[]}
[0;37m13:12:44[0m [0;34m[API_SERVER][0m [GIN] 2025/08/15 - 13:12:44 | 200 |      65.708µs |             ::1 | POST     "/api/go-workers/webhook/events"
[0;37m13:12:44[0m [0;34m[API_SERVER][0m [GIN] 2025/08/15 - 13:12:44 | 200 |      81.042µs |             ::1 | POST     "/api/go-workers/webhook/events"
[0;37m13:12:44[0m [0;32m[WORKERS][0m 2025/08/15 13:12:44 ✅ [Go Worker Debug] alice parsed message: {CaseID:wave-slay-1755256363095728000-3 EventStage: Status: Source:quest_wave QuestType:slay Difficulty:1 WorkSec:2 Points:5 Weight:0 Player: Payload:map[]}
[0;37m13:12:44[0m [0;34m[API_SERVER][0m [GIN] 2025/08/15 - 13:12:44 | 200 |      42.708µs |             ::1 | POST     "/api/go-workers/webhook/events"
[0;37m13:12:44[0m [0;34m[API_SERVER][0m [GIN] 2025/08/15 - 13:12:44 | 200 |          95µs |             ::1 | POST     "/api/go-workers/webhook/events"
[0;37m13:12:44[0m [0;32m[WORKERS][0m 2025/08/15 13:12:44 ✅ [Go Worker Debug] alice parsed message: {CaseID:wave-gather-1755256361040893000-2 EventStage: Status: Source:quest_wave QuestType:gather Difficulty:1 WorkSec:2 Points:5 Weight:0 Player: Payload:map[]}
[0;37m13:12:44[0m [0;34m[API_SERVER][0m [GIN] 2025/08/15 - 13:12:44 | 200 |      50.042µs |             ::1 | POST     "/api/go-workers/webhook/events"
[0;37m13:12:45[0m [0;32m[WORKERS][0m 2025/08/15 13:12:45 ✅ [Go Worker Debug] bob parsed message: {CaseID:wave-slay-1755256363197739000-4 EventStage: Status: Source:quest_wave QuestType:slay Difficulty:1 WorkSec:2 Points:5 Weight:0 Player: Payload:map[]}
[0;37m13:12:45[0m [0;34m[API_SERVER][0m [GIN] 2025/08/15 - 13:12:45 | 200 |     141.375µs |             ::1 | POST     "/api/go-workers/webhook/events"
[0;37m13:12:45[0m [0;34m[API_SERVER][0m [GIN] 2025/08/15 - 13:12:45 | 200 |          71µs |             ::1 | POST     "/api/go-workers/webhook/events"
[0;37m13:12:46[0m [0;34m[API_SERVER][0m [GIN] 2025/08/15 - 13:12:46 | 200 |      235.25µs |             ::1 | POST     "/api/go-workers/webhook/events"
[0;37m13:12:46[0m [0;32m[WORKERS][0m 2025/08/15 13:12:46 ✅ [Go Worker Debug] bob parsed message: {CaseID:wave-escort-1755256364842913000-1 EventStage: Status: Source:quest_wave QuestType:escort Difficulty:1 WorkSec:2 Points:5 Weight:0 Player: Payload:map[]}
[0;37m13:12:46[0m [0;34m[API_SERVER][0m [GIN] 2025/08/15 - 13:12:46 | 200 |       94.25µs |             ::1 | POST     "/api/go-workers/webhook/events"
[0;37m13:12:46[0m [0;34m[API_SERVER][0m [GIN] 2025/08/15 - 13:12:46 | 200 |  5.856640583s |             ::1 | POST     "/api/master/start"
[0;37m13:12:46[0m [0;34m[API_SERVER][0m [GIN] 2025/08/15 - 13:12:46 | 200 |         128µs |             ::1 | POST     "/api/go-workers/webhook/events"
[0;37m13:12:46[0m [0;32m[WORKERS][0m 2025/08/15 13:12:46 ✅ [Go Worker Debug] alice parsed message: {CaseID:wave-slay-1755256363299889000-5 EventStage: Status: Source:quest_wave QuestType:slay Difficulty:1 WorkSec:2 Points:5 Weight:0 Player: Payload:map[]}
[0;37m13:12:46[0m [0;34m[API_SERVER][0m [GIN] 2025/08/15 - 13:12:46 | 200 |      43.084µs |             ::1 | POST     "/api/go-workers/webhook/events"
[0;37m13:12:46[0m [0;34m[API_SERVER][0m [GIN] 2025/08/15 - 13:12:46 | 200 |     100.625µs |             ::1 | POST     "/api/go-workers/webhook/events"
[0;37m13:12:46[0m [0;32m[WORKERS][0m 2025/08/15 13:12:46 ✅ [Go Worker Debug] alice parsed message: {CaseID:wave-gather-1755256361143313000-3 EventStage: Status: Source:quest_wave QuestType:gather Difficulty:1 WorkSec:2 Points:5 Weight:0 Player: Payload:map[]}
[0;37m13:12:46[0m [0;34m[API_SERVER][0m [GIN] 2025/08/15 - 13:12:46 | 200 |      46.667µs |             ::1 | POST     "/api/go-workers/webhook/events"
[0;37m13:12:47[0m [0;34m[API_SERVER][0m [GIN] 2025/08/15 - 13:12:47 | 200 |       121.5µs |             ::1 | POST     "/api/go-workers/webhook/events"
[0;37m13:12:47[0m [0;32m[WORKERS][0m 2025/08/15 13:12:47 ✅ [Go Worker Debug] bob parsed message: {CaseID:wave-slay-1755256363404092000-6 EventStage: Status: Source:quest_wave QuestType:slay Difficulty:1 WorkSec:2 Points:5 Weight:0 Player: Payload:map[]}
[0;37m13:12:47[0m [0;34m[API_SERVER][0m [GIN] 2025/08/15 - 13:12:47 | 200 |      61.417µs |             ::1 | POST     "/api/go-workers/webhook/events"
[0;37m13:12:47[0m [0;34m[API_SERVER][0m [GIN] 2025/08/15 - 13:12:47 | 200 |     334.209µs |             ::1 | POST     "/api/go-workers/webhook/events"
[0;37m13:12:47[0m [0;32m[WORKERS][0m 2025/08/15 13:12:47 ✅ [Go Worker Debug] bob parsed message: {CaseID:wave-escort-1755256364944883000-2 EventStage: Status: Source:quest_wave QuestType:escort Difficulty:1 WorkSec:2 Points:5 Weight:0 Player: Payload:map[]}
[0;37m13:12:47[0m [0;34m[API_SERVER][0m [GIN] 2025/08/15 - 13:12:47 | 200 |      80.292µs |             ::1 | POST     "/api/go-workers/webhook/events"
[0;37m13:12:48[0m [0;34m[API_SERVER][0m [GIN] 2025/08/15 - 13:12:48 | 200 |      492.75µs |             ::1 | POST     "/api/go-workers/webhook/events"
[0;37m13:12:48[0m [0;32m[WORKERS][0m 2025/08/15 13:12:48 ✅ [Go Worker Debug] bob parsed message: {CaseID:wave-slay-1755256363506112000-7 EventStage: Status: Source:quest_wave QuestType:slay Difficulty:1 WorkSec:2 Points:5 Weight:0 Player: Payload:map[]}
[0;37m13:12:48[0m [0;34m[API_SERVER][0m [GIN] 2025/08/15 - 13:12:48 | 200 |     116.042µs |             ::1 | POST     "/api/go-workers/webhook/events"
[0;37m13:12:48[0m [0;34m[API_SERVER][0m [GIN] 2025/08/15 - 13:12:48 | 200 |     185.708µs |             ::1 | POST     "/api/go-workers/webhook/events"
[0;37m13:12:48[0m [0;32m[WORKERS][0m 2025/08/15 13:12:48 ✅ [Go Worker Debug] alice parsed message: {CaseID:wave-slay-1755256363609334000-8 EventStage: Status: Source:quest_wave QuestType:slay Difficulty:1 WorkSec:2 Points:5 Weight:0 Player: Payload:map[]}
[0;37m13:12:48[0m [0;34m[API_SERVER][0m [GIN] 2025/08/15 - 13:12:48 | 200 |      133.75µs |             ::1 | POST     "/api/go-workers/webhook/events"
[0;37m13:12:48[0m [0;34m[API_SERVER][0m [GIN] 2025/08/15 - 13:12:48 | 200 |      93.084µs |             ::1 | POST     "/api/go-workers/webhook/events"
[0;37m13:12:48[0m [0;32m[WORKERS][0m 2025/08/15 13:12:48 ✅ [Go Worker Debug] alice parsed message: {CaseID:wave-gather-1755256361245027000-4 EventStage: Status: Source:quest_wave QuestType:gather Difficulty:1 WorkSec:2 Points:5 Weight:0 Player: Payload:map[]}
[0;37m13:12:48[0m [0;34m[API_SERVER][0m [GIN] 2025/08/15 - 13:12:48 | 200 |        85.5µs |             ::1 | POST     "/api/go-workers/webhook/events"
[0;37m13:12:48[0m [0;34m[API_SERVER][0m [GIN] 2025/08/15 - 13:12:48 | 200 |     103.458µs |             ::1 | POST     "/api/go-workers/webhook/events"
[0;37m13:12:48[0m [0;32m[WORKERS][0m 2025/08/15 13:12:48 ✅ [Go Worker Debug] bob parsed message: {CaseID:wave-escort-1755256365047613000-3 EventStage: Status: Source:quest_wave QuestType:escort Difficulty:1 WorkSec:2 Points:5 Weight:0 Player: Payload:map[]}
[0;37m13:12:48[0m [0;34m[API_SERVER][0m [GIN] 2025/08/15 - 13:12:48 | 200 |     186.459µs |             ::1 | POST     "/api/go-workers/webhook/events"
[0;37m13:12:49[0m [0;34m[API_SERVER][0m [GIN] 2025/08/15 - 13:12:49 | 200 |     222.333µs |             ::1 | POST     "/api/go-workers/webhook/events"
[0;37m13:12:49[0m [0;32m[WORKERS][0m 2025/08/15 13:12:49 ✅ [Go Worker Debug] bob parsed message: {CaseID:wave-slay-1755256363711677000-9 EventStage: Status: Source:quest_wave QuestType:slay Difficulty:1 WorkSec:2 Points:5 Weight:0 Player: Payload:map[]}
[0;37m13:12:49[0m [0;34m[API_SERVER][0m [GIN] 2025/08/15 - 13:12:49 | 200 |     135.917µs |             ::1 | POST     "/api/go-workers/webhook/events"
[0;37m13:12:50[0m [0;34m[API_SERVER][0m [GIN] 2025/08/15 - 13:12:50 | 200 |     160.042µs |             ::1 | POST     "/api/go-workers/webhook/events"
[0;37m13:12:50[0m [0;32m[WORKERS][0m 2025/08/15 13:12:50 ✅ [Go Worker Debug] bob parsed message: {CaseID:wave-escort-1755256365149822000-4 EventStage: Status: Source:quest_wave QuestType:escort Difficulty:1 WorkSec:2 Points:5 Weight:0 Player: Payload:map[]}
[0;37m13:12:50[0m [0;34m[API_SERVER][0m [GIN] 2025/08/15 - 13:12:50 | 200 |      77.583µs |             ::1 | POST     "/api/go-workers/webhook/events"
[0;37m13:12:50[0m [0;32m[WORKERS][0m 2025/08/15 13:12:50 ✅ [Go Worker Debug] alice parsed message: {CaseID:wave-slay-1755256363814247000-10 EventStage: Status: Source:quest_wave QuestType:slay Difficulty:1 WorkSec:2 Points:5 Weight:0 Player: Payload:map[]}
[0;37m13:12:50[0m [0;34m[API_SERVER][0m [GIN] 2025/08/15 - 13:12:50 | 200 |     163.417µs |             ::1 | POST     "/api/go-workers/webhook/events"
[0;37m13:12:50[0m [0;34m[API_SERVER][0m [GIN] 2025/08/15 - 13:12:50 | 200 |      98.125µs |             ::1 | POST     "/api/go-workers/webhook/events"
[0;37m13:12:50[0m [0;34m[API_SERVER][0m [GIN] 2025/08/15 - 13:12:50 | 200 |     127.667µs |             ::1 | POST     "/api/go-workers/webhook/events"
[0;37m13:12:50[0m [0;32m[WORKERS][0m 2025/08/15 13:12:50 ✅ [Go Worker Debug] alice parsed message: {CaseID:wave-gather-1755256361347432000-5 EventStage: Status: Source:quest_wave QuestType:gather Difficulty:1 WorkSec:2 Points:5 Weight:0 Player: Payload:map[]}
[0;37m13:12:50[0m [0;34m[API_SERVER][0m [GIN] 2025/08/15 - 13:12:50 | 200 |      60.541µs |             ::1 | POST     "/api/go-workers/webhook/events"
[0;37m13:12:51[0m [0;34m[API_SERVER][0m [GIN] 2025/08/15 - 13:12:51 | 200 |     163.542µs |             ::1 | POST     "/api/go-workers/webhook/events"
[0;37m13:12:51[0m [0;32m[WORKERS][0m 2025/08/15 13:12:51 ✅ [Go Worker Debug] bob parsed message: {CaseID:wave-slay-1755256363917103000-11 EventStage: Status: Source:quest_wave QuestType:slay Difficulty:1 WorkSec:2 Points:5 Weight:0 Player: Payload:map[]}
[0;37m13:12:51[0m [0;34m[API_SERVER][0m [GIN] 2025/08/15 - 13:12:51 | 200 |      54.291µs |             ::1 | POST     "/api/go-workers/webhook/events"
[0;37m13:12:51[0m [0;34m[API_SERVER][0m [GIN] 2025/08/15 - 13:12:51 | 200 |      187.25µs |             ::1 | POST     "/api/go-workers/webhook/events"
[0;37m13:12:51[0m [0;32m[WORKERS][0m 2025/08/15 13:12:51 ✅ [Go Worker Debug] bob parsed message: {CaseID:wave-escort-1755256365253395000-5 EventStage: Status: Source:quest_wave QuestType:escort Difficulty:1 WorkSec:2 Points:5 Weight:0 Player: Payload:map[]}
[0;37m13:12:51[0m [0;34m[API_SERVER][0m [GIN] 2025/08/15 - 13:12:51 | 200 |     141.417µs |             ::1 | POST     "/api/go-workers/webhook/events"
[0;37m13:12:52[0m [0;34m[API_SERVER][0m [GIN] 2025/08/15 - 13:12:52 | 200 |     147.625µs |             ::1 | POST     "/api/go-workers/webhook/events"
[0;37m13:12:52[0m [0;32m[WORKERS][0m 2025/08/15 13:12:52 ✅ [Go Worker Debug] bob parsed message: {CaseID:wave-slay-1755256364021452000-12 EventStage: Status: Source:quest_wave QuestType:slay Difficulty:1 WorkSec:2 Points:5 Weight:0 Player: Payload:map[]}
[0;37m13:12:52[0m [0;34m[API_SERVER][0m [GIN] 2025/08/15 - 13:12:52 | 200 |      55.917µs |             ::1 | POST     "/api/go-workers/webhook/events"
[0;37m13:12:52[0m [0;34m[API_SERVER][0m [GIN] 2025/08/15 - 13:12:52 | 200 |      112.75µs |             ::1 | POST     "/api/go-workers/webhook/events"
[0;37m13:12:52[0m [0;32m[WORKERS][0m 2025/08/15 13:12:52 ✅ [Go Worker Debug] alice parsed message: {CaseID:wave-slay-1755256364124576000-13 EventStage: Status: Source:quest_wave QuestType:slay Difficulty:1 WorkSec:2 Points:5 Weight:0 Player: Payload:map[]}
[0;37m13:12:52[0m [0;34m[API_SERVER][0m [GIN] 2025/08/15 - 13:12:52 | 200 |      64.584µs |             ::1 | POST     "/api/go-workers/webhook/events"
[0;37m13:12:52[0m [0;32m[WORKERS][0m 2025/08/15 13:12:52 ✅ [Go Worker Debug] alice parsed message: {CaseID:wave-gather-1755256361452140000-6 EventStage: Status: Source:quest_wave QuestType:gather Difficulty:1 WorkSec:2 Points:5 Weight:0 Player: Payload:map[]}
[0;37m13:12:52[0m [0;34m[API_SERVER][0m [GIN] 2025/08/15 - 13:12:52 | 200 |     100.208µs |             ::1 | POST     "/api/go-workers/webhook/events"
[0;37m13:12:52[0m [0;34m[API_SERVER][0m [GIN] 2025/08/15 - 13:12:52 | 200 |      52.375µs |             ::1 | POST     "/api/go-workers/webhook/events"
[0;37m13:12:53[0m [0;34m[API_SERVER][0m [GIN] 2025/08/15 - 13:12:53 | 200 |     141.958µs |             ::1 | POST     "/api/go-workers/webhook/events"
[0;37m13:12:53[0m [0;32m[WORKERS][0m 2025/08/15 13:12:53 ✅ [Go Worker Debug] bob parsed message: {CaseID:wave-escort-1755256365356388000-6 EventStage: Status: Source:quest_wave QuestType:escort Difficulty:1 WorkSec:2 Points:5 Weight:0 Player: Payload:map[]}
[0;37m13:12:53[0m [0;34m[API_SERVER][0m [GIN] 2025/08/15 - 13:12:53 | 200 |          60µs |             ::1 | POST     "/api/go-workers/webhook/events"
[0;37m13:12:54[0m [0;34m[API_SERVER][0m [GIN] 2025/08/15 - 13:12:54 | 200 |      92.458µs |             ::1 | POST     "/api/go-workers/webhook/events"
[0;37m13:12:54[0m [0;32m[WORKERS][0m 2025/08/15 13:12:54 ✅ [Go Worker Debug] bob parsed message: {CaseID:wave-slay-1755256364227704000-14 EventStage: Status: Source:quest_wave QuestType:slay Difficulty:1 WorkSec:2 Points:5 Weight:0 Player: Payload:map[]}
[0;37m13:12:54[0m [0;34m[API_SERVER][0m [GIN] 2025/08/15 - 13:12:54 | 200 |      66.458µs |             ::1 | POST     "/api/go-workers/webhook/events"
[0;37m13:12:54[0m [0;34m[API_SERVER][0m [GIN] 2025/08/15 - 13:12:54 | 200 |     144.666µs |             ::1 | POST     "/api/go-workers/webhook/events"
[0;37m13:12:54[0m [0;32m[WORKERS][0m 2025/08/15 13:12:54 ✅ [Go Worker Debug] bob parsed message: {CaseID:wave-escort-1755256365458634000-7 EventStage: Status: Source:quest_wave QuestType:escort Difficulty:1 WorkSec:2 Points:5 Weight:0 Player: Payload:map[]}
[0;37m13:12:54[0m [0;34m[API_SERVER][0m [GIN] 2025/08/15 - 13:12:54 | 200 |      65.042µs |             ::1 | POST     "/api/go-workers/webhook/events"
[0;37m13:12:54[0m [0;32m[WORKERS][0m 2025/08/15 13:12:54 ✅ [Go Worker Debug] alice parsed message: {CaseID:wave-slay-1755256362891463000-1 EventStage:QUEST_COMPLETED Status:SUCCESS Source:go-worker:bob QuestType:slay Difficulty:1 WorkSec:0 Points:5 Weight:0 Player:bob Payload:map[]}
[0;37m13:12:54[0m [0;34m[API_SERVER][0m [GIN] 2025/08/15 - 13:12:54 | 200 |     191.875µs |             ::1 | POST     "/api/go-workers/webhook/events"
[0;37m13:12:54[0m [0;32m[WORKERS][0m 2025/08/15 13:12:54 ✅ [Go Worker Debug] alice parsed message: {CaseID:wave-slay-1755256364332123000-15 EventStage: Status: Source:quest_wave QuestType:slay Difficulty:1 WorkSec:2 Points:5 Weight:0 Player: Payload:map[]}
[0;37m13:12:54[0m [0;34m[API_SERVER][0m [GIN] 2025/08/15 - 13:12:54 | 200 |     366.584µs |             ::1 | POST     "/api/go-workers/webhook/events"
[0;37m13:12:54[0m [0;34m[API_SERVER][0m [GIN] 2025/08/15 - 13:12:54 | 200 |      89.083µs |             ::1 | POST     "/api/go-workers/webhook/events"
[0;37m13:12:54[0m [0;32m[WORKERS][0m 2025/08/15 13:12:54 ✅ [Go Worker Debug] alice parsed message: {CaseID:wave-gather-1755256361555032000-7 EventStage: Status: Source:quest_wave QuestType:gather Difficulty:1 WorkSec:2 Points:5 Weight:0 Player: Payload:map[]}
[0;37m13:12:54[0m [0;34m[API_SERVER][0m [GIN] 2025/08/15 - 13:12:54 | 200 |      59.625µs |             ::1 | POST     "/api/go-workers/webhook/events"
[0;37m13:12:55[0m [0;34m[API_SERVER][0m [GIN] 2025/08/15 - 13:12:55 | 200 |     135.709µs |             ::1 | POST     "/api/go-workers/webhook/events"
[0;37m13:12:55[0m [0;32m[WORKERS][0m 2025/08/15 13:12:55 ✅ [Go Worker Debug] bob parsed message: {CaseID:wave-slay-1755256364433529000-16 EventStage: Status: Source:quest_wave QuestType:slay Difficulty:1 WorkSec:2 Points:5 Weight:0 Player: Payload:map[]}
[0;37m13:12:55[0m [0;34m[API_SERVER][0m [GIN] 2025/08/15 - 13:12:55 | 200 |      56.166µs |             ::1 | POST     "/api/go-workers/webhook/events"
[0;37m13:12:55[0m [0;34m[API_SERVER][0m [GIN] 2025/08/15 - 13:12:55 | 200 |     125.792µs |             ::1 | POST     "/api/go-workers/webhook/events"
[0;37m13:12:55[0m [0;32m[WORKERS][0m 2025/08/15 13:12:55 ✅ [Go Worker Debug] bob parsed message: {CaseID:wave-escort-1755256365560337000-8 EventStage: Status: Source:quest_wave QuestType:escort Difficulty:1 WorkSec:2 Points:5 Weight:0 Player: Payload:map[]}
[0;37m13:12:55[0m [0;34m[API_SERVER][0m [GIN] 2025/08/15 - 13:12:55 | 200 |     105.959µs |             ::1 | POST     "/api/go-workers/webhook/events"
[0;37m13:12:56[0m [0;34m[API_SERVER][0m [GIN] 2025/08/15 - 13:12:56 | 200 |      353.25µs |             ::1 | POST     "/api/go-workers/webhook/events"
[0;37m13:12:56[0m [0;32m[WORKERS][0m 2025/08/15 13:12:56 ✅ [Go Worker Debug] alice parsed message: {CaseID:wave-slay-1755256364535755000-17 EventStage: Status: Source:quest_wave QuestType:slay Difficulty:1 WorkSec:2 Points:5 Weight:0 Player: Payload:map[]}
[0;37m13:12:56[0m [0;34m[API_SERVER][0m [GIN] 2025/08/15 - 13:12:56 | 200 |     127.167µs |             ::1 | POST     "/api/go-workers/webhook/events"
[0;37m13:12:56[0m [0;34m[API_SERVER][0m [GIN] 2025/08/15 - 13:12:56 | 200 |     118.958µs |             ::1 | POST     "/api/go-workers/webhook/events"
[0;37m13:12:56[0m [0;32m[WORKERS][0m 2025/08/15 13:12:56 ✅ [Go Worker Debug] alice parsed message: {CaseID:wave-gather-1755256361657642000-8 EventStage: Status: Source:quest_wave QuestType:gather Difficulty:1 WorkSec:2 Points:5 Weight:0 Player: Payload:map[]}
[0;37m13:12:56[0m [0;34m[API_SERVER][0m [GIN] 2025/08/15 - 13:12:56 | 200 |      81.292µs |             ::1 | POST     "/api/go-workers/webhook/events"
[0;37m13:12:56[0m [0;34m[API_SERVER][0m [GIN] 2025/08/15 - 13:12:56 | 200 |     135.375µs |             ::1 | POST     "/api/go-workers/webhook/events"
[0;37m13:12:56[0m [0;32m[WORKERS][0m 2025/08/15 13:12:56 ✅ [Go Worker Debug] bob parsed message: {CaseID:wave-slay-1755256364638638000-18 EventStage: Status: Source:quest_wave QuestType:slay Difficulty:1 WorkSec:2 Points:5 Weight:0 Player: Payload:map[]}
[0;37m13:12:56[0m [0;34m[API_SERVER][0m [GIN] 2025/08/15 - 13:12:56 | 200 |      64.958µs |             ::1 | POST     "/api/go-workers/webhook/events"
[0;37m13:12:57[0m [0;34m[API_SERVER][0m [GIN] 2025/08/15 - 13:12:57 | 200 |     183.833µs |             ::1 | POST     "/api/go-workers/webhook/events"
[0;37m13:12:57[0m [0;32m[WORKERS][0m 2025/08/15 13:12:57 ✅ [Go Worker Debug] bob parsed message: {CaseID:wave-escort-1755256365662597000-9 EventStage: Status: Source:quest_wave QuestType:escort Difficulty:1 WorkSec:2 Points:5 Weight:0 Player: Payload:map[]}
[0;37m13:12:57[0m [0;34m[API_SERVER][0m [GIN] 2025/08/15 - 13:12:57 | 200 |      94.041µs |             ::1 | POST     "/api/go-workers/webhook/events"
[0;37m13:12:58[0m [0;34m[API_SERVER][0m [GIN] 2025/08/15 - 13:12:58 | 200 |     193.584µs |             ::1 | POST     "/api/go-workers/webhook/events"
[0;37m13:12:58[0m [0;32m[WORKERS][0m 2025/08/15 13:12:58 ✅ [Go Worker Debug] bob parsed message: {CaseID:wave-slay-1755256364741167000-19 EventStage: Status: Source:quest_wave QuestType:slay Difficulty:1 WorkSec:2 Points:5 Weight:0 Player: Payload:map[]}
[0;37m13:12:58[0m [0;34m[API_SERVER][0m [GIN] 2025/08/15 - 13:12:58 | 200 |      96.584µs |             ::1 | POST     "/api/go-workers/webhook/events"
[0;37m13:12:58[0m [0;32m[WORKERS][0m 2025/08/15 13:12:58 ✅ [Go Worker Debug] bob parsed message: {CaseID:wave-escort-1755256365765192000-10 EventStage: Status: Source:quest_wave QuestType:escort Difficulty:1 WorkSec:2 Points:5 Weight:0 Player: Payload:map[]}
[0;37m13:12:58[0m [0;34m[API_SERVER][0m [GIN] 2025/08/15 - 13:12:58 | 200 |     152.625µs |             ::1 | POST     "/api/go-workers/webhook/events"
[0;37m13:12:58[0m [0;34m[API_SERVER][0m [GIN] 2025/08/15 - 13:12:58 | 200 |     218.542µs |             ::1 | POST     "/api/go-workers/webhook/events"
[0;37m13:12:58[0m [0;34m[API_SERVER][0m [GIN] 2025/08/15 - 13:12:58 | 200 |      103.25µs |             ::1 | POST     "/api/go-workers/webhook/events"
[0;37m13:12:58[0m [0;32m[WORKERS][0m 2025/08/15 13:12:58 ✅ [Go Worker Debug] alice parsed message: {CaseID:wave-slay-1755256362789589000-0 EventStage:QUEST_COMPLETED Status:SUCCESS Source:go-worker:alice QuestType:slay Difficulty:1 WorkSec:0 Points:5 Weight:0 Player:alice Payload:map[]}
[0;37m13:12:58[0m [0;32m[WORKERS][0m 2025/08/15 13:12:58 ✅ [Go Worker Debug] alice parsed message: {CaseID:wave-slay-1755256362993497000-2 EventStage:QUEST_COMPLETED Status:SUCCESS Source:go-worker:bob QuestType:slay Difficulty:1 WorkSec:0 Points:5 Weight:0 Player:bob Payload:map[]}
[0;37m13:12:58[0m [0;32m[WORKERS][0m 2025/08/15 13:12:58 ✅ [Go Worker Debug] alice parsed message: {CaseID:wave-slay-1755256363197739000-4 EventStage:QUEST_COMPLETED Status:SUCCESS Source:go-worker:bob QuestType:slay Difficulty:1 WorkSec:0 Points:5 Weight:0 Player:bob Payload:map[]}
[0;37m13:12:58[0m [0;32m[WORKERS][0m 2025/08/15 13:12:58 ✅ [Go Worker Debug] alice parsed message: {CaseID:wave-slay-1755256363404092000-6 EventStage:QUEST_COMPLETED Status:SUCCESS Source:go-worker:bob QuestType:slay Difficulty:1 WorkSec:0 Points:5 Weight:0 Player:bob Payload:map[]}
[0;37m13:12:58[0m [0;32m[WORKERS][0m 2025/08/15 13:12:58 ✅ [Go Worker Debug] alice parsed message: {CaseID:wave-slay-1755256363299889000-5 EventStage:QUEST_COMPLETED Status:SUCCESS Source:go-worker:alice QuestType:slay Difficulty:1 WorkSec:0 Points:5 Weight:0 Player:alice Payload:map[]}
[0;37m13:12:58[0m [0;32m[WORKERS][0m 2025/08/15 13:12:58 ✅ [Go Worker Debug] alice parsed message: {CaseID:wave-slay-1755256363506112000-7 EventStage:QUEST_COMPLETED Status:SUCCESS Source:go-worker:bob QuestType:slay Difficulty:1 WorkSec:0 Points:5 Weight:0 Player:bob Payload:map[]}
[0;37m13:12:58[0m [0;32m[WORKERS][0m 2025/08/15 13:12:58 ✅ [Go Worker Debug] alice parsed message: {CaseID:wave-slay-1755256363711677000-9 EventStage:QUEST_COMPLETED Status:SUCCESS Source:go-worker:bob QuestType:slay Difficulty:1 WorkSec:0 Points:5 Weight:0 Player:bob Payload:map[]}
[0;37m13:12:58[0m [0;32m[WORKERS][0m 2025/08/15 13:12:58 ✅ [Go Worker Debug] alice parsed message: {CaseID:wave-slay-1755256363917103000-11 EventStage:QUEST_COMPLETED Status:SUCCESS Source:go-worker:bob QuestType:slay Difficulty:1 WorkSec:0 Points:5 Weight:0 Player:bob Payload:map[]}
[0;37m13:12:58[0m [0;32m[WORKERS][0m 2025/08/15 13:12:58 ✅ [Go Worker Debug] alice parsed message: {CaseID:wave-slay-1755256363814247000-10 EventStage:QUEST_COMPLETED Status:SUCCESS Source:go-worker:alice QuestType:slay Difficulty:1 WorkSec:0 Points:5 Weight:0 Player:alice Payload:map[]}
[0;37m13:12:58[0m [0;32m[WORKERS][0m 2025/08/15 13:12:58 ✅ [Go Worker Debug] alice parsed message: {CaseID:wave-slay-1755256364021452000-12 EventStage:QUEST_COMPLETED Status:SUCCESS Source:go-worker:bob QuestType:slay Difficulty:1 WorkSec:0 Points:5 Weight:0 Player:bob Payload:map[]}
[0;37m13:12:58[0m [0;32m[WORKERS][0m 2025/08/15 13:12:58 ✅ [Go Worker Debug] alice parsed message: {CaseID:wave-slay-1755256364124576000-13 EventStage:QUEST_COMPLETED Status:SUCCESS Source:go-worker:alice QuestType:slay Difficulty:1 WorkSec:0 Points:5 Weight:0 Player:alice Payload:map[]}
[0;37m13:12:58[0m [0;32m[WORKERS][0m 2025/08/15 13:12:58 ✅ [Go Worker Debug] alice parsed message: {CaseID:wave-slay-1755256364433529000-16 EventStage:QUEST_COMPLETED Status:SUCCESS Source:go-worker:bob QuestType:slay Difficulty:1 WorkSec:0 Points:5 Weight:0 Player:bob Payload:map[]}
[0;37m13:12:58[0m [0;32m[WORKERS][0m 2025/08/15 13:12:58 ✅ [Go Worker Debug] alice parsed message: {CaseID:wave-slay-1755256364638638000-18 EventStage:QUEST_COMPLETED Status:SUCCESS Source:go-worker:bob QuestType:slay Difficulty:1 WorkSec:0 Points:5 Weight:0 Player:bob Payload:map[]}
[0;37m13:12:58[0m [0;32m[WORKERS][0m 2025/08/15 13:12:58 ✅ [Go Worker Debug] alice parsed message: {CaseID:wave-slay-1755256364535755000-17 EventStage:QUEST_COMPLETED Status:SUCCESS Source:go-worker:alice QuestType:slay Difficulty:1 WorkSec:0 Points:5 Weight:0 Player:alice Payload:map[]}
[0;37m13:12:58[0m [0;34m[API_SERVER][0m [GIN] 2025/08/15 - 13:12:58 | 200 |          89µs |             ::1 | POST     "/api/go-workers/webhook/events"
[0;37m13:12:58[0m [0;32m[WORKERS][0m 2025/08/15 13:12:58 ✅ [Go Worker Debug] alice parsed message: {CaseID:wave-gather-1755256361760205000-9 EventStage: Status: Source:quest_wave QuestType:gather Difficulty:1 WorkSec:2 Points:5 Weight:0 Player: Payload:map[]}
[0;37m13:12:58[0m [0;34m[API_SERVER][0m [GIN] 2025/08/15 - 13:12:58 | 200 |      45.792µs |             ::1 | POST     "/api/go-workers/webhook/events"
[0;37m13:12:59[0m [0;34m[API_SERVER][0m [GIN] 2025/08/15 - 13:12:59 | 200 |      93.209µs |             ::1 | POST     "/api/go-workers/webhook/events"
[0;37m13:12:59[0m [0;32m[WORKERS][0m 2025/08/15 13:12:59 ✅ [Go Worker Debug] alice parsed message: {CaseID:wave-slay-1755256364741167000-19 EventStage:QUEST_COMPLETED Status:SUCCESS Source:go-worker:bob QuestType:slay Difficulty:1 WorkSec:0 Points:5 Weight:0 Player:bob Payload:map[]}
[0;37m13:13:00[0m [0;32m[WORKERS][0m 2025/08/15 13:13:00 ✅ [Go Worker Debug] bob parsed message: {CaseID:wave-escort-1755256365867514000-11 EventStage: Status: Source:quest_wave QuestType:escort Difficulty:1 WorkSec:2 Points:5 Weight:0 Player: Payload:map[]}
[0;37m13:13:00[0m [0;34m[API_SERVER][0m [GIN] 2025/08/15 - 13:13:00 | 200 |     234.292µs |             ::1 | POST     "/api/go-workers/webhook/events"
[0;37m13:13:00[0m [0;34m[API_SERVER][0m [GIN] 2025/08/15 - 13:13:00 | 200 |     105.167µs |             ::1 | POST     "/api/go-workers/webhook/events"
[0;37m13:13:00[0m [0;34m[API_SERVER][0m [GIN] 2025/08/15 - 13:13:00 | 200 |     109.292µs |             ::1 | POST     "/api/go-workers/webhook/events"
[0;37m13:13:00[0m [0;32m[WORKERS][0m 2025/08/15 13:13:00 ✅ [Go Worker Debug] alice parsed message: {CaseID:wave-gather-1755256361862972000-10 EventStage: Status: Source:quest_wave QuestType:gather Difficulty:1 WorkSec:2 Points:5 Weight:0 Player: Payload:map[]}
[0;37m13:13:00[0m [0;34m[API_SERVER][0m [GIN] 2025/08/15 - 13:13:00 | 200 |      79.709µs |             ::1 | POST     "/api/go-workers/webhook/events"
[0;37m13:13:01[0m [0;34m[API_SERVER][0m [GIN] 2025/08/15 - 13:13:01 | 200 |     104.208µs |             ::1 | POST     "/api/go-workers/webhook/events"
[0;37m13:13:01[0m [0;32m[WORKERS][0m 2025/08/15 13:13:01 ✅ [Go Worker Debug] bob parsed message: {CaseID:wave-escort-1755256365969622000-12 EventStage: Status: Source:quest_wave QuestType:escort Difficulty:1 WorkSec:2 Points:5 Weight:0 Player: Payload:map[]}
[0;37m13:13:01[0m [0;34m[API_SERVER][0m [GIN] 2025/08/15 - 13:13:01 | 200 |      54.292µs |             ::1 | POST     "/api/go-workers/webhook/events"
[0;37m13:13:02[0m [0;34m[API_SERVER][0m [GIN] 2025/08/15 - 13:13:02 | 200 |     125.875µs |             ::1 | POST     "/api/go-workers/webhook/events"
[0;37m13:13:02[0m [0;32m[WORKERS][0m 2025/08/15 13:13:02 ✅ [Go Worker Debug] alice parsed message: {CaseID:wave-gather-1755256361965211000-11 EventStage: Status: Source:quest_wave QuestType:gather Difficulty:1 WorkSec:2 Points:5 Weight:0 Player: Payload:map[]}
[0;37m13:13:02[0m [0;34m[API_SERVER][0m [GIN] 2025/08/15 - 13:13:02 | 200 |      84.292µs |             ::1 | POST     "/api/go-workers/webhook/events"
[0;37m13:13:02[0m [0;34m[API_SERVER][0m [GIN] 2025/08/15 - 13:13:02 | 200 |     109.042µs |             ::1 | POST     "/api/go-workers/webhook/events"
[0;37m13:13:02[0m [0;32m[WORKERS][0m 2025/08/15 13:13:02 ✅ [Go Worker Debug] bob parsed message: {CaseID:wave-escort-1755256366074070000-13 EventStage: Status: Source:quest_wave QuestType:escort Difficulty:1 WorkSec:2 Points:5 Weight:0 Player: Payload:map[]}
[0;37m13:13:02[0m [0;34m[API_SERVER][0m [GIN] 2025/08/15 - 13:13:02 | 200 |      61.458µs |             ::1 | POST     "/api/go-workers/webhook/events"
[0;37m13:13:04[0m [0;34m[API_SERVER][0m [GIN] 2025/08/15 - 13:13:04 | 200 |     154.583µs |             ::1 | POST     "/api/go-workers/webhook/events"
[0;37m13:13:04[0m [0;32m[WORKERS][0m 2025/08/15 13:13:04 ✅ [Go Worker Debug] bob parsed message: {CaseID:wave-escort-1755256364742250000-0 EventStage:QUEST_COMPLETED Status:SUCCESS Source:go-worker:bob QuestType:escort Difficulty:1 WorkSec:0 Points:5 Weight:0 Player:bob Payload:map[]}
[0;37m13:13:04[0m [0;32m[WORKERS][0m 2025/08/15 13:13:04 ✅ [Go Worker Debug] bob parsed message: {CaseID:wave-escort-1755256366177086000-14 EventStage: Status: Source:quest_wave QuestType:escort Difficulty:1 WorkSec:2 Points:5 Weight:0 Player: Payload:map[]}
[0;37m13:13:04[0m [0;34m[API_SERVER][0m [GIN] 2025/08/15 - 13:13:04 | 200 |       101.5µs |             ::1 | POST     "/api/go-workers/webhook/events"
[0;37m13:13:04[0m [0;34m[API_SERVER][0m [GIN] 2025/08/15 - 13:13:04 | 200 |     138.708µs |             ::1 | POST     "/api/go-workers/webhook/events"
[0;37m13:13:04[0m [0;32m[WORKERS][0m 2025/08/15 13:13:04 ✅ [Go Worker Debug] alice parsed message: {CaseID:wave-gather-1755256362068534000-12 EventStage: Status: Source:quest_wave QuestType:gather Difficulty:1 WorkSec:2 Points:5 Weight:0 Player: Payload:map[]}
[0;37m13:13:04[0m [0;34m[API_SERVER][0m [GIN] 2025/08/15 - 13:13:04 | 200 |     119.709µs |             ::1 | POST     "/api/go-workers/webhook/events"
[0;37m13:13:05[0m [0;34m[API_SERVER][0m [GIN] 2025/08/15 - 13:13:05 | 200 |      95.666µs |             ::1 | POST     "/api/go-workers/webhook/events"
[0;37m13:13:05[0m [0;32m[WORKERS][0m 2025/08/15 13:13:05 ✅ [Go Worker Debug] bob parsed message: {CaseID:wave-escort-1755256366279697000-15 EventStage: Status: Source:quest_wave QuestType:escort Difficulty:1 WorkSec:2 Points:5 Weight:0 Player: Payload:map[]}
[0;37m13:13:05[0m [0;34m[API_SERVER][0m [GIN] 2025/08/15 - 13:13:05 | 200 |      41.625µs |             ::1 | POST     "/api/go-workers/webhook/events"
[0;37m13:13:06[0m [0;34m[API_SERVER][0m [GIN] 2025/08/15 - 13:13:06 | 200 |     293.583µs |             ::1 | POST     "/api/go-workers/webhook/events"
[0;37m13:13:06[0m [0;32m[WORKERS][0m 2025/08/15 13:13:06 ✅ [Go Worker Debug] alice parsed message: {CaseID:wave-gather-1755256362171656000-13 EventStage: Status: Source:quest_wave QuestType:gather Difficulty:1 WorkSec:2 Points:5 Weight:0 Player: Payload:map[]}
[0;37m13:13:06[0m [0;34m[API_SERVER][0m [GIN] 2025/08/15 - 13:13:06 | 200 |     239.583µs |             ::1 | POST     "/api/go-workers/webhook/events"
[0;37m13:13:07[0m [0;34m[API_SERVER][0m [GIN] 2025/08/15 - 13:13:07 | 200 |     219.917µs |             ::1 | POST     "/api/go-workers/webhook/events"
[0;37m13:13:07[0m [0;32m[WORKERS][0m 2025/08/15 13:13:07 ✅ [Go Worker Debug] bob parsed message: {CaseID:wave-escort-1755256366382616000-16 EventStage: Status: Source:quest_wave QuestType:escort Difficulty:1 WorkSec:2 Points:5 Weight:0 Player: Payload:map[]}
[0;37m13:13:07[0m [0;34m[API_SERVER][0m [GIN] 2025/08/15 - 13:13:07 | 200 |     156.666µs |             ::1 | POST     "/api/go-workers/webhook/events"
[0;37m13:13:08[0m [0;34m[API_SERVER][0m [GIN] 2025/08/15 - 13:13:08 | 200 |     224.125µs |             ::1 | POST     "/api/go-workers/webhook/events"
[0;37m13:13:08[0m [0;32m[WORKERS][0m 2025/08/15 13:13:08 ✅ [Go Worker Debug] bob parsed message: {CaseID:wave-escort-1755256366484778000-17 EventStage: Status: Source:quest_wave QuestType:escort Difficulty:1 WorkSec:2 Points:5 Weight:0 Player: Payload:map[]}
[0;37m13:13:08[0m [0;34m[API_SERVER][0m [GIN] 2025/08/15 - 13:13:08 | 200 |     241.375µs |             ::1 | POST     "/api/go-workers/webhook/events"
[0;37m13:13:08[0m [0;34m[API_SERVER][0m [GIN] 2025/08/15 - 13:13:08 | 200 |      89.958µs |             ::1 | POST     "/api/go-workers/webhook/events"
[0;37m13:13:08[0m [0;32m[WORKERS][0m 2025/08/15 13:13:08 ✅ [Go Worker Debug] alice parsed message: {CaseID:wave-gather-1755256362274685000-14 EventStage: Status: Source:quest_wave QuestType:gather Difficulty:1 WorkSec:2 Points:5 Weight:0 Player: Payload:map[]}
[0;37m13:13:08[0m [0;34m[API_SERVER][0m [GIN] 2025/08/15 - 13:13:08 | 200 |      49.208µs |             ::1 | POST     "/api/go-workers/webhook/events"
[0;37m13:13:10[0m [0;34m[API_SERVER][0m [GIN] 2025/08/15 - 13:13:10 | 200 |     109.417µs |             ::1 | POST     "/api/go-workers/webhook/events"
[0;37m13:13:10[0m [0;32m[WORKERS][0m 2025/08/15 13:13:10 ✅ [Go Worker Debug] bob parsed message: {CaseID:wave-escort-1755256366588043000-18 EventStage: Status: Source:quest_wave QuestType:escort Difficulty:1 WorkSec:2 Points:5 Weight:0 Player: Payload:map[]}
[0;37m13:13:10[0m [0;34m[API_SERVER][0m [GIN] 2025/08/15 - 13:13:10 | 200 |      65.875µs |             ::1 | POST     "/api/go-workers/webhook/events"
[0;37m13:13:10[0m [0;34m[API_SERVER][0m [GIN] 2025/08/15 - 13:13:10 | 200 |      91.959µs |             ::1 | POST     "/api/go-workers/webhook/events"
[0;37m13:13:10[0m [0;32m[WORKERS][0m 2025/08/15 13:13:10 ✅ [Go Worker Debug] alice parsed message: {CaseID:wave-gather-1755256362377549000-15 EventStage: Status: Source:quest_wave QuestType:gather Difficulty:1 WorkSec:2 Points:5 Weight:0 Player: Payload:map[]}
[0;37m13:13:10[0m [0;34m[API_SERVER][0m [GIN] 2025/08/15 - 13:13:10 | 200 |     128.084µs |             ::1 | POST     "/api/go-workers/webhook/events"
[0;37m13:13:11[0m [0;34m[API_SERVER][0m [GIN] 2025/08/15 - 13:13:11 | 200 |     207.417µs |             ::1 | POST     "/api/go-workers/webhook/events"
[0;37m13:13:11[0m [0;32m[WORKERS][0m 2025/08/15 13:13:11 ✅ [Go Worker Debug] bob parsed message: {CaseID:wave-escort-1755256366690950000-19 EventStage: Status: Source:quest_wave QuestType:escort Difficulty:1 WorkSec:2 Points:5 Weight:0 Player: Payload:map[]}
[0;37m13:13:11[0m [0;34m[API_SERVER][0m [GIN] 2025/08/15 - 13:13:11 | 200 |      80.959µs |             ::1 | POST     "/api/go-workers/webhook/events"
[0;37m13:13:12[0m [0;32m[WORKERS][0m 2025/08/15 13:13:12 ✅ [Go Worker Debug] bob parsed message: {CaseID:wave-escort-1755256364842913000-1 EventStage:QUEST_COMPLETED Status:SUCCESS Source:go-worker:bob QuestType:escort Difficulty:1 WorkSec:0 Points:5 Weight:0 Player:bob Payload:map[]}
[0;37m13:13:12[0m [0;34m[API_SERVER][0m [GIN] 2025/08/15 - 13:13:12 | 200 |     136.542µs |             ::1 | POST     "/api/go-workers/webhook/events"
[0;37m13:13:12[0m [0;32m[WORKERS][0m 2025/08/15 13:13:12 ✅ [Go Worker Debug] bob parsed message: {CaseID:wave-escort-1755256365047613000-3 EventStage:QUEST_COMPLETED Status:SUCCESS Source:go-worker:bob QuestType:escort Difficulty:1 WorkSec:0 Points:5 Weight:0 Player:bob Payload:map[]}
[0;37m13:13:12[0m [0;32m[WORKERS][0m 2025/08/15 13:13:12 ✅ [Go Worker Debug] bob parsed message: {CaseID:wave-escort-1755256365149822000-4 EventStage:QUEST_COMPLETED Status:SUCCESS Source:go-worker:bob QuestType:escort Difficulty:1 WorkSec:0 Points:5 Weight:0 Player:bob Payload:map[]}
[0;37m13:13:12[0m [0;32m[WORKERS][0m 2025/08/15 13:13:12 ✅ [Go Worker Debug] bob parsed message: {CaseID:wave-escort-1755256365253395000-5 EventStage:QUEST_COMPLETED Status:SUCCESS Source:go-worker:bob QuestType:escort Difficulty:1 WorkSec:0 Points:5 Weight:0 Player:bob Payload:map[]}
[0;37m13:13:12[0m [0;32m[WORKERS][0m 2025/08/15 13:13:12 ✅ [Go Worker Debug] bob parsed message: {CaseID:wave-escort-1755256365356388000-6 EventStage:QUEST_COMPLETED Status:SUCCESS Source:go-worker:bob QuestType:escort Difficulty:1 WorkSec:0 Points:5 Weight:0 Player:bob Payload:map[]}
[0;37m13:13:12[0m [0;32m[WORKERS][0m 2025/08/15 13:13:12 ✅ [Go Worker Debug] bob parsed message: {CaseID:wave-escort-1755256365458634000-7 EventStage:QUEST_COMPLETED Status:SUCCESS Source:go-worker:bob QuestType:escort Difficulty:1 WorkSec:0 Points:5 Weight:0 Player:bob Payload:map[]}
[0;37m13:13:12[0m [0;32m[WORKERS][0m 2025/08/15 13:13:12 ✅ [Go Worker Debug] bob parsed message: {CaseID:wave-escort-1755256365662597000-9 EventStage:QUEST_COMPLETED Status:SUCCESS Source:go-worker:bob QuestType:escort Difficulty:1 WorkSec:0 Points:5 Weight:0 Player:bob Payload:map[]}
[0;37m13:13:12[0m [0;32m[WORKERS][0m 2025/08/15 13:13:12 ✅ [Go Worker Debug] bob parsed message: {CaseID:wave-escort-1755256365765192000-10 EventStage:QUEST_COMPLETED Status:SUCCESS Source:go-worker:bob QuestType:escort Difficulty:1 WorkSec:0 Points:5 Weight:0 Player:bob Payload:map[]}
[0;37m13:13:12[0m [0;32m[WORKERS][0m 2025/08/15 13:13:12 ✅ [Go Worker Debug] bob parsed message: {CaseID:wave-escort-1755256365867514000-11 EventStage:QUEST_COMPLETED Status:SUCCESS Source:go-worker:bob QuestType:escort Difficulty:1 WorkSec:0 Points:5 Weight:0 Player:bob Payload:map[]}
[0;37m13:13:12[0m [0;32m[WORKERS][0m 2025/08/15 13:13:12 ✅ [Go Worker Debug] bob parsed message: {CaseID:wave-escort-1755256365969622000-12 EventStage:QUEST_COMPLETED Status:SUCCESS Source:go-worker:bob QuestType:escort Difficulty:1 WorkSec:0 Points:5 Weight:0 Player:bob Payload:map[]}
[0;37m13:13:12[0m [0;32m[WORKERS][0m 2025/08/15 13:13:12 ✅ [Go Worker Debug] bob parsed message: {CaseID:wave-escort-1755256366074070000-13 EventStage:QUEST_COMPLETED Status:SUCCESS Source:go-worker:bob QuestType:escort Difficulty:1 WorkSec:0 Points:5 Weight:0 Player:bob Payload:map[]}
[0;37m13:13:12[0m [0;32m[WORKERS][0m 2025/08/15 13:13:12 ✅ [Go Worker Debug] bob parsed message: {CaseID:wave-escort-1755256366279697000-15 EventStage:QUEST_COMPLETED Status:SUCCESS Source:go-worker:bob QuestType:escort Difficulty:1 WorkSec:0 Points:5 Weight:0 Player:bob Payload:map[]}
[0;37m13:13:12[0m [0;32m[WORKERS][0m 2025/08/15 13:13:12 ✅ [Go Worker Debug] bob parsed message: {CaseID:wave-escort-1755256366382616000-16 EventStage:QUEST_COMPLETED Status:SUCCESS Source:go-worker:bob QuestType:escort Difficulty:1 WorkSec:0 Points:5 Weight:0 Player:bob Payload:map[]}
[0;37m13:13:12[0m [0;32m[WORKERS][0m 2025/08/15 13:13:12 ✅ [Go Worker Debug] bob parsed message: {CaseID:wave-escort-1755256366484778000-17 EventStage:QUEST_COMPLETED Status:SUCCESS Source:go-worker:bob QuestType:escort Difficulty:1 WorkSec:0 Points:5 Weight:0 Player:bob Payload:map[]}
[0;37m13:13:12[0m [0;32m[WORKERS][0m 2025/08/15 13:13:12 ✅ [Go Worker Debug] bob parsed message: {CaseID:wave-escort-1755256366588043000-18 EventStage:QUEST_COMPLETED Status:SUCCESS Source:go-worker:bob QuestType:escort Difficulty:1 WorkSec:0 Points:5 Weight:0 Player:bob Payload:map[]}
[0;37m13:13:12[0m [0;32m[WORKERS][0m 2025/08/15 13:13:12 ✅ [Go Worker Debug] bob parsed message: {CaseID:wave-escort-1755256366690950000-19 EventStage:QUEST_COMPLETED Status:SUCCESS Source:go-worker:bob QuestType:escort Difficulty:1 WorkSec:0 Points:5 Weight:0 Player:bob Payload:map[]}
[0;37m13:13:12[0m [0;34m[API_SERVER][0m [GIN] 2025/08/15 - 13:13:12 | 200 |      74.167µs |             ::1 | POST     "/api/go-workers/webhook/events"
[0;37m13:13:12[0m [0;32m[WORKERS][0m 2025/08/15 13:13:12 ✅ [Go Worker Debug] alice parsed message: {CaseID:wave-gather-1755256362480330000-16 EventStage: Status: Source:quest_wave QuestType:gather Difficulty:1 WorkSec:2 Points:5 Weight:0 Player: Payload:map[]}
[0;37m13:13:12[0m [0;34m[API_SERVER][0m [GIN] 2025/08/15 - 13:13:12 | 200 |      43.375µs |             ::1 | POST     "/api/go-workers/webhook/events"
[0;37m13:13:14[0m [0;34m[API_SERVER][0m [GIN] 2025/08/15 - 13:13:14 | 200 |     118.167µs |             ::1 | POST     "/api/go-workers/webhook/events"
[0;37m13:13:14[0m [0;32m[WORKERS][0m 2025/08/15 13:13:14 ✅ [Go Worker Debug] alice parsed message: {CaseID:wave-gather-1755256362582507000-17 EventStage: Status: Source:quest_wave QuestType:gather Difficulty:1 WorkSec:2 Points:5 Weight:0 Player: Payload:map[]}
[0;37m13:13:14[0m [0;34m[API_SERVER][0m [GIN] 2025/08/15 - 13:13:14 | 200 |      70.917µs |             ::1 | POST     "/api/go-workers/webhook/events"
[0;37m13:13:16[0m [0;34m[API_SERVER][0m [GIN] 2025/08/15 - 13:13:16 | 200 |     115.458µs |             ::1 | POST     "/api/go-workers/webhook/events"
[0;37m13:13:16[0m [0;32m[WORKERS][0m 2025/08/15 13:13:16 ✅ [Go Worker Debug] alice parsed message: {CaseID:wave-gather-1755256362685780000-18 EventStage: Status: Source:quest_wave QuestType:gather Difficulty:1 WorkSec:2 Points:5 Weight:0 Player: Payload:map[]}
[0;37m13:13:16[0m [0;34m[API_SERVER][0m [GIN] 2025/08/15 - 13:13:16 | 200 |      59.209µs |             ::1 | POST     "/api/go-workers/webhook/events"
[0;37m13:13:18[0m [0;34m[API_SERVER][0m [GIN] 2025/08/15 - 13:13:18 | 200 |         262µs |             ::1 | POST     "/api/go-workers/webhook/events"
[0;37m13:13:18[0m [0;32m[WORKERS][0m 2025/08/15 13:13:18 ✅ [Go Worker Debug] alice parsed message: {CaseID:wave-gather-1755256362788510000-19 EventStage: Status: Source:quest_wave QuestType:gather Difficulty:1 WorkSec:2 Points:5 Weight:0 Player: Payload:map[]}
[0;37m13:13:18[0m [0;34m[API_SERVER][0m [GIN] 2025/08/15 - 13:13:18 | 200 |     198.083µs |             ::1 | POST     "/api/go-workers/webhook/events"
[0;37m13:13:20[0m [0;34m[API_SERVER][0m [GIN] 2025/08/15 - 13:13:20 | 200 |     139.708µs |             ::1 | POST     "/api/go-workers/webhook/events"
[0;37m13:13:20[0m [0;32m[WORKERS][0m 2025/08/15 13:13:20 ✅ [Go Worker Debug] alice parsed message: {CaseID:wave-gather-1755256360835879000-0 EventStage:QUEST_COMPLETED Status:SUCCESS Source:go-worker:alice QuestType:gather Difficulty:1 WorkSec:0 Points:5 Weight:0 Player:alice Payload:map[]}
[0;37m13:13:20[0m [0;32m[WORKERS][0m 2025/08/15 13:13:20 ✅ [Go Worker Debug] alice parsed message: {CaseID:wave-gather-1755256360938404000-1 EventStage:QUEST_COMPLETED Status:SUCCESS Source:go-worker:alice QuestType:gather Difficulty:1 WorkSec:0 Points:5 Weight:0 Player:alice Payload:map[]}
[0;37m13:13:20[0m [0;32m[WORKERS][0m 2025/08/15 13:13:20 ✅ [Go Worker Debug] alice parsed message: {CaseID:wave-gather-1755256361040893000-2 EventStage:QUEST_COMPLETED Status:SUCCESS Source:go-worker:alice QuestType:gather Difficulty:1 WorkSec:0 Points:5 Weight:0 Player:alice Payload:map[]}
[0;37m13:13:20[0m [0;32m[WORKERS][0m 2025/08/15 13:13:20 ✅ [Go Worker Debug] alice parsed message: {CaseID:wave-gather-1755256361143313000-3 EventStage:QUEST_COMPLETED Status:SUCCESS Source:go-worker:alice QuestType:gather Difficulty:1 WorkSec:0 Points:5 Weight:0 Player:alice Payload:map[]}
[0;37m13:13:20[0m [0;32m[WORKERS][0m 2025/08/15 13:13:20 ✅ [Go Worker Debug] alice parsed message: {CaseID:wave-gather-1755256361245027000-4 EventStage:QUEST_COMPLETED Status:SUCCESS Source:go-worker:alice QuestType:gather Difficulty:1 WorkSec:0 Points:5 Weight:0 Player:alice Payload:map[]}
[0;37m13:13:20[0m [0;32m[WORKERS][0m 2025/08/15 13:13:20 ✅ [Go Worker Debug] alice parsed message: {CaseID:wave-gather-1755256361347432000-5 EventStage:QUEST_COMPLETED Status:SUCCESS Source:go-worker:alice QuestType:gather Difficulty:1 WorkSec:0 Points:5 Weight:0 Player:alice Payload:map[]}
[0;37m13:13:20[0m [0;32m[WORKERS][0m 2025/08/15 13:13:20 ✅ [Go Worker Debug] alice parsed message: {CaseID:wave-gather-1755256361657642000-8 EventStage:QUEST_COMPLETED Status:SUCCESS Source:go-worker:alice QuestType:gather Difficulty:1 WorkSec:0 Points:5 Weight:0 Player:alice Payload:map[]}
[0;37m13:13:20[0m [0;32m[WORKERS][0m 2025/08/15 13:13:20 ✅ [Go Worker Debug] alice parsed message: {CaseID:wave-gather-1755256361862972000-10 EventStage:QUEST_COMPLETED Status:SUCCESS Source:go-worker:alice QuestType:gather Difficulty:1 WorkSec:0 Points:5 Weight:0 Player:alice Payload:map[]}
[0;37m13:13:20[0m [0;32m[WORKERS][0m 2025/08/15 13:13:20 ✅ [Go Worker Debug] alice parsed message: {CaseID:wave-gather-1755256361965211000-11 EventStage:QUEST_COMPLETED Status:SUCCESS Source:go-worker:alice QuestType:gather Difficulty:1 WorkSec:0 Points:5 Weight:0 Player:alice Payload:map[]}
[0;37m13:13:20[0m [0;32m[WORKERS][0m 2025/08/15 13:13:20 ✅ [Go Worker Debug] alice parsed message: {CaseID:wave-gather-1755256362068534000-12 EventStage:QUEST_COMPLETED Status:SUCCESS Source:go-worker:alice QuestType:gather Difficulty:1 WorkSec:0 Points:5 Weight:0 Player:alice Payload:map[]}
[0;37m13:13:20[0m [0;32m[WORKERS][0m 2025/08/15 13:13:20 ✅ [Go Worker Debug] alice parsed message: {CaseID:wave-gather-1755256362171656000-13 EventStage:QUEST_COMPLETED Status:SUCCESS Source:go-worker:alice QuestType:gather Difficulty:1 WorkSec:0 Points:5 Weight:0 Player:alice Payload:map[]}
[0;37m13:13:20[0m [0;32m[WORKERS][0m 2025/08/15 13:13:20 ✅ [Go Worker Debug] alice parsed message: {CaseID:wave-gather-1755256362274685000-14 EventStage:QUEST_COMPLETED Status:SUCCESS Source:go-worker:alice QuestType:gather Difficulty:1 WorkSec:0 Points:5 Weight:0 Player:alice Payload:map[]}
[0;37m13:13:20[0m [0;32m[WORKERS][0m 2025/08/15 13:13:20 ✅ [Go Worker Debug] alice parsed message: {CaseID:wave-gather-1755256362480330000-16 EventStage:QUEST_COMPLETED Status:SUCCESS Source:go-worker:alice QuestType:gather Difficulty:1 WorkSec:0 Points:5 Weight:0 Player:alice Payload:map[]}
[0;37m13:13:20[0m [0;32m[WORKERS][0m 2025/08/15 13:13:20 ✅ [Go Worker Debug] alice parsed message: {CaseID:wave-gather-1755256362582507000-17 EventStage:QUEST_COMPLETED Status:SUCCESS Source:go-worker:alice QuestType:gather Difficulty:1 WorkSec:0 Points:5 Weight:0 Player:alice Payload:map[]}
[0;37m13:13:20[0m [0;32m[WORKERS][0m 2025/08/15 13:13:20 ✅ [Go Worker Debug] alice parsed message: {CaseID:wave-gather-1755256362685780000-18 EventStage:QUEST_COMPLETED Status:SUCCESS Source:go-worker:alice QuestType:gather Difficulty:1 WorkSec:0 Points:5 Weight:0 Player:alice Payload:map[]}
[0;37m13:13:20[0m [0;32m[WORKERS][0m 2025/08/15 13:13:20 ✅ [Go Worker Debug] alice parsed message: {CaseID:wave-gather-1755256362788510000-19 EventStage:QUEST_COMPLETED Status:SUCCESS Source:go-worker:alice QuestType:gather Difficulty:1 WorkSec:0 Points:5 Weight:0 Player:alice Payload:map[]}
[0;37m13:13:42[0m [0;34m[API_SERVER][0m [GIN] 2025/08/15 - 13:13:42 | 200 |    1.847459ms |             ::1 | POST     "/api/master/one"
[0;37m13:13:42[0m [0;32m[WORKERS][0m 2025/08/15 13:13:42 ✅ [Go Worker Debug] alice parsed message: {CaseID:single-gather-1755256422133491000 EventStage: Status: Source:frontend_send_one QuestType:gather Difficulty:1 WorkSec:2 Points:5 Weight:0 Player: Payload:map[]}
[0;37m13:13:42[0m [0;34m[API_SERVER][0m [GIN] 2025/08/15 - 13:13:42 | 200 |      50.083µs |             ::1 | POST     "/api/go-workers/webhook/events"
[0;37m13:13:44[0m [0;34m[API_SERVER][0m [GIN] 2025/08/15 - 13:13:44 | 200 |       81.25µs |             ::1 | POST     "/api/go-workers/webhook/events"
[0;37m13:13:44[0m [0;32m[WORKERS][0m 2025/08/15 13:13:44 ✅ [Go Worker Debug] alice parsed message: {CaseID:single-gather-1755256422133491000 EventStage:QUEST_COMPLETED Status:SUCCESS Source:go-worker:alice QuestType:gather Difficulty:1 WorkSec:0 Points:5 Weight:0 Player:alice Payload:map[]}
[0;37m13:16:15[0m [0;34m[API_SERVER][0m [GIN] 2025/08/15 - 13:16:15 | 200 |     792.583µs |             ::1 | POST     "/api/master/one"
[0;37m13:16:15[0m [0;32m[WORKERS][0m 2025/08/15 13:16:15 ✅ [Go Worker Debug] alice parsed message: {CaseID:single-gather-1755256575178395000 EventStage: Status: Source:frontend_send_one QuestType:gather Difficulty:1 WorkSec:2 Points:5 Weight:0 Player: Payload:map[]}
[0;37m13:16:15[0m [0;34m[API_SERVER][0m [GIN] 2025/08/15 - 13:16:15 | 200 |          50µs |             ::1 | POST     "/api/go-workers/webhook/events"
[0;37m13:16:17[0m [0;34m[API_SERVER][0m [GIN] 2025/08/15 - 13:16:17 | 200 |     141.959µs |             ::1 | POST     "/api/go-workers/webhook/events"
[0;37m13:16:17[0m [0;32m[WORKERS][0m 2025/08/15 13:16:17 ✅ [Go Worker Debug] alice parsed message: {CaseID:single-gather-1755256575178395000 EventStage:QUEST_COMPLETED Status:SUCCESS Source:go-worker:alice QuestType:gather Difficulty:1 WorkSec:0 Points:5 Weight:0 Player:alice Payload:map[]}
[0;37m13:17:39[0m [0;35m[SYSTEM][0m 2025/08/15 13:17:39 🔄 [ResetGame] Starting comprehensive reset...
[0;37m13:17:39[0m [0;32m[WORKERS][0m 2025/08/15 13:17:39 🛑 [ResetGame] Stopping worker: alice
[0;37m13:17:39[0m [0;32m[WORKERS][0m 2025/08/15 13:17:39 🛑 [Go Worker] Stopping alice...
[0;37m13:17:39[0m [0;35m[SYSTEM][0m 2025/08/15 13:17:39 🛑 [Go Consumer] Context cancelled, stopping consumer for queue: game.skill.slay.q
[0;37m13:17:39[0m [0;35m[SYSTEM][0m 2025/08/15 13:17:39 🛑 [Go Consumer] Context cancelled, stopping consumer for queue: game.skill.gather.q
[0;37m13:17:39[0m [0;32m[WORKERS][0m 2025/08/15 13:17:39 ✅ [Go Worker] alice stopped
[0;37m13:17:39[0m [0;32m[WORKERS][0m 2025/08/15 13:17:39 🛑 [Server] Stopped worker: alice
[0;37m13:17:39[0m [0;32m[WORKERS][0m 2025/08/15 13:17:39 ✅ [ResetGame] Successfully stopped worker: alice
[0;37m13:17:39[0m [0;32m[WORKERS][0m 2025/08/15 13:17:39 🛑 [ResetGame] Stopping worker: bob
[0;37m13:17:39[0m [0;34m[API_SERVER][0m [GIN] 2025/08/15 - 13:17:39 | 200 |      96.083µs |             ::1 | POST     "/api/go-workers/webhook/events"
[0;37m13:17:39[0m [0;32m[WORKERS][0m 2025/08/15 13:17:39 🛑 [Go Worker] Stopping bob...
[0;37m13:17:39[0m [0;35m[SYSTEM][0m 2025/08/15 13:17:39 🛑 [Go Consumer] Context cancelled, stopping consumer for queue: game.skill.slay.q
[0;37m13:17:39[0m [0;35m[SYSTEM][0m 2025/08/15 13:17:39 🛑 [Go Consumer] Context cancelled, stopping consumer for queue: game.skill.escort.q
[0;37m13:17:39[0m [0;32m[WORKERS][0m 2025/08/15 13:17:39 ✅ [Go Worker] bob stopped
[0;37m13:17:39[0m [0;32m[WORKERS][0m 2025/08/15 13:17:39 🛑 [Server] Stopped worker: bob
[0;37m13:17:39[0m [0;32m[WORKERS][0m 2025/08/15 13:17:39 ✅ [ResetGame] Successfully stopped worker: bob
[0;37m13:17:39[0m [0;34m[API_SERVER][0m [GIN] 2025/08/15 - 13:17:39 | 200 |      35.916µs |             ::1 | POST     "/api/go-workers/webhook/events"
[0;37m13:17:39[0m [0;35m[SYSTEM][0m 2025/08/15 13:17:39 🗑️ [RabbitMQ] Successfully deleted queue game.dlq.expired.q
[0;37m13:17:39[0m [0;35m[SYSTEM][0m 2025/08/15 13:17:39 🗑️ [RabbitMQ] Successfully deleted queue game.dlq.failed.q
[0;37m13:17:39[0m [0;35m[SYSTEM][0m 2025/08/15 13:17:39 🗑️ [RabbitMQ] Successfully deleted queue game.dlq.retry.q
[0;37m13:17:39[0m [0;35m[SYSTEM][0m 2025/08/15 13:17:39 🗑️ [RabbitMQ] Successfully deleted queue game.dlq.unroutable.q
[0;37m13:17:39[0m [0;35m[SYSTEM][0m 2025/08/15 13:17:39 🗑️ [RabbitMQ] Successfully deleted queue game.skill.escort.q
[0;37m13:17:39[0m [0;35m[SYSTEM][0m 2025/08/15 13:17:39 🗑️ [RabbitMQ] Successfully deleted queue game.skill.gather.q
[0;37m13:17:39[0m [0;35m[SYSTEM][0m 2025/08/15 13:17:39 🗑️ [RabbitMQ] Successfully deleted queue game.skill.slay.q
[0;37m13:17:39[0m [0;35m[SYSTEM][0m 2025/08/15 13:17:39 🗑️ [RabbitMQ] Successfully deleted exchange game.dlx
[0;37m13:17:39[0m [0;35m[SYSTEM][0m 2025/08/15 13:17:39 🗑️ [RabbitMQ] Successfully deleted exchange game.skill
[0;37m13:17:39[0m [0;35m[SYSTEM][0m 2025/08/15 13:17:39 🗑️ [RabbitMQ] Successfully deleted exchange game.unroutable
[0;37m13:17:40[0m [0;35m[SYSTEM][0m 2025/08/15 13:17:40 🔄 [RabbitMQ] Successfully created exchange game.dlx (topic)
[0;37m13:17:40[0m [0;35m[SYSTEM][0m 2025/08/15 13:17:40 🔄 [RabbitMQ] Successfully created exchange game.unroutable (fanout)
[0;37m13:17:40[0m [0;35m[SYSTEM][0m 2025/08/15 13:17:40 📦 [RabbitMQ] Successfully created queue game.dlq.failed.q
[0;37m13:17:40[0m [0;35m[SYSTEM][0m 2025/08/15 13:17:40 🔗 [RabbitMQ] Successfully bound queue game.dlq.failed.q to exchange game.dlx with routing key dlq.failed
[0;37m13:17:40[0m [0;35m[SYSTEM][0m 2025/08/15 13:17:40 📦 [RabbitMQ] Successfully created queue game.dlq.unroutable.q
[0;37m13:17:40[0m [0;35m[SYSTEM][0m 2025/08/15 13:17:40 🔗 [RabbitMQ] Successfully bound queue game.dlq.unroutable.q to exchange game.dlx with routing key dlq.unroutable
[0;37m13:17:40[0m [0;35m[SYSTEM][0m 2025/08/15 13:17:40 📦 [RabbitMQ] Successfully created queue game.dlq.expired.q
[0;37m13:17:40[0m [0;35m[SYSTEM][0m 2025/08/15 13:17:40 🔗 [RabbitMQ] Successfully bound queue game.dlq.expired.q to exchange game.dlx with routing key dlq.expired
[0;37m13:17:40[0m [0;35m[SYSTEM][0m 2025/08/15 13:17:40 📦 [RabbitMQ] Successfully created queue game.dlq.retry.q
[0;37m13:17:40[0m [0;35m[SYSTEM][0m 2025/08/15 13:17:40 🔗 [RabbitMQ] Successfully bound queue game.dlq.retry.q to exchange game.dlx with routing key dlq.retry
[0;37m13:17:40[0m [0;35m[SYSTEM][0m 2025/08/15 13:17:40 🔗 [RabbitMQ] Successfully bound queue game.dlq.unroutable.q to exchange game.unroutable with routing key 
[0;37m13:17:40[0m [0;35m[SYSTEM][0m 2025/08/15 13:17:40 🔄 [RabbitMQ] Successfully created exchange game.skill (topic)
[0;37m13:17:40[0m [0;34m[API_SERVER][0m 2025/08/15 13:17:40 ✅ [DLQ] Auto-setup completed successfully
[0;37m13:17:41[0m [0;35m[SYSTEM][0m 2025/08/15 13:17:41 ✅ [ResetGame] Reset completed successfully
[0;37m13:17:41[0m [0;34m[API_SERVER][0m [GIN] 2025/08/15 - 13:17:41 | 200 |  1.548953833s |             ::1 | POST     "/api/reset"
[0;37m13:17:46[0m [0;34m[API_SERVER][0m 2025/08/15 13:17:46 🛑 [API Server] Shutting down...
[0;37m13:17:46[0m [0;34m[API_SERVER][0m 2025/08/15 13:17:46 ✅ [API Server] Graceful shutdown completed
[0;37m13:17:48[0m [0;35m[SYSTEM][0m 2025/08/15 13:17:48 🛑 [Go Server] Shutting down...
[0;37m13:17:48[0m [0;35m[SYSTEM][0m 2025/08/15 13:17:48 ✅ [Go Server] Shutdown complete

[1;33m🛑 Shutting down services...[0m
[0;34mStopping Go Workers (PID: 67402)...[0m
[0;34mStopping Go API Server (PID: 67363)...[0m
[0;32m✅ All services stopped[0m
