[0;35m================================================================================================[0m
[0;35m🚀 Starting Demo Event Bus - Complete Go Migration[0m
[0;35m================================================================================================[0m
[0;36m📊 Configuration:[0m
   🐰 RabbitMQ: localhost:5672 (Management: 15672) - External
   🏗️  Go API Server: localhost:9000
   ⚡ Go Workers: localhost:8001
[0;35m================================================================================================[0m
[1;33mℹ️  Note: RabbitMQ must be started manually before running this script[0m
[1;33m   Run: docker-compose up -d[0m
[0;35m================================================================================================[0m

[0;35m📋 Step 1: Building and Starting Go API Server[0m
[0;34m🔍 Checking RabbitMQ availability...[0m
[0;32m✅ RabbitMQ AMQP port 5672 is accessible[0m
[0;34m🔨 Building Go API Server...[0m
[0;32m✅ Go API Server built successfully[0m
[0;34m🚀 Starting Go API Server on port 9000...[0m
[0;32m✅ Go API Server started (PID: 61448), logging to api-server.log[0m
[0;34m🔄 Waiting for Go API Server on port 9000...[0m
[1;33m   Attempt 1/30...[0m
[0;32m✅ Go API Server is ready on port 9000[0m
[0;34m🧪 Testing Go API Server Health: http://localhost:9000/health[0m
[0;32m✅ Go API Server Health endpoint is responding[0m

[0;35m📋 Step 2: Building and Starting Go Workers[0m
[0;34m🔨 Building Go Workers...[0m
[0;32m✅ Go Workers built successfully[0m
[0;34m🚀 Starting Go Workers on port 8001...[0m
[0;32m✅ Go Workers started (PID: 61483), logging to workers.log[0m
[0;34m🔄 Waiting for Go Workers on port 8001...[0m
[1;33m   Attempt 1/30...[0m
[0;32m✅ Go Workers is ready on port 8001[0m
[0;34m🧪 Testing Go Workers Health: http://localhost:8001/health[0m
[0;32m✅ Go Workers Health endpoint is responding[0m

[0;35m📋 Step 3: Testing Complete System Integration[0m
[0;34m🧪 Testing Go API Server endpoints...[0m
[0;32m✅ RabbitMQ-direct metrics working[0m
[0;32m✅ Chaos engineering endpoints working[0m
[0;34m🧪 Testing native message publishing...[0m
[0;31m❌ Message publishing test failed[0m

[0;35m📋 Step 4: System Information[0m

[0;36m🌐 Service URLs:[0m
   🏠 Frontend:              http://localhost:9000/
   🔧 Go API Server:         http://localhost:9000/api/
   ⚡ Go Workers:            http://localhost:8001/
   🐰 RabbitMQ Management:   http://localhost:15672/ (guest/guest)

[0;36m🔗 Key Endpoints:[0m
   📊 RabbitMQ Metrics:      http://localhost:9000/api/rabbitmq/metrics
   👥 Player Creation:       POST http://localhost:9000/api/players/quickstart
   📨 Message Publishing:    POST http://localhost:9000/api/publish
   ⚡ Chaos Engineering:     POST http://localhost:9000/api/chaos/arm
   🎮 Scenarios:             POST http://localhost:9000/api/scenario/run
   💀 DLQ Management:        POST http://localhost:9000/api/dlq/setup

[0;36m📈 Educational Features:[0m
   🎯 RabbitMQ-Direct Architecture - Zero abstraction layers
   🔍 Management API Integration - Live broker introspection
   ⚡ Native Chaos Engineering - Direct RabbitMQ operations
   💀 Comprehensive DLQ System - Native dead letter handling
   🌐 WebSocket Broadcasting - Real-time UI updates
   🚀 Pure Go Implementation - No Python dependencies

[0;36m🎮 Quick Start Commands:[0m
   # Create Alice and Bob workers
   curl -X POST http://localhost:9000/api/players/quickstart -H 'Content-Type: application/json' -d '{"preset":"alice_bob"}'

   # Publish a quest
   curl -X POST http://localhost:9000/api/publish -H 'Content-Type: application/json' -d '{"routing_key":"game.quest.gather","payload":{"case_id":"quest-1","quest_type":"gather","points":5}}'

   # Run late-bind escort scenario
   curl -X POST http://localhost:9000/api/scenario/run -H 'Content-Type: application/json' -d '{"scenario":"late-bind-escort"}'

   # Trigger chaos (purge queue)
   curl -X POST http://localhost:9000/api/chaos/arm -H 'Content-Type: application/json' -d '{"action":"rmq_purge_queue","target_queue":"game.skill.gather.q"}'

[0;35m================================================================================================[0m
[0;32m🎉 Demo Event Bus - Complete Go Migration is running![0m
[0;35m================================================================================================[0m
[0;36m📊 Architecture: RabbitMQ (External) + Go API Server + Go Workers[0m
[0;36m🎯 Educational Focus: Direct RabbitMQ integration with minimal abstraction[0m
[0;36m🌐 Frontend: http://localhost:9000/[0m
[1;33mℹ️  RabbitMQ managed separately via: docker-compose up -d[0m
[0;35m================================================================================================[0m
[1;33mPress Ctrl+C to stop all services[0m

[0;34m🔄 Monitoring services... (Check status with: ./check_status.sh)[0m
[0;34m🔄 To restart individual services during development:[0m
[0;34m   ./restart_api.sh     - Restart API server[0m
[0;34m   ./restart_workers.sh - Restart workers[0m
[0;35m================================================================================================[0m
[0;36m📋 Live Logs (API Server + Workers):[0m
[0;37mTip: Use Ctrl+C to stop all services[0m
[0;35m================================================================================================[0m
[0;37m14:38:25[0m [0;34m[API_SERVER][0m 2025/08/15 14:38:25 [2025-08-15T14:38:25+02:00] localhost:9000 says: Publishing message with correlation_id=900ac3ee-610a-4196-95dc-6adf24b6a6ec to routing_key=game.quest.gather
[0;37m14:38:25[0m [0;34m[API_SERVER][0m 2025/08/15 14:38:25 [2025-08-15T14:38:25+02:00] localhost:9000 says: Message payload: {"case_id":"startup-test","correlation_id":"900ac3ee-610a-4196-95dc-6adf24b6a6ec","points":5,"published_at":1755261505,"published_by":"api_endpoint","quest_type":"gather"}
[0;37m14:38:25[0m [0;34m[API_SERVER][0m 2025/08/15 14:38:25 [2025-08-15T14:38:25+02:00] localhost:9000 says: SUCCESS published message correlation_id=900ac3ee-610a-4196-95dc-6adf24b6a6ec
[0;37m14:38:25[0m [0;34m[API_SERVER][0m [GIN] 2025/08/15 - 14:38:25 | 200 |    1.186666ms |             ::1 | POST     "/api/publish"
[0;37m14:38:25[0m [0;35m[SYSTEM][0m 2025/08/15 14:38:24 🚀 [Go Server] Starting on port 8001
[0;37m14:38:28[0m [0;32m[WORKERS][0m 2025/08/15 14:38:28 🏃 [Go Worker] alice-worker-0 started on queue game.skill.gather.q
[0;37m14:38:28[0m [0;34m[API_SERVER][0m 2025/08/15 14:38:28 📬 [Go Worker Debug] alice received raw message: {"id":"q-1755261505-929109000","payload":{"case_id":"startup-test","correlation_id":"900ac3ee-610a-4196-95dc-6adf24b6a6ec","points":5,"published_at":1755261505,"published_by":"api_endpoint","quest_type":"gather"},"points":5,"timestamp":1755261505,"type":"game.quest.gather"}
[0;37m14:38:28[0m [0;32m[WORKERS][0m 2025/08/15 14:38:28 ✅ [Go Worker Debug] alice parsed message: {CaseID:startup-test EventStage: Status: Source: QuestType:gather Difficulty:0 WorkSec:0 Points:5 Weight:0 Player: Payload:map[]}
[0;37m14:38:28[0m [0;34m[API_SERVER][0m [GIN] 2025/08/15 - 14:38:28 | 200 |       151.5µs |             ::1 | POST     "/api/go-workers/webhook/events"
[0;37m14:38:28[0m [0;34m[API_SERVER][0m [GIN] 2025/08/15 - 14:38:28 | 200 |     216.875µs |             ::1 | POST     "/api/go-workers/webhook/events"
[0;37m14:38:28[0m [0;32m[WORKERS][0m 2025/08/15 14:38:28 ✅ [Go Worker Debug] alice parsed message: {CaseID:startup-test EventStage:QUEST_COMPLETED Status:SUCCESS Source:go-worker:alice QuestType:gather Difficulty:0 WorkSec:0 Points:5 Weight:0 Player:alice Payload:map[]}
[0;37m14:38:28[0m [0;32m[WORKERS][0m 2025/08/15 14:38:28 🚀 [Go Worker] alice started with 1 workers, skills: [gather slay]
[0;37m14:38:28[0m [0;32m[WORKERS][0m 2025/08/15 14:38:28 ✅ [Server] Started worker: alice
[0;37m14:38:28[0m [0;32m[WORKERS][0m 2025/08/15 14:38:28 🏃 [Go Worker] alice-worker-0 started on queue game.skill.slay.q
[0;37m14:38:28[0m [0;34m[API_SERVER][0m [GIN] 2025/08/15 - 14:38:28 | 200 |      27.667µs |             ::1 | POST     "/api/go-workers/webhook/events"
[0;37m14:38:28[0m [0;32m[WORKERS][0m 2025/08/15 14:38:28 🏃 [Go Worker] bob-worker-0 started on queue game.skill.slay.q
[0;37m14:38:28[0m [0;32m[WORKERS][0m 2025/08/15 14:38:28 🏃 [Go Worker] bob-worker-0 started on queue game.skill.escort.q
[0;37m14:38:28[0m [0;32m[WORKERS][0m 2025/08/15 14:38:28 🚀 [Go Worker] bob started with 1 workers, skills: [slay escort]
[0;37m14:38:28[0m [0;32m[WORKERS][0m 2025/08/15 14:38:28 ✅ [Server] Started worker: bob
[0;37m14:38:28[0m [0;34m[API_SERVER][0m [GIN] 2025/08/15 - 14:38:28 | 200 |   36.619083ms |             ::1 | POST     "/api/players/quickstart"
[0;37m14:38:28[0m [0;34m[API_SERVER][0m [GIN] 2025/08/15 - 14:38:28 | 200 |      32.291µs |             ::1 | POST     "/api/go-workers/webhook/events"
[0;37m14:38:59[0m [0;34m[API_SERVER][0m [GIN] 2025/08/15 - 14:38:59 | 200 |     779.041µs |             ::1 | POST     "/api/master/one"
[0;37m14:38:59[0m [0;32m[WORKERS][0m 2025/08/15 14:38:59 ✅ [Go Worker Debug] alice parsed message: {CaseID:single-gather-1755261539410917000 EventStage: Status: Source:frontend_send_one QuestType:gather Difficulty:1 WorkSec:2 Points:5 Weight:0 Player: Payload:map[]}
[0;37m14:38:59[0m [0;34m[API_SERVER][0m [GIN] 2025/08/15 - 14:38:59 | 200 |      52.875µs |             ::1 | POST     "/api/go-workers/webhook/events"
[0;37m14:39:01[0m [0;34m[API_SERVER][0m [GIN] 2025/08/15 - 14:39:01 | 200 |     219.208µs |             ::1 | POST     "/api/go-workers/webhook/events"
[0;37m14:39:01[0m [0;32m[WORKERS][0m 2025/08/15 14:39:01 ✅ [Go Worker Debug] alice parsed message: {CaseID:single-gather-1755261539410917000 EventStage:QUEST_COMPLETED Status:SUCCESS Source:go-worker:alice QuestType:gather Difficulty:1 WorkSec:0 Points:5 Weight:0 Player:alice Payload:map[]}
[0;37m14:39:01[0m [0;34m[API_SERVER][0m [GIN] 2025/08/15 - 14:39:01 | 200 |    1.656125ms |             ::1 | POST     "/api/master/one"
[0;37m14:39:01[0m [0;32m[WORKERS][0m 2025/08/15 14:39:01 ✅ [Go Worker Debug] alice parsed message: {CaseID:single-gather-1755261541438661000 EventStage: Status: Source:frontend_send_one QuestType:gather Difficulty:1 WorkSec:2 Points:5 Weight:0 Player: Payload:map[]}
[0;37m14:39:01[0m [0;34m[API_SERVER][0m [GIN] 2025/08/15 - 14:39:01 | 200 |     147.458µs |             ::1 | POST     "/api/go-workers/webhook/events"
[0;37m14:39:03[0m [0;34m[API_SERVER][0m [GIN] 2025/08/15 - 14:39:03 | 200 |         143µs |             ::1 | POST     "/api/go-workers/webhook/events"
[0;37m14:39:03[0m [0;32m[WORKERS][0m 2025/08/15 14:39:03 ✅ [Go Worker Debug] alice parsed message: {CaseID:single-gather-1755261541438661000 EventStage:QUEST_COMPLETED Status:SUCCESS Source:go-worker:alice QuestType:gather Difficulty:1 WorkSec:0 Points:5 Weight:0 Player:alice Payload:map[]}
[0;37m14:39:03[0m [0;34m[API_SERVER][0m [GIN] 2025/08/15 - 14:39:03 | 200 |    1.248791ms |             ::1 | POST     "/api/master/one"
[0;37m14:39:03[0m [0;32m[WORKERS][0m 2025/08/15 14:39:03 ✅ [Go Worker Debug] alice parsed message: {CaseID:single-gather-1755261543468522000 EventStage: Status: Source:frontend_send_one QuestType:gather Difficulty:1 WorkSec:2 Points:5 Weight:0 Player: Payload:map[]}
[0;37m14:39:03[0m [0;34m[API_SERVER][0m [GIN] 2025/08/15 - 14:39:03 | 200 |      84.625µs |             ::1 | POST     "/api/go-workers/webhook/events"
[0;37m14:39:05[0m [0;34m[API_SERVER][0m [GIN] 2025/08/15 - 14:39:05 | 200 |     177.375µs |             ::1 | POST     "/api/go-workers/webhook/events"
[0;37m14:39:05[0m [0;32m[WORKERS][0m 2025/08/15 14:39:05 ✅ [Go Worker Debug] alice parsed message: {CaseID:single-gather-1755261543468522000 EventStage:QUEST_COMPLETED Status:SUCCESS Source:go-worker:alice QuestType:gather Difficulty:1 WorkSec:0 Points:5 Weight:0 Player:alice Payload:map[]}
[0;37m14:39:05[0m [0;34m[API_SERVER][0m [GIN] 2025/08/15 - 14:39:05 | 200 |    1.284542ms |             ::1 | POST     "/api/master/one"
[0;37m14:39:05[0m [0;32m[WORKERS][0m 2025/08/15 14:39:05 ✅ [Go Worker Debug] alice parsed message: {CaseID:single-gather-1755261545495534000 EventStage: Status: Source:frontend_send_one QuestType:gather Difficulty:1 WorkSec:2 Points:5 Weight:0 Player: Payload:map[]}
[0;37m14:39:05[0m [0;34m[API_SERVER][0m [GIN] 2025/08/15 - 14:39:05 | 200 |      103.75µs |             ::1 | POST     "/api/go-workers/webhook/events"
[0;37m14:39:07[0m [0;32m[WORKERS][0m 2025/08/15 14:39:07 ✅ [Go Worker Debug] alice parsed message: {CaseID:single-gather-1755261545495534000 EventStage:QUEST_COMPLETED Status:SUCCESS Source:go-worker:alice QuestType:gather Difficulty:1 WorkSec:0 Points:5 Weight:0 Player:alice Payload:map[]}
[0;37m14:39:07[0m [0;34m[API_SERVER][0m [GIN] 2025/08/15 - 14:39:07 | 200 |     314.791µs |             ::1 | POST     "/api/go-workers/webhook/events"
[0;37m14:39:15[0m [0;34m[API_SERVER][0m 2025/08/15 14:39:15 🔍 [DLQ Reissue] Starting reissue from queue game.dlq.failed.q, count 1
[0;37m14:39:15[0m [0;34m[API_SERVER][0m [GIN] 2025/08/15 - 14:39:15 | 200 |    3.234834ms |             ::1 | POST     "/api/dlq/reissue"
[0;37m14:39:15[0m [0;32m[WORKERS][0m 2025/08/15 14:39:15 ✅ [Go Worker Debug] alice parsed message: {CaseID:wave-slay-1755261282402028000-6 EventStage: Status: Source:dlq_reissue QuestType:slay Difficulty:1 WorkSec:2 Points:5 Weight:0 Player: Payload:map[]}
[0;37m14:39:15[0m [0;34m[API_SERVER][0m [GIN] 2025/08/15 - 14:39:15 | 200 |      63.125µs |             ::1 | POST     "/api/go-workers/webhook/events"
[0;37m14:39:17[0m [0;32m[WORKERS][0m 2025/08/15 14:39:17 ✅ [Go Worker Debug] bob parsed message: {CaseID:wave-slay-1755261282402028000-6 EventStage:QUEST_COMPLETED Status:SUCCESS Source:go-worker:alice QuestType:slay Difficulty:1 WorkSec:0 Points:5 Weight:0 Player:alice Payload:map[]}
[0;37m14:39:17[0m [0;34m[API_SERVER][0m [GIN] 2025/08/15 - 14:39:17 | 200 |      213.25µs |             ::1 | POST     "/api/go-workers/webhook/events"
[0;37m14:39:43[0m [0;34m[API_SERVER][0m 2025/08/15 14:39:43 🔍 [DLQ Reissue] Starting reissue from queue game.dlq.unroutable.q, count 1
[0;37m14:39:43[0m [0;34m[API_SERVER][0m [GIN] 2025/08/15 - 14:39:43 | 200 |    6.009834ms |             ::1 | POST     "/api/dlq/reissue"
[0;37m14:39:43[0m [0;32m[WORKERS][0m 2025/08/15 14:39:43 ✅ [Go Worker Debug] bob parsed message: {CaseID:wave-escort-1755261202913425000-9 EventStage: Status: Source:dlq_reissue QuestType:escort Difficulty:1 WorkSec:2 Points:5 Weight:0 Player: Payload:map[]}
[0;37m14:39:43[0m [0;34m[API_SERVER][0m [GIN] 2025/08/15 - 14:39:43 | 200 |     109.834µs |             ::1 | POST     "/api/go-workers/webhook/events"
[0;37m14:39:44[0m [0;34m[API_SERVER][0m [GIN] 2025/08/15 - 14:39:44 | 200 |     155.083µs |             ::1 | POST     "/api/go-workers/webhook/events"
[0;37m14:39:44[0m [0;32m[WORKERS][0m 2025/08/15 14:39:44 ✅ [Go Worker Debug] bob parsed message: {CaseID:wave-escort-1755261202913425000-9 EventStage:QUEST_COMPLETED Status:SUCCESS Source:go-worker:bob QuestType:escort Difficulty:1 WorkSec:0 Points:5 Weight:0 Player:bob Payload:map[]}
[0;37m14:39:47[0m [0;34m[API_SERVER][0m 2025/08/15 14:39:47 🔍 [DLQ Reissue] Starting reissue from queue game.dlq.unroutable.q, count 1
[0;37m14:39:47[0m [0;34m[API_SERVER][0m [GIN] 2025/08/15 - 14:39:47 | 200 |    3.210292ms |             ::1 | POST     "/api/dlq/reissue"
[0;37m14:39:47[0m [0;32m[WORKERS][0m 2025/08/15 14:39:47 ✅ [Go Worker Debug] alice parsed message: {CaseID:wave-gather-1755261200341590000-2 EventStage: Status: Source:dlq_reissue QuestType:gather Difficulty:1 WorkSec:0 Points:0 Weight:0 Player: Payload:map[]}
[0;37m14:39:47[0m [0;32m[WORKERS][0m 2025/08/15 14:39:47 ✅ [Go Worker Debug] alice parsed message: {CaseID:wave-gather-1755261200341590000-2 EventStage:QUEST_COMPLETED Status:SUCCESS Source:go-worker:alice QuestType:gather Difficulty:1 WorkSec:0 Points:0 Weight:0 Player:alice Payload:map[]}
[0;37m14:39:47[0m [0;34m[API_SERVER][0m [GIN] 2025/08/15 - 14:39:47 | 200 |      63.125µs |             ::1 | POST     "/api/go-workers/webhook/events"
[0;37m14:39:47[0m [0;34m[API_SERVER][0m [GIN] 2025/08/15 - 14:39:47 | 200 |     107.334µs |             ::1 | POST     "/api/go-workers/webhook/events"
[0;37m14:39:49[0m [0;34m[API_SERVER][0m 2025/08/15 14:39:49 🔍 [DLQ Reissue] Starting reissue from queue game.dlq.unroutable.q, count 1
[0;37m14:39:49[0m [0;34m[API_SERVER][0m [GIN] 2025/08/15 - 14:39:49 | 200 |    2.842709ms |             ::1 | POST     "/api/dlq/reissue"
[0;37m14:39:49[0m [0;32m[WORKERS][0m 2025/08/15 14:39:49 ✅ [Go Worker Debug] alice parsed message: {CaseID:wave-gather-1755261200547315000-4 EventStage: Status: Source:dlq_reissue QuestType:gather Difficulty:1 WorkSec:0 Points:0 Weight:0 Player: Payload:map[]}
[0;37m14:39:49[0m [0;32m[WORKERS][0m 2025/08/15 14:39:49 ✅ [Go Worker Debug] alice parsed message: {CaseID:wave-gather-1755261200547315000-4 EventStage:QUEST_COMPLETED Status:SUCCESS Source:go-worker:alice QuestType:gather Difficulty:1 WorkSec:0 Points:0 Weight:0 Player:alice Payload:map[]}
[0;37m14:39:49[0m [0;34m[API_SERVER][0m [GIN] 2025/08/15 - 14:39:49 | 200 |        50.5µs |             ::1 | POST     "/api/go-workers/webhook/events"
[0;37m14:39:49[0m [0;34m[API_SERVER][0m [GIN] 2025/08/15 - 14:39:49 | 200 |      53.125µs |             ::1 | POST     "/api/go-workers/webhook/events"
[0;37m14:39:53[0m [0;35m[SYSTEM][0m 2025/08/15 14:39:53 🔄 [ResetGame] Starting comprehensive reset...
[0;37m14:39:53[0m [0;32m[WORKERS][0m 2025/08/15 14:39:53 🛑 [ResetGame] Stopping worker: alice
[0;37m14:39:53[0m [0;32m[WORKERS][0m 2025/08/15 14:39:53 🛑 [Go Worker] Stopping alice...
[0;37m14:39:53[0m [0;35m[SYSTEM][0m 2025/08/15 14:39:53 🛑 [Go Consumer] Context cancelled, stopping consumer for queue: game.skill.slay.q
[0;37m14:39:53[0m [0;35m[SYSTEM][0m 2025/08/15 14:39:53 🛑 [Go Consumer] Context cancelled, stopping consumer for queue: game.skill.gather.q
[0;37m14:39:53[0m [0;32m[WORKERS][0m 2025/08/15 14:39:53 ✅ [Go Worker] alice stopped
[0;37m14:39:53[0m [0;32m[WORKERS][0m 2025/08/15 14:39:53 🛑 [Server] Stopped worker: alice
[0;37m14:39:53[0m [0;32m[WORKERS][0m 2025/08/15 14:39:53 ✅ [ResetGame] Successfully stopped worker: alice
[0;37m14:39:53[0m [0;32m[WORKERS][0m 2025/08/15 14:39:53 🛑 [ResetGame] Stopping worker: bob
[0;37m14:39:53[0m [0;32m[WORKERS][0m 2025/08/15 14:39:53 🛑 [Go Worker] Stopping bob...
[0;37m14:39:53[0m [0;35m[SYSTEM][0m 2025/08/15 14:39:53 🛑 [Go Consumer] Context cancelled, stopping consumer for queue: game.skill.slay.q
[0;37m14:39:53[0m [0;35m[SYSTEM][0m 2025/08/15 14:39:53 🛑 [Go Consumer] Context cancelled, stopping consumer for queue: game.skill.escort.q
[0;37m14:39:53[0m [0;34m[API_SERVER][0m [GIN] 2025/08/15 - 14:39:53 | 200 |      39.875µs |             ::1 | POST     "/api/go-workers/webhook/events"
[0;37m14:39:53[0m [0;32m[WORKERS][0m 2025/08/15 14:39:53 ✅ [Go Worker] bob stopped
[0;37m14:39:53[0m [0;32m[WORKERS][0m 2025/08/15 14:39:53 🛑 [Server] Stopped worker: bob
[0;37m14:39:53[0m [0;32m[WORKERS][0m 2025/08/15 14:39:53 ✅ [ResetGame] Successfully stopped worker: bob
[0;37m14:39:53[0m [0;34m[API_SERVER][0m [GIN] 2025/08/15 - 14:39:53 | 200 |          25µs |             ::1 | POST     "/api/go-workers/webhook/events"
[0;37m14:39:53[0m [0;35m[SYSTEM][0m 2025/08/15 14:39:53 🗑️ [RabbitMQ] Successfully deleted queue game.dlq.expired.q
[0;37m14:39:53[0m [0;35m[SYSTEM][0m 2025/08/15 14:39:53 🗑️ [RabbitMQ] Successfully deleted queue game.dlq.failed.q
[0;37m14:39:53[0m [0;35m[SYSTEM][0m 2025/08/15 14:39:53 🗑️ [RabbitMQ] Successfully deleted queue game.dlq.retry.q
[0;37m14:39:53[0m [0;35m[SYSTEM][0m 2025/08/15 14:39:53 🗑️ [RabbitMQ] Successfully deleted queue game.dlq.unroutable.q
[0;37m14:39:53[0m [0;35m[SYSTEM][0m 2025/08/15 14:39:53 🗑️ [RabbitMQ] Successfully deleted queue game.skill.escort.q
[0;37m14:39:53[0m [0;35m[SYSTEM][0m 2025/08/15 14:39:53 🗑️ [RabbitMQ] Successfully deleted queue game.skill.gather.q
[0;37m14:39:53[0m [0;35m[SYSTEM][0m 2025/08/15 14:39:53 🗑️ [RabbitMQ] Successfully deleted queue game.skill.slay.q
[0;37m14:39:53[0m [0;35m[SYSTEM][0m 2025/08/15 14:39:53 🗑️ [RabbitMQ] Successfully deleted exchange game.dlx
[0;37m14:39:53[0m [0;35m[SYSTEM][0m 2025/08/15 14:39:53 🗑️ [RabbitMQ] Successfully deleted exchange game.skill
[0;37m14:39:53[0m [0;35m[SYSTEM][0m 2025/08/15 14:39:53 🗑️ [RabbitMQ] Successfully deleted exchange game.unroutable
[0;37m14:39:54[0m [0;35m[SYSTEM][0m 2025/08/15 14:39:54 ✅ [ResetGame] Reset completed successfully
[0;37m14:39:54[0m [0;34m[API_SERVER][0m [GIN] 2025/08/15 - 14:39:54 | 200 |  1.559772833s |             ::1 | POST     "/api/reset"
[0;37m14:39:55[0m [0;35m[SYSTEM][0m 2025/08/15 14:39:55 🔄 [RabbitMQ] Successfully created exchange game.dlx (topic)
[0;37m14:39:55[0m [0;35m[SYSTEM][0m 2025/08/15 14:39:55 🔄 [RabbitMQ] Successfully created exchange game.unroutable (fanout)
[0;37m14:39:55[0m [0;35m[SYSTEM][0m 2025/08/15 14:39:55 📦 [RabbitMQ] Successfully created queue game.dlq.failed.q
[0;37m14:39:55[0m [0;35m[SYSTEM][0m 2025/08/15 14:39:55 🔗 [RabbitMQ] Successfully bound queue game.dlq.failed.q to exchange game.dlx with routing key dlq.failed
[0;37m14:39:55[0m [0;35m[SYSTEM][0m 2025/08/15 14:39:55 📦 [RabbitMQ] Successfully created queue game.dlq.unroutable.q
[0;37m14:39:55[0m [0;35m[SYSTEM][0m 2025/08/15 14:39:55 🔗 [RabbitMQ] Successfully bound queue game.dlq.unroutable.q to exchange game.dlx with routing key dlq.unroutable
[0;37m14:39:55[0m [0;35m[SYSTEM][0m 2025/08/15 14:39:55 📦 [RabbitMQ] Successfully created queue game.dlq.expired.q
[0;37m14:39:55[0m [0;35m[SYSTEM][0m 2025/08/15 14:39:55 🔗 [RabbitMQ] Successfully bound queue game.dlq.expired.q to exchange game.dlx with routing key dlq.expired
[0;37m14:39:55[0m [0;35m[SYSTEM][0m 2025/08/15 14:39:55 📦 [RabbitMQ] Successfully created queue game.dlq.retry.q
[0;37m14:39:55[0m [0;35m[SYSTEM][0m 2025/08/15 14:39:55 🔗 [RabbitMQ] Successfully bound queue game.dlq.retry.q to exchange game.dlx with routing key dlq.retry
[0;37m14:39:55[0m [0;35m[SYSTEM][0m 2025/08/15 14:39:55 🔗 [RabbitMQ] Successfully bound queue game.dlq.unroutable.q to exchange game.unroutable with routing key 
[0;37m14:39:55[0m [0;35m[SYSTEM][0m 2025/08/15 14:39:55 🔄 [RabbitMQ] Successfully created exchange game.skill (topic)
[0;37m14:39:55[0m [0;34m[API_SERVER][0m 2025/08/15 14:39:55 ✅ [DLQ] Auto-setup completed successfully
[0;37m14:39:56[0m [0;34m[API_SERVER][0m [GIN] 2025/08/15 - 14:39:56 | 200 |    4.242791ms |             ::1 | POST     "/api/master/one"
[0;37m14:39:57[0m [0;32m[WORKERS][0m 2025/08/15 14:39:57 🏃 [Go Worker] alice-worker-0 started on queue game.skill.gather.q
[0;37m14:39:57[0m [0;32m[WORKERS][0m 2025/08/15 14:39:57 🚀 [Go Worker] alice started with 1 workers, skills: [gather slay]
[0;37m14:39:57[0m [0;32m[WORKERS][0m 2025/08/15 14:39:57 ✅ [Server] Started worker: alice
[0;37m14:39:57[0m [0;32m[WORKERS][0m 2025/08/15 14:39:57 🏃 [Go Worker] alice-worker-0 started on queue game.skill.slay.q
[0;37m14:39:57[0m [0;34m[API_SERVER][0m [GIN] 2025/08/15 - 14:39:57 | 200 |   26.098333ms |             ::1 | POST     "/api/players/quickstart"
[0;37m14:39:57[0m [0;34m[API_SERVER][0m [GIN] 2025/08/15 - 14:39:57 | 200 |      29.667µs |             ::1 | POST     "/api/go-workers/webhook/events"
[0;37m14:40:03[0m [0;32m[WORKERS][0m 2025/08/15 14:40:03 ✅ [Go Worker Debug] alice parsed message: {CaseID:wave-gather-1755261603119924000-0 EventStage: Status: Source:quest_wave QuestType:gather Difficulty:1 WorkSec:2 Points:5 Weight:0 Player: Payload:map[]}
[0;37m14:40:03[0m [0;34m[API_SERVER][0m [GIN] 2025/08/15 - 14:40:03 | 200 |     215.042µs |             ::1 | POST     "/api/go-workers/webhook/events"
[0;37m14:40:04[0m [0;32m[WORKERS][0m 2025/08/15 14:40:04 ✅ [Go Worker Debug] alice parsed message: {CaseID:wave-slay-1755261604046808000-0 EventStage: Status: Source:quest_wave QuestType:slay Difficulty:1 WorkSec:2 Points:5 Weight:0 Player: Payload:map[]}
[0;37m14:40:04[0m [0;34m[API_SERVER][0m [GIN] 2025/08/15 - 14:40:04 | 200 |     126.167µs |             ::1 | POST     "/api/go-workers/webhook/events"
[0;37m14:40:05[0m [0;32m[WORKERS][0m 2025/08/15 14:40:05 ✅ [Go Worker Debug] alice parsed message: {CaseID:wave-gather-1755261603223313000-1 EventStage: Status: Source:quest_wave QuestType:gather Difficulty:1 WorkSec:2 Points:5 Weight:0 Player: Payload:map[]}
[0;37m14:40:05[0m [0;34m[API_SERVER][0m [GIN] 2025/08/15 - 14:40:05 | 200 |     164.334µs |             ::1 | POST     "/api/go-workers/webhook/events"
[0;37m14:40:05[0m [0;34m[API_SERVER][0m [GIN] 2025/08/15 - 14:40:05 | 200 |     133.292µs |             ::1 | POST     "/api/go-workers/webhook/events"
[0;37m14:40:05[0m [0;34m[API_SERVER][0m [GIN] 2025/08/15 - 14:40:05 | 200 |  2.777936709s |             ::1 | POST     "/api/master/start"
[0;37m14:40:06[0m [0;34m[API_SERVER][0m [GIN] 2025/08/15 - 14:40:06 | 200 |     872.584µs |             ::1 | POST     "/api/go-workers/webhook/events"
[0;37m14:40:06[0m [0;32m[WORKERS][0m 2025/08/15 14:40:06 ✅ [Go Worker Debug] alice parsed message: {CaseID:wave-slay-1755261604148927000-1 EventStage: Status: Source:quest_wave QuestType:slay Difficulty:1 WorkSec:2 Points:5 Weight:0 Player: Payload:map[]}
[0;37m14:40:06[0m [0;34m[API_SERVER][0m [GIN] 2025/08/15 - 14:40:06 | 200 |     145.375µs |             ::1 | POST     "/api/go-workers/webhook/events"
[0;37m14:40:07[0m [0;34m[API_SERVER][0m [GIN] 2025/08/15 - 14:40:07 | 200 |     932.375µs |             ::1 | POST     "/api/go-workers/webhook/events"
[0;37m14:40:07[0m [0;32m[WORKERS][0m 2025/08/15 14:40:07 ✅ [Go Worker Debug] alice parsed message: {CaseID:wave-gather-1755261603326048000-2 EventStage: Status: Source:quest_wave QuestType:gather Difficulty:1 WorkSec:2 Points:5 Weight:0 Player: Payload:map[]}
[0;37m14:40:07[0m [0;34m[API_SERVER][0m [GIN] 2025/08/15 - 14:40:07 | 200 |     148.042µs |             ::1 | POST     "/api/go-workers/webhook/events"
[0;37m14:40:08[0m [0;32m[WORKERS][0m 2025/08/15 14:40:08 ✅ [Go Worker Debug] alice parsed message: {CaseID:wave-slay-1755261604251567000-2 EventStage: Status: Source:quest_wave QuestType:slay Difficulty:1 WorkSec:2 Points:5 Weight:0 Player: Payload:map[]}
[0;37m14:40:08[0m [0;34m[API_SERVER][0m [GIN] 2025/08/15 - 14:40:08 | 200 |     207.667µs |             ::1 | POST     "/api/go-workers/webhook/events"
[0;37m14:40:08[0m [0;34m[API_SERVER][0m [GIN] 2025/08/15 - 14:40:08 | 200 |     180.875µs |             ::1 | POST     "/api/go-workers/webhook/events"
[0;37m14:40:09[0m [0;32m[WORKERS][0m 2025/08/15 14:40:09 ✅ [Go Worker Debug] alice parsed message: {CaseID:wave-gather-1755261603429228000-3 EventStage: Status: Source:quest_wave QuestType:gather Difficulty:1 WorkSec:2 Points:5 Weight:0 Player: Payload:map[]}
[0;37m14:40:09[0m [0;34m[API_SERVER][0m [GIN] 2025/08/15 - 14:40:09 | 200 |      261.25µs |             ::1 | POST     "/api/go-workers/webhook/events"
[0;37m14:40:09[0m [0;34m[API_SERVER][0m [GIN] 2025/08/15 - 14:40:09 | 200 |     178.583µs |             ::1 | POST     "/api/go-workers/webhook/events"
[0;37m14:40:10[0m [0;32m[WORKERS][0m 2025/08/15 14:40:10 ✅ [Go Worker Debug] alice parsed message: {CaseID:wave-slay-1755261604353364000-3 EventStage: Status: Source:quest_wave QuestType:slay Difficulty:1 WorkSec:2 Points:5 Weight:0 Player: Payload:map[]}
[0;37m14:40:10[0m [0;34m[API_SERVER][0m [GIN] 2025/08/15 - 14:40:10 | 200 |     194.792µs |             ::1 | POST     "/api/go-workers/webhook/events"
[0;37m14:40:10[0m [0;34m[API_SERVER][0m [GIN] 2025/08/15 - 14:40:10 | 200 |     112.959µs |             ::1 | POST     "/api/go-workers/webhook/events"
[0;37m14:40:11[0m [0;34m[API_SERVER][0m [GIN] 2025/08/15 - 14:40:11 | 200 |     207.709µs |             ::1 | POST     "/api/go-workers/webhook/events"
[0;37m14:40:11[0m [0;32m[WORKERS][0m 2025/08/15 14:40:11 ✅ [Go Worker Debug] alice parsed message: {CaseID:wave-gather-1755261603531350000-4 EventStage: Status: Source:quest_wave QuestType:gather Difficulty:1 WorkSec:2 Points:5 Weight:0 Player: Payload:map[]}
[0;37m14:40:11[0m [0;34m[API_SERVER][0m [GIN] 2025/08/15 - 14:40:11 | 200 |     165.208µs |             ::1 | POST     "/api/go-workers/webhook/events"
[0;37m14:40:12[0m [0;32m[WORKERS][0m 2025/08/15 14:40:12 ✅ [Go Worker Debug] alice parsed message: {CaseID:wave-slay-1755261604456043000-4 EventStage: Status: Source:quest_wave QuestType:slay Difficulty:1 WorkSec:2 Points:5 Weight:0 Player: Payload:map[]}
[0;37m14:40:12[0m [0;34m[API_SERVER][0m [GIN] 2025/08/15 - 14:40:12 | 200 |     269.542µs |             ::1 | POST     "/api/go-workers/webhook/events"
[0;37m14:40:12[0m [0;34m[API_SERVER][0m [GIN] 2025/08/15 - 14:40:12 | 200 |     262.708µs |             ::1 | POST     "/api/go-workers/webhook/events"
[0;37m14:40:13[0m [0;32m[WORKERS][0m 2025/08/15 14:40:13 ✅ [Go Worker Debug] alice parsed message: {CaseID:wave-gather-1755261603634590000-5 EventStage: Status: Source:quest_wave QuestType:gather Difficulty:1 WorkSec:2 Points:5 Weight:0 Player: Payload:map[]}
[0;37m14:40:13[0m [0;34m[API_SERVER][0m [GIN] 2025/08/15 - 14:40:13 | 200 |     170.708µs |             ::1 | POST     "/api/go-workers/webhook/events"
[0;37m14:40:13[0m [0;34m[API_SERVER][0m [GIN] 2025/08/15 - 14:40:13 | 200 |      99.708µs |             ::1 | POST     "/api/go-workers/webhook/events"
[0;37m14:40:14[0m [0;34m[API_SERVER][0m [GIN] 2025/08/15 - 14:40:14 | 200 |      67.375µs |             ::1 | POST     "/api/go-workers/webhook/events"
[0;37m14:40:14[0m [0;32m[WORKERS][0m 2025/08/15 14:40:14 ✅ [Go Worker Debug] alice parsed message: {CaseID:wave-slay-1755261604558975000-5 EventStage: Status: Source:quest_wave QuestType:slay Difficulty:1 WorkSec:2 Points:5 Weight:0 Player: Payload:map[]}
[0;37m14:40:14[0m [0;34m[API_SERVER][0m [GIN] 2025/08/15 - 14:40:14 | 200 |      44.291µs |             ::1 | POST     "/api/go-workers/webhook/events"
[0;37m14:40:15[0m [0;34m[API_SERVER][0m [GIN] 2025/08/15 - 14:40:15 | 200 |     386.041µs |             ::1 | POST     "/api/go-workers/webhook/events"
[0;37m14:40:15[0m [0;32m[WORKERS][0m 2025/08/15 14:40:15 ✅ [Go Worker Debug] alice parsed message: {CaseID:wave-gather-1755261603737480000-6 EventStage: Status: Source:quest_wave QuestType:gather Difficulty:1 WorkSec:2 Points:5 Weight:0 Player: Payload:map[]}
[0;37m14:40:15[0m [0;34m[API_SERVER][0m [GIN] 2025/08/15 - 14:40:15 | 200 |      99.625µs |             ::1 | POST     "/api/go-workers/webhook/events"
[0;37m14:40:16[0m [0;32m[WORKERS][0m 2025/08/15 14:40:16 ✅ [Go Worker Debug] alice parsed message: {CaseID:wave-slay-1755261604661433000-6 EventStage: Status: Source:quest_wave QuestType:slay Difficulty:1 WorkSec:2 Points:5 Weight:0 Player: Payload:map[]}
[0;37m14:40:16[0m [0;34m[API_SERVER][0m [GIN] 2025/08/15 - 14:40:16 | 200 |     270.042µs |             ::1 | POST     "/api/go-workers/webhook/events"
[0;37m14:40:16[0m [0;34m[API_SERVER][0m [GIN] 2025/08/15 - 14:40:16 | 200 |     157.917µs |             ::1 | POST     "/api/go-workers/webhook/events"
[0;37m14:40:17[0m [0;34m[API_SERVER][0m [GIN] 2025/08/15 - 14:40:17 | 200 |     187.584µs |             ::1 | POST     "/api/go-workers/webhook/events"
[0;37m14:40:17[0m [0;32m[WORKERS][0m 2025/08/15 14:40:17 ✅ [Go Worker Debug] alice parsed message: {CaseID:wave-gather-1755261603840392000-7 EventStage: Status: Source:quest_wave QuestType:gather Difficulty:1 WorkSec:2 Points:5 Weight:0 Player: Payload:map[]}
[0;37m14:40:17[0m [0;34m[API_SERVER][0m [GIN] 2025/08/15 - 14:40:17 | 200 |     173.208µs |             ::1 | POST     "/api/go-workers/webhook/events"
[0;37m14:40:18[0m [0;32m[WORKERS][0m 2025/08/15 14:40:18 ✅ [Go Worker Debug] alice parsed message: {CaseID:wave-slay-1755261604764216000-7 EventStage: Status: Source:quest_wave QuestType:slay Difficulty:1 WorkSec:2 Points:5 Weight:0 Player: Payload:map[]}
[0;37m14:40:18[0m [0;34m[API_SERVER][0m [GIN] 2025/08/15 - 14:40:18 | 200 |     357.875µs |             ::1 | POST     "/api/go-workers/webhook/events"
[0;37m14:40:18[0m [0;34m[API_SERVER][0m [GIN] 2025/08/15 - 14:40:18 | 200 |     265.042µs |             ::1 | POST     "/api/go-workers/webhook/events"
[0;37m14:40:19[0m [0;32m[WORKERS][0m 2025/08/15 14:40:19 ✅ [Go Worker Debug] alice parsed message: {CaseID:wave-gather-1755261603943478000-8 EventStage: Status: Source:quest_wave QuestType:gather Difficulty:1 WorkSec:2 Points:5 Weight:0 Player: Payload:map[]}
[0;37m14:40:19[0m [0;34m[API_SERVER][0m [GIN] 2025/08/15 - 14:40:19 | 200 |     161.875µs |             ::1 | POST     "/api/go-workers/webhook/events"
[0;37m14:40:19[0m [0;34m[API_SERVER][0m [GIN] 2025/08/15 - 14:40:19 | 200 |      82.916µs |             ::1 | POST     "/api/go-workers/webhook/events"
[0;37m14:40:20[0m [0;32m[WORKERS][0m 2025/08/15 14:40:20 ✅ [Go Worker Debug] alice parsed message: {CaseID:wave-slay-1755261604866946000-8 EventStage: Status: Source:quest_wave QuestType:slay Difficulty:1 WorkSec:2 Points:5 Weight:0 Player: Payload:map[]}
[0;37m14:40:20[0m [0;34m[API_SERVER][0m [GIN] 2025/08/15 - 14:40:20 | 200 |     164.541µs |             ::1 | POST     "/api/go-workers/webhook/events"
[0;37m14:40:20[0m [0;34m[API_SERVER][0m [GIN] 2025/08/15 - 14:40:20 | 200 |     141.917µs |             ::1 | POST     "/api/go-workers/webhook/events"
[0;37m14:40:21[0m [0;34m[API_SERVER][0m [GIN] 2025/08/15 - 14:40:21 | 200 |      163.75µs |             ::1 | POST     "/api/go-workers/webhook/events"
[0;37m14:40:21[0m [0;32m[WORKERS][0m 2025/08/15 14:40:21 ✅ [Go Worker Debug] alice parsed message: {CaseID:wave-gather-1755261604045367000-9 EventStage: Status: Source:quest_wave QuestType:gather Difficulty:1 WorkSec:2 Points:5 Weight:0 Player: Payload:map[]}
[0;37m14:40:21[0m [0;34m[API_SERVER][0m [GIN] 2025/08/15 - 14:40:21 | 200 |      83.875µs |             ::1 | POST     "/api/go-workers/webhook/events"
[0;37m14:40:22[0m [0;32m[WORKERS][0m 2025/08/15 14:40:22 ✅ [Go Worker Debug] alice parsed message: {CaseID:wave-slay-1755261604969624000-9 EventStage: Status: Source:quest_wave QuestType:slay Difficulty:1 WorkSec:2 Points:5 Weight:0 Player: Payload:map[]}
[0;37m14:40:22[0m [0;34m[API_SERVER][0m [GIN] 2025/08/15 - 14:40:22 | 200 |     288.042µs |             ::1 | POST     "/api/go-workers/webhook/events"
[0;37m14:40:22[0m [0;34m[API_SERVER][0m [GIN] 2025/08/15 - 14:40:22 | 200 |     167.416µs |             ::1 | POST     "/api/go-workers/webhook/events"
[0;37m14:40:23[0m [0;34m[API_SERVER][0m [GIN] 2025/08/15 - 14:40:23 | 200 |     161.083µs |             ::1 | POST     "/api/go-workers/webhook/events"
[0;37m14:40:23[0m [0;32m[WORKERS][0m 2025/08/15 14:40:23 ✅ [Go Worker Debug] alice parsed message: {CaseID:wave-gather-1755261603119924000-0 EventStage:QUEST_COMPLETED Status:SUCCESS Source:go-worker:alice QuestType:gather Difficulty:1 WorkSec:0 Points:5 Weight:0 Player:alice Payload:map[]}
[0;37m14:40:23[0m [0;32m[WORKERS][0m 2025/08/15 14:40:23 ✅ [Go Worker Debug] alice parsed message: {CaseID:wave-gather-1755261603223313000-1 EventStage:QUEST_COMPLETED Status:SUCCESS Source:go-worker:alice QuestType:gather Difficulty:1 WorkSec:0 Points:5 Weight:0 Player:alice Payload:map[]}
[0;37m14:40:23[0m [0;32m[WORKERS][0m 2025/08/15 14:40:23 ✅ [Go Worker Debug] alice parsed message: {CaseID:wave-gather-1755261603326048000-2 EventStage:QUEST_COMPLETED Status:SUCCESS Source:go-worker:alice QuestType:gather Difficulty:1 WorkSec:0 Points:5 Weight:0 Player:alice Payload:map[]}
[0;37m14:40:23[0m [0;32m[WORKERS][0m 2025/08/15 14:40:23 ✅ [Go Worker Debug] alice parsed message: {CaseID:wave-gather-1755261603429228000-3 EventStage:QUEST_COMPLETED Status:SUCCESS Source:go-worker:alice QuestType:gather Difficulty:1 WorkSec:0 Points:5 Weight:0 Player:alice Payload:map[]}
[0;37m14:40:23[0m [0;32m[WORKERS][0m 2025/08/15 14:40:23 ✅ [Go Worker Debug] alice parsed message: {CaseID:wave-gather-1755261603531350000-4 EventStage:QUEST_COMPLETED Status:SUCCESS Source:go-worker:alice QuestType:gather Difficulty:1 WorkSec:0 Points:5 Weight:0 Player:alice Payload:map[]}
[0;37m14:40:23[0m [0;32m[WORKERS][0m 2025/08/15 14:40:23 ✅ [Go Worker Debug] alice parsed message: {CaseID:wave-gather-1755261603737480000-6 EventStage:QUEST_COMPLETED Status:SUCCESS Source:go-worker:alice QuestType:gather Difficulty:1 WorkSec:0 Points:5 Weight:0 Player:alice Payload:map[]}
[0;37m14:40:23[0m [0;32m[WORKERS][0m 2025/08/15 14:40:23 ✅ [Go Worker Debug] alice parsed message: {CaseID:wave-gather-1755261603840392000-7 EventStage:QUEST_COMPLETED Status:SUCCESS Source:go-worker:alice QuestType:gather Difficulty:1 WorkSec:0 Points:5 Weight:0 Player:alice Payload:map[]}
[0;37m14:40:23[0m [0;32m[WORKERS][0m 2025/08/15 14:40:23 ✅ [Go Worker Debug] alice parsed message: {CaseID:wave-gather-1755261603943478000-8 EventStage:QUEST_COMPLETED Status:SUCCESS Source:go-worker:alice QuestType:gather Difficulty:1 WorkSec:0 Points:5 Weight:0 Player:alice Payload:map[]}
[0;37m14:40:23[0m [0;32m[WORKERS][0m 2025/08/15 14:40:23 ✅ [Go Worker Debug] alice parsed message: {CaseID:wave-gather-1755261604045367000-9 EventStage:QUEST_COMPLETED Status:SUCCESS Source:go-worker:alice QuestType:gather Difficulty:1 WorkSec:0 Points:5 Weight:0 Player:alice Payload:map[]}
[0;37m14:40:23[0m [0;34m[API_SERVER][0m 2025/08/15 14:40:23 🔍 [DLQ Reissue] Starting reissue from queue game.dlq.unroutable.q, count 1
[0;37m14:40:23[0m [0;34m[API_SERVER][0m [GIN] 2025/08/15 - 14:40:23 | 200 |    5.040042ms |             ::1 | POST     "/api/dlq/reissue"
[0;37m14:40:23[0m [0;32m[WORKERS][0m 2025/08/15 14:40:23 ✅ [Go Worker Debug] alice parsed message: {CaseID:single-gather-1755261596256737000 EventStage: Status: Source:dlq_reissue QuestType:gather Difficulty:1 WorkSec:2 Points:5 Weight:0 Player: Payload:map[]}
[0;37m14:40:23[0m [0;34m[API_SERVER][0m [GIN] 2025/08/15 - 14:40:23 | 200 |      84.459µs |             ::1 | POST     "/api/go-workers/webhook/events"
[0;37m14:40:24[0m [0;34m[API_SERVER][0m [GIN] 2025/08/15 - 14:40:24 | 200 |     117.917µs |             ::1 | POST     "/api/go-workers/webhook/events"
[0;37m14:40:24[0m [0;32m[WORKERS][0m 2025/08/15 14:40:24 ✅ [Go Worker Debug] alice parsed message: {CaseID:wave-slay-1755261604046808000-0 EventStage:QUEST_COMPLETED Status:SUCCESS Source:go-worker:alice QuestType:slay Difficulty:1 WorkSec:0 Points:5 Weight:0 Player:alice Payload:map[]}
[0;37m14:40:24[0m [0;32m[WORKERS][0m 2025/08/15 14:40:24 ✅ [Go Worker Debug] alice parsed message: {CaseID:wave-slay-1755261604148927000-1 EventStage:QUEST_COMPLETED Status:SUCCESS Source:go-worker:alice QuestType:slay Difficulty:1 WorkSec:0 Points:5 Weight:0 Player:alice Payload:map[]}
[0;37m14:40:24[0m [0;32m[WORKERS][0m 2025/08/15 14:40:24 ✅ [Go Worker Debug] alice parsed message: {CaseID:wave-slay-1755261604251567000-2 EventStage:QUEST_COMPLETED Status:SUCCESS Source:go-worker:alice QuestType:slay Difficulty:1 WorkSec:0 Points:5 Weight:0 Player:alice Payload:map[]}
[0;37m14:40:24[0m [0;32m[WORKERS][0m 2025/08/15 14:40:24 ✅ [Go Worker Debug] alice parsed message: {CaseID:wave-slay-1755261604456043000-4 EventStage:QUEST_COMPLETED Status:SUCCESS Source:go-worker:alice QuestType:slay Difficulty:1 WorkSec:0 Points:5 Weight:0 Player:alice Payload:map[]}
[0;37m14:40:24[0m [0;32m[WORKERS][0m 2025/08/15 14:40:24 ✅ [Go Worker Debug] alice parsed message: {CaseID:wave-slay-1755261604558975000-5 EventStage:QUEST_COMPLETED Status:SUCCESS Source:go-worker:alice QuestType:slay Difficulty:1 WorkSec:0 Points:5 Weight:0 Player:alice Payload:map[]}
[0;37m14:40:24[0m [0;32m[WORKERS][0m 2025/08/15 14:40:24 ✅ [Go Worker Debug] alice parsed message: {CaseID:wave-slay-1755261604661433000-6 EventStage:QUEST_COMPLETED Status:SUCCESS Source:go-worker:alice QuestType:slay Difficulty:1 WorkSec:0 Points:5 Weight:0 Player:alice Payload:map[]}
[0;37m14:40:24[0m [0;32m[WORKERS][0m 2025/08/15 14:40:24 ✅ [Go Worker Debug] alice parsed message: {CaseID:wave-slay-1755261604764216000-7 EventStage:QUEST_COMPLETED Status:SUCCESS Source:go-worker:alice QuestType:slay Difficulty:1 WorkSec:0 Points:5 Weight:0 Player:alice Payload:map[]}
[0;37m14:40:24[0m [0;32m[WORKERS][0m 2025/08/15 14:40:24 ✅ [Go Worker Debug] alice parsed message: {CaseID:wave-slay-1755261604866946000-8 EventStage:QUEST_COMPLETED Status:SUCCESS Source:go-worker:alice QuestType:slay Difficulty:1 WorkSec:0 Points:5 Weight:0 Player:alice Payload:map[]}
[0;37m14:40:24[0m [0;32m[WORKERS][0m 2025/08/15 14:40:24 ✅ [Go Worker Debug] alice parsed message: {CaseID:wave-slay-1755261604969624000-9 EventStage:QUEST_COMPLETED Status:SUCCESS Source:go-worker:alice QuestType:slay Difficulty:1 WorkSec:0 Points:5 Weight:0 Player:alice Payload:map[]}
[0;37m14:40:25[0m [0;34m[API_SERVER][0m [GIN] 2025/08/15 - 14:40:25 | 200 |     314.291µs |             ::1 | POST     "/api/go-workers/webhook/events"
[0;37m14:40:25[0m [0;32m[WORKERS][0m 2025/08/15 14:40:25 ✅ [Go Worker Debug] alice parsed message: {CaseID:single-gather-1755261596256737000 EventStage:QUEST_COMPLETED Status:SUCCESS Source:go-worker:alice QuestType:gather Difficulty:1 WorkSec:0 Points:5 Weight:0 Player:alice Payload:map[]}
[0;37m14:41:31[0m [0;34m[API_SERVER][0m 2025/08/15 14:41:31 🔍 [DLQ Reissue] Starting reissue from queue game.dlq.unroutable.q, count 1
[0;37m14:41:31[0m [0;34m[API_SERVER][0m [GIN] 2025/08/15 - 14:41:31 | 200 |      5.1585ms |             ::1 | POST     "/api/dlq/reissue"
[0;37m14:41:36[0m [0;34m[API_SERVER][0m 2025/08/15 14:41:36 🔍 [DLQ Reissue] Starting reissue from queue game.dlq.unroutable.q, count 1
[0;37m14:41:36[0m [0;34m[API_SERVER][0m [GIN] 2025/08/15 - 14:41:36 | 200 |    4.035708ms |             ::1 | POST     "/api/dlq/reissue"
[0;37m14:41:39[0m [0;34m[API_SERVER][0m 2025/08/15 14:41:39 🔍 [DLQ Reissue] Starting reissue from queue game.dlq.unroutable.q, count 1
[0;37m14:41:39[0m [0;34m[API_SERVER][0m [GIN] 2025/08/15 - 14:41:39 | 200 |     4.39275ms |             ::1 | POST     "/api/dlq/reissue"
[0;37m14:42:46[0m [0;34m[API_SERVER][0m 2025/08/15 14:42:46 🔍 [DLQ Reissue] Starting reissue from queue game.dlq.failed.q, count 1
[0;37m14:42:46[0m [0;34m[API_SERVER][0m [GIN] 2025/08/15 - 14:42:46 | 200 |    3.495916ms |             ::1 | POST     "/api/dlq/reissue"
[0;37m14:42:46[0m [0;32m[WORKERS][0m 2025/08/15 14:42:46 ✅ [Go Worker Debug] alice parsed message: {CaseID:wave-slay-1755261604353364000-3 EventStage: Status: Source:dlq_reissue QuestType:slay Difficulty:1 WorkSec:2 Points:5 Weight:0 Player: Payload:map[]}
[0;37m14:42:46[0m [0;34m[API_SERVER][0m [GIN] 2025/08/15 - 14:42:46 | 200 |      71.875µs |             ::1 | POST     "/api/go-workers/webhook/events"
[0;37m14:42:48[0m [0;34m[API_SERVER][0m [GIN] 2025/08/15 - 14:42:48 | 200 |      88.791µs |             ::1 | POST     "/api/go-workers/webhook/events"
[0;37m14:42:48[0m [0;32m[WORKERS][0m 2025/08/15 14:42:48 ✅ [Go Worker Debug] alice parsed message: {CaseID:wave-slay-1755261604353364000-3 EventStage:QUEST_COMPLETED Status:SUCCESS Source:go-worker:alice QuestType:slay Difficulty:1 WorkSec:0 Points:5 Weight:0 Player:alice Payload:map[]}
[0;37m14:43:11[0m [0;34m[API_SERVER][0m [GIN] 2025/08/15 - 14:43:11 | 200 |     252.666µs |             ::1 | POST     "/api/workers/control"
[0;37m14:43:11[0m [0;34m[API_SERVER][0m [GIN] 2025/08/15 - 14:43:11 | 200 |      17.125µs |             ::1 | POST     "/api/go-workers/webhook/events"
[0;37m14:43:13[0m [0;34m[API_SERVER][0m 2025/08/15 14:43:13 🔍 [DLQ Reissue] Starting reissue from queue game.dlq.failed.q, count 1
[0;37m14:43:13[0m [0;34m[API_SERVER][0m [GIN] 2025/08/15 - 14:43:13 | 200 |    4.794417ms |             ::1 | POST     "/api/dlq/reissue"
[0;37m14:43:16[0m [0;34m[API_SERVER][0m [GIN] 2025/08/15 - 14:43:16 | 200 |     221.333µs |             ::1 | POST     "/api/workers/control"
[0;37m14:43:16[0m [0;32m[WORKERS][0m 2025/08/15 14:43:16 ✅ [Go Worker Debug] alice parsed message: {CaseID:wave-gather-1755261603634590000-5 EventStage: Status: Source:dlq_reissue QuestType:gather Difficulty:1 WorkSec:2 Points:5 Weight:0 Player: Payload:map[]}
[0;37m14:43:16[0m [0;34m[API_SERVER][0m [GIN] 2025/08/15 - 14:43:16 | 200 |      25.042µs |             ::1 | POST     "/api/go-workers/webhook/events"
[0;37m14:43:16[0m [0;34m[API_SERVER][0m [GIN] 2025/08/15 - 14:43:16 | 200 |      59.375µs |             ::1 | POST     "/api/go-workers/webhook/events"
[0;37m14:43:18[0m [0;34m[API_SERVER][0m [GIN] 2025/08/15 - 14:43:18 | 200 |         121µs |             ::1 | POST     "/api/go-workers/webhook/events"
[0;37m14:43:18[0m [0;32m[WORKERS][0m 2025/08/15 14:43:18 ✅ [Go Worker Debug] alice parsed message: {CaseID:wave-gather-1755261603634590000-5 EventStage:QUEST_COMPLETED Status:SUCCESS Source:go-worker:alice QuestType:gather Difficulty:1 WorkSec:0 Points:5 Weight:0 Player:alice Payload:map[]}
[0;37m14:45:22[0m [0;34m[API_SERVER][0m 2025/08/15 14:45:22 🛑 [API Server] Shutting down...
[0;37m14:45:22[0m [0;34m[API_SERVER][0m 2025/08/15 14:45:22 ✅ [API Server] Graceful shutdown completed
[0;37m14:45:24[0m [0;35m[SYSTEM][0m 2025/08/15 14:45:24 🛑 [Go Server] Shutting down...
[0;37m14:45:24[0m [0;32m[WORKERS][0m 2025/08/15 14:45:24 🛑 [Go Server] Stopping worker: alice
[0;37m14:45:24[0m [0;32m[WORKERS][0m 2025/08/15 14:45:24 🛑 [Go Worker] Stopping alice...
[0;37m14:45:24[0m [0;35m[SYSTEM][0m 2025/08/15 14:45:24 🛑 [Go Consumer] Context cancelled, stopping consumer for queue: game.skill.slay.q
[0;37m14:45:24[0m [0;35m[SYSTEM][0m 2025/08/15 14:45:24 🛑 [Go Consumer] Context cancelled, stopping consumer for queue: game.skill.gather.q
[0;37m14:45:24[0m [0;32m[WORKERS][0m 2025/08/15 14:45:24 ✅ [Go Worker] alice stopped
[0;37m14:45:24[0m [0;35m[SYSTEM][0m 2025/08/15 14:45:24 ✅ [Go Server] Shutdown complete

[1;33m🛑 Shutting down services...[0m
[0;34mStopping Go Workers (PID: 61483)...[0m
[0;34mStopping Go API Server (PID: 61448)...[0m
[0;32m✅ All services stopped[0m
