[0;35m================================================================================================[0m
[0;35m🚀 Starting Demo Event Bus - Complete Go Migration[0m
[0;35m================================================================================================[0m
[0;36m📊 Configuration:[0m
   🐰 RabbitMQ: localhost:5672 (Management: 15672) - External
   🏗️  Go API Server: localhost:9000
   ⚡ Go Workers: localhost:8001
[0;35m================================================================================================[0m
[1;33mℹ️  Note: RabbitMQ must be started manually before running this script[0m
[1;33m   Run: docker-compose up -d[0m
[0;35m================================================================================================[0m

[0;35m📋 Step 1: Building and Starting Go API Server[0m
[0;34m🔍 Checking RabbitMQ availability...[0m
[0;32m✅ RabbitMQ AMQP port 5672 is accessible[0m
[0;34m🔨 Building Go API Server...[0m
[0;32m✅ Go API Server built successfully[0m
[0;34m🚀 Starting Go API Server on port 9000...[0m
[0;32m✅ Go API Server started (PID: 52686), logging to api-server.log[0m
[0;34m🔄 Waiting for Go API Server on port 9000...[0m
[1;33m   Attempt 1/30...[0m
[0;32m✅ Go API Server is ready on port 9000[0m
[0;34m🧪 Testing Go API Server Health: http://localhost:9000/health[0m
[0;32m✅ Go API Server Health endpoint is responding[0m

[0;35m📋 Step 2: Building and Starting Go Workers[0m
[0;34m🔨 Building Go Workers...[0m
[0;32m✅ Go Workers built successfully[0m
[0;34m🚀 Starting Go Workers on port 8001...[0m
[0;32m✅ Go Workers started (PID: 52734), logging to workers.log[0m
[0;34m🔄 Waiting for Go Workers on port 8001...[0m
[1;33m   Attempt 1/30...[0m
[0;32m✅ Go Workers is ready on port 8001[0m
[0;34m🧪 Testing Go Workers Health: http://localhost:8001/health[0m
[0;32m✅ Go Workers Health endpoint is responding[0m

[0;35m📋 Step 3: Testing Complete System Integration[0m
[0;34m🧪 Testing Go API Server endpoints...[0m
[0;32m✅ RabbitMQ-direct metrics working[0m
[0;32m✅ Chaos engineering endpoints working[0m
[0;34m🧪 Testing native message publishing...[0m
[0;31m❌ Message publishing test failed[0m

[0;35m📋 Step 4: System Information[0m

[0;36m🌐 Service URLs:[0m
   🏠 Frontend:              http://localhost:9000/
   🔧 Go API Server:         http://localhost:9000/api/
   ⚡ Go Workers:            http://localhost:8001/
   🐰 RabbitMQ Management:   http://localhost:15672/ (guest/guest)

[0;36m🔗 Key Endpoints:[0m
   📊 RabbitMQ Metrics:      http://localhost:9000/api/rabbitmq/metrics
   👥 Player Creation:       POST http://localhost:9000/api/players/quickstart
   📨 Message Publishing:    POST http://localhost:9000/api/publish
   ⚡ Chaos Engineering:     POST http://localhost:9000/api/chaos/arm
   🎮 Scenarios:             POST http://localhost:9000/api/scenario/run
   💀 DLQ Management:        POST http://localhost:9000/api/dlq/setup

[0;36m📈 Educational Features:[0m
   🎯 RabbitMQ-Direct Architecture - Zero abstraction layers
   🔍 Management API Integration - Live broker introspection
   ⚡ Native Chaos Engineering - Direct RabbitMQ operations
   💀 Comprehensive DLQ System - Native dead letter handling
   🌐 WebSocket Broadcasting - Real-time UI updates
   🚀 Pure Go Implementation - No Python dependencies

[0;36m🎮 Quick Start Commands:[0m
   # Create Alice and Bob workers
   curl -X POST http://localhost:9000/api/players/quickstart -H 'Content-Type: application/json' -d '{"preset":"alice_bob"}'

   # Publish a quest
   curl -X POST http://localhost:9000/api/publish -H 'Content-Type: application/json' -d '{"routing_key":"game.quest.gather","payload":{"case_id":"quest-1","quest_type":"gather","points":5}}'

   # Run late-bind escort scenario
   curl -X POST http://localhost:9000/api/scenario/run -H 'Content-Type: application/json' -d '{"scenario":"late-bind-escort"}'

   # Trigger chaos (purge queue)
   curl -X POST http://localhost:9000/api/chaos/arm -H 'Content-Type: application/json' -d '{"action":"rmq_purge_queue","target_queue":"game.skill.gather.q"}'

[0;35m================================================================================================[0m
[0;32m🎉 Demo Event Bus - Complete Go Migration is running![0m
[0;35m================================================================================================[0m
[0;36m📊 Architecture: RabbitMQ (External) + Go API Server + Go Workers[0m
[0;36m🎯 Educational Focus: Direct RabbitMQ integration with minimal abstraction[0m
[0;36m🌐 Frontend: http://localhost:9000/[0m
[1;33mℹ️  RabbitMQ managed separately via: docker-compose up -d[0m
[0;35m================================================================================================[0m
[1;33mPress Ctrl+C to stop all services[0m

[0;34m🔄 Monitoring services... (Check status with: ./check_status.sh)[0m
[0;34m🔄 To restart individual services during development:[0m
[0;34m   ./restart_api.sh     - Restart API server[0m
[0;34m   ./restart_workers.sh - Restart workers[0m
[0;35m================================================================================================[0m
[0;36m📋 Live Logs (API Server + Workers):[0m
[0;37mTip: Use Ctrl+C to stop all services[0m
[0;35m================================================================================================[0m
[0;37m13:05:12[0m [0;34m[API_SERVER][0m 2025/08/15 13:05:12 [2025-08-15T13:05:12+02:00] localhost:9000 says: Publishing message with correlation_id=a21be0fc-9468-4f3c-9788-3efc21d7609f to routing_key=game.quest.gather
[0;37m13:05:12[0m [0;34m[API_SERVER][0m 2025/08/15 13:05:12 [2025-08-15T13:05:12+02:00] localhost:9000 says: Message payload: {"case_id":"startup-test","correlation_id":"a21be0fc-9468-4f3c-9788-3efc21d7609f","points":5,"published_at":1755255912,"published_by":"api_endpoint","quest_type":"gather"}
[0;37m13:05:12[0m [0;34m[API_SERVER][0m 2025/08/15 13:05:12 [2025-08-15T13:05:12+02:00] localhost:9000 says: SUCCESS published message correlation_id=a21be0fc-9468-4f3c-9788-3efc21d7609f
[0;37m13:05:12[0m [0;34m[API_SERVER][0m [GIN] 2025/08/15 - 13:05:12 | 200 |     915.458µs |             ::1 | POST     "/api/publish"
[0;37m13:05:12[0m [0;35m[SYSTEM][0m 2025/08/15 13:05:10 🚀 [Go Server] Starting on port 8001
[0;37m13:05:15[0m [0;32m[WORKERS][0m 2025/08/15 13:05:15 🏃 [Go Worker] alice-worker-0 started on queue game.skill.gather.q
[0;37m13:05:16[0m [0;34m[API_SERVER][0m 2025/08/15 13:05:15 📬 [Go Worker Debug] alice received raw message: {"id":"q-1755255912-708457000","payload":{"case_id":"startup-test","correlation_id":"a21be0fc-9468-4f3c-9788-3efc21d7609f","points":5,"published_at":1755255912,"published_by":"api_endpoint","quest_type":"gather"},"points":5,"timestamp":1755255912,"type":"game.quest.gather"}
[0;37m13:05:16[0m [0;32m[WORKERS][0m 2025/08/15 13:05:15 ✅ [Go Worker Debug] alice parsed message: {CaseID:startup-test EventStage: Status: Source: QuestType:gather Difficulty:0 WorkSec:0 Points:5 Weight:0 Player: Payload:map[]}
[0;37m13:05:16[0m [0;32m[WORKERS][0m 2025/08/15 13:05:15 🚀 [Go Worker] alice started with 1 workers, skills: [gather slay]
[0;37m13:05:16[0m [0;32m[WORKERS][0m 2025/08/15 13:05:15 ✅ [Server] Started worker: alice
[0;37m13:05:16[0m [0;32m[WORKERS][0m 2025/08/15 13:05:15 🏃 [Go Worker] alice-worker-0 started on queue game.skill.slay.q
[0;37m13:05:16[0m [0;32m[WORKERS][0m 2025/08/15 13:05:15 ✅ [Go Worker Debug] alice parsed message: {CaseID:startup-test EventStage:QUEST_COMPLETED Status:SUCCESS Source:go-worker:alice QuestType:gather Difficulty:0 WorkSec:0 Points:5 Weight:0 Player:alice Payload:map[]}
[0;37m13:05:16[0m [0;34m[API_SERVER][0m [GIN] 2025/08/15 - 13:05:15 | 200 |      36.042µs |             ::1 | POST     "/api/go-workers/webhook/events"
[0;37m13:05:16[0m [0;34m[API_SERVER][0m [GIN] 2025/08/15 - 13:05:15 | 200 |     248.375µs |             ::1 | POST     "/api/go-workers/webhook/events"
[0;37m13:05:16[0m [0;34m[API_SERVER][0m [GIN] 2025/08/15 - 13:05:15 | 200 |       202.5µs |             ::1 | POST     "/api/go-workers/webhook/events"
[0;37m13:05:16[0m [0;32m[WORKERS][0m 2025/08/15 13:05:16 🏃 [Go Worker] bob-worker-0 started on queue game.skill.slay.q
[0;37m13:05:16[0m [0;32m[WORKERS][0m 2025/08/15 13:05:16 🚀 [Go Worker] bob started with 1 workers, skills: [slay escort]
[0;37m13:05:16[0m [0;32m[WORKERS][0m 2025/08/15 13:05:16 🏃 [Go Worker] bob-worker-0 started on queue game.skill.escort.q
[0;37m13:05:16[0m [0;32m[WORKERS][0m 2025/08/15 13:05:16 ✅ [Server] Started worker: bob
[0;37m13:05:16[0m [0;34m[API_SERVER][0m [GIN] 2025/08/15 - 13:05:16 | 200 |   33.852708ms |             ::1 | POST     "/api/players/quickstart"
[0;37m13:05:16[0m [0;34m[API_SERVER][0m [GIN] 2025/08/15 - 13:05:16 | 200 |      26.708µs |             ::1 | POST     "/api/go-workers/webhook/events"
[0;37m13:05:19[0m [0;34m[API_SERVER][0m [GIN] 2025/08/15 - 13:05:19 | 200 |    2.334792ms |             ::1 | POST     "/api/master/one"
[0;37m13:05:19[0m [0;32m[WORKERS][0m 2025/08/15 13:05:19 ✅ [Go Worker Debug] alice parsed message: {CaseID:single-gather-1755255919033757000 EventStage: Status: Source:frontend_send_one QuestType:gather Difficulty:1 WorkSec:2 Points:5 Weight:0 Player: Payload:map[]}
[0;37m13:05:19[0m [0;34m[API_SERVER][0m [GIN] 2025/08/15 - 13:05:19 | 200 |      71.291µs |             ::1 | POST     "/api/go-workers/webhook/events"
[0;37m13:05:21[0m [0;34m[API_SERVER][0m [GIN] 2025/08/15 - 13:05:21 | 200 |      54.292µs |             ::1 | POST     "/api/go-workers/webhook/events"
[0;37m13:05:21[0m [0;32m[WORKERS][0m 2025/08/15 13:05:21 ✅ [Go Worker Debug] alice parsed message: {CaseID:single-gather-1755255919033757000 EventStage:QUEST_COMPLETED Status:SUCCESS Source:go-worker:alice QuestType:gather Difficulty:1 WorkSec:0 Points:5 Weight:0 Player:alice Payload:map[]}
[0;37m13:05:34[0m [0;34m[API_SERVER][0m [GIN] 2025/08/15 - 13:05:34 | 200 |     644.416µs |             ::1 | POST     "/api/master/one"
[0;37m13:05:34[0m [0;32m[WORKERS][0m 2025/08/15 13:05:34 ✅ [Go Worker Debug] alice parsed message: {CaseID:single-gather-1755255934135383000 EventStage: Status: Source:frontend_send_one QuestType:gather Difficulty:1 WorkSec:2 Points:5 Weight:0 Player: Payload:map[]}
[0;37m13:05:34[0m [0;34m[API_SERVER][0m [GIN] 2025/08/15 - 13:05:34 | 200 |      38.583µs |             ::1 | POST     "/api/go-workers/webhook/events"
[0;37m13:05:36[0m [0;34m[API_SERVER][0m [GIN] 2025/08/15 - 13:05:36 | 200 |     132.125µs |             ::1 | POST     "/api/go-workers/webhook/events"
[0;37m13:05:36[0m [0;34m[API_SERVER][0m [GIN] 2025/08/15 - 13:05:36 | 200 |    1.249625ms |             ::1 | POST     "/api/master/one"
[0;37m13:05:36[0m [0;32m[WORKERS][0m 2025/08/15 13:05:36 ✅ [Go Worker Debug] alice parsed message: {CaseID:single-gather-1755255936161853000 EventStage: Status: Source:frontend_send_one QuestType:gather Difficulty:1 WorkSec:2 Points:5 Weight:0 Player: Payload:map[]}
[0;37m13:05:36[0m [0;34m[API_SERVER][0m [GIN] 2025/08/15 - 13:05:36 | 200 |       56.75µs |             ::1 | POST     "/api/go-workers/webhook/events"
[0;37m13:05:38[0m [0;34m[API_SERVER][0m [GIN] 2025/08/15 - 13:05:38 | 200 |     101.166µs |             ::1 | POST     "/api/go-workers/webhook/events"
[0;37m13:05:38[0m [0;32m[WORKERS][0m 2025/08/15 13:05:38 ✅ [Go Worker Debug] alice parsed message: {CaseID:single-gather-1755255936161853000 EventStage:QUEST_COMPLETED Status:SUCCESS Source:go-worker:alice QuestType:gather Difficulty:1 WorkSec:0 Points:5 Weight:0 Player:alice Payload:map[]}
[0;37m13:05:38[0m [0;34m[API_SERVER][0m [GIN] 2025/08/15 - 13:05:38 | 200 |    1.653959ms |             ::1 | POST     "/api/master/one"
[0;37m13:05:38[0m [0;32m[WORKERS][0m 2025/08/15 13:05:38 ✅ [Go Worker Debug] alice parsed message: {CaseID:single-gather-1755255938181649000 EventStage: Status: Source:frontend_send_one QuestType:gather Difficulty:1 WorkSec:2 Points:5 Weight:0 Player: Payload:map[]}
[0;37m13:05:38[0m [0;34m[API_SERVER][0m [GIN] 2025/08/15 - 13:05:38 | 200 |      56.083µs |             ::1 | POST     "/api/go-workers/webhook/events"
[0;37m13:05:40[0m [0;32m[WORKERS][0m 2025/08/15 13:05:40 ✅ [Go Worker Debug] alice parsed message: {CaseID:single-gather-1755255938181649000 EventStage:QUEST_COMPLETED Status:SUCCESS Source:go-worker:alice QuestType:gather Difficulty:1 WorkSec:0 Points:5 Weight:0 Player:alice Payload:map[]}
[0;37m13:05:40[0m [0;34m[API_SERVER][0m [GIN] 2025/08/15 - 13:05:40 | 200 |     102.792µs |             ::1 | POST     "/api/go-workers/webhook/events"
[0;37m13:05:52[0m [0;34m[API_SERVER][0m [GIN] 2025/08/15 - 13:05:52 | 200 |    1.048792ms |             ::1 | POST     "/api/master/one"
[0;37m13:05:52[0m [0;32m[WORKERS][0m 2025/08/15 13:05:52 ✅ [Go Worker Debug] alice parsed message: {CaseID:single-gather-1755255952746227000 EventStage: Status: Source:frontend_send_one QuestType:gather Difficulty:1 WorkSec:2 Points:5 Weight:0 Player: Payload:map[]}
[0;37m13:05:52[0m [0;34m[API_SERVER][0m [GIN] 2025/08/15 - 13:05:52 | 200 |      65.083µs |             ::1 | POST     "/api/go-workers/webhook/events"
[0;37m13:05:54[0m [0;34m[API_SERVER][0m [GIN] 2025/08/15 - 13:05:54 | 200 |      70.167µs |             ::1 | POST     "/api/go-workers/webhook/events"
[0;37m13:05:54[0m [0;32m[WORKERS][0m 2025/08/15 13:05:54 ✅ [Go Worker Debug] alice parsed message: {CaseID:single-gather-1755255952746227000 EventStage:QUEST_COMPLETED Status:SUCCESS Source:go-worker:alice QuestType:gather Difficulty:1 WorkSec:0 Points:5 Weight:0 Player:alice Payload:map[]}
[0;37m13:05:58[0m [0;34m[API_SERVER][0m [GIN] 2025/08/15 - 13:05:58 | 200 |         920µs |             ::1 | POST     "/api/master/one"
[0;37m13:05:58[0m [0;32m[WORKERS][0m 2025/08/15 13:05:58 ✅ [Go Worker Debug] alice parsed message: {CaseID:single-gather-1755255958389458000 EventStage: Status: Source:frontend_send_one QuestType:gather Difficulty:1 WorkSec:2 Points:5 Weight:0 Player: Payload:map[]}
[0;37m13:05:58[0m [0;34m[API_SERVER][0m [GIN] 2025/08/15 - 13:05:58 | 200 |      33.291µs |             ::1 | POST     "/api/go-workers/webhook/events"
[0;37m13:05:59[0m [0;34m[API_SERVER][0m [GIN] 2025/08/15 - 13:05:59 | 200 |    1.751625ms |             ::1 | POST     "/api/master/one"
[0;37m13:06:00[0m [0;32m[WORKERS][0m 2025/08/15 13:06:00 ✅ [Go Worker Debug] alice parsed message: {CaseID:single-gather-1755255959667198000 EventStage: Status: Source:frontend_send_one QuestType:gather Difficulty:1 WorkSec:2 Points:5 Weight:0 Player: Payload:map[]}
[0;37m13:06:00[0m [0;34m[API_SERVER][0m [GIN] 2025/08/15 - 13:06:00 | 200 |          45µs |             ::1 | POST     "/api/go-workers/webhook/events"
[0;37m13:06:00[0m [0;34m[API_SERVER][0m [GIN] 2025/08/15 - 13:06:00 | 200 |        41.5µs |             ::1 | POST     "/api/go-workers/webhook/events"
[0;37m13:06:01[0m [0;34m[API_SERVER][0m [GIN] 2025/08/15 - 13:06:01 | 200 |    1.354917ms |             ::1 | POST     "/api/master/one"
[0;37m13:06:01[0m [0;34m[API_SERVER][0m [GIN] 2025/08/15 - 13:06:01 | 200 |    1.922125ms |             ::1 | POST     "/api/master/one"
[0;37m13:06:01[0m [0;34m[API_SERVER][0m [GIN] 2025/08/15 - 13:06:01 | 200 |    1.749708ms |             ::1 | POST     "/api/master/one"
[0;37m13:06:01[0m [0;34m[API_SERVER][0m [GIN] 2025/08/15 - 13:06:01 | 200 |    1.787583ms |             ::1 | POST     "/api/master/one"
[0;37m13:06:02[0m [0;34m[API_SERVER][0m [GIN] 2025/08/15 - 13:06:01 | 200 |     1.89475ms |             ::1 | POST     "/api/master/one"
[0;37m13:06:02[0m [0;32m[WORKERS][0m 2025/08/15 13:06:02 ✅ [Go Worker Debug] alice parsed message: {CaseID:single-gather-1755255958389458000 EventStage:QUEST_COMPLETED Status:SUCCESS Source:go-worker:alice QuestType:gather Difficulty:1 WorkSec:0 Points:5 Weight:0 Player:alice Payload:map[]}
[0;37m13:06:02[0m [0;34m[API_SERVER][0m [GIN] 2025/08/15 - 13:06:02 | 200 |      60.375µs |             ::1 | POST     "/api/go-workers/webhook/events"
[0;37m13:06:02[0m [0;32m[WORKERS][0m 2025/08/15 13:06:02 ✅ [Go Worker Debug] alice parsed message: {CaseID:single-gather-1755255961391565000 EventStage: Status: Source:frontend_send_one QuestType:gather Difficulty:1 WorkSec:2 Points:5 Weight:0 Player: Payload:map[]}
[0;37m13:06:02[0m [0;34m[API_SERVER][0m [GIN] 2025/08/15 - 13:06:02 | 200 |      38.167µs |             ::1 | POST     "/api/go-workers/webhook/events"
[0;37m13:06:04[0m [0;34m[API_SERVER][0m [GIN] 2025/08/15 - 13:06:04 | 200 |     100.042µs |             ::1 | POST     "/api/go-workers/webhook/events"
[0;37m13:06:04[0m [0;32m[WORKERS][0m 2025/08/15 13:06:04 ✅ [Go Worker Debug] alice parsed message: {CaseID:single-gather-1755255961543996000 EventStage: Status: Source:frontend_send_one QuestType:gather Difficulty:1 WorkSec:2 Points:5 Weight:0 Player: Payload:map[]}
[0;37m13:06:04[0m [0;34m[API_SERVER][0m [GIN] 2025/08/15 - 13:06:04 | 200 |          63µs |             ::1 | POST     "/api/go-workers/webhook/events"
[0;37m13:06:06[0m [0;34m[API_SERVER][0m [GIN] 2025/08/15 - 13:06:06 | 200 |       55.75µs |             ::1 | POST     "/api/go-workers/webhook/events"
[0;37m13:06:06[0m [0;32m[WORKERS][0m 2025/08/15 13:06:06 ✅ [Go Worker Debug] alice parsed message: {CaseID:single-gather-1755255961691853000 EventStage: Status: Source:frontend_send_one QuestType:gather Difficulty:1 WorkSec:2 Points:5 Weight:0 Player: Payload:map[]}
[0;37m13:06:06[0m [0;34m[API_SERVER][0m [GIN] 2025/08/15 - 13:06:06 | 200 |      27.042µs |             ::1 | POST     "/api/go-workers/webhook/events"
[0;37m13:06:08[0m [0;32m[WORKERS][0m 2025/08/15 13:06:08 ✅ [Go Worker Debug] alice parsed message: {CaseID:single-gather-1755255961855729000 EventStage: Status: Source:frontend_send_one QuestType:gather Difficulty:1 WorkSec:2 Points:5 Weight:0 Player: Payload:map[]}
[0;37m13:06:08[0m [0;34m[API_SERVER][0m [GIN] 2025/08/15 - 13:06:08 | 200 |     115.458µs |             ::1 | POST     "/api/go-workers/webhook/events"
[0;37m13:06:08[0m [0;34m[API_SERVER][0m [GIN] 2025/08/15 - 13:06:08 | 200 |      72.583µs |             ::1 | POST     "/api/go-workers/webhook/events"
[0;37m13:06:10[0m [0;32m[WORKERS][0m 2025/08/15 13:06:10 ✅ [Go Worker Debug] alice parsed message: {CaseID:single-gather-1755255961994819000 EventStage: Status: Source:frontend_send_one QuestType:gather Difficulty:1 WorkSec:2 Points:5 Weight:0 Player: Payload:map[]}
[0;37m13:06:10[0m [0;34m[API_SERVER][0m [GIN] 2025/08/15 - 13:06:10 | 200 |      95.666µs |             ::1 | POST     "/api/go-workers/webhook/events"
[0;37m13:06:10[0m [0;34m[API_SERVER][0m [GIN] 2025/08/15 - 13:06:10 | 200 |         141µs |             ::1 | POST     "/api/go-workers/webhook/events"
[0;37m13:06:12[0m [0;34m[API_SERVER][0m [GIN] 2025/08/15 - 13:06:12 | 200 |       57.25µs |             ::1 | POST     "/api/go-workers/webhook/events"
[0;37m13:06:12[0m [0;32m[WORKERS][0m 2025/08/15 13:06:12 ✅ [Go Worker Debug] alice parsed message: {CaseID:single-gather-1755255959667198000 EventStage:QUEST_COMPLETED Status:SUCCESS Source:go-worker:alice QuestType:gather Difficulty:1 WorkSec:0 Points:5 Weight:0 Player:alice Payload:map[]}
[0;37m13:06:12[0m [0;32m[WORKERS][0m 2025/08/15 13:06:12 ✅ [Go Worker Debug] alice parsed message: {CaseID:single-gather-1755255961391565000 EventStage:QUEST_COMPLETED Status:SUCCESS Source:go-worker:alice QuestType:gather Difficulty:1 WorkSec:0 Points:5 Weight:0 Player:alice Payload:map[]}
[0;37m13:06:12[0m [0;32m[WORKERS][0m 2025/08/15 13:06:12 ✅ [Go Worker Debug] alice parsed message: {CaseID:single-gather-1755255961543996000 EventStage:QUEST_COMPLETED Status:SUCCESS Source:go-worker:alice QuestType:gather Difficulty:1 WorkSec:0 Points:5 Weight:0 Player:alice Payload:map[]}
[0;37m13:06:12[0m [0;32m[WORKERS][0m 2025/08/15 13:06:12 ✅ [Go Worker Debug] alice parsed message: {CaseID:single-gather-1755255961691853000 EventStage:QUEST_COMPLETED Status:SUCCESS Source:go-worker:alice QuestType:gather Difficulty:1 WorkSec:0 Points:5 Weight:0 Player:alice Payload:map[]}
[0;37m13:06:12[0m [0;32m[WORKERS][0m 2025/08/15 13:06:12 ✅ [Go Worker Debug] alice parsed message: {CaseID:single-gather-1755255961855729000 EventStage:QUEST_COMPLETED Status:SUCCESS Source:go-worker:alice QuestType:gather Difficulty:1 WorkSec:0 Points:5 Weight:0 Player:alice Payload:map[]}
[0;37m13:06:14[0m [0;34m[API_SERVER][0m [GIN] 2025/08/15 - 13:06:14 | 200 |     892.125µs |             ::1 | POST     "/api/master/one"
[0;37m13:06:14[0m [0;32m[WORKERS][0m 2025/08/15 13:06:14 ✅ [Go Worker Debug] alice parsed message: {CaseID:single-gather-1755255974627536000 EventStage: Status: Source:frontend_send_one QuestType:gather Difficulty:1 WorkSec:2 Points:5 Weight:0 Player: Payload:map[]}
[0;37m13:06:14[0m [0;34m[API_SERVER][0m [GIN] 2025/08/15 - 13:06:14 | 200 |      45.083µs |             ::1 | POST     "/api/go-workers/webhook/events"
[0;37m13:06:16[0m [0;34m[API_SERVER][0m [GIN] 2025/08/15 - 13:06:16 | 200 |     105.917µs |             ::1 | POST     "/api/go-workers/webhook/events"
[0;37m13:06:16[0m [0;32m[WORKERS][0m 2025/08/15 13:06:16 ✅ [Go Worker Debug] alice parsed message: {CaseID:single-gather-1755255974627536000 EventStage:QUEST_COMPLETED Status:SUCCESS Source:go-worker:alice QuestType:gather Difficulty:1 WorkSec:0 Points:5 Weight:0 Player:alice Payload:map[]}
[0;37m13:06:36[0m [0;34m[API_SERVER][0m [GIN] 2025/08/15 - 13:06:36 | 200 |     251.708µs |             ::1 | POST     "/api/workers/control"
[0;37m13:06:36[0m [0;34m[API_SERVER][0m [GIN] 2025/08/15 - 13:06:36 | 200 |      21.042µs |             ::1 | POST     "/api/go-workers/webhook/events"
[0;37m13:06:38[0m [0;34m[API_SERVER][0m [GIN] 2025/08/15 - 13:06:38 | 200 |    1.015084ms |             ::1 | POST     "/api/master/one"
[0;37m13:06:38[0m [0;32m[WORKERS][0m 2025/08/15 13:06:38 ✅ [Go Worker Debug] alice parsed message: {CaseID:single-gather-1755255998650338000 EventStage: Status: Source:frontend_send_one QuestType:gather Difficulty:1 WorkSec:2 Points:5 Weight:0 Player: Payload:map[]}
[0;37m13:06:38[0m [0;34m[API_SERVER][0m [GIN] 2025/08/15 - 13:06:38 | 200 |      44.708µs |             ::1 | POST     "/api/go-workers/webhook/events"
[0;37m13:06:40[0m [0;34m[API_SERVER][0m [GIN] 2025/08/15 - 13:06:40 | 200 |      72.334µs |             ::1 | POST     "/api/go-workers/webhook/events"
