[0;35m================================================================================================[0m
[0;35m🚀 Starting Demo Event Bus - Complete Go Migration[0m
[0;35m================================================================================================[0m
[0;36m📊 Configuration:[0m
   🐰 RabbitMQ: localhost:5672 (Management: 15672) - External
   🏗️  Go API Server: localhost:9000
   ⚡ Go Workers: localhost:8001
[0;35m================================================================================================[0m
[1;33mℹ️  Note: RabbitMQ must be started manually before running this script[0m
[1;33m   Run: docker-compose up -d[0m
[0;35m================================================================================================[0m

[0;35m📋 Step 1: Building and Starting Go API Server[0m
[0;34m🔍 Checking RabbitMQ availability...[0m
[0;32m✅ RabbitMQ AMQP port 5672 is accessible[0m
[0;34m🔨 Building Go API Server...[0m
[0;32m✅ Go API Server built successfully[0m
[0;34m🚀 Starting Go API Server on port 9000...[0m
[0;32m✅ Go API Server started (PID: 72675), logging to api-server.log[0m
[0;34m🔄 Waiting for Go API Server on port 9000...[0m
[1;33m   Attempt 1/30...[0m
[0;32m✅ Go API Server is ready on port 9000[0m
[0;34m🧪 Testing Go API Server Health: http://localhost:9000/health[0m
[0;32m✅ Go API Server Health endpoint is responding[0m

[0;35m📋 Step 2: Building and Starting Go Workers[0m
[0;34m🔨 Building Go Workers...[0m
[0;32m✅ Go Workers built successfully[0m
[0;34m🚀 Starting Go Workers on port 8001...[0m
[0;32m✅ Go Workers started (PID: 72709), logging to workers.log[0m
[0;34m🔄 Waiting for Go Workers on port 8001...[0m
[1;33m   Attempt 1/30...[0m
[0;32m✅ Go Workers is ready on port 8001[0m
[0;34m🧪 Testing Go Workers Health: http://localhost:8001/health[0m
[0;32m✅ Go Workers Health endpoint is responding[0m

[0;35m📋 Step 3: Testing Complete System Integration[0m
[0;34m🧪 Testing Go API Server endpoints...[0m
[0;32m✅ RabbitMQ-direct metrics working[0m
[0;32m✅ Chaos engineering endpoints working[0m
[0;34m🧪 Testing native message publishing...[0m
[0;31m❌ Message publishing test failed[0m

[0;35m📋 Step 4: System Information[0m

[0;36m🌐 Service URLs:[0m
   🏠 Frontend:              http://localhost:9000/
   🔧 Go API Server:         http://localhost:9000/api/
   ⚡ Go Workers:            http://localhost:8001/
   🐰 RabbitMQ Management:   http://localhost:15672/ (guest/guest)

[0;36m🔗 Key Endpoints:[0m
   📊 RabbitMQ Metrics:      http://localhost:9000/api/rabbitmq/metrics
   👥 Player Creation:       POST http://localhost:9000/api/players/quickstart
   📨 Message Publishing:    POST http://localhost:9000/api/publish
   ⚡ Chaos Engineering:     POST http://localhost:9000/api/chaos/arm
   🎮 Scenarios:             POST http://localhost:9000/api/scenario/run
   💀 DLQ Management:        POST http://localhost:9000/api/dlq/setup

[0;36m📈 Educational Features:[0m
   🎯 RabbitMQ-Direct Architecture - Zero abstraction layers
   🔍 Management API Integration - Live broker introspection
   ⚡ Native Chaos Engineering - Direct RabbitMQ operations
   💀 Comprehensive DLQ System - Native dead letter handling
   🌐 WebSocket Broadcasting - Real-time UI updates
   🚀 Pure Go Implementation - No Python dependencies

[0;36m🎮 Quick Start Commands:[0m
   # Create Alice and Bob workers
   curl -X POST http://localhost:9000/api/players/quickstart -H 'Content-Type: application/json' -d '{"preset":"alice_bob"}'

   # Publish a quest
   curl -X POST http://localhost:9000/api/publish -H 'Content-Type: application/json' -d '{"routing_key":"game.quest.gather","payload":{"case_id":"quest-1","quest_type":"gather","points":5}}'

   # Run late-bind escort scenario
   curl -X POST http://localhost:9000/api/scenario/run -H 'Content-Type: application/json' -d '{"scenario":"late-bind-escort"}'

   # Trigger chaos (purge queue)
   curl -X POST http://localhost:9000/api/chaos/arm -H 'Content-Type: application/json' -d '{"action":"rmq_purge_queue","target_queue":"game.skill.gather.q"}'

[0;35m================================================================================================[0m
[0;32m🎉 Demo Event Bus - Complete Go Migration is running![0m
[0;35m================================================================================================[0m
[0;36m📊 Architecture: RabbitMQ (External) + Go API Server + Go Workers[0m
[0;36m🎯 Educational Focus: Direct RabbitMQ integration with minimal abstraction[0m
[0;36m🌐 Frontend: http://localhost:9000/[0m
[1;33mℹ️  RabbitMQ managed separately via: docker-compose up -d[0m
[0;35m================================================================================================[0m
[1;33mPress Ctrl+C to stop all services[0m

[0;34m🔄 Monitoring services... (Check status with: ./check_status.sh)[0m
[0;34m🔄 To restart individual services during development:[0m
[0;34m   ./restart_api.sh     - Restart API server[0m
[0;34m   ./restart_workers.sh - Restart workers[0m
[0;35m================================================================================================[0m
[0;36m📋 Live Logs (API Server + Workers):[0m
[0;37mTip: Use Ctrl+C to stop all services[0m
[0;35m================================================================================================[0m
[0;37m14:45:37[0m [0;34m[API_SERVER][0m 2025/08/15 14:45:37 [2025-08-15T14:45:37+02:00] localhost:9000 says: Publishing message with correlation_id=2fe6b379-7c1b-4edf-ad97-d8123201b5d9 to routing_key=game.quest.gather
[0;37m14:45:37[0m [0;34m[API_SERVER][0m 2025/08/15 14:45:37 [2025-08-15T14:45:37+02:00] localhost:9000 says: Message payload: {"case_id":"startup-test","correlation_id":"2fe6b379-7c1b-4edf-ad97-d8123201b5d9","points":5,"published_at":1755261937,"published_by":"api_endpoint","quest_type":"gather"}
[0;37m14:45:37[0m [0;34m[API_SERVER][0m 2025/08/15 14:45:37 [2025-08-15T14:45:37+02:00] localhost:9000 says: SUCCESS published message correlation_id=2fe6b379-7c1b-4edf-ad97-d8123201b5d9
[0;37m14:45:37[0m [0;34m[API_SERVER][0m [GIN] 2025/08/15 - 14:45:37 | 200 |     1.29025ms |             ::1 | POST     "/api/publish"
[0;37m14:45:37[0m [0;35m[SYSTEM][0m 2025/08/15 14:45:35 🚀 [Go Server] Starting on port 8001
[0;37m14:45:40[0m [0;32m[WORKERS][0m 2025/08/15 14:45:40 🏃 [Go Worker] alice-worker-0 started on queue game.skill.gather.q
[0;37m14:45:40[0m [0;34m[API_SERVER][0m 2025/08/15 14:45:40 📬 [Go Worker Debug] alice received raw message: {"id":"q-1755261937-365786000","payload":{"case_id":"startup-test","correlation_id":"2fe6b379-7c1b-4edf-ad97-d8123201b5d9","points":5,"published_at":1755261937,"published_by":"api_endpoint","quest_type":"gather"},"points":5,"timestamp":1755261937,"type":"game.quest.gather"}
[0;37m14:45:40[0m [0;32m[WORKERS][0m 2025/08/15 14:45:40 ✅ [Go Worker Debug] alice parsed message: {CaseID:startup-test EventStage: Status: Source: QuestType:gather Difficulty:0 WorkSec:0 Points:5 Weight:0 Player: Payload:map[]}
[0;37m14:45:40[0m [0;32m[WORKERS][0m 2025/08/15 14:45:40 ✅ [Go Worker Debug] alice parsed message: {CaseID:startup-test EventStage:QUEST_COMPLETED Status:SUCCESS Source:go-worker:alice QuestType:gather Difficulty:0 WorkSec:0 Points:5 Weight:0 Player:alice Payload:map[]}
[0;37m14:45:40[0m [0;32m[WORKERS][0m 2025/08/15 14:45:40 🚀 [Go Worker] alice started with 1 workers, skills: [gather slay]
[0;37m14:45:40[0m [0;32m[WORKERS][0m 2025/08/15 14:45:40 ✅ [Server] Started worker: alice
[0;37m14:45:40[0m [0;32m[WORKERS][0m 2025/08/15 14:45:40 🏃 [Go Worker] alice-worker-0 started on queue game.skill.slay.q
[0;37m14:45:40[0m [0;34m[API_SERVER][0m [GIN] 2025/08/15 - 14:45:40 | 200 |     166.417µs |             ::1 | POST     "/api/go-workers/webhook/events"
[0;37m14:45:40[0m [0;34m[API_SERVER][0m [GIN] 2025/08/15 - 14:45:40 | 200 |      68.625µs |             ::1 | POST     "/api/go-workers/webhook/events"
[0;37m14:45:40[0m [0;34m[API_SERVER][0m [GIN] 2025/08/15 - 14:45:40 | 200 |      32.292µs |             ::1 | POST     "/api/go-workers/webhook/events"
[0;37m14:45:40[0m [0;32m[WORKERS][0m 2025/08/15 14:45:40 🏃 [Go Worker] bob-worker-0 started on queue game.skill.slay.q
[0;37m14:45:40[0m [0;32m[WORKERS][0m 2025/08/15 14:45:40 🚀 [Go Worker] bob started with 1 workers, skills: [slay escort]
[0;37m14:45:40[0m [0;32m[WORKERS][0m 2025/08/15 14:45:40 ✅ [Server] Started worker: bob
[0;37m14:45:40[0m [0;32m[WORKERS][0m 2025/08/15 14:45:40 🏃 [Go Worker] bob-worker-0 started on queue game.skill.escort.q
[0;37m14:45:40[0m [0;34m[API_SERVER][0m [GIN] 2025/08/15 - 14:45:40 | 200 |   34.308583ms |             ::1 | POST     "/api/players/quickstart"
[0;37m14:45:40[0m [0;34m[API_SERVER][0m [GIN] 2025/08/15 - 14:45:40 | 200 |      29.125µs |             ::1 | POST     "/api/go-workers/webhook/events"
[0;37m14:45:43[0m [0;34m[API_SERVER][0m 2025/08/15 14:45:43 🔍 [DLQ Reissue] Starting reissue from queue game.dlq.unroutable.q, count 1
[0;37m14:45:43[0m [0;34m[API_SERVER][0m [GIN] 2025/08/15 - 14:45:43 | 200 |    6.809042ms |             ::1 | POST     "/api/dlq/reissue"
[0;37m14:45:43[0m [0;32m[WORKERS][0m 2025/08/15 14:45:43 ✅ [Go Worker Debug] bob parsed message: {CaseID:wave-escort-1755261605278405000-3 EventStage: Status: Source:dlq_reissue QuestType:escort Difficulty:1 WorkSec:2 Points:5 Weight:0 Player: Payload:map[]}
[0;37m14:45:43[0m [0;34m[API_SERVER][0m [GIN] 2025/08/15 - 14:45:43 | 200 |     123.042µs |             ::1 | POST     "/api/go-workers/webhook/events"
[0;37m14:45:44[0m [0;34m[API_SERVER][0m [GIN] 2025/08/15 - 14:45:44 | 200 |     105.541µs |             ::1 | POST     "/api/go-workers/webhook/events"
[0;37m14:45:44[0m [0;32m[WORKERS][0m 2025/08/15 14:45:44 ✅ [Go Worker Debug] bob parsed message: {CaseID:wave-escort-1755261605278405000-3 EventStage:QUEST_COMPLETED Status:SUCCESS Source:go-worker:bob QuestType:escort Difficulty:1 WorkSec:0 Points:5 Weight:0 Player:bob Payload:map[]}
[0;37m14:45:51[0m [0;34m[API_SERVER][0m 2025/08/15 14:45:51 🔍 [DLQ Reissue] Starting reissue from queue game.dlq.unroutable.q, count 1
[0;37m14:45:51[0m [0;34m[API_SERVER][0m [GIN] 2025/08/15 - 14:45:51 | 200 |      4.8815ms |             ::1 | POST     "/api/dlq/reissue"
[0;37m14:45:51[0m [0;32m[WORKERS][0m 2025/08/15 14:45:51 ✅ [Go Worker Debug] bob parsed message: {CaseID:wave-escort-1755261605380939000-4 EventStage: Status: Source:dlq_reissue QuestType:escort Difficulty:1 WorkSec:2 Points:5 Weight:0 Player: Payload:map[]}
[0;37m14:45:51[0m [0;34m[API_SERVER][0m [GIN] 2025/08/15 - 14:45:51 | 200 |     112.959µs |             ::1 | POST     "/api/go-workers/webhook/events"
[0;37m14:45:52[0m [0;34m[API_SERVER][0m [GIN] 2025/08/15 - 14:45:52 | 200 |      94.167µs |             ::1 | POST     "/api/go-workers/webhook/events"
[0;37m14:46:07[0m [0;34m[API_SERVER][0m 2025/08/15 14:46:07 🔍 [DLQ Reissue] Starting reissue from queue game.dlq.failed.q, count 1
[0;37m14:46:07[0m [0;34m[API_SERVER][0m [GIN] 2025/08/15 - 14:46:07 | 200 |    2.533417ms |             ::1 | POST     "/api/dlq/reissue"
[0;37m14:46:11[0m [0;34m[API_SERVER][0m 2025/08/15 14:46:11 🔍 [DLQ Reissue] Starting reissue from queue game.dlq.unroutable.q, count 1
[0;37m14:46:11[0m [0;34m[API_SERVER][0m [GIN] 2025/08/15 - 14:46:11 | 200 |    2.822709ms |             ::1 | POST     "/api/dlq/reissue"
[0;37m14:46:11[0m [0;32m[WORKERS][0m 2025/08/15 14:46:11 ✅ [Go Worker Debug] bob parsed message: {CaseID:wave-escort-1755261605483566000-5 EventStage: Status: Source:dlq_reissue QuestType:escort Difficulty:1 WorkSec:2 Points:5 Weight:0 Player: Payload:map[]}
[0;37m14:46:11[0m [0;34m[API_SERVER][0m [GIN] 2025/08/15 - 14:46:11 | 200 |      51.541µs |             ::1 | POST     "/api/go-workers/webhook/events"
[0;37m14:46:12[0m [0;34m[API_SERVER][0m [GIN] 2025/08/15 - 14:46:12 | 200 |      87.208µs |             ::1 | POST     "/api/go-workers/webhook/events"
[0;37m14:46:12[0m [0;32m[WORKERS][0m 2025/08/15 14:46:12 ✅ [Go Worker Debug] bob parsed message: {CaseID:wave-escort-1755261605483566000-5 EventStage:QUEST_COMPLETED Status:SUCCESS Source:go-worker:bob QuestType:escort Difficulty:1 WorkSec:0 Points:5 Weight:0 Player:bob Payload:map[]}
[0;37m14:46:22[0m [0;34m[API_SERVER][0m 2025/08/15 14:46:22 🔍 [DLQ Reissue] Starting reissue from queue game.dlq.unroutable.q, count 1
[0;37m14:46:22[0m [0;34m[API_SERVER][0m [GIN] 2025/08/15 - 14:46:22 | 200 |    5.269458ms |             ::1 | POST     "/api/dlq/reissue"
[0;37m14:46:22[0m [0;32m[WORKERS][0m 2025/08/15 14:46:22 ✅ [Go Worker Debug] bob parsed message: {CaseID:wave-escort-1755261605586376000-6 EventStage: Status: Source:dlq_reissue QuestType:escort Difficulty:1 WorkSec:2 Points:5 Weight:0 Player: Payload:map[]}
[0;37m14:46:22[0m [0;34m[API_SERVER][0m [GIN] 2025/08/15 - 14:46:22 | 200 |      84.125µs |             ::1 | POST     "/api/go-workers/webhook/events"
[0;37m14:46:24[0m [0;34m[API_SERVER][0m [GIN] 2025/08/15 - 14:46:24 | 200 |     169.916µs |             ::1 | POST     "/api/go-workers/webhook/events"
[0;37m14:46:24[0m [0;32m[WORKERS][0m 2025/08/15 14:46:24 ✅ [Go Worker Debug] bob parsed message: {CaseID:wave-escort-1755261605586376000-6 EventStage:QUEST_COMPLETED Status:SUCCESS Source:go-worker:bob QuestType:escort Difficulty:1 WorkSec:0 Points:5 Weight:0 Player:bob Payload:map[]}
[0;37m14:46:34[0m [0;34m[API_SERVER][0m 2025/08/15 14:46:34 🔍 [DLQ Reissue] Starting reissue from queue game.dlq.unroutable.q, count 1
[0;37m14:46:34[0m [0;34m[API_SERVER][0m [GIN] 2025/08/15 - 14:46:34 | 200 |    2.928875ms |             ::1 | POST     "/api/dlq/reissue"
[0;37m14:46:34[0m [0;32m[WORKERS][0m 2025/08/15 14:46:34 ✅ [Go Worker Debug] bob parsed message: {CaseID:wave-escort-1755261605689663000-7 EventStage: Status: Source:dlq_reissue QuestType:escort Difficulty:1 WorkSec:2 Points:5 Weight:0 Player: Payload:map[]}
[0;37m14:46:34[0m [0;34m[API_SERVER][0m [GIN] 2025/08/15 - 14:46:34 | 200 |       58.25µs |             ::1 | POST     "/api/go-workers/webhook/events"
[0;37m14:46:35[0m [0;34m[API_SERVER][0m [GIN] 2025/08/15 - 14:46:35 | 200 |      71.666µs |             ::1 | POST     "/api/go-workers/webhook/events"
[0;37m14:46:35[0m [0;32m[WORKERS][0m 2025/08/15 14:46:35 ✅ [Go Worker Debug] bob parsed message: {CaseID:wave-escort-1755261605689663000-7 EventStage:QUEST_COMPLETED Status:SUCCESS Source:go-worker:bob QuestType:escort Difficulty:1 WorkSec:0 Points:5 Weight:0 Player:bob Payload:map[]}
[0;37m14:46:41[0m [0;34m[API_SERVER][0m 2025/08/15 14:46:41 🔍 [DLQ Reissue] Starting reissue from queue game.dlq.unroutable.q, count 1
[0;37m14:46:41[0m [0;34m[API_SERVER][0m [GIN] 2025/08/15 - 14:46:41 | 200 |    2.786167ms |             ::1 | POST     "/api/dlq/reissue"
[0;37m14:46:41[0m [0;32m[WORKERS][0m 2025/08/15 14:46:41 ✅ [Go Worker Debug] bob parsed message: {CaseID:wave-escort-1755261605792054000-8 EventStage: Status: Source:dlq_reissue QuestType:escort Difficulty:1 WorkSec:2 Points:5 Weight:0 Player: Payload:map[]}
[0;37m14:46:41[0m [0;34m[API_SERVER][0m [GIN] 2025/08/15 - 14:46:41 | 200 |      46.792µs |             ::1 | POST     "/api/go-workers/webhook/events"
[0;37m14:46:42[0m [0;34m[API_SERVER][0m [GIN] 2025/08/15 - 14:46:42 | 200 |      82.125µs |             ::1 | POST     "/api/go-workers/webhook/events"
[0;37m14:46:42[0m [0;32m[WORKERS][0m 2025/08/15 14:46:42 ✅ [Go Worker Debug] bob parsed message: {CaseID:wave-escort-1755261605792054000-8 EventStage:QUEST_COMPLETED Status:SUCCESS Source:go-worker:bob QuestType:escort Difficulty:1 WorkSec:0 Points:5 Weight:0 Player:bob Payload:map[]}
[0;37m14:46:43[0m [0;34m[API_SERVER][0m 2025/08/15 14:46:43 🔍 [DLQ Reissue] Starting reissue from queue game.dlq.unroutable.q, count 1
[0;37m14:46:43[0m [0;34m[API_SERVER][0m [GIN] 2025/08/15 - 14:46:43 | 200 |    2.552625ms |             ::1 | POST     "/api/dlq/reissue"
[0;37m14:46:43[0m [0;32m[WORKERS][0m 2025/08/15 14:46:43 ✅ [Go Worker Debug] bob parsed message: {CaseID:wave-escort-1755261605895944000-9 EventStage: Status: Source:dlq_reissue QuestType:escort Difficulty:1 WorkSec:2 Points:5 Weight:0 Player: Payload:map[]}
[0;37m14:46:43[0m [0;34m[API_SERVER][0m [GIN] 2025/08/15 - 14:46:43 | 200 |      48.375µs |             ::1 | POST     "/api/go-workers/webhook/events"
[0;37m14:46:44[0m [0;32m[WORKERS][0m 2025/08/15 14:46:44 ✅ [Go Worker Debug] bob parsed message: {CaseID:wave-escort-1755261605895944000-9 EventStage:QUEST_COMPLETED Status:SUCCESS Source:go-worker:bob QuestType:escort Difficulty:1 WorkSec:0 Points:5 Weight:0 Player:bob Payload:map[]}
[0;37m14:46:44[0m [0;34m[API_SERVER][0m [GIN] 2025/08/15 - 14:46:44 | 200 |      62.542µs |             ::1 | POST     "/api/go-workers/webhook/events"
[0;37m14:47:06[0m [0;35m[SYSTEM][0m 2025/08/15 14:47:06 🔄 [ResetGame] Starting comprehensive reset...
[0;37m14:47:06[0m [0;32m[WORKERS][0m 2025/08/15 14:47:06 🛑 [ResetGame] Stopping worker: bob
[0;37m14:47:06[0m [0;32m[WORKERS][0m 2025/08/15 14:47:06 🛑 [Go Worker] Stopping bob...
[0;37m14:47:06[0m [0;35m[SYSTEM][0m 2025/08/15 14:47:06 🛑 [Go Consumer] Context cancelled, stopping consumer for queue: game.skill.slay.q
[0;37m14:47:06[0m [0;35m[SYSTEM][0m 2025/08/15 14:47:06 🛑 [Go Consumer] Context cancelled, stopping consumer for queue: game.skill.escort.q
[0;37m14:47:06[0m [0;32m[WORKERS][0m 2025/08/15 14:47:06 ✅ [Go Worker] bob stopped
[0;37m14:47:06[0m [0;32m[WORKERS][0m 2025/08/15 14:47:06 🛑 [Server] Stopped worker: bob
[0;37m14:47:06[0m [0;32m[WORKERS][0m 2025/08/15 14:47:06 ✅ [ResetGame] Successfully stopped worker: bob
[0;37m14:47:06[0m [0;32m[WORKERS][0m 2025/08/15 14:47:06 🛑 [ResetGame] Stopping worker: alice
[0;37m14:47:06[0m [0;34m[API_SERVER][0m [GIN] 2025/08/15 - 14:47:06 | 200 |       40.25µs |             ::1 | POST     "/api/go-workers/webhook/events"
[0;37m14:47:06[0m [0;32m[WORKERS][0m 2025/08/15 14:47:06 🛑 [Go Worker] Stopping alice...
[0;37m14:47:06[0m [0;35m[SYSTEM][0m 2025/08/15 14:47:06 🛑 [Go Consumer] Context cancelled, stopping consumer for queue: game.skill.gather.q
[0;37m14:47:06[0m [0;35m[SYSTEM][0m 2025/08/15 14:47:06 🛑 [Go Consumer] Context cancelled, stopping consumer for queue: game.skill.slay.q
[0;37m14:47:06[0m [0;32m[WORKERS][0m 2025/08/15 14:47:06 ✅ [Go Worker] alice stopped
[0;37m14:47:06[0m [0;32m[WORKERS][0m 2025/08/15 14:47:06 🛑 [Server] Stopped worker: alice
[0;37m14:47:06[0m [0;32m[WORKERS][0m 2025/08/15 14:47:06 ✅ [ResetGame] Successfully stopped worker: alice
[0;37m14:47:06[0m [0;34m[API_SERVER][0m [GIN] 2025/08/15 - 14:47:06 | 200 |      30.208µs |             ::1 | POST     "/api/go-workers/webhook/events"
[0;37m14:47:06[0m [0;35m[SYSTEM][0m 2025/08/15 14:47:06 🗑️ [RabbitMQ] Successfully deleted queue game.dlq.expired.q
[0;37m14:47:06[0m [0;35m[SYSTEM][0m 2025/08/15 14:47:06 🗑️ [RabbitMQ] Successfully deleted queue game.dlq.failed.q
[0;37m14:47:06[0m [0;35m[SYSTEM][0m 2025/08/15 14:47:06 🗑️ [RabbitMQ] Successfully deleted queue game.dlq.retry.q
[0;37m14:47:06[0m [0;35m[SYSTEM][0m 2025/08/15 14:47:06 🗑️ [RabbitMQ] Successfully deleted queue game.dlq.unroutable.q
[0;37m14:47:06[0m [0;35m[SYSTEM][0m 2025/08/15 14:47:06 🗑️ [RabbitMQ] Successfully deleted queue game.skill.escort.q
[0;37m14:47:06[0m [0;35m[SYSTEM][0m 2025/08/15 14:47:06 🗑️ [RabbitMQ] Successfully deleted queue game.skill.gather.q
[0;37m14:47:06[0m [0;35m[SYSTEM][0m 2025/08/15 14:47:06 🗑️ [RabbitMQ] Successfully deleted queue game.skill.slay.q
[0;37m14:47:06[0m [0;35m[SYSTEM][0m 2025/08/15 14:47:06 🗑️ [RabbitMQ] Successfully deleted exchange game.dlx
[0;37m14:47:06[0m [0;35m[SYSTEM][0m 2025/08/15 14:47:06 🗑️ [RabbitMQ] Successfully deleted exchange game.skill
[0;37m14:47:06[0m [0;35m[SYSTEM][0m 2025/08/15 14:47:06 🗑️ [RabbitMQ] Successfully deleted exchange game.unroutable
[0;37m14:47:06[0m [0;35m[SYSTEM][0m 2025/08/15 14:47:06 🔄 [RabbitMQ] Successfully created exchange game.dlx (topic)
[0;37m14:47:06[0m [0;35m[SYSTEM][0m 2025/08/15 14:47:06 🔄 [RabbitMQ] Successfully created exchange game.unroutable (fanout)
[0;37m14:47:06[0m [0;35m[SYSTEM][0m 2025/08/15 14:47:06 📦 [RabbitMQ] Successfully created queue game.dlq.failed.q
[0;37m14:47:06[0m [0;35m[SYSTEM][0m 2025/08/15 14:47:06 🔗 [RabbitMQ] Successfully bound queue game.dlq.failed.q to exchange game.dlx with routing key dlq.failed
[0;37m14:47:06[0m [0;35m[SYSTEM][0m 2025/08/15 14:47:06 📦 [RabbitMQ] Successfully created queue game.dlq.unroutable.q
[0;37m14:47:06[0m [0;35m[SYSTEM][0m 2025/08/15 14:47:06 🔗 [RabbitMQ] Successfully bound queue game.dlq.unroutable.q to exchange game.dlx with routing key dlq.unroutable
[0;37m14:47:06[0m [0;35m[SYSTEM][0m 2025/08/15 14:47:06 📦 [RabbitMQ] Successfully created queue game.dlq.expired.q
[0;37m14:47:06[0m [0;35m[SYSTEM][0m 2025/08/15 14:47:06 🔗 [RabbitMQ] Successfully bound queue game.dlq.expired.q to exchange game.dlx with routing key dlq.expired
[0;37m14:47:06[0m [0;35m[SYSTEM][0m 2025/08/15 14:47:06 📦 [RabbitMQ] Successfully created queue game.dlq.retry.q
[0;37m14:47:06[0m [0;35m[SYSTEM][0m 2025/08/15 14:47:06 🔗 [RabbitMQ] Successfully bound queue game.dlq.retry.q to exchange game.dlx with routing key dlq.retry
[0;37m14:47:06[0m [0;35m[SYSTEM][0m 2025/08/15 14:47:06 🔗 [RabbitMQ] Successfully bound queue game.dlq.unroutable.q to exchange game.unroutable with routing key 
[0;37m14:47:06[0m [0;35m[SYSTEM][0m 2025/08/15 14:47:06 🔄 [RabbitMQ] Successfully created exchange game.skill (topic)
[0;37m14:47:06[0m [0;34m[API_SERVER][0m 2025/08/15 14:47:06 ✅ [DLQ] Auto-setup completed successfully
[0;37m14:47:07[0m [0;35m[SYSTEM][0m 2025/08/15 14:47:07 ✅ [ResetGame] Reset completed successfully
[0;37m14:47:07[0m [0;34m[API_SERVER][0m [GIN] 2025/08/15 - 14:47:07 | 200 |  1.545392667s |             ::1 | POST     "/api/reset"
[0;37m14:47:11[0m [0;34m[API_SERVER][0m [GIN] 2025/08/15 - 14:47:11 | 200 |    1.788083ms |             ::1 | POST     "/api/master/one"
[0;37m14:47:12[0m [0;32m[WORKERS][0m 2025/08/15 14:47:12 🏃 [Go Worker] alice-worker-0 started on queue game.skill.gather.q
[0;37m14:47:12[0m [0;32m[WORKERS][0m 2025/08/15 14:47:12 🚀 [Go Worker] alice started with 1 workers, skills: [gather slay]
[0;37m14:47:12[0m [0;32m[WORKERS][0m 2025/08/15 14:47:12 ✅ [Server] Started worker: alice
[0;37m14:47:12[0m [0;32m[WORKERS][0m 2025/08/15 14:47:12 🏃 [Go Worker] alice-worker-0 started on queue game.skill.slay.q
[0;37m14:47:12[0m [0;34m[API_SERVER][0m [GIN] 2025/08/15 - 14:47:12 | 200 |   20.785542ms |             ::1 | POST     "/api/players/quickstart"
[0;37m14:47:12[0m [0;34m[API_SERVER][0m [GIN] 2025/08/15 - 14:47:12 | 200 |      30.541µs |             ::1 | POST     "/api/go-workers/webhook/events"
[0;37m14:47:20[0m [0;32m[WORKERS][0m 2025/08/15 14:47:20 ✅ [Go Worker Debug] alice parsed message: {CaseID:wave-gather-1755262040048402000-0 EventStage: Status: Source:quest_wave QuestType:gather Difficulty:1 WorkSec:2 Points:5 Weight:0 Player: Payload:map[]}
[0;37m14:47:20[0m [0;34m[API_SERVER][0m [GIN] 2025/08/15 - 14:47:20 | 200 |      114.75µs |             ::1 | POST     "/api/go-workers/webhook/events"
[0;37m14:47:20[0m [0;32m[WORKERS][0m 2025/08/15 14:47:20 ✅ [Go Worker Debug] alice parsed message: {CaseID:wave-slay-1755262040980386000-0 EventStage: Status: Source:quest_wave QuestType:slay Difficulty:1 WorkSec:2 Points:5 Weight:0 Player: Payload:map[]}
[0;37m14:47:20[0m [0;34m[API_SERVER][0m [GIN] 2025/08/15 - 14:47:20 | 200 |     128.208µs |             ::1 | POST     "/api/go-workers/webhook/events"
[0;37m14:47:22[0m [0;34m[API_SERVER][0m [GIN] 2025/08/15 - 14:47:22 | 200 |      93.542µs |             ::1 | POST     "/api/go-workers/webhook/events"
[0;37m14:47:22[0m [0;32m[WORKERS][0m 2025/08/15 14:47:22 ✅ [Go Worker Debug] alice parsed message: {CaseID:wave-gather-1755262040150891000-1 EventStage: Status: Source:quest_wave QuestType:gather Difficulty:1 WorkSec:2 Points:5 Weight:0 Player: Payload:map[]}
[0;37m14:47:22[0m [0;34m[API_SERVER][0m [GIN] 2025/08/15 - 14:47:22 | 200 |      49.459µs |             ::1 | POST     "/api/go-workers/webhook/events"
[0;37m14:47:22[0m [0;34m[API_SERVER][0m [GIN] 2025/08/15 - 14:47:22 | 200 |  2.780779584s |             ::1 | POST     "/api/master/start"
[0;37m14:47:22[0m [0;34m[API_SERVER][0m [GIN] 2025/08/15 - 14:47:22 | 200 |          92µs |             ::1 | POST     "/api/go-workers/webhook/events"
[0;37m14:47:22[0m [0;32m[WORKERS][0m 2025/08/15 14:47:22 ✅ [Go Worker Debug] alice parsed message: {CaseID:wave-slay-1755262041082430000-1 EventStage: Status: Source:quest_wave QuestType:slay Difficulty:1 WorkSec:2 Points:5 Weight:0 Player: Payload:map[]}
[0;37m14:47:22[0m [0;34m[API_SERVER][0m [GIN] 2025/08/15 - 14:47:22 | 200 |      60.541µs |             ::1 | POST     "/api/go-workers/webhook/events"
[0;37m14:47:24[0m [0;34m[API_SERVER][0m [GIN] 2025/08/15 - 14:47:24 | 200 |     160.083µs |             ::1 | POST     "/api/go-workers/webhook/events"
[0;37m14:47:24[0m [0;32m[WORKERS][0m 2025/08/15 14:47:24 ✅ [Go Worker Debug] alice parsed message: {CaseID:wave-gather-1755262040253662000-2 EventStage: Status: Source:quest_wave QuestType:gather Difficulty:1 WorkSec:2 Points:5 Weight:0 Player: Payload:map[]}
[0;37m14:47:24[0m [0;34m[API_SERVER][0m [GIN] 2025/08/15 - 14:47:24 | 200 |     137.083µs |             ::1 | POST     "/api/go-workers/webhook/events"
[0;37m14:47:25[0m [0;34m[API_SERVER][0m [GIN] 2025/08/15 - 14:47:24 | 200 |      190.75µs |             ::1 | POST     "/api/go-workers/webhook/events"
[0;37m14:47:25[0m [0;32m[WORKERS][0m 2025/08/15 14:47:24 ✅ [Go Worker Debug] alice parsed message: {CaseID:wave-slay-1755262041185428000-2 EventStage: Status: Source:quest_wave QuestType:slay Difficulty:1 WorkSec:2 Points:5 Weight:0 Player: Payload:map[]}
[0;37m14:47:25[0m [0;34m[API_SERVER][0m [GIN] 2025/08/15 - 14:47:24 | 200 |     192.583µs |             ::1 | POST     "/api/go-workers/webhook/events"
[0;37m14:47:26[0m [0;34m[API_SERVER][0m [GIN] 2025/08/15 - 14:47:26 | 200 |     104.625µs |             ::1 | POST     "/api/go-workers/webhook/events"
[0;37m14:47:26[0m [0;32m[WORKERS][0m 2025/08/15 14:47:26 ✅ [Go Worker Debug] alice parsed message: {CaseID:wave-gather-1755262040355935000-3 EventStage: Status: Source:quest_wave QuestType:gather Difficulty:1 WorkSec:2 Points:5 Weight:0 Player: Payload:map[]}
[0;37m14:47:26[0m [0;34m[API_SERVER][0m [GIN] 2025/08/15 - 14:47:26 | 200 |      43.166µs |             ::1 | POST     "/api/go-workers/webhook/events"
[0;37m14:47:27[0m [0;34m[API_SERVER][0m [GIN] 2025/08/15 - 14:47:26 | 200 |     204.708µs |             ::1 | POST     "/api/go-workers/webhook/events"
[0;37m14:47:27[0m [0;32m[WORKERS][0m 2025/08/15 14:47:26 ✅ [Go Worker Debug] alice parsed message: {CaseID:wave-slay-1755262041288453000-3 EventStage: Status: Source:quest_wave QuestType:slay Difficulty:1 WorkSec:2 Points:5 Weight:0 Player: Payload:map[]}
[0;37m14:47:27[0m [0;34m[API_SERVER][0m [GIN] 2025/08/15 - 14:47:26 | 200 |      161.25µs |             ::1 | POST     "/api/go-workers/webhook/events"
[0;37m14:47:28[0m [0;34m[API_SERVER][0m [GIN] 2025/08/15 - 14:47:28 | 200 |     114.917µs |             ::1 | POST     "/api/go-workers/webhook/events"
[0;37m14:47:28[0m [0;32m[WORKERS][0m 2025/08/15 14:47:28 ✅ [Go Worker Debug] alice parsed message: {CaseID:wave-gather-1755262040459062000-4 EventStage: Status: Source:quest_wave QuestType:gather Difficulty:1 WorkSec:2 Points:5 Weight:0 Player: Payload:map[]}
[0;37m14:47:28[0m [0;34m[API_SERVER][0m [GIN] 2025/08/15 - 14:47:28 | 200 |     104.875µs |             ::1 | POST     "/api/go-workers/webhook/events"
[0;37m14:47:29[0m [0;32m[WORKERS][0m 2025/08/15 14:47:29 ✅ [Go Worker Debug] alice parsed message: {CaseID:wave-slay-1755262041390564000-4 EventStage: Status: Source:quest_wave QuestType:slay Difficulty:1 WorkSec:2 Points:5 Weight:0 Player: Payload:map[]}
[0;37m14:47:29[0m [0;34m[API_SERVER][0m [GIN] 2025/08/15 - 14:47:29 | 200 |     809.916µs |             ::1 | POST     "/api/go-workers/webhook/events"
[0;37m14:47:29[0m [0;34m[API_SERVER][0m [GIN] 2025/08/15 - 14:47:29 | 200 |     162.875µs |             ::1 | POST     "/api/go-workers/webhook/events"
[0;37m14:47:30[0m [0;34m[API_SERVER][0m [GIN] 2025/08/15 - 14:47:30 | 200 |     112.583µs |             ::1 | POST     "/api/go-workers/webhook/events"
[0;37m14:47:30[0m [0;32m[WORKERS][0m 2025/08/15 14:47:30 ✅ [Go Worker Debug] alice parsed message: {CaseID:wave-gather-1755262040562970000-5 EventStage: Status: Source:quest_wave QuestType:gather Difficulty:1 WorkSec:2 Points:5 Weight:0 Player: Payload:map[]}
[0;37m14:47:30[0m [0;34m[API_SERVER][0m [GIN] 2025/08/15 - 14:47:30 | 200 |      61.375µs |             ::1 | POST     "/api/go-workers/webhook/events"
[0;37m14:47:31[0m [0;34m[API_SERVER][0m [GIN] 2025/08/15 - 14:47:31 | 200 |      84.041µs |             ::1 | POST     "/api/go-workers/webhook/events"
[0;37m14:47:31[0m [0;32m[WORKERS][0m 2025/08/15 14:47:31 ✅ [Go Worker Debug] alice parsed message: {CaseID:wave-slay-1755262041493672000-5 EventStage: Status: Source:quest_wave QuestType:slay Difficulty:1 WorkSec:2 Points:5 Weight:0 Player: Payload:map[]}
[0;37m14:47:31[0m [0;34m[API_SERVER][0m [GIN] 2025/08/15 - 14:47:31 | 200 |      45.917µs |             ::1 | POST     "/api/go-workers/webhook/events"
[0;37m14:47:32[0m [0;34m[API_SERVER][0m [GIN] 2025/08/15 - 14:47:32 | 200 |     103.375µs |             ::1 | POST     "/api/go-workers/webhook/events"
[0;37m14:47:32[0m [0;32m[WORKERS][0m 2025/08/15 14:47:32 ✅ [Go Worker Debug] alice parsed message: {CaseID:wave-gather-1755262040666920000-6 EventStage: Status: Source:quest_wave QuestType:gather Difficulty:1 WorkSec:2 Points:5 Weight:0 Player: Payload:map[]}
[0;37m14:47:32[0m [0;34m[API_SERVER][0m [GIN] 2025/08/15 - 14:47:32 | 200 |      45.625µs |             ::1 | POST     "/api/go-workers/webhook/events"
[0;37m14:47:33[0m [0;34m[API_SERVER][0m [GIN] 2025/08/15 - 14:47:33 | 200 |     131.625µs |             ::1 | POST     "/api/go-workers/webhook/events"
[0;37m14:47:33[0m [0;32m[WORKERS][0m 2025/08/15 14:47:33 ✅ [Go Worker Debug] alice parsed message: {CaseID:wave-slay-1755262041595533000-6 EventStage: Status: Source:quest_wave QuestType:slay Difficulty:1 WorkSec:2 Points:5 Weight:0 Player: Payload:map[]}
[0;37m14:47:33[0m [0;34m[API_SERVER][0m [GIN] 2025/08/15 - 14:47:33 | 200 |     109.958µs |             ::1 | POST     "/api/go-workers/webhook/events"
[0;37m14:47:34[0m [0;32m[WORKERS][0m 2025/08/15 14:47:34 ✅ [Go Worker Debug] alice parsed message: {CaseID:wave-gather-1755262040771451000-7 EventStage: Status: Source:quest_wave QuestType:gather Difficulty:1 WorkSec:2 Points:5 Weight:0 Player: Payload:map[]}
[0;37m14:47:34[0m [0;34m[API_SERVER][0m [GIN] 2025/08/15 - 14:47:34 | 200 |     115.291µs |             ::1 | POST     "/api/go-workers/webhook/events"
[0;37m14:47:34[0m [0;34m[API_SERVER][0m [GIN] 2025/08/15 - 14:47:34 | 200 |      71.042µs |             ::1 | POST     "/api/go-workers/webhook/events"
[0;37m14:47:35[0m [0;32m[WORKERS][0m 2025/08/15 14:47:35 ✅ [Go Worker Debug] alice parsed message: {CaseID:wave-slay-1755262041697466000-7 EventStage: Status: Source:quest_wave QuestType:slay Difficulty:1 WorkSec:2 Points:5 Weight:0 Player: Payload:map[]}
[0;37m14:47:35[0m [0;34m[API_SERVER][0m [GIN] 2025/08/15 - 14:47:35 | 200 |      215.25µs |             ::1 | POST     "/api/go-workers/webhook/events"
[0;37m14:47:35[0m [0;34m[API_SERVER][0m [GIN] 2025/08/15 - 14:47:35 | 200 |     136.417µs |             ::1 | POST     "/api/go-workers/webhook/events"
[0;37m14:47:36[0m [0;34m[API_SERVER][0m [GIN] 2025/08/15 - 14:47:36 | 200 |      149.25µs |             ::1 | POST     "/api/go-workers/webhook/events"
[0;37m14:47:36[0m [0;32m[WORKERS][0m 2025/08/15 14:47:36 ✅ [Go Worker Debug] alice parsed message: {CaseID:wave-gather-1755262040874768000-8 EventStage: Status: Source:quest_wave QuestType:gather Difficulty:1 WorkSec:2 Points:5 Weight:0 Player: Payload:map[]}
[0;37m14:47:36[0m [0;34m[API_SERVER][0m [GIN] 2025/08/15 - 14:47:36 | 200 |        66.5µs |             ::1 | POST     "/api/go-workers/webhook/events"
[0;37m14:47:37[0m [0;32m[WORKERS][0m 2025/08/15 14:47:37 ✅ [Go Worker Debug] alice parsed message: {CaseID:wave-slay-1755262041800010000-8 EventStage: Status: Source:quest_wave QuestType:slay Difficulty:1 WorkSec:2 Points:5 Weight:0 Player: Payload:map[]}
[0;37m14:47:37[0m [0;34m[API_SERVER][0m [GIN] 2025/08/15 - 14:47:37 | 200 |     564.292µs |             ::1 | POST     "/api/go-workers/webhook/events"
[0;37m14:47:37[0m [0;34m[API_SERVER][0m [GIN] 2025/08/15 - 14:47:37 | 200 |     184.792µs |             ::1 | POST     "/api/go-workers/webhook/events"
[0;37m14:47:38[0m [0;34m[API_SERVER][0m [GIN] 2025/08/15 - 14:47:38 | 200 |     108.542µs |             ::1 | POST     "/api/go-workers/webhook/events"
[0;37m14:47:38[0m [0;32m[WORKERS][0m 2025/08/15 14:47:38 ✅ [Go Worker Debug] alice parsed message: {CaseID:wave-gather-1755262040977938000-9 EventStage: Status: Source:quest_wave QuestType:gather Difficulty:1 WorkSec:2 Points:5 Weight:0 Player: Payload:map[]}
[0;37m14:47:38[0m [0;34m[API_SERVER][0m [GIN] 2025/08/15 - 14:47:38 | 200 |        64.5µs |             ::1 | POST     "/api/go-workers/webhook/events"
[0;37m14:47:39[0m [0;32m[WORKERS][0m 2025/08/15 14:47:39 ✅ [Go Worker Debug] alice parsed message: {CaseID:wave-slay-1755262041901989000-9 EventStage: Status: Source:quest_wave QuestType:slay Difficulty:1 WorkSec:2 Points:5 Weight:0 Player: Payload:map[]}
[0;37m14:47:39[0m [0;34m[API_SERVER][0m [GIN] 2025/08/15 - 14:47:39 | 200 |     311.959µs |             ::1 | POST     "/api/go-workers/webhook/events"
[0;37m14:47:39[0m [0;34m[API_SERVER][0m [GIN] 2025/08/15 - 14:47:39 | 200 |     149.458µs |             ::1 | POST     "/api/go-workers/webhook/events"
[0;37m14:47:40[0m [0;32m[WORKERS][0m 2025/08/15 14:47:40 ✅ [Go Worker Debug] alice parsed message: {CaseID:wave-gather-1755262040048402000-0 EventStage:QUEST_COMPLETED Status:SUCCESS Source:go-worker:alice QuestType:gather Difficulty:1 WorkSec:0 Points:5 Weight:0 Player:alice Payload:map[]}
[0;37m14:47:40[0m [0;34m[API_SERVER][0m [GIN] 2025/08/15 - 14:47:40 | 200 |      88.667µs |             ::1 | POST     "/api/go-workers/webhook/events"
[0;37m14:47:40[0m [0;32m[WORKERS][0m 2025/08/15 14:47:40 ✅ [Go Worker Debug] alice parsed message: {CaseID:wave-gather-1755262040150891000-1 EventStage:QUEST_COMPLETED Status:SUCCESS Source:go-worker:alice QuestType:gather Difficulty:1 WorkSec:0 Points:5 Weight:0 Player:alice Payload:map[]}
[0;37m14:47:40[0m [0;32m[WORKERS][0m 2025/08/15 14:47:40 ✅ [Go Worker Debug] alice parsed message: {CaseID:wave-gather-1755262040253662000-2 EventStage:QUEST_COMPLETED Status:SUCCESS Source:go-worker:alice QuestType:gather Difficulty:1 WorkSec:0 Points:5 Weight:0 Player:alice Payload:map[]}
[0;37m14:47:40[0m [0;32m[WORKERS][0m 2025/08/15 14:47:40 ✅ [Go Worker Debug] alice parsed message: {CaseID:wave-gather-1755262040355935000-3 EventStage:QUEST_COMPLETED Status:SUCCESS Source:go-worker:alice QuestType:gather Difficulty:1 WorkSec:0 Points:5 Weight:0 Player:alice Payload:map[]}
[0;37m14:47:40[0m [0;32m[WORKERS][0m 2025/08/15 14:47:40 ✅ [Go Worker Debug] alice parsed message: {CaseID:wave-gather-1755262040459062000-4 EventStage:QUEST_COMPLETED Status:SUCCESS Source:go-worker:alice QuestType:gather Difficulty:1 WorkSec:0 Points:5 Weight:0 Player:alice Payload:map[]}
[0;37m14:47:40[0m [0;32m[WORKERS][0m 2025/08/15 14:47:40 ✅ [Go Worker Debug] alice parsed message: {CaseID:wave-gather-1755262040562970000-5 EventStage:QUEST_COMPLETED Status:SUCCESS Source:go-worker:alice QuestType:gather Difficulty:1 WorkSec:0 Points:5 Weight:0 Player:alice Payload:map[]}
[0;37m14:47:40[0m [0;32m[WORKERS][0m 2025/08/15 14:47:40 ✅ [Go Worker Debug] alice parsed message: {CaseID:wave-gather-1755262040666920000-6 EventStage:QUEST_COMPLETED Status:SUCCESS Source:go-worker:alice QuestType:gather Difficulty:1 WorkSec:0 Points:5 Weight:0 Player:alice Payload:map[]}
[0;37m14:47:40[0m [0;32m[WORKERS][0m 2025/08/15 14:47:40 ✅ [Go Worker Debug] alice parsed message: {CaseID:wave-gather-1755262040771451000-7 EventStage:QUEST_COMPLETED Status:SUCCESS Source:go-worker:alice QuestType:gather Difficulty:1 WorkSec:0 Points:5 Weight:0 Player:alice Payload:map[]}
[0;37m14:47:40[0m [0;32m[WORKERS][0m 2025/08/15 14:47:40 ✅ [Go Worker Debug] alice parsed message: {CaseID:wave-gather-1755262040874768000-8 EventStage:QUEST_COMPLETED Status:SUCCESS Source:go-worker:alice QuestType:gather Difficulty:1 WorkSec:0 Points:5 Weight:0 Player:alice Payload:map[]}
[0;37m14:47:40[0m [0;32m[WORKERS][0m 2025/08/15 14:47:40 ✅ [Go Worker Debug] alice parsed message: {CaseID:wave-gather-1755262040977938000-9 EventStage:QUEST_COMPLETED Status:SUCCESS Source:go-worker:alice QuestType:gather Difficulty:1 WorkSec:0 Points:5 Weight:0 Player:alice Payload:map[]}
[0;37m14:47:41[0m [0;34m[API_SERVER][0m [GIN] 2025/08/15 - 14:47:41 | 200 |     149.375µs |             ::1 | POST     "/api/go-workers/webhook/events"
[0;37m14:47:41[0m [0;32m[WORKERS][0m 2025/08/15 14:47:41 ✅ [Go Worker Debug] alice parsed message: {CaseID:wave-slay-1755262040980386000-0 EventStage:QUEST_COMPLETED Status:SUCCESS Source:go-worker:alice QuestType:slay Difficulty:1 WorkSec:0 Points:5 Weight:0 Player:alice Payload:map[]}
[0;37m14:47:41[0m [0;32m[WORKERS][0m 2025/08/15 14:47:41 ✅ [Go Worker Debug] alice parsed message: {CaseID:wave-slay-1755262041185428000-2 EventStage:QUEST_COMPLETED Status:SUCCESS Source:go-worker:alice QuestType:slay Difficulty:1 WorkSec:0 Points:5 Weight:0 Player:alice Payload:map[]}
[0;37m14:47:41[0m [0;32m[WORKERS][0m 2025/08/15 14:47:41 ✅ [Go Worker Debug] alice parsed message: {CaseID:wave-slay-1755262041288453000-3 EventStage:QUEST_COMPLETED Status:SUCCESS Source:go-worker:alice QuestType:slay Difficulty:1 WorkSec:0 Points:5 Weight:0 Player:alice Payload:map[]}
[0;37m14:47:41[0m [0;32m[WORKERS][0m 2025/08/15 14:47:41 ✅ [Go Worker Debug] alice parsed message: {CaseID:wave-slay-1755262041390564000-4 EventStage:QUEST_COMPLETED Status:SUCCESS Source:go-worker:alice QuestType:slay Difficulty:1 WorkSec:0 Points:5 Weight:0 Player:alice Payload:map[]}
[0;37m14:47:41[0m [0;32m[WORKERS][0m 2025/08/15 14:47:41 ✅ [Go Worker Debug] alice parsed message: {CaseID:wave-slay-1755262041493672000-5 EventStage:QUEST_COMPLETED Status:SUCCESS Source:go-worker:alice QuestType:slay Difficulty:1 WorkSec:0 Points:5 Weight:0 Player:alice Payload:map[]}
[0;37m14:47:41[0m [0;32m[WORKERS][0m 2025/08/15 14:47:41 ✅ [Go Worker Debug] alice parsed message: {CaseID:wave-slay-1755262041595533000-6 EventStage:QUEST_COMPLETED Status:SUCCESS Source:go-worker:alice QuestType:slay Difficulty:1 WorkSec:0 Points:5 Weight:0 Player:alice Payload:map[]}
[0;37m14:47:41[0m [0;32m[WORKERS][0m 2025/08/15 14:47:41 ✅ [Go Worker Debug] alice parsed message: {CaseID:wave-slay-1755262041697466000-7 EventStage:QUEST_COMPLETED Status:SUCCESS Source:go-worker:alice QuestType:slay Difficulty:1 WorkSec:0 Points:5 Weight:0 Player:alice Payload:map[]}
[0;37m14:47:41[0m [0;32m[WORKERS][0m 2025/08/15 14:47:41 ✅ [Go Worker Debug] alice parsed message: {CaseID:wave-slay-1755262041901989000-9 EventStage:QUEST_COMPLETED Status:SUCCESS Source:go-worker:alice QuestType:slay Difficulty:1 WorkSec:0 Points:5 Weight:0 Player:alice Payload:map[]}
[0;37m14:47:58[0m [0;34m[API_SERVER][0m 2025/08/15 14:47:58 🔍 [DLQ Reissue] Starting reissue from queue game.dlq.unroutable.q, count 1
[0;37m14:47:58[0m [0;34m[API_SERVER][0m [GIN] 2025/08/15 - 14:47:58 | 200 |    5.692542ms |             ::1 | POST     "/api/dlq/reissue"
[0;37m14:47:58[0m [0;32m[WORKERS][0m 2025/08/15 14:47:58 ✅ [Go Worker Debug] alice parsed message: {CaseID:single-gather-1755262031335016000 EventStage: Status: Source:dlq_reissue QuestType:gather Difficulty:1 WorkSec:2 Points:5 Weight:0 Player: Payload:map[]}
[0;37m14:47:58[0m [0;34m[API_SERVER][0m [GIN] 2025/08/15 - 14:47:58 | 200 |      68.417µs |             ::1 | POST     "/api/go-workers/webhook/events"
[0;37m14:48:00[0m [0;34m[API_SERVER][0m [GIN] 2025/08/15 - 14:48:00 | 200 |     108.458µs |             ::1 | POST     "/api/go-workers/webhook/events"
[0;37m14:48:00[0m [0;32m[WORKERS][0m 2025/08/15 14:48:00 ✅ [Go Worker Debug] alice parsed message: {CaseID:single-gather-1755262031335016000 EventStage:QUEST_COMPLETED Status:SUCCESS Source:go-worker:alice QuestType:gather Difficulty:1 WorkSec:0 Points:5 Weight:0 Player:alice Payload:map[]}
[0;37m14:48:41[0m [0;34m[API_SERVER][0m 2025/08/15 14:48:41 🔍 [DLQ Reissue] Starting reissue from queue game.dlq.unroutable.q, count 1
[0;37m14:48:41[0m [0;34m[API_SERVER][0m [GIN] 2025/08/15 - 14:48:41 | 200 |    4.660333ms |             ::1 | POST     "/api/dlq/reissue"
[0;37m14:48:44[0m [0;34m[API_SERVER][0m 2025/08/15 14:48:44 🔍 [DLQ Reissue] Starting reissue from queue game.dlq.failed.q, count 1
[0;37m14:48:44[0m [0;34m[API_SERVER][0m [GIN] 2025/08/15 - 14:48:44 | 200 |    2.666583ms |             ::1 | POST     "/api/dlq/reissue"
[0;37m14:48:49[0m [0;34m[API_SERVER][0m [GIN] 2025/08/15 - 14:48:49 | 200 |    1.259833ms |             ::1 | POST     "/api/master/one"
[0;37m14:48:52[0m [0;32m[WORKERS][0m 2025/08/15 14:48:52 🏃 [Go Worker] bob-worker-0 started on queue game.skill.slay.q
[0;37m14:48:52[0m [0;32m[WORKERS][0m 2025/08/15 14:48:52 🏃 [Go Worker] bob-worker-1 started on queue game.skill.slay.q
[0;37m14:48:52[0m [0;32m[WORKERS][0m 2025/08/15 14:48:52 🏃 [Go Worker] bob-worker-0 started on queue game.skill.escort.q
[0;37m14:48:52[0m [0;32m[WORKERS][0m 2025/08/15 14:48:52 🏃 [Go Worker] bob-worker-1 started on queue game.skill.escort.q
[0;37m14:48:52[0m [0;32m[WORKERS][0m 2025/08/15 14:48:52 🚀 [Go Worker] bob started with 2 workers, skills: [slay escort]
[0;37m14:48:52[0m [0;32m[WORKERS][0m 2025/08/15 14:48:52 ✅ [Server] Started worker: bob
[0;37m14:48:52[0m [0;34m[API_SERVER][0m [GIN] 2025/08/15 - 14:48:52 | 200 |   23.287125ms |             ::1 | POST     "/api/players/quickstart"
[0;37m14:48:52[0m [0;34m[API_SERVER][0m [GIN] 2025/08/15 - 14:48:52 | 200 |      50.792µs |             ::1 | POST     "/api/go-workers/webhook/events"
[0;37m14:48:54[0m [0;34m[API_SERVER][0m 2025/08/15 14:48:54 🔍 [DLQ Reissue] Starting reissue from queue game.dlq.unroutable.q, count 1
[0;37m14:48:54[0m [0;34m[API_SERVER][0m [GIN] 2025/08/15 - 14:48:54 | 200 |    5.181292ms |             ::1 | POST     "/api/dlq/reissue"
[0;37m14:48:54[0m [0;32m[WORKERS][0m 2025/08/15 14:48:54 ✅ [Go Worker Debug] bob parsed message: {CaseID:wave-escort-1755262042004446000-1 EventStage: Status: Source:dlq_reissue QuestType:escort Difficulty:1 WorkSec:2 Points:5 Weight:0 Player: Payload:map[]}
[0;37m14:48:54[0m [0;34m[API_SERVER][0m [GIN] 2025/08/15 - 14:48:54 | 200 |      94.125µs |             ::1 | POST     "/api/go-workers/webhook/events"
[0;37m14:48:55[0m [0;34m[API_SERVER][0m [GIN] 2025/08/15 - 14:48:55 | 200 |     116.125µs |             ::1 | POST     "/api/go-workers/webhook/events"
[0;37m14:48:57[0m [0;34m[API_SERVER][0m 2025/08/15 14:48:57 🔍 [DLQ Reissue] Starting reissue from queue game.dlq.unroutable.q, count 1
[0;37m14:48:57[0m [0;34m[API_SERVER][0m [GIN] 2025/08/15 - 14:48:57 | 200 |    6.071291ms |             ::1 | POST     "/api/dlq/reissue"
[0;37m14:48:57[0m [0;32m[WORKERS][0m 2025/08/15 14:48:57 ✅ [Go Worker Debug] bob parsed message: {CaseID:wave-escort-1755262042107531000-2 EventStage: Status: Source:dlq_reissue QuestType:escort Difficulty:1 WorkSec:2 Points:5 Weight:0 Player: Payload:map[]}
[0;37m14:48:57[0m [0;34m[API_SERVER][0m [GIN] 2025/08/15 - 14:48:57 | 200 |      110.25µs |             ::1 | POST     "/api/go-workers/webhook/events"
[0;37m14:48:59[0m [0;34m[API_SERVER][0m [GIN] 2025/08/15 - 14:48:59 | 200 |     115.458µs |             ::1 | POST     "/api/go-workers/webhook/events"
[0;37m14:48:59[0m [0;32m[WORKERS][0m 2025/08/15 14:48:59 ✅ [Go Worker Debug] bob parsed message: {CaseID:wave-escort-1755262042107531000-2 EventStage:QUEST_COMPLETED Status:SUCCESS Source:go-worker:bob QuestType:escort Difficulty:1 WorkSec:0 Points:5 Weight:0 Player:bob Payload:map[]}
[0;37m14:50:06[0m [0;35m[SYSTEM][0m 2025/08/15 14:50:06 🔄 [ResetGame] Starting comprehensive reset...
[0;37m14:50:06[0m [0;32m[WORKERS][0m 2025/08/15 14:50:06 🛑 [ResetGame] Stopping worker: alice
[0;37m14:50:06[0m [0;32m[WORKERS][0m 2025/08/15 14:50:06 🛑 [Go Worker] Stopping alice...
[0;37m14:50:06[0m [0;35m[SYSTEM][0m 2025/08/15 14:50:06 🛑 [Go Consumer] Context cancelled, stopping consumer for queue: game.skill.slay.q
[0;37m14:50:06[0m [0;35m[SYSTEM][0m 2025/08/15 14:50:06 🛑 [Go Consumer] Context cancelled, stopping consumer for queue: game.skill.gather.q
[0;37m14:50:06[0m [0;32m[WORKERS][0m 2025/08/15 14:50:06 ✅ [Go Worker] alice stopped
[0;37m14:50:06[0m [0;32m[WORKERS][0m 2025/08/15 14:50:06 🛑 [Server] Stopped worker: alice
[0;37m14:50:06[0m [0;32m[WORKERS][0m 2025/08/15 14:50:06 ✅ [ResetGame] Successfully stopped worker: alice
[0;37m14:50:06[0m [0;32m[WORKERS][0m 2025/08/15 14:50:06 🛑 [ResetGame] Stopping worker: bob
[0;37m14:50:06[0m [0;34m[API_SERVER][0m [GIN] 2025/08/15 - 14:50:06 | 200 |        27.5µs |             ::1 | POST     "/api/go-workers/webhook/events"
[0;37m14:50:06[0m [0;32m[WORKERS][0m 2025/08/15 14:50:06 🛑 [Go Worker] Stopping bob...
[0;37m14:50:06[0m [0;35m[SYSTEM][0m 2025/08/15 14:50:06 🛑 [Go Consumer] Context cancelled, stopping consumer for queue: game.skill.slay.q
[0;37m14:50:06[0m [0;35m[SYSTEM][0m 2025/08/15 14:50:06 🛑 [Go Consumer] Context cancelled, stopping consumer for queue: game.skill.escort.q
[0;37m14:50:06[0m [0;35m[SYSTEM][0m 2025/08/15 14:50:06 🛑 [Go Consumer] Context cancelled, stopping consumer for queue: game.skill.slay.q
[0;37m14:50:06[0m [0;35m[SYSTEM][0m 2025/08/15 14:50:06 🛑 [Go Consumer] Context cancelled, stopping consumer for queue: game.skill.escort.q
[0;37m14:50:06[0m [0;32m[WORKERS][0m 2025/08/15 14:50:06 ✅ [Go Worker] bob stopped
[0;37m14:50:06[0m [0;32m[WORKERS][0m 2025/08/15 14:50:06 🛑 [Server] Stopped worker: bob
[0;37m14:50:06[0m [0;32m[WORKERS][0m 2025/08/15 14:50:06 ✅ [ResetGame] Successfully stopped worker: bob
[0;37m14:50:06[0m [0;34m[API_SERVER][0m [GIN] 2025/08/15 - 14:50:06 | 200 |      11.791µs |             ::1 | POST     "/api/go-workers/webhook/events"
[0;37m14:50:06[0m [0;35m[SYSTEM][0m 2025/08/15 14:50:06 🗑️ [RabbitMQ] Successfully deleted queue game.dlq.expired.q
[0;37m14:50:06[0m [0;35m[SYSTEM][0m 2025/08/15 14:50:06 🗑️ [RabbitMQ] Successfully deleted queue game.dlq.failed.q
[0;37m14:50:06[0m [0;35m[SYSTEM][0m 2025/08/15 14:50:06 🗑️ [RabbitMQ] Successfully deleted queue game.dlq.retry.q
[0;37m14:50:06[0m [0;35m[SYSTEM][0m 2025/08/15 14:50:06 🗑️ [RabbitMQ] Successfully deleted queue game.dlq.unroutable.q
[0;37m14:50:06[0m [0;35m[SYSTEM][0m 2025/08/15 14:50:06 🗑️ [RabbitMQ] Successfully deleted queue game.skill.escort.q
[0;37m14:50:06[0m [0;35m[SYSTEM][0m 2025/08/15 14:50:06 🗑️ [RabbitMQ] Successfully deleted queue game.skill.gather.q
[0;37m14:50:06[0m [0;35m[SYSTEM][0m 2025/08/15 14:50:06 🗑️ [RabbitMQ] Successfully deleted queue game.skill.slay.q
[0;37m14:50:06[0m [0;35m[SYSTEM][0m 2025/08/15 14:50:06 🗑️ [RabbitMQ] Successfully deleted exchange game.dlx
[0;37m14:50:06[0m [0;35m[SYSTEM][0m 2025/08/15 14:50:06 🗑️ [RabbitMQ] Successfully deleted exchange game.skill
[0;37m14:50:06[0m [0;35m[SYSTEM][0m 2025/08/15 14:50:06 🗑️ [RabbitMQ] Successfully deleted exchange game.unroutable
[0;37m14:50:07[0m [0;35m[SYSTEM][0m 2025/08/15 14:50:07 🔄 [RabbitMQ] Successfully created exchange game.dlx (topic)
[0;37m14:50:07[0m [0;35m[SYSTEM][0m 2025/08/15 14:50:07 🔄 [RabbitMQ] Successfully created exchange game.unroutable (fanout)
[0;37m14:50:07[0m [0;35m[SYSTEM][0m 2025/08/15 14:50:07 📦 [RabbitMQ] Successfully created queue game.dlq.failed.q
[0;37m14:50:07[0m [0;35m[SYSTEM][0m 2025/08/15 14:50:07 🔗 [RabbitMQ] Successfully bound queue game.dlq.failed.q to exchange game.dlx with routing key dlq.failed
[0;37m14:50:07[0m [0;35m[SYSTEM][0m 2025/08/15 14:50:07 📦 [RabbitMQ] Successfully created queue game.dlq.unroutable.q
[0;37m14:50:07[0m [0;35m[SYSTEM][0m 2025/08/15 14:50:07 🔗 [RabbitMQ] Successfully bound queue game.dlq.unroutable.q to exchange game.dlx with routing key dlq.unroutable
[0;37m14:50:07[0m [0;35m[SYSTEM][0m 2025/08/15 14:50:07 📦 [RabbitMQ] Successfully created queue game.dlq.expired.q
[0;37m14:50:07[0m [0;35m[SYSTEM][0m 2025/08/15 14:50:07 🔗 [RabbitMQ] Successfully bound queue game.dlq.expired.q to exchange game.dlx with routing key dlq.expired
[0;37m14:50:07[0m [0;35m[SYSTEM][0m 2025/08/15 14:50:07 📦 [RabbitMQ] Successfully created queue game.dlq.retry.q
[0;37m14:50:07[0m [0;35m[SYSTEM][0m 2025/08/15 14:50:07 🔗 [RabbitMQ] Successfully bound queue game.dlq.retry.q to exchange game.dlx with routing key dlq.retry
[0;37m14:50:07[0m [0;35m[SYSTEM][0m 2025/08/15 14:50:07 🔗 [RabbitMQ] Successfully bound queue game.dlq.unroutable.q to exchange game.unroutable with routing key 
[0;37m14:50:07[0m [0;35m[SYSTEM][0m 2025/08/15 14:50:07 🔄 [RabbitMQ] Successfully created exchange game.skill (topic)
[0;37m14:50:07[0m [0;34m[API_SERVER][0m 2025/08/15 14:50:07 ✅ [DLQ] Auto-setup completed successfully
[0;37m14:50:08[0m [0;35m[SYSTEM][0m 2025/08/15 14:50:08 ✅ [ResetGame] Reset completed successfully
[0;37m14:50:08[0m [0;34m[API_SERVER][0m [GIN] 2025/08/15 - 14:50:08 | 200 |    1.5366275s |             ::1 | POST     "/api/reset"
[0;37m14:50:11[0m [0;34m[API_SERVER][0m [GIN] 2025/08/15 - 14:50:11 | 200 |     824.208µs |             ::1 | POST     "/api/master/one"
[0;37m14:50:12[0m [0;32m[WORKERS][0m 2025/08/15 14:50:12 🏃 [Go Worker] alice-worker-0 started on queue game.skill.gather.q
[0;37m14:50:12[0m [0;32m[WORKERS][0m 2025/08/15 14:50:12 🚀 [Go Worker] alice started with 1 workers, skills: [gather slay]
[0;37m14:50:12[0m [0;32m[WORKERS][0m 2025/08/15 14:50:12 🏃 [Go Worker] alice-worker-0 started on queue game.skill.slay.q
[0;37m14:50:12[0m [0;32m[WORKERS][0m 2025/08/15 14:50:12 ✅ [Server] Started worker: alice
[0;37m14:50:12[0m [0;34m[API_SERVER][0m [GIN] 2025/08/15 - 14:50:12 | 200 |   14.874083ms |             ::1 | POST     "/api/players/quickstart"
[0;37m14:50:12[0m [0;34m[API_SERVER][0m [GIN] 2025/08/15 - 14:50:12 | 200 |      28.083µs |             ::1 | POST     "/api/go-workers/webhook/events"
[0;37m14:50:14[0m [0;34m[API_SERVER][0m 2025/08/15 14:50:14 🛑 [API Server] Shutting down...
[0;37m14:50:14[0m [0;34m[API_SERVER][0m 2025/08/15 14:50:14 ✅ [API Server] Graceful shutdown completed
[0;37m14:50:16[0m [0;35m[SYSTEM][0m 2025/08/15 14:50:16 🛑 [Go Server] Shutting down...
[0;37m14:50:16[0m [0;32m[WORKERS][0m 2025/08/15 14:50:16 🛑 [Go Server] Stopping worker: alice
[0;37m14:50:16[0m [0;32m[WORKERS][0m 2025/08/15 14:50:16 🛑 [Go Worker] Stopping alice...
[0;37m14:50:16[0m [0;35m[SYSTEM][0m 2025/08/15 14:50:16 🛑 [Go Consumer] Context cancelled, stopping consumer for queue: game.skill.gather.q
[0;37m14:50:16[0m [0;35m[SYSTEM][0m 2025/08/15 14:50:16 🛑 [Go Consumer] Context cancelled, stopping consumer for queue: game.skill.slay.q
[0;37m14:50:16[0m [0;32m[WORKERS][0m 2025/08/15 14:50:16 ✅ [Go Worker] alice stopped
[0;37m14:50:16[0m [0;35m[SYSTEM][0m 2025/08/15 14:50:16 ✅ [Go Server] Shutdown complete

[1;33m🛑 Shutting down services...[0m
[0;34mStopping Go Workers (PID: 72709)...[0m
[0;34mStopping Go API Server (PID: 72675)...[0m
[0;32m✅ All services stopped[0m
