[0;35m================================================================================================[0m
[0;35m🚀 Starting Demo Event Bus - Complete Go Migration[0m
[0;35m================================================================================================[0m
[0;36m📊 Configuration:[0m
   🐰 RabbitMQ: localhost:5672 (Management: 15672) - External
   🏗️  Go API Server: localhost:9000
   ⚡ Go Workers: localhost:8001
[0;35m================================================================================================[0m
[1;33mℹ️  Note: RabbitMQ must be started manually before running this script[0m
[1;33m   Run: docker-compose up -d[0m
[0;35m================================================================================================[0m

[0;35m📋 Step 1: Building and Starting Go API Server[0m
[0;34m🔍 Checking RabbitMQ availability...[0m
[0;32m✅ RabbitMQ AMQP port 5672 is accessible[0m
[0;34m🔨 Building Go API Server...[0m
[0;32m✅ Go API Server built successfully[0m
[0;34m🚀 Starting Go API Server on port 9000...[0m
[0;32m✅ Go API Server started (PID: 46523), logging to api-server.log[0m
[0;34m🔄 Waiting for Go API Server on port 9000...[0m
[1;33m   Attempt 1/30...[0m
[0;32m✅ Go API Server is ready on port 9000[0m
[0;34m🧪 Testing Go API Server Health: http://localhost:9000/health[0m
[0;32m✅ Go API Server Health endpoint is responding[0m

[0;35m📋 Step 2: Building and Starting Go Workers[0m
[0;34m🔨 Building Go Workers...[0m
[0;32m✅ Go Workers built successfully[0m
[0;34m🚀 Starting Go Workers on port 8001...[0m
[0;32m✅ Go Workers started (PID: 46578), logging to workers.log[0m
[0;34m🔄 Waiting for Go Workers on port 8001...[0m
[1;33m   Attempt 1/30...[0m
[0;32m✅ Go Workers is ready on port 8001[0m
[0;34m🧪 Testing Go Workers Health: http://localhost:8001/health[0m
[0;32m✅ Go Workers Health endpoint is responding[0m

[0;35m📋 Step 3: Testing Complete System Integration[0m
[0;34m🧪 Testing Go API Server endpoints...[0m
[0;32m✅ RabbitMQ-direct metrics working[0m
[0;32m✅ Chaos engineering endpoints working[0m
[0;34m🧪 Testing native message publishing...[0m
[0;31m❌ Message publishing test failed[0m

[0;35m📋 Step 4: System Information[0m

[0;36m🌐 Service URLs:[0m
   🏠 Frontend:              http://localhost:9000/
   🔧 Go API Server:         http://localhost:9000/api/
   ⚡ Go Workers:            http://localhost:8001/
   🐰 RabbitMQ Management:   http://localhost:15672/ (guest/guest)

[0;36m🔗 Key Endpoints:[0m
   📊 RabbitMQ Metrics:      http://localhost:9000/api/rabbitmq/metrics
   👥 Player Creation:       POST http://localhost:9000/api/players/quickstart
   📨 Message Publishing:    POST http://localhost:9000/api/publish
   ⚡ Chaos Engineering:     POST http://localhost:9000/api/chaos/arm
   🎮 Scenarios:             POST http://localhost:9000/api/scenario/run
   💀 DLQ Management:        POST http://localhost:9000/api/dlq/setup

[0;36m📈 Educational Features:[0m
   🎯 RabbitMQ-Direct Architecture - Zero abstraction layers
   🔍 Management API Integration - Live broker introspection
   ⚡ Native Chaos Engineering - Direct RabbitMQ operations
   💀 Comprehensive DLQ System - Native dead letter handling
   🌐 WebSocket Broadcasting - Real-time UI updates
   🚀 Pure Go Implementation - No Python dependencies

[0;36m🎮 Quick Start Commands:[0m
   # Create Alice and Bob workers
   curl -X POST http://localhost:9000/api/players/quickstart -H 'Content-Type: application/json' -d '{"preset":"alice_bob"}'

   # Publish a quest
   curl -X POST http://localhost:9000/api/publish -H 'Content-Type: application/json' -d '{"routing_key":"game.quest.gather","payload":{"case_id":"quest-1","quest_type":"gather","points":5}}'

   # Run late-bind escort scenario
   curl -X POST http://localhost:9000/api/scenario/run -H 'Content-Type: application/json' -d '{"scenario":"late-bind-escort"}'

   # Trigger chaos (purge queue)
   curl -X POST http://localhost:9000/api/chaos/arm -H 'Content-Type: application/json' -d '{"action":"rmq_purge_queue","target_queue":"game.skill.gather.q"}'

[0;35m================================================================================================[0m
[0;32m🎉 Demo Event Bus - Complete Go Migration is running![0m
[0;35m================================================================================================[0m
[0;36m📊 Architecture: RabbitMQ (External) + Go API Server + Go Workers[0m
[0;36m🎯 Educational Focus: Direct RabbitMQ integration with minimal abstraction[0m
[0;36m🌐 Frontend: http://localhost:9000/[0m
[1;33mℹ️  RabbitMQ managed separately via: docker-compose up -d[0m
[0;35m================================================================================================[0m
[1;33mPress Ctrl+C to stop all services[0m

[0;34m🔄 Monitoring services... (Check status with: ./check_status.sh)[0m
[0;34m🔄 To restart individual services during development:[0m
[0;34m   ./restart_api.sh     - Restart API server[0m
[0;34m   ./restart_workers.sh - Restart workers[0m
[0;35m================================================================================================[0m
[0;36m📋 Live Logs (API Server + Workers):[0m
[0;37mTip: Use Ctrl+C to stop all services[0m
[0;35m================================================================================================[0m
[0;37m13:01:03[0m [0;34m[API_SERVER][0m 2025/08/15 13:01:03 [2025-08-15T13:01:03+02:00] localhost:9000 says: Publishing message with correlation_id=600a440a-4944-48b0-a774-f08eec8d8466 to routing_key=game.quest.gather
[0;37m13:01:03[0m [0;34m[API_SERVER][0m 2025/08/15 13:01:03 [2025-08-15T13:01:03+02:00] localhost:9000 says: Message payload: {"case_id":"startup-test","correlation_id":"600a440a-4944-48b0-a774-f08eec8d8466","points":5,"published_at":1755255663,"published_by":"api_endpoint","quest_type":"gather"}
[0;37m13:01:03[0m [0;34m[API_SERVER][0m 2025/08/15 13:01:03 [2025-08-15T13:01:03+02:00] localhost:9000 says: SUCCESS published message correlation_id=600a440a-4944-48b0-a774-f08eec8d8466
[0;37m13:01:03[0m [0;34m[API_SERVER][0m [GIN] 2025/08/15 - 13:01:03 | 200 |    1.083041ms |             ::1 | POST     "/api/publish"
[0;37m13:01:03[0m [0;35m[SYSTEM][0m 2025/08/15 13:01:01 🚀 [Go Server] Starting on port 8001
[0;37m13:01:06[0m [0;32m[WORKERS][0m 2025/08/15 13:01:06 🏃 [Go Worker] alice-worker-0 started on queue game.skill.gather.q
[0;37m13:01:06[0m [0;34m[API_SERVER][0m 2025/08/15 13:01:06 📬 [Go Worker Debug] alice received raw message: {"id":"q-1755255663-416832000","payload":{"case_id":"startup-test","correlation_id":"600a440a-4944-48b0-a774-f08eec8d8466","points":5,"published_at":1755255663,"published_by":"api_endpoint","quest_type":"gather"},"points":5,"timestamp":1755255663,"type":"game.quest.gather"}
[0;37m13:01:06[0m [0;32m[WORKERS][0m 2025/08/15 13:01:06 ✅ [Go Worker Debug] alice parsed message: {CaseID:startup-test EventStage: Status: Source: QuestType:gather Difficulty:0 WorkSec:0 Points:5 Weight:0 Player: Payload:map[]}
[0;37m13:01:06[0m [0;34m[API_SERVER][0m [GIN] 2025/08/15 - 13:01:06 | 200 |      50.334µs |             ::1 | POST     "/api/go-workers/webhook/events"
[0;37m13:01:06[0m [0;34m[API_SERVER][0m [GIN] 2025/08/15 - 13:01:06 | 200 |      45.291µs |             ::1 | POST     "/api/go-workers/webhook/events"
[0;37m13:01:06[0m [0;32m[WORKERS][0m 2025/08/15 13:01:06 ✅ [Go Worker Debug] alice parsed message: {CaseID:startup-test EventStage:QUEST_COMPLETED Status:SUCCESS Source:go-worker:alice QuestType:gather Difficulty:0 WorkSec:0 Points:5 Weight:0 Player:alice Payload:map[]}
[0;37m13:01:06[0m [0;34m[API_SERVER][0m [GIN] 2025/08/15 - 13:01:06 | 200 |     211.625µs |             ::1 | POST     "/api/go-workers/webhook/events"
[0;37m13:01:06[0m [0;34m[API_SERVER][0m [GIN] 2025/08/15 - 13:01:06 | 200 |     148.583µs |             ::1 | POST     "/api/go-workers/webhook/events"
[0;37m13:01:06[0m [0;32m[WORKERS][0m 2025/08/15 13:01:06 ✅ [Go Worker Debug] alice parsed message: {CaseID:startup-test EventStage:QUEST_COMPLETED Status:SUCCESS Source:go-worker:alice QuestType:gather Difficulty:0 WorkSec:0 Points:5 Weight:0 Player:alice Payload:map[]}
[0;37m13:01:06[0m [0;32m[WORKERS][0m 2025/08/15 13:01:06 🏃 [Go Worker] alice-worker-0 started on queue game.skill.slay.q
[0;37m13:01:06[0m [0;32m[WORKERS][0m 2025/08/15 13:01:06 🚀 [Go Worker] alice started with 1 workers, skills: [gather slay]
[0;37m13:01:06[0m [0;32m[WORKERS][0m 2025/08/15 13:01:06 ✅ [Server] Started worker: alice
[0;37m13:01:06[0m [0;34m[API_SERVER][0m [GIN] 2025/08/15 - 13:01:06 | 200 |      40.542µs |             ::1 | POST     "/api/go-workers/webhook/events"
[0;37m13:01:06[0m [0;34m[API_SERVER][0m [GIN] 2025/08/15 - 13:01:06 | 200 |      15.584µs |             ::1 | POST     "/api/go-workers/webhook/events"
[0;37m13:01:06[0m [0;34m[API_SERVER][0m [GIN] 2025/08/15 - 13:01:06 | 200 |      31.625µs |             ::1 | POST     "/api/go-workers/webhook/events"
[0;37m13:01:06[0m [0;32m[WORKERS][0m 2025/08/15 13:01:06 ✅ [Go Worker Debug] alice parsed message: {CaseID:startup-test EventStage:QUEST_COMPLETED Status:SUCCESS Source:go-worker:alice QuestType:gather Difficulty:0 WorkSec:0 Points:5 Weight:0 Player:alice Payload:map[]}
[0;37m13:01:06[0m [0;34m[API_SERVER][0m [GIN] 2025/08/15 - 13:01:06 | 200 |       31.75µs |             ::1 | POST     "/api/go-workers/webhook/events"
[0;37m13:01:06[0m [0;34m[API_SERVER][0m [GIN] 2025/08/15 - 13:01:06 | 200 |      33.416µs |             ::1 | POST     "/api/go-workers/webhook/events"
[0;37m13:01:06[0m [0;32m[WORKERS][0m 2025/08/15 13:01:06 ✅ [Go Worker Debug] alice parsed message: {CaseID:startup-test EventStage:QUEST_COMPLETED Status:SUCCESS Source:go-worker:alice QuestType:gather Difficulty:0 WorkSec:0 Points:5 Weight:0 Player:alice Payload:map[]}
[0;37m13:01:06[0m [0;34m[API_SERVER][0m [GIN] 2025/08/15 - 13:01:06 | 200 |      35.708µs |             ::1 | POST     "/api/go-workers/webhook/events"
[0;37m13:01:06[0m [0;34m[API_SERVER][0m [GIN] 2025/08/15 - 13:01:06 | 200 |      30.125µs |             ::1 | POST     "/api/go-workers/webhook/events"
[0;37m13:01:06[0m [0;32m[WORKERS][0m 2025/08/15 13:01:06 ✅ [Go Worker Debug] alice parsed message: {CaseID:startup-test EventStage:QUEST_COMPLETED Status:SUCCESS Source:go-worker:alice QuestType:gather Difficulty:0 WorkSec:0 Points:5 Weight:0 Player:alice Payload:map[]}
[0;37m13:01:06[0m [0;34m[API_SERVER][0m [GIN] 2025/08/15 - 13:01:06 | 200 |      30.625µs |             ::1 | POST     "/api/go-workers/webhook/events"
[0;37m13:01:06[0m [0;34m[API_SERVER][0m [GIN] 2025/08/15 - 13:01:06 | 200 |      36.875µs |             ::1 | POST     "/api/go-workers/webhook/events"
[0;37m13:01:06[0m [0;32m[WORKERS][0m 2025/08/15 13:01:06 ✅ [Go Worker Debug] alice parsed message: {CaseID:startup-test EventStage:QUEST_COMPLETED Status:SUCCESS Source:go-worker:alice QuestType:gather Difficulty:0 WorkSec:0 Points:5 Weight:0 Player:alice Payload:map[]}
[0;37m13:01:06[0m [0;34m[API_SERVER][0m [GIN] 2025/08/15 - 13:01:06 | 200 |      29.792µs |             ::1 | POST     "/api/go-workers/webhook/events"
[0;37m13:01:06[0m [0;34m[API_SERVER][0m [GIN] 2025/08/15 - 13:01:06 | 200 |      34.125µs |             ::1 | POST     "/api/go-workers/webhook/events"
[0;37m13:01:06[0m [0;32m[WORKERS][0m 2025/08/15 13:01:06 ✅ [Go Worker Debug] alice parsed message: {CaseID:startup-test EventStage:QUEST_COMPLETED Status:SUCCESS Source:go-worker:alice QuestType:gather Difficulty:0 WorkSec:0 Points:5 Weight:0 Player:alice Payload:map[]}
[0;37m13:01:06[0m [0;34m[API_SERVER][0m [GIN] 2025/08/15 - 13:01:06 | 200 |      23.542µs |             ::1 | POST     "/api/go-workers/webhook/events"
[0;37m13:01:06[0m [0;34m[API_SERVER][0m [GIN] 2025/08/15 - 13:01:06 | 200 |      59.125µs |             ::1 | POST     "/api/go-workers/webhook/events"
[0;37m13:01:06[0m [0;32m[WORKERS][0m 2025/08/15 13:01:06 ✅ [Go Worker Debug] alice parsed message: {CaseID:startup-test EventStage:QUEST_COMPLETED Status:SUCCESS Source:go-worker:alice QuestType:gather Difficulty:0 WorkSec:0 Points:5 Weight:0 Player:alice Payload:map[]}
[0;37m13:01:06[0m [0;34m[API_SERVER][0m [GIN] 2025/08/15 - 13:01:06 | 200 |      17.458µs |             ::1 | POST     "/api/go-workers/webhook/events"
[0;37m13:01:06[0m [0;34m[API_SERVER][0m [GIN] 2025/08/15 - 13:01:06 | 200 |      35.834µs |             ::1 | POST     "/api/go-workers/webhook/events"
[0;37m13:01:06[0m [0;32m[WORKERS][0m 2025/08/15 13:01:06 🏃 [Go Worker] bob-worker-0 started on queue game.skill.slay.q
[0;37m13:01:06[0m [0;32m[WORKERS][0m 2025/08/15 13:01:06 🚀 [Go Worker] bob started with 1 workers, skills: [slay escort]
[0;37m13:01:06[0m [0;32m[WORKERS][0m 2025/08/15 13:01:06 🏃 [Go Worker] bob-worker-0 started on queue game.skill.escort.q
[0;37m13:01:06[0m [0;32m[WORKERS][0m 2025/08/15 13:01:06 ✅ [Server] Started worker: bob
[0;37m13:01:06[0m [0;34m[API_SERVER][0m [GIN] 2025/08/15 - 13:01:06 | 200 |   35.043417ms |             ::1 | POST     "/api/players/quickstart"
[0;37m13:01:06[0m [0;34m[API_SERVER][0m [GIN] 2025/08/15 - 13:01:06 | 200 |      23.292µs |             ::1 | POST     "/api/go-workers/webhook/events"
[0;37m13:01:06[0m [0;34m[API_SERVER][0m 2025/08/15 13:01:06 [2025-08-15T13:01:06+02:00] localhost:9000 says: Publishing message with correlation_id=82555dac-e41b-4c7f-8cd6-a11be42e87b8 to routing_key=game.quest.gather
[0;37m13:01:06[0m [0;34m[API_SERVER][0m 2025/08/15 13:01:06 [2025-08-15T13:01:06+02:00] localhost:9000 says: Message payload: {"case_id":"startup-test","correlation_id":"82555dac-e41b-4c7f-8cd6-a11be42e87b8","points":5,"published_at":1755255666,"published_by":"api_endpoint","quest_type":"gather"}
[0;37m13:01:06[0m [0;34m[API_SERVER][0m 2025/08/15 13:01:06 [2025-08-15T13:01:06+02:00] localhost:9000 says: SUCCESS published message correlation_id=82555dac-e41b-4c7f-8cd6-a11be42e87b8
[0;37m13:01:06[0m [0;34m[API_SERVER][0m [GIN] 2025/08/15 - 13:01:06 | 200 |      787.25µs |             ::1 | POST     "/api/publish"
[0;37m13:01:06[0m [0;32m[WORKERS][0m 2025/08/15 13:01:06 ✅ [Go Worker Debug] alice parsed message: {CaseID:startup-test EventStage: Status: Source: QuestType:gather Difficulty:0 WorkSec:0 Points:5 Weight:0 Player: Payload:map[]}
[0;37m13:01:06[0m [0;32m[WORKERS][0m 2025/08/15 13:01:06 ✅ [Go Worker Debug] alice parsed message: {CaseID:startup-test EventStage:QUEST_COMPLETED Status:SUCCESS Source:go-worker:alice QuestType:gather Difficulty:0 WorkSec:0 Points:5 Weight:0 Player:alice Payload:map[]}
[0;37m13:01:06[0m [0;34m[API_SERVER][0m [GIN] 2025/08/15 - 13:01:06 | 200 |      53.542µs |             ::1 | POST     "/api/go-workers/webhook/events"
[0;37m13:01:06[0m [0;34m[API_SERVER][0m [GIN] 2025/08/15 - 13:01:06 | 200 |      26.625µs |             ::1 | POST     "/api/go-workers/webhook/events"
[0;37m13:01:06[0m [0;34m[API_SERVER][0m [GIN] 2025/08/15 - 13:01:06 | 200 |      24.667µs |             ::1 | POST     "/api/go-workers/webhook/events"
[0;37m13:01:06[0m [0;34m[API_SERVER][0m [GIN] 2025/08/15 - 13:01:06 | 200 |       38.75µs |             ::1 | POST     "/api/go-workers/webhook/events"
[0;37m13:01:06[0m [0;32m[WORKERS][0m 2025/08/15 13:01:06 ✅ [Go Worker Debug] alice parsed message: {CaseID:startup-test EventStage:QUEST_COMPLETED Status:SUCCESS Source:go-worker:alice QuestType:gather Difficulty:0 WorkSec:0 Points:5 Weight:0 Player:alice Payload:map[]}
[0;37m13:01:06[0m [0;34m[API_SERVER][0m [GIN] 2025/08/15 - 13:01:06 | 200 |      26.167µs |             ::1 | POST     "/api/go-workers/webhook/events"
[0;37m13:01:07[0m [0;34m[API_SERVER][0m [GIN] 2025/08/15 - 13:01:06 | 200 |      26.416µs |             ::1 | POST     "/api/go-workers/webhook/events"
[0;37m13:01:07[0m [0;32m[WORKERS][0m 2025/08/15 13:01:06 ✅ [Go Worker Debug] alice parsed message: {CaseID:startup-test EventStage:QUEST_COMPLETED Status:SUCCESS Source:go-worker:alice QuestType:gather Difficulty:0 WorkSec:0 Points:5 Weight:0 Player:alice Payload:map[]}
[0;37m13:01:07[0m [0;34m[API_SERVER][0m [GIN] 2025/08/15 - 13:01:06 | 200 |      19.208µs |             ::1 | POST     "/api/go-workers/webhook/events"
[0;37m13:01:07[0m [0;34m[API_SERVER][0m [GIN] 2025/08/15 - 13:01:06 | 200 |      36.542µs |             ::1 | POST     "/api/go-workers/webhook/events"
[0;37m13:01:21[0m [0;34m[API_SERVER][0m [GIN] 2025/08/15 - 13:01:21 | 200 |       1.039ms |             ::1 | POST     "/api/master/one"
[0;37m13:01:21[0m [0;32m[WORKERS][0m 2025/08/15 13:01:21 ✅ [Go Worker Debug] alice parsed message: {CaseID:single-gather-1755255681442576000 EventStage: Status: Source:frontend_send_one QuestType:gather Difficulty:1 WorkSec:2 Points:5 Weight:0 Player: Payload:map[]}
[0;37m13:01:21[0m [0;34m[API_SERVER][0m [GIN] 2025/08/15 - 13:01:21 | 200 |      33.375µs |             ::1 | POST     "/api/go-workers/webhook/events"
[0;37m13:01:23[0m [0;34m[API_SERVER][0m [GIN] 2025/08/15 - 13:01:23 | 200 |     131.708µs |             ::1 | POST     "/api/go-workers/webhook/events"
[0;37m13:01:23[0m [0;32m[WORKERS][0m 2025/08/15 13:01:23 ✅ [Go Worker Debug] alice parsed message: {CaseID:single-gather-1755255681442576000 EventStage:QUEST_COMPLETED Status:SUCCESS Source:go-worker:alice QuestType:gather Difficulty:1 WorkSec:0 Points:5 Weight:0 Player:alice Payload:map[]}
[0;37m13:01:23[0m [0;34m[API_SERVER][0m [GIN] 2025/08/15 - 13:01:23 | 200 |      70.667µs |             ::1 | POST     "/api/go-workers/webhook/events"
[0;37m13:01:23[0m [0;34m[API_SERVER][0m [GIN] 2025/08/15 - 13:01:23 | 200 |     127.375µs |             ::1 | POST     "/api/go-workers/webhook/events"
[0;37m13:01:54[0m [0;34m[API_SERVER][0m [GIN] 2025/08/15 - 13:01:54 | 200 |    4.140792ms |             ::1 | POST     "/api/master/one"
[0;37m13:01:54[0m [0;32m[WORKERS][0m 2025/08/15 13:01:54 ✅ [Go Worker Debug] alice parsed message: {CaseID:single-gather-1755255714077704000 EventStage: Status: Source:frontend_send_one QuestType:gather Difficulty:1 WorkSec:2 Points:5 Weight:0 Player: Payload:map[]}
[0;37m13:01:54[0m [0;34m[API_SERVER][0m [GIN] 2025/08/15 - 13:01:54 | 200 |     111.792µs |             ::1 | POST     "/api/go-workers/webhook/events"
[0;37m13:01:56[0m [0;34m[API_SERVER][0m [GIN] 2025/08/15 - 13:01:56 | 200 |      84.417µs |             ::1 | POST     "/api/go-workers/webhook/events"
[0;37m13:01:56[0m [0;32m[WORKERS][0m 2025/08/15 13:01:56 ✅ [Go Worker Debug] alice parsed message: {CaseID:single-gather-1755255714077704000 EventStage:QUEST_COMPLETED Status:SUCCESS Source:go-worker:alice QuestType:gather Difficulty:1 WorkSec:0 Points:5 Weight:0 Player:alice Payload:map[]}
[0;37m13:01:56[0m [0;34m[API_SERVER][0m [GIN] 2025/08/15 - 13:01:56 | 200 |      47.125µs |             ::1 | POST     "/api/go-workers/webhook/events"
[0;37m13:01:56[0m [0;34m[API_SERVER][0m [GIN] 2025/08/15 - 13:01:56 | 200 |      65.542µs |             ::1 | POST     "/api/go-workers/webhook/events"
[0;37m13:01:56[0m [0;32m[WORKERS][0m 2025/08/15 13:01:56 ✅ [Go Worker Debug] alice parsed message: {CaseID:single-gather-1755255714077704000 EventStage:QUEST_COMPLETED Status:SUCCESS Source:go-worker:alice QuestType:gather Difficulty:1 WorkSec:0 Points:5 Weight:0 Player:alice Payload:map[]}
[0;37m13:01:56[0m [0;34m[API_SERVER][0m [GIN] 2025/08/15 - 13:01:56 | 200 |      36.209µs |             ::1 | POST     "/api/go-workers/webhook/events"
[0;37m13:01:56[0m [0;34m[API_SERVER][0m [GIN] 2025/08/15 - 13:01:56 | 200 |      111.75µs |             ::1 | POST     "/api/go-workers/webhook/events"
[0;37m13:01:56[0m [0;32m[WORKERS][0m 2025/08/15 13:01:56 ✅ [Go Worker Debug] alice parsed message: {CaseID:single-gather-1755255714077704000 EventStage:QUEST_COMPLETED Status:SUCCESS Source:go-worker:alice QuestType:gather Difficulty:1 WorkSec:0 Points:5 Weight:0 Player:alice Payload:map[]}
[0;37m13:01:56[0m [0;34m[API_SERVER][0m [GIN] 2025/08/15 - 13:01:56 | 200 |     244.334µs |             ::1 | POST     "/api/go-workers/webhook/events"
[0;37m13:01:56[0m [0;34m[API_SERVER][0m [GIN] 2025/08/15 - 13:01:56 | 200 |      43.333µs |             ::1 | POST     "/api/go-workers/webhook/events"
[0;37m13:01:56[0m [0;32m[WORKERS][0m 2025/08/15 13:01:56 ✅ [Go Worker Debug] alice parsed message: {CaseID:single-gather-1755255714077704000 EventStage:QUEST_COMPLETED Status:SUCCESS Source:go-worker:alice QuestType:gather Difficulty:1 WorkSec:0 Points:5 Weight:0 Player:alice Payload:map[]}
[0;37m13:01:56[0m [0;34m[API_SERVER][0m [GIN] 2025/08/15 - 13:01:56 | 200 |      34.875µs |             ::1 | POST     "/api/go-workers/webhook/events"
[0;37m13:01:56[0m [0;34m[API_SERVER][0m [GIN] 2025/08/15 - 13:01:56 | 200 |      36.541µs |             ::1 | POST     "/api/go-workers/webhook/events"
[0;37m13:02:00[0m [0;34m[API_SERVER][0m [GIN] 2025/08/15 - 13:02:00 | 200 |    2.138417ms |             ::1 | POST     "/api/master/one"
[0;37m13:02:00[0m [0;32m[WORKERS][0m 2025/08/15 13:02:00 ✅ [Go Worker Debug] alice parsed message: {CaseID:single-gather-1755255720152205000 EventStage: Status: Source:frontend_send_one QuestType:gather Difficulty:1 WorkSec:2 Points:5 Weight:0 Player: Payload:map[]}
[0;37m13:02:00[0m [0;34m[API_SERVER][0m [GIN] 2025/08/15 - 13:02:00 | 200 |      58.208µs |             ::1 | POST     "/api/go-workers/webhook/events"
[0;37m13:02:02[0m [0;34m[API_SERVER][0m [GIN] 2025/08/15 - 13:02:02 | 200 |      109.75µs |             ::1 | POST     "/api/go-workers/webhook/events"
[0;37m13:02:02[0m [0;32m[WORKERS][0m 2025/08/15 13:02:02 ✅ [Go Worker Debug] alice parsed message: {CaseID:single-gather-1755255720152205000 EventStage:QUEST_COMPLETED Status:SUCCESS Source:go-worker:alice QuestType:gather Difficulty:1 WorkSec:0 Points:5 Weight:0 Player:alice Payload:map[]}
[0;37m13:02:02[0m [0;34m[API_SERVER][0m [GIN] 2025/08/15 - 13:02:02 | 200 |      44.333µs |             ::1 | POST     "/api/go-workers/webhook/events"
[0;37m13:02:02[0m [0;34m[API_SERVER][0m [GIN] 2025/08/15 - 13:02:02 | 200 |      71.375µs |             ::1 | POST     "/api/go-workers/webhook/events"
[0;37m13:02:02[0m [0;32m[WORKERS][0m 2025/08/15 13:02:02 ✅ [Go Worker Debug] alice parsed message: {CaseID:single-gather-1755255720152205000 EventStage:QUEST_COMPLETED Status:SUCCESS Source:go-worker:alice QuestType:gather Difficulty:1 WorkSec:0 Points:5 Weight:0 Player:alice Payload:map[]}
[0;37m13:02:02[0m [0;34m[API_SERVER][0m [GIN] 2025/08/15 - 13:02:02 | 200 |      42.167µs |             ::1 | POST     "/api/go-workers/webhook/events"
[0;37m13:02:02[0m [0;34m[API_SERVER][0m [GIN] 2025/08/15 - 13:02:02 | 200 |      110.75µs |             ::1 | POST     "/api/go-workers/webhook/events"
[0;37m13:02:02[0m [0;32m[WORKERS][0m 2025/08/15 13:02:02 ✅ [Go Worker Debug] alice parsed message: {CaseID:single-gather-1755255720152205000 EventStage:QUEST_COMPLETED Status:SUCCESS Source:go-worker:alice QuestType:gather Difficulty:1 WorkSec:0 Points:5 Weight:0 Player:alice Payload:map[]}
[0;37m13:02:02[0m [0;32m[WORKERS][0m 2025/08/15 13:02:02 ✅ [Go Worker Debug] alice parsed message: {CaseID:single-gather-1755255720152205000 EventStage:QUEST_COMPLETED Status:SUCCESS Source:go-worker:alice QuestType:gather Difficulty:1 WorkSec:0 Points:5 Weight:0 Player:alice Payload:map[]}
[0;37m13:02:02[0m [0;34m[API_SERVER][0m [GIN] 2025/08/15 - 13:02:02 | 200 |        64.5µs |             ::1 | POST     "/api/go-workers/webhook/events"
[0;37m13:02:02[0m [0;34m[API_SERVER][0m [GIN] 2025/08/15 - 13:02:02 | 200 |      84.917µs |             ::1 | POST     "/api/go-workers/webhook/events"
[0;37m13:02:02[0m [0;34m[API_SERVER][0m [GIN] 2025/08/15 - 13:02:02 | 200 |      47.125µs |             ::1 | POST     "/api/go-workers/webhook/events"
[0;37m13:02:02[0m [0;34m[API_SERVER][0m [GIN] 2025/08/15 - 13:02:02 | 200 |      52.667µs |             ::1 | POST     "/api/go-workers/webhook/events"
[0;37m13:02:02[0m [0;32m[WORKERS][0m 2025/08/15 13:02:02 ✅ [Go Worker Debug] alice parsed message: {CaseID:single-gather-1755255720152205000 EventStage:QUEST_COMPLETED Status:SUCCESS Source:go-worker:alice QuestType:gather Difficulty:1 WorkSec:0 Points:5 Weight:0 Player:alice Payload:map[]}
[0;37m13:02:02[0m [0;34m[API_SERVER][0m [GIN] 2025/08/15 - 13:02:02 | 200 |      33.709µs |             ::1 | POST     "/api/go-workers/webhook/events"
[0;37m13:02:02[0m [0;34m[API_SERVER][0m [GIN] 2025/08/15 - 13:02:02 | 200 |      53.958µs |             ::1 | POST     "/api/go-workers/webhook/events"
[0;37m13:02:02[0m [0;32m[WORKERS][0m 2025/08/15 13:02:02 ✅ [Go Worker Debug] alice parsed message: {CaseID:single-gather-1755255720152205000 EventStage:QUEST_COMPLETED Status:SUCCESS Source:go-worker:alice QuestType:gather Difficulty:1 WorkSec:0 Points:5 Weight:0 Player:alice Payload:map[]}
[0;37m13:02:02[0m [0;34m[API_SERVER][0m [GIN] 2025/08/15 - 13:02:02 | 200 |      21.167µs |             ::1 | POST     "/api/go-workers/webhook/events"
[0;37m13:02:02[0m [0;34m[API_SERVER][0m [GIN] 2025/08/15 - 13:02:02 | 200 |      43.916µs |             ::1 | POST     "/api/go-workers/webhook/events"
[0;37m13:02:02[0m [0;32m[WORKERS][0m 2025/08/15 13:02:02 ✅ [Go Worker Debug] alice parsed message: {CaseID:single-gather-1755255720152205000 EventStage:QUEST_COMPLETED Status:SUCCESS Source:go-worker:alice QuestType:gather Difficulty:1 WorkSec:0 Points:5 Weight:0 Player:alice Payload:map[]}
[0;37m13:02:02[0m [0;32m[WORKERS][0m 2025/08/15 13:02:02 ✅ [Go Worker Debug] alice parsed message: {CaseID:single-gather-1755255720152205000 EventStage:QUEST_COMPLETED Status:SUCCESS Source:go-worker:alice QuestType:gather Difficulty:1 WorkSec:0 Points:5 Weight:0 Player:alice Payload:map[]}
[0;37m13:02:02[0m [0;34m[API_SERVER][0m [GIN] 2025/08/15 - 13:02:02 | 200 |      41.458µs |             ::1 | POST     "/api/go-workers/webhook/events"
[0;37m13:02:02[0m [0;34m[API_SERVER][0m [GIN] 2025/08/15 - 13:02:02 | 200 |      85.167µs |             ::1 | POST     "/api/go-workers/webhook/events"
[0;37m13:02:02[0m [0;34m[API_SERVER][0m [GIN] 2025/08/15 - 13:02:02 | 200 |     124.208µs |             ::1 | POST     "/api/go-workers/webhook/events"
[0;37m13:02:02[0m [0;34m[API_SERVER][0m [GIN] 2025/08/15 - 13:02:02 | 200 |     167.917µs |             ::1 | POST     "/api/go-workers/webhook/events"
[0;37m13:02:02[0m [0;32m[WORKERS][0m 2025/08/15 13:02:02 ✅ [Go Worker Debug] alice parsed message: {CaseID:single-gather-1755255720152205000 EventStage:QUEST_COMPLETED Status:SUCCESS Source:go-worker:alice QuestType:gather Difficulty:1 WorkSec:0 Points:5 Weight:0 Player:alice Payload:map[]}
[0;37m13:02:02[0m [0;32m[WORKERS][0m 2025/08/15 13:02:02 ✅ [Go Worker Debug] alice parsed message: {CaseID:single-gather-1755255720152205000 EventStage:QUEST_COMPLETED Status:SUCCESS Source:go-worker:alice QuestType:gather Difficulty:1 WorkSec:0 Points:5 Weight:0 Player:alice Payload:map[]}
[0;37m13:02:02[0m [0;34m[API_SERVER][0m [GIN] 2025/08/15 - 13:02:02 | 200 |      35.459µs |             ::1 | POST     "/api/go-workers/webhook/events"
[0;37m13:02:02[0m [0;34m[API_SERVER][0m [GIN] 2025/08/15 - 13:02:02 | 200 |      57.292µs |             ::1 | POST     "/api/go-workers/webhook/events"
[0;37m13:02:02[0m [0;34m[API_SERVER][0m [GIN] 2025/08/15 - 13:02:02 | 200 |       28.25µs |             ::1 | POST     "/api/go-workers/webhook/events"
[0;37m13:02:02[0m [0;34m[API_SERVER][0m [GIN] 2025/08/15 - 13:02:02 | 200 |      34.834µs |             ::1 | POST     "/api/go-workers/webhook/events"
[0;37m13:02:05[0m [0;34m[API_SERVER][0m [GIN] 2025/08/15 - 13:02:05 | 200 |    1.831042ms |             ::1 | POST     "/api/master/one"
[0;37m13:02:05[0m [0;32m[WORKERS][0m 2025/08/15 13:02:05 ✅ [Go Worker Debug] alice parsed message: {CaseID:single-gather-1755255725086400000 EventStage: Status: Source:frontend_send_one QuestType:gather Difficulty:1 WorkSec:2 Points:5 Weight:0 Player: Payload:map[]}
[0;37m13:02:05[0m [0;34m[API_SERVER][0m [GIN] 2025/08/15 - 13:02:05 | 200 |      86.167µs |             ::1 | POST     "/api/go-workers/webhook/events"
[0;37m13:02:07[0m [0;34m[API_SERVER][0m [GIN] 2025/08/15 - 13:02:07 | 200 |     112.583µs |             ::1 | POST     "/api/go-workers/webhook/events"
[0;37m13:02:07[0m [0;32m[WORKERS][0m 2025/08/15 13:02:07 ✅ [Go Worker Debug] alice parsed message: {CaseID:single-gather-1755255725086400000 EventStage:QUEST_COMPLETED Status:SUCCESS Source:go-worker:alice QuestType:gather Difficulty:1 WorkSec:0 Points:5 Weight:0 Player:alice Payload:map[]}
[0;37m13:02:07[0m [0;34m[API_SERVER][0m [GIN] 2025/08/15 - 13:02:07 | 200 |      64.292µs |             ::1 | POST     "/api/go-workers/webhook/events"
[0;37m13:02:07[0m [0;34m[API_SERVER][0m [GIN] 2025/08/15 - 13:02:07 | 200 |      93.417µs |             ::1 | POST     "/api/go-workers/webhook/events"
[0;37m13:02:41[0m [0;34m[API_SERVER][0m [GIN] 2025/08/15 - 13:02:41 | 200 |      896.25µs |             ::1 | POST     "/api/master/one"
[0;37m13:02:41[0m [0;32m[WORKERS][0m 2025/08/15 13:02:41 ✅ [Go Worker Debug] alice parsed message: {CaseID:single-gather-1755255761446478000 EventStage: Status: Source:frontend_send_one QuestType:gather Difficulty:1 WorkSec:2 Points:5 Weight:0 Player: Payload:map[]}
[0;37m13:02:41[0m [0;34m[API_SERVER][0m [GIN] 2025/08/15 - 13:02:41 | 200 |      58.916µs |             ::1 | POST     "/api/go-workers/webhook/events"
[0;37m13:02:43[0m [0;34m[API_SERVER][0m [GIN] 2025/08/15 - 13:02:43 | 200 |      46.834µs |             ::1 | POST     "/api/go-workers/webhook/events"
[0;37m13:02:43[0m [0;32m[WORKERS][0m 2025/08/15 13:02:43 ✅ [Go Worker Debug] alice parsed message: {CaseID:single-gather-1755255761446478000 EventStage:QUEST_COMPLETED Status:SUCCESS Source:go-worker:alice QuestType:gather Difficulty:1 WorkSec:0 Points:5 Weight:0 Player:alice Payload:map[]}
[0;37m13:02:43[0m [0;34m[API_SERVER][0m [GIN] 2025/08/15 - 13:02:43 | 200 |      53.042µs |             ::1 | POST     "/api/go-workers/webhook/events"
[0;37m13:02:43[0m [0;34m[API_SERVER][0m [GIN] 2025/08/15 - 13:02:43 | 200 |       66.25µs |             ::1 | POST     "/api/go-workers/webhook/events"
[0;37m13:02:43[0m [0;32m[WORKERS][0m 2025/08/15 13:02:43 ✅ [Go Worker Debug] alice parsed message: {CaseID:single-gather-1755255761446478000 EventStage:QUEST_COMPLETED Status:SUCCESS Source:go-worker:alice QuestType:gather Difficulty:1 WorkSec:0 Points:5 Weight:0 Player:alice Payload:map[]}
[0;37m13:02:43[0m [0;34m[API_SERVER][0m [GIN] 2025/08/15 - 13:02:43 | 200 |      32.625µs |             ::1 | POST     "/api/go-workers/webhook/events"
[0;37m13:02:43[0m [0;34m[API_SERVER][0m [GIN] 2025/08/15 - 13:02:43 | 200 |      42.417µs |             ::1 | POST     "/api/go-workers/webhook/events"
[0;37m13:02:43[0m [0;32m[WORKERS][0m 2025/08/15 13:02:43 ✅ [Go Worker Debug] alice parsed message: {CaseID:single-gather-1755255761446478000 EventStage:QUEST_COMPLETED Status:SUCCESS Source:go-worker:alice QuestType:gather Difficulty:1 WorkSec:0 Points:5 Weight:0 Player:alice Payload:map[]}
[0;37m13:02:43[0m [0;34m[API_SERVER][0m [GIN] 2025/08/15 - 13:02:43 | 200 |      26.458µs |             ::1 | POST     "/api/go-workers/webhook/events"
[0;37m13:02:43[0m [0;34m[API_SERVER][0m [GIN] 2025/08/15 - 13:02:43 | 200 |      52.125µs |             ::1 | POST     "/api/go-workers/webhook/events"
[0;37m13:02:57[0m [0;35m[SYSTEM][0m 2025/08/15 13:02:57 🔄 [ResetGame] Starting comprehensive reset...
[0;37m13:02:57[0m [0;32m[WORKERS][0m 2025/08/15 13:02:57 🛑 [ResetGame] Stopping worker: alice
[0;37m13:02:57[0m [0;32m[WORKERS][0m 2025/08/15 13:02:57 🛑 [Go Worker] Stopping alice...
[0;37m13:02:57[0m [0;35m[SYSTEM][0m 2025/08/15 13:02:57 🛑 [Go Consumer] Context cancelled, stopping consumer for queue: game.skill.slay.q
[0;37m13:02:57[0m [0;35m[SYSTEM][0m 2025/08/15 13:02:57 🛑 [Go Consumer] Context cancelled, stopping consumer for queue: game.skill.gather.q
[0;37m13:02:57[0m [0;32m[WORKERS][0m 2025/08/15 13:02:57 ✅ [Go Worker] alice stopped
[0;37m13:02:57[0m [0;32m[WORKERS][0m 2025/08/15 13:02:57 🛑 [Server] Stopped worker: alice
[0;37m13:02:57[0m [0;32m[WORKERS][0m 2025/08/15 13:02:57 ✅ [ResetGame] Successfully stopped worker: alice
[0;37m13:02:57[0m [0;32m[WORKERS][0m 2025/08/15 13:02:57 🛑 [ResetGame] Stopping worker: bob
[0;37m13:02:57[0m [0;34m[API_SERVER][0m [GIN] 2025/08/15 - 13:02:57 | 200 |      35.875µs |             ::1 | POST     "/api/go-workers/webhook/events"
[0;37m13:02:57[0m [0;32m[WORKERS][0m 2025/08/15 13:02:57 🛑 [Go Worker] Stopping bob...
[0;37m13:02:57[0m [0;35m[SYSTEM][0m 2025/08/15 13:02:57 🛑 [Go Consumer] Context cancelled, stopping consumer for queue: game.skill.slay.q
[0;37m13:02:57[0m [0;35m[SYSTEM][0m 2025/08/15 13:02:57 🛑 [Go Consumer] Context cancelled, stopping consumer for queue: game.skill.escort.q
[0;37m13:02:57[0m [0;32m[WORKERS][0m 2025/08/15 13:02:57 ✅ [Go Worker] bob stopped
[0;37m13:02:57[0m [0;32m[WORKERS][0m 2025/08/15 13:02:57 🛑 [Server] Stopped worker: bob
[0;37m13:02:57[0m [0;32m[WORKERS][0m 2025/08/15 13:02:57 ✅ [ResetGame] Successfully stopped worker: bob
[0;37m13:02:57[0m [0;34m[API_SERVER][0m [GIN] 2025/08/15 - 13:02:57 | 200 |      37.791µs |             ::1 | POST     "/api/go-workers/webhook/events"
[0;37m13:02:57[0m [0;35m[SYSTEM][0m 2025/08/15 13:02:57 🗑️ [RabbitMQ] Successfully deleted queue game.dlq.expired.q
[0;37m13:02:57[0m [0;35m[SYSTEM][0m 2025/08/15 13:02:57 🗑️ [RabbitMQ] Successfully deleted queue game.dlq.failed.q
[0;37m13:02:57[0m [0;35m[SYSTEM][0m 2025/08/15 13:02:57 🗑️ [RabbitMQ] Successfully deleted queue game.dlq.retry.q
[0;37m13:02:57[0m [0;35m[SYSTEM][0m 2025/08/15 13:02:57 🗑️ [RabbitMQ] Successfully deleted queue game.dlq.unroutable.q
[0;37m13:02:57[0m [0;35m[SYSTEM][0m 2025/08/15 13:02:57 🗑️ [RabbitMQ] Successfully deleted queue game.skill.escort.q
[0;37m13:02:57[0m [0;35m[SYSTEM][0m 2025/08/15 13:02:57 🗑️ [RabbitMQ] Successfully deleted queue game.skill.gather.q
[0;37m13:02:57[0m [0;35m[SYSTEM][0m 2025/08/15 13:02:57 🗑️ [RabbitMQ] Successfully deleted queue game.skill.slay.q
[0;37m13:02:57[0m [0;35m[SYSTEM][0m 2025/08/15 13:02:57 🗑️ [RabbitMQ] Successfully deleted exchange game.dlx
[0;37m13:02:57[0m [0;35m[SYSTEM][0m 2025/08/15 13:02:57 🗑️ [RabbitMQ] Successfully deleted exchange game.skill
[0;37m13:02:57[0m [0;35m[SYSTEM][0m 2025/08/15 13:02:57 🗑️ [RabbitMQ] Successfully deleted exchange game.unroutable
[0;37m13:02:58[0m [0;35m[SYSTEM][0m 2025/08/15 13:02:58 ✅ [ResetGame] Reset completed successfully
[0;37m13:02:58[0m [0;34m[API_SERVER][0m [GIN] 2025/08/15 - 13:02:58 | 200 |  1.562375416s |             ::1 | POST     "/api/reset"
[0;37m13:02:58[0m [0;35m[SYSTEM][0m 2025/08/15 13:02:58 🔄 [RabbitMQ] Successfully created exchange game.dlx (topic)
[0;37m13:02:58[0m [0;35m[SYSTEM][0m 2025/08/15 13:02:58 🔄 [RabbitMQ] Successfully created exchange game.unroutable (fanout)
[0;37m13:02:58[0m [0;35m[SYSTEM][0m 2025/08/15 13:02:58 📦 [RabbitMQ] Successfully created queue game.dlq.failed.q
[0;37m13:02:58[0m [0;35m[SYSTEM][0m 2025/08/15 13:02:58 🔗 [RabbitMQ] Successfully bound queue game.dlq.failed.q to exchange game.dlx with routing key dlq.failed
[0;37m13:02:58[0m [0;35m[SYSTEM][0m 2025/08/15 13:02:58 📦 [RabbitMQ] Successfully created queue game.dlq.unroutable.q
[0;37m13:02:58[0m [0;35m[SYSTEM][0m 2025/08/15 13:02:58 🔗 [RabbitMQ] Successfully bound queue game.dlq.unroutable.q to exchange game.dlx with routing key dlq.unroutable
[0;37m13:02:58[0m [0;35m[SYSTEM][0m 2025/08/15 13:02:58 📦 [RabbitMQ] Successfully created queue game.dlq.expired.q
[0;37m13:02:58[0m [0;35m[SYSTEM][0m 2025/08/15 13:02:58 🔗 [RabbitMQ] Successfully bound queue game.dlq.expired.q to exchange game.dlx with routing key dlq.expired
[0;37m13:02:58[0m [0;35m[SYSTEM][0m 2025/08/15 13:02:58 📦 [RabbitMQ] Successfully created queue game.dlq.retry.q
[0;37m13:02:58[0m [0;35m[SYSTEM][0m 2025/08/15 13:02:58 🔗 [RabbitMQ] Successfully bound queue game.dlq.retry.q to exchange game.dlx with routing key dlq.retry
[0;37m13:02:58[0m [0;35m[SYSTEM][0m 2025/08/15 13:02:58 🔗 [RabbitMQ] Successfully bound queue game.dlq.unroutable.q to exchange game.unroutable with routing key 
[0;37m13:02:58[0m [0;35m[SYSTEM][0m 2025/08/15 13:02:58 🔄 [RabbitMQ] Successfully created exchange game.skill (topic)
[0;37m13:02:58[0m [0;34m[API_SERVER][0m 2025/08/15 13:02:58 ✅ [DLQ] Auto-setup completed successfully
[0;37m13:03:09[0m [0;32m[WORKERS][0m 2025/08/15 13:03:09 🏃 [Go Worker] alice-worker-0 started on queue game.skill.gather.q
[0;37m13:03:09[0m [0;32m[WORKERS][0m 2025/08/15 13:03:09 🚀 [Go Worker] alice started with 1 workers, skills: [gather slay]
[0;37m13:03:09[0m [0;32m[WORKERS][0m 2025/08/15 13:03:09 ✅ [Server] Started worker: alice
[0;37m13:03:09[0m [0;32m[WORKERS][0m 2025/08/15 13:03:09 🏃 [Go Worker] alice-worker-0 started on queue game.skill.slay.q
[0;37m13:03:10[0m [0;34m[API_SERVER][0m [GIN] 2025/08/15 - 13:03:09 | 200 |   22.700666ms |             ::1 | POST     "/api/players/quickstart"
[0;37m13:03:10[0m [0;34m[API_SERVER][0m [GIN] 2025/08/15 - 13:03:09 | 200 |      23.833µs |             ::1 | POST     "/api/go-workers/webhook/events"
[0;37m13:03:14[0m [0;34m[API_SERVER][0m [GIN] 2025/08/15 - 13:03:14 | 200 |    1.623917ms |             ::1 | POST     "/api/master/one"
[0;37m13:03:14[0m [0;32m[WORKERS][0m 2025/08/15 13:03:14 ✅ [Go Worker Debug] alice parsed message: {CaseID:single-gather-1755255794525309000 EventStage: Status: Source:frontend_send_one QuestType:gather Difficulty:1 WorkSec:2 Points:5 Weight:0 Player: Payload:map[]}
[0;37m13:03:14[0m [0;34m[API_SERVER][0m [GIN] 2025/08/15 - 13:03:14 | 200 |      94.125µs |             ::1 | POST     "/api/go-workers/webhook/events"
[0;37m13:03:16[0m [0;34m[API_SERVER][0m [GIN] 2025/08/15 - 13:03:16 | 200 |     231.625µs |             ::1 | POST     "/api/go-workers/webhook/events"
[0;37m13:03:16[0m [0;32m[WORKERS][0m 2025/08/15 13:03:16 ✅ [Go Worker Debug] alice parsed message: {CaseID:single-gather-1755255794525309000 EventStage:QUEST_COMPLETED Status:SUCCESS Source:go-worker:alice QuestType:gather Difficulty:1 WorkSec:0 Points:5 Weight:0 Player:alice Payload:map[]}
[0;37m13:03:16[0m [0;32m[WORKERS][0m 2025/08/15 13:03:16 ✅ [Go Worker Debug] alice parsed message: {CaseID:single-gather-1755255794525309000 EventStage:QUEST_COMPLETED Status:SUCCESS Source:go-worker:alice QuestType:gather Difficulty:1 WorkSec:0 Points:5 Weight:0 Player:alice Payload:map[]}
[0;37m13:03:16[0m [0;34m[API_SERVER][0m [GIN] 2025/08/15 - 13:03:16 | 200 |      93.583µs |             ::1 | POST     "/api/go-workers/webhook/events"
[0;37m13:03:16[0m [0;34m[API_SERVER][0m [GIN] 2025/08/15 - 13:03:16 | 200 |      167.25µs |             ::1 | POST     "/api/go-workers/webhook/events"
[0;37m13:03:16[0m [0;32m[WORKERS][0m 2025/08/15 13:03:16 ✅ [Go Worker Debug] alice parsed message: {CaseID:single-gather-1755255794525309000 EventStage:QUEST_COMPLETED Status:SUCCESS Source:go-worker:alice QuestType:gather Difficulty:1 WorkSec:0 Points:5 Weight:0 Player:alice Payload:map[]}
[0;37m13:03:16[0m [0;34m[API_SERVER][0m [GIN] 2025/08/15 - 13:03:16 | 200 |     138.792µs |             ::1 | POST     "/api/go-workers/webhook/events"
[0;37m13:03:16[0m [0;34m[API_SERVER][0m [GIN] 2025/08/15 - 13:03:16 | 200 |      58.791µs |             ::1 | POST     "/api/go-workers/webhook/events"
[0;37m13:03:16[0m [0;32m[WORKERS][0m 2025/08/15 13:03:16 ✅ [Go Worker Debug] alice parsed message: {CaseID:single-gather-1755255794525309000 EventStage:QUEST_COMPLETED Status:SUCCESS Source:go-worker:alice QuestType:gather Difficulty:1 WorkSec:0 Points:5 Weight:0 Player:alice Payload:map[]}
[0;37m13:03:16[0m [0;34m[API_SERVER][0m [GIN] 2025/08/15 - 13:03:16 | 200 |      57.959µs |             ::1 | POST     "/api/go-workers/webhook/events"
[0;37m13:03:16[0m [0;34m[API_SERVER][0m [GIN] 2025/08/15 - 13:03:16 | 200 |     214.584µs |             ::1 | POST     "/api/go-workers/webhook/events"
[0;37m13:03:16[0m [0;32m[WORKERS][0m 2025/08/15 13:03:16 ✅ [Go Worker Debug] alice parsed message: {CaseID:single-gather-1755255794525309000 EventStage:QUEST_COMPLETED Status:SUCCESS Source:go-worker:alice QuestType:gather Difficulty:1 WorkSec:0 Points:5 Weight:0 Player:alice Payload:map[]}
[0;37m13:03:16[0m [0;34m[API_SERVER][0m [GIN] 2025/08/15 - 13:03:16 | 200 |      55.917µs |             ::1 | POST     "/api/go-workers/webhook/events"
[0;37m13:03:16[0m [0;34m[API_SERVER][0m [GIN] 2025/08/15 - 13:03:16 | 200 |     106.041µs |             ::1 | POST     "/api/go-workers/webhook/events"
[0;37m13:03:16[0m [0;34m[API_SERVER][0m [GIN] 2025/08/15 - 13:03:16 | 200 |        44.5µs |             ::1 | POST     "/api/go-workers/webhook/events"
[0;37m13:03:16[0m [0;34m[API_SERVER][0m [GIN] 2025/08/15 - 13:03:16 | 200 |      88.667µs |             ::1 | POST     "/api/go-workers/webhook/events"
[0;37m13:03:16[0m [0;32m[WORKERS][0m 2025/08/15 13:03:16 ✅ [Go Worker Debug] alice parsed message: {CaseID:single-gather-1755255794525309000 EventStage:QUEST_COMPLETED Status:SUCCESS Source:go-worker:alice QuestType:gather Difficulty:1 WorkSec:0 Points:5 Weight:0 Player:alice Payload:map[]}
[0;37m13:03:16[0m [0;34m[API_SERVER][0m [GIN] 2025/08/15 - 13:03:16 | 200 |      33.708µs |             ::1 | POST     "/api/go-workers/webhook/events"
[0;37m13:03:16[0m [0;34m[API_SERVER][0m [GIN] 2025/08/15 - 13:03:16 | 200 |      39.458µs |             ::1 | POST     "/api/go-workers/webhook/events"
[0;37m13:03:16[0m [0;32m[WORKERS][0m 2025/08/15 13:03:16 ✅ [Go Worker Debug] alice parsed message: {CaseID:single-gather-1755255794525309000 EventStage:QUEST_COMPLETED Status:SUCCESS Source:go-worker:alice QuestType:gather Difficulty:1 WorkSec:0 Points:5 Weight:0 Player:alice Payload:map[]}
[0;37m13:03:16[0m [0;34m[API_SERVER][0m [GIN] 2025/08/15 - 13:03:16 | 200 |      35.084µs |             ::1 | POST     "/api/go-workers/webhook/events"
[0;37m13:03:16[0m [0;34m[API_SERVER][0m [GIN] 2025/08/15 - 13:03:16 | 200 |      27.709µs |             ::1 | POST     "/api/go-workers/webhook/events"
[0;37m13:03:16[0m [0;32m[WORKERS][0m 2025/08/15 13:03:16 ✅ [Go Worker Debug] alice parsed message: {CaseID:single-gather-1755255794525309000 EventStage:QUEST_COMPLETED Status:SUCCESS Source:go-worker:alice QuestType:gather Difficulty:1 WorkSec:0 Points:5 Weight:0 Player:alice Payload:map[]}
[0;37m13:03:16[0m [0;32m[WORKERS][0m 2025/08/15 13:03:16 ✅ [Go Worker Debug] alice parsed message: {CaseID:single-gather-1755255794525309000 EventStage:QUEST_COMPLETED Status:SUCCESS Source:go-worker:alice QuestType:gather Difficulty:1 WorkSec:0 Points:5 Weight:0 Player:alice Payload:map[]}
[0;37m13:03:16[0m [0;34m[API_SERVER][0m [GIN] 2025/08/15 - 13:03:16 | 200 |      59.167µs |             ::1 | POST     "/api/go-workers/webhook/events"
[0;37m13:03:16[0m [0;34m[API_SERVER][0m [GIN] 2025/08/15 - 13:03:16 | 200 |       97.25µs |             ::1 | POST     "/api/go-workers/webhook/events"
[0;37m13:03:16[0m [0;34m[API_SERVER][0m [GIN] 2025/08/15 - 13:03:16 | 200 |     128.459µs |             ::1 | POST     "/api/go-workers/webhook/events"
[0;37m13:03:16[0m [0;34m[API_SERVER][0m [GIN] 2025/08/15 - 13:03:16 | 200 |     163.208µs |             ::1 | POST     "/api/go-workers/webhook/events"
[0;37m13:03:24[0m [0;34m[API_SERVER][0m [GIN] 2025/08/15 - 13:03:24 | 200 |    2.017875ms |             ::1 | POST     "/api/master/one"
[0;37m13:04:21[0m [0;34m[API_SERVER][0m [GIN] 2025/08/15 - 13:04:21 | 200 |     730.708µs |             ::1 | POST     "/api/master/one"
[0;37m13:04:21[0m [0;32m[WORKERS][0m 2025/08/15 13:04:21 ✅ [Go Worker Debug] alice parsed message: {CaseID:single-gather-1755255861548081000 EventStage: Status: Source:frontend_send_one QuestType:gather Difficulty:1 WorkSec:2 Points:5 Weight:0 Player: Payload:map[]}
[0;37m13:04:21[0m [0;34m[API_SERVER][0m [GIN] 2025/08/15 - 13:04:21 | 200 |      30.041µs |             ::1 | POST     "/api/go-workers/webhook/events"
[0;37m13:04:23[0m [0;34m[API_SERVER][0m [GIN] 2025/08/15 - 13:04:23 | 200 |      66.458µs |             ::1 | POST     "/api/go-workers/webhook/events"
[0;37m13:04:23[0m [0;32m[WORKERS][0m 2025/08/15 13:04:23 ✅ [Go Worker Debug] alice parsed message: {CaseID:single-gather-1755255861548081000 EventStage:QUEST_COMPLETED Status:SUCCESS Source:go-worker:alice QuestType:gather Difficulty:1 WorkSec:0 Points:5 Weight:0 Player:alice Payload:map[]}
[0;37m13:04:23[0m [0;34m[API_SERVER][0m [GIN] 2025/08/15 - 13:04:23 | 200 |        38.5µs |             ::1 | POST     "/api/go-workers/webhook/events"
[0;37m13:04:23[0m [0;34m[API_SERVER][0m [GIN] 2025/08/15 - 13:04:23 | 200 |      54.791µs |             ::1 | POST     "/api/go-workers/webhook/events"
[0;37m13:04:58[0m [0;34m[API_SERVER][0m 2025/08/15 13:04:58 🛑 [API Server] Shutting down...
[0;37m13:04:58[0m [0;34m[API_SERVER][0m 2025/08/15 13:04:58 ✅ [API Server] Graceful shutdown completed
[0;37m13:05:00[0m [0;35m[SYSTEM][0m 2025/08/15 13:05:00 🛑 [Go Server] Shutting down...
[0;37m13:05:00[0m [0;32m[WORKERS][0m 2025/08/15 13:05:00 🛑 [Go Server] Stopping worker: alice
[0;37m13:05:00[0m [0;32m[WORKERS][0m 2025/08/15 13:05:00 🛑 [Go Worker] Stopping alice...
[0;37m13:05:00[0m [0;35m[SYSTEM][0m 2025/08/15 13:05:00 🛑 [Go Consumer] Context cancelled, stopping consumer for queue: game.skill.slay.q
[0;37m13:05:00[0m [0;35m[SYSTEM][0m 2025/08/15 13:05:00 🛑 [Go Consumer] Context cancelled, stopping consumer for queue: game.skill.gather.q
[0;37m13:05:00[0m [0;32m[WORKERS][0m 2025/08/15 13:05:00 ✅ [Go Worker] alice stopped
[0;37m13:05:00[0m [0;35m[SYSTEM][0m 2025/08/15 13:05:00 ✅ [Go Server] Shutdown complete

[1;33m🛑 Shutting down services...[0m
[0;34mStopping Go Workers (PID: 46578)...[0m
[0;34mStopping Go API Server (PID: 46523)...[0m
[0;32m✅ All services stopped[0m
